;  LST file generated by mikroListExporter - v.2.0 
; Date/Time: 05/07/2016 10:17:30
;----------------------------------------------

;Address Opcode 	ASM
0x0000	0x000000040226  	GOTO	_main
0x0004	0x000000  	0
0x0006	0x000000  	0
0x0008	0x000000  	0
0x000A	0x000000  	0
0x000C	0x000000  	0
0x000E	0x000000  	0
0x0010	0x000000  	0
0x0012	0x000000  	0
0x0014	0x000000  	0
0x0016	0x000000  	0
0x0018	0x000000  	0
0x001A	0x000200  	512
0x001C	0x000000  	0
0x001E	0x000000  	0
0x0020	0x000000  	0
0x0022	0x000000  	0
0x0024	0x000000  	0
0x0026	0x000000  	0
0x0028	0x000000  	0
0x002A	0x000000  	0
0x002C	0x000000  	0
0x002E	0x000000  	0
0x0030	0x000000  	0
0x0032	0x000000  	0
0x0034	0x000000  	0
0x0036	0x000000  	0
0x0038	0x000000  	0
0x003A	0x000000  	0
0x003C	0x000000  	0
0x003E	0x000000  	0
0x0040	0x000000  	0
0x0042	0x000000  	0
0x0044	0x000000  	0
0x0046	0x000000  	0
0x0048	0x000000  	0
0x004A	0x000000  	0
0x004C	0x000000  	0
0x004E	0x000000  	0
0x0050	0x000000  	0
0x0052	0x000000  	0
0x0054	0x000000  	0
0x0056	0x000000  	0
0x0058	0x000000  	0
0x005A	0x000000  	0
0x005C	0x000000  	0
0x005E	0x000000  	0
0x0060	0x000000  	0
0x0062	0x000000  	0
0x0064	0x000000  	0
0x0066	0x000000  	0
0x0068	0x000000  	0
0x006A	0x000000  	0
0x006C	0x000000  	0
0x006E	0x000000  	0
0x0070	0x000000  	0
0x0072	0x000000  	0
0x0074	0x000000  	0
0x0076	0x000000  	0
0x0078	0x000000  	0
0x007A	0x000000  	0
0x007C	0x000000  	0
0x007E	0x000000  	0
0x0080	0x000000  	0
0x0082	0x000000  	0
0x0084	0x000000  	0
0x0086	0x000000  	0
0x0088	0x000000  	0
0x008A	0x000000  	0
0x008C	0x000000  	0
0x008E	0x000000  	0
0x0090	0x000000  	0
0x0092	0x000000  	0
0x0094	0x000000  	0
0x0096	0x000000  	0
0x0098	0x000000  	0
0x009A	0x000000  	0
0x009C	0x000000  	0
0x009E	0x000000  	0
0x00A0	0x000000  	0
0x00A2	0x000000  	0
0x00A4	0x000000  	0
0x00A6	0x000000  	0
0x00A8	0x000000  	0
0x00AA	0x000000  	0
0x00AC	0x000000  	0
0x00AE	0x000000  	0
0x00B0	0x000000  	0
0x00B2	0x000000  	0
0x00B4	0x000000  	0
0x00B6	0x000000  	0
0x00B8	0x000000  	0
0x00BA	0x000000  	0
0x00BC	0x000000  	0
0x00BE	0x000000  	0
0x00C0	0x000000  	0
0x00C2	0x000000  	0
0x00C4	0x000000  	0
0x00C6	0x000000  	0
0x00C8	0x000000  	0
0x00CA	0x000000  	0
0x00CC	0x000000  	0
0x00CE	0x000000  	0
0x00D0	0x000000  	0
0x00D2	0x000000  	0
0x00D4	0x000000  	0
0x00D6	0x000000  	0
0x00D8	0x000000  	0
0x00DA	0x000000  	0
0x00DC	0x000000  	0
0x00DE	0x000000  	0
0x00E0	0x000000  	0
0x00E2	0x000000  	0
0x00E4	0x000000  	0
0x00E6	0x000000  	0
0x00E8	0x000000  	0
0x00EA	0x000000  	0
0x00EC	0x000000  	0
0x00EE	0x000000  	0
0x00F0	0x000000  	0
0x00F2	0x000000  	0
0x00F4	0x000000  	0
0x00F6	0x000000  	0
0x00F8	0x000000  	0
0x00FA	0x000000  	0
0x00FC	0x000000  	0
0x00FE	0x000000  	0
0x0100	0x000000  	0
0x0102	0x000000  	0
0x0104	0x000000  	0
0x0106	0x000000  	0
0x0108	0x000000  	0
0x010A	0x000000  	0
0x010C	0x000000  	0
0x010E	0x000000  	0
0x0110	0x000000  	0
0x0112	0x000000  	0
0x0114	0x000000  	0
0x0116	0x000000  	0
0x0118	0x000000  	0
0x011A	0x000000  	0
0x011C	0x000000  	0
0x011E	0x000000  	0
0x0120	0x000000  	0
0x0122	0x000000  	0
0x0124	0x000000  	0
0x0126	0x000000  	0
0x0128	0x000000  	0
0x012A	0x000000  	0
0x012C	0x000000  	0
0x012E	0x000000  	0
0x0130	0x000000  	0
0x0132	0x000000  	0
0x0134	0x000000  	0
0x0136	0x000000  	0
0x0138	0x000000  	0
0x013A	0x000000  	0
0x013C	0x000000  	0
0x013E	0x000000  	0
0x0140	0x000000  	0
0x0142	0x000000  	0
0x0144	0x000000  	0
0x0146	0x000000  	0
0x0148	0x000000  	0
0x014A	0x000000  	0
0x014C	0x000000  	0
0x014E	0x000000  	0
0x0150	0x000000  	0
0x0152	0x000000  	0
0x0154	0x000000  	0
0x0156	0x000000  	0
0x0158	0x000000  	0
0x015A	0x000000  	0
0x015C	0x000000  	0
0x015E	0x000000  	0
0x0160	0x000000  	0
0x0162	0x000000  	0
0x0164	0x000000  	0
0x0166	0x000000  	0
0x0168	0x000000  	0
0x016A	0x000000  	0
0x016C	0x000000  	0
0x016E	0x000000  	0
0x0170	0x000000  	0
0x0172	0x000000  	0
0x0174	0x000000  	0
0x0176	0x000000  	0
0x0178	0x000000  	0
0x017A	0x000000  	0
0x017C	0x000000  	0
0x017E	0x000000  	0
0x0180	0x000000  	0
0x0182	0x000000  	0
0x0184	0x000000  	0
0x0186	0x000000  	0
0x0188	0x000000  	0
0x018A	0x000000  	0
0x018C	0x000000  	0
0x018E	0x000000  	0
0x0190	0x000000  	0
0x0192	0x000000  	0
0x0194	0x000000  	0
0x0196	0x000000  	0
0x0198	0x000000  	0
0x019A	0x000000  	0
0x019C	0x000000  	0
0x019E	0x000000  	0
0x01A0	0x000000  	0
0x01A2	0x000000  	0
0x01A4	0x000000  	0
0x01A6	0x000000  	0
0x01A8	0x000000  	0
0x01AA	0x000000  	0
0x01AC	0x000000  	0
0x01AE	0x000000  	0
0x01B0	0x000000  	0
0x01B2	0x000000  	0
0x01B4	0x000000  	0
0x01B6	0x000000  	0
0x01B8	0x000000  	0
0x01BA	0x000000  	0
0x01BC	0x000000  	0
0x01BE	0x000000  	0
0x01C0	0x000000  	0
0x01C2	0x000000  	0
0x01C4	0x000000  	0
0x01C6	0x000000  	0
0x01C8	0x000000  	0
0x01CA	0x000000  	0
0x01CC	0x000000  	0
0x01CE	0x000000  	0
0x01D0	0x000000  	0
0x01D2	0x000000  	0
0x01D4	0x000000  	0
0x01D6	0x000000  	0
0x01D8	0x000000  	0
0x01DA	0x000000  	0
0x01DC	0x000000  	0
0x01DE	0x000000  	0
0x01E0	0x000000  	0
0x01E2	0x000000  	0
0x01E4	0x000000  	0
0x01E6	0x000000  	0
0x01E8	0x000000  	0
0x01EA	0x000000  	0
0x01EC	0x000000  	0
0x01EE	0x000000  	0
0x01F0	0x000000  	0
0x01F2	0x000000  	0
0x01F4	0x000000  	0
0x01F6	0x000000  	0
0x01F8	0x000000  	0
0x01FA	0x000000  	0
0x01FC	0x000000  	0
0x01FE	0x000000  	0
_main:
0x0226	0x20800F  	MOV	#2048, W15
0x0228	0x20BFF0  	MOV	#3071, W0
0x022A	0xB7A020  	MOV	WREG, SPLIM
0x022C	0x200000  	MOV	#0, W0
0x022E	0xB7A034  	MOV	WREG, PSVPAG
0x0230	0x200040  	MOV	#4, W0
0x0232	0xB72044  	IOR	CORCON
;Programa26d.c,17 :: 		main(){
;Programa26d.c,18 :: 		TRISB = 0x0000; // PORTB como salida
0x0234	0xEF22C8  	CLR	TRISB
;Programa26d.c,19 :: 		TRISA = 0x0010; // El pin PORTA<4>=1 T1CK es entrada
0x0236	0x200100  	MOV	#16, W0
0x0238	0xB7A2C0  	MOV	WREG, TRISA
;Programa26d.c,20 :: 		LATB = 0x0000; // Valor inicial para el puerto B
0x023A	0xEF22CC  	CLR	LATB
;Programa26d.c,21 :: 		IPC0 = IPC0 | 0x1000; // Nivel de prioridad como 1
0x023C	0x210001  	MOV	#4096, W1
0x023E	0x200A40  	MOV	#lo_addr(IPC0), W0
0x0240	0x708810  	IOR	W1, [W0], [W0]
;Programa26d.c,22 :: 		IEC0 = IEC0 | 0x0008; // Interrupción del Timer1 habilitado
0x0242	0x200081  	MOV	#8, W1
0x0244	0x200940  	MOV	#lo_addr(IEC0), W0
0x0246	0x708810  	IOR	W1, [W0], [W0]
;Programa26d.c,23 :: 		TMR1=0;
0x0248	0xEF2100  	CLR	TMR1
;Programa26d.c,24 :: 		PR1 = 0xFFFF; // Periodo es el máximo
0x024A	0x2FFFF0  	MOV	#65535, W0
0x024C	0xB7A102  	MOV	WREG, PR1
;Programa26d.c,25 :: 		T1CON = 0x8040; // Timer1 está habilitado, reloj interno está bajo T1CK=1
0x024E	0x280400  	MOV	#32832, W0
0x0250	0xB7A104  	MOV	WREG, T1CON
;Programa26d.c,26 :: 		while (1) asm nop; // Bucle infinito
L_main0:
0x0252	0x000000  	NOP
0x0254	0x37FFFE  	BRA	L_main0
;Programa26d.c,27 :: 		}
L_end_main:
L__main_end_loop:
0x0256	0x37FFFF  	BRA	L__main_end_loop
; end of _main
_Timer1Int:
0x0200	0xF80034  	PUSH	PSVPAG
0x0202	0xF80036  	PUSH	RCOUNT
0x0204	0x781F80  	PUSH	W0
0x0206	0x200020  	MOV	#2, W0
0x0208	0x09000C  	REPEAT	#12
0x020A	0x781FB0  	PUSH	[W0++]
;Programa26d.c,12 :: 		void Timer1Int() org 0x1A{// Direccion del Timer1 en la tabla de vectores de interrupciòn
;Programa26d.c,13 :: 		LATB = TMR1; // La duración del Pulso es desplegado en el puerto B
0x020C	0xBF8100  	MOV	TMR1, WREG
0x020E	0xB7A2CC  	MOV	WREG, LATB
;Programa26d.c,14 :: 		TMR1=0;
0x0210	0xEF2100  	CLR	TMR1
;Programa26d.c,15 :: 		IFS0 = IFS0 & 0xFFF7; // Borrado de la bandera de Interrupción
0x0212	0x2FFF71  	MOV	#65527, W1
0x0214	0x200840  	MOV	#lo_addr(IFS0), W0
0x0216	0x608810  	AND	W1, [W0], [W0]
;Programa26d.c,16 :: 		}
L_end_Timer1Int:
0x0218	0x2001A0  	MOV	#26, W0
0x021A	0x09000C  	REPEAT	#12
0x021C	0x78104F  	POP	[W0--]
0x021E	0x78004F  	POP	W0
0x0220	0xF90036  	POP	RCOUNT
0x0222	0xF90034  	POP	PSVPAG
0x0224	0x064000  	RETFIE
; end of _Timer1Int
Symbol List:
//** Routines locations **
//ADDRESS    SIZE    PROCEDURE
//----------------------------------------------
0x0200      [38]    _Timer1Int
0x0226      [50]    _main
//** Variables locations ** 
//ADDRESS    SIZE    VARIABLE
//----------------------------------------------
0x0102       [2]    PR1
0x0100       [2]    TMR1
0x0084       [2]    IFS0
0x0104       [2]    T1CON
0x0094       [2]    IEC0
0x02C0       [2]    TRISA
0x02C8       [2]    TRISB
0x00A4       [2]    IPC0
0x02CC       [2]    LATB
0x0084       [2]    IFS0
0x0094       [2]    IEC0
0x00A4       [2]    IPC0
0x0100       [2]    TMR1
0x0102       [2]    PR1
0x0104       [2]    T1CON
0x02C0       [2]    TRISA
0x02C8       [2]    TRISB
0x02CC       [2]    LATB
//** Label List: ** 
//----------------------------------------------
  L_main0
  L_main1
  L_end_Timer1Int
  _Timer1Int
  L_end_main
  _main
  L__main_end_loop
  L_main0
  L_main1
  L_end_Timer1Int
  _Timer1Int
  L_end_main
  _main
  L__main_end_loop
