MPASM  5.51                    PROGRAMA04.ASM   3-27-2016  21:28:47         PAGE  1


LOC  OBJECT CODE     LINE SOURCE TEXT
  VALUE

                      00001 ;;;;;;;;;;;;;;;;;;;;;;;;;;;;;;;;;;;;;;;;;;;;;;;;;;;;;;;;;;;;;;;;;;;;;;;;;;;;;;;;;;;;;;;;;;;;;;;;;;;;;
                      00002 ;;;;;;;;;;;;;;;;;;;;;;;;;;;;;;;;;;;;;;;;;;;;;;;;;;;;;;;;;;;;;;;;;;;;;;;;;;;;;;;;;;;;;;;;;;;;;;;;;;;;;
                      00003 ;NOMBRE:
                      00004 ;DESCRIPCION DEL PROGRAMA:
                      00005 ;
                      00006 ;
                      00007 ;
                      00008 ;
                      00009 ;
                      00010 ;;;;;;;;;;;;;;;;;;;;;;;;;;;;;;;;;;;;;;;;;;;;;;;;;;;;;;;;;;;;;;;;;;;;;;;;;;;;;;;;;;;;;;;;;;;;;;;;;;;;;
                      00011 ;;;;;;;;;;;;;;;;;;;;;;;;;;;;;;;;;;;;;;;;;;;;;;;;;;;;;;;;;;;;;;;;;;;;;;;;;;;;;;;;;;;;;;;;;;;;;;;;;;;;;
                      00012                                 INCLUDE <p16f887.inc>
                      00001         LIST
                      00002 
                      00003 ;==========================================================================
                      00004 ;  MPASM PIC16F887 processor include
                      00005 ; 
                      00006 ;  (c) Copyright 1999-2013 Microchip Technology, All rights reserved
                      00007 ;==========================================================================
                      00008 
                      00809         LIST
                      00013 
Warning[205]: Found directive in column 1. (__CONFIG)
2007   3FF4           00014 __CONFIG    _CONFIG1,_FOSC_INTRC_NOCLKOUT&_WDTE_OFF&_PWRTE_OFF&_MCLRE_ON
Warning[205]: Found directive in column 1. (__CONFIG)
2008   3FFF           00015 __CONFIG    _CONFIG2,_BOR40V
                      00016 
Warning[205]: Found directive in column 1. (EXTERN)
  0000                00017 EXTERN DISPLAY
Warning[205]: Found directive in column 1. (EXTERN)
  0000                00018 EXTERN  HEX2BCD
                      00019 
  00000000            00020 W                       EQU 0           ;EQUIVALENTE ACUMULADOR
  00000001            00021 F                       EQU 1           ;EQUIVALENTE REGISTRO
  00000030            00022 display1        EQU 0x30        ;posición de memoria para direccionar el display.
  00000031            00023 display2        EQU 0x31
  00000032            00024 display3        EQU 0x32
  00000033            00025 display4        EQU 0x33
  00000034            00026 display5        EQU 0x34
  00000035            00027 display6        EQU 0x35
  00000036            00028 display7        EQU 0x36
  00000037            00029 display8        EQU 0x37
  00000040            00030 decena_unidad           EQU     0x40    ;registros decimales
  00000041            00031 unidadmil_centena       EQU     0x41
  00000042            00032 decenamil                       EQU     0x42
                      00033 ;;;;;;;;;;;;;;;;;;;;;;;;;;;;;;;;;;;;;;;;;;;;;;;;;;;;;;;;;;;;;;;;;;;;;;;;;;;;;;;;;;;;;;;;;;;;;;;;;;;;;
                      00034 ;       DATOS DE USUARIO
                      00035 ;;;;;;;;;;;;;;;;;;;;;;;;;;;;;;;;;;;;;;;;;;;;;;;;;;;;;;;;;;;;;;;;;;;;;;;;;;;;;;;;;;;;;;;;;;;;;;;;;;;;;
                      00036 
Warning[205]: Found directive in column 1. (UDATA)
                      00037 UDATA
                      00038 
                      00039 
MPASM  5.51                    PROGRAMA04.ASM   3-27-2016  21:28:47         PAGE  2


LOC  OBJECT CODE     LINE SOURCE TEXT
  VALUE

0000                  00040 ___saveSTATUS   RES 1;  SALVA STATUS
0001                  00041 ___savePCLATH   RES 1;  SALVA PCLATCH
0002                  00042 ___saveW                RES 1;  SALVA ACUMULADOR
                      00043 ;AUXILIAR RES 1
                      00044 
                      00045 ;;;;;;;;;;;;;;;;;;;;;;;;;;;;;;;;;;;;;;;;;;;;;;;;;;;;;;;;;;;;;;;;;;;;;;;;;;;;;;;;;;;;;;;;;;;;;;;;;;;;;
                      00046 ;       VECTOR DE RESET
                      00047 ;;;;;;;;;;;;;;;;;;;;;;;;;;;;;;;;;;;;;;;;;;;;;;;;;;;;;;;;;;;;;;;;;;;;;;;;;;;;;;;;;;;;;;;;;;;;;;;;;;;;;
                      00048 VEC_RESET       CODE 0X0
Warning[205]: Found directive in column 1. (PAGESEL)
0000   ???? ????      00049 PAGESEL INICIO
Warning[203]: Found opcode in column 1. (goto)
0002   2???           00050 goto    INICIO          ;Etiqueta de inicio del programa
                      00051 
                      00052 ;;;;;;;;;;;;;;;;;;;;;;;;;;;;;;;;;;;;;;;;;;;;;;;;;;;;;;;;;;;;;;;;;;;;;;;;;;;;;;;;;;;;;;;;;;;;;;;;;;;;;
                      00053 ;       VECTOR DE INTERRUPCION
                      00054 ;;;;;;;;;;;;;;;;;;;;;;;;;;;;;;;;;;;;;;;;;;;;;;;;;;;;;;;;;;;;;;;;;;;;;;;;;;;;;;;;;;;;;;;;;;;;;;;;;;;;;
                      00055 VEC_INT CODE 0X04
Warning[205]: Found directive in column 1. (PAGESEL)
0004   ???? ????      00056 PAGESEL INTERRUPCION
0006   2???           00057                         goto    INTERRUPCION            ;Etiqueta de inicio del programa
                      00058 
                      00059 
Warning[205]: Found directive in column 1. (CODE)
                      00060 CODE
                      00061 ;;;;;;;;;;;;;;;;;;;;;;;;;;;;;;;;;;;;;;;;;;;;;;;;;;;;;;;;;;;;;;;;;;;;;;;;;;;;;;;;;;;;
                      00062 ;;;;;;;;;;;;;;;;;;;;;;;;;;;;;;;;;;;;;;;;;;;;;;;;;;;;;;;;;;;;;;;;;;;;;;;;;;;;;;;;;;;;
                      00063 ;       PROGRAMA PRINCIPAL
                      00064 ;;;;;;;;;;;;;;;;;;;;;;;;;;;;;;;;;;;;;;;;;;;;;;;;;;;;;;;;;;;;;;;;;;;;;;;;;;;;;;;;;;;
                      00065 ;;;;;;;;;;;;;;;;;;;;;;;;;;;;;;;;;;;;;;;;;;;;;;;;;;;;;;;;;;;;;;;;;;;;;;;;;;;;;;;;;;;;
                      00066 
                      00067 
                      00068 
0000                  00069 INICIO:
                      00070 ;;;;;;;;;;;;;;;;;;;;;;;;;;;;;;;;;;;;;;;;;;;;;;;;;;;;;;;;;;;;;;;;;;;;;;;;;;;;;;;;;;;;
                      00071 ;       CONFIGURACIONES
                      00072 ;;;;;;;;;;;;;;;;;;;;;;;;;;;;;;;;;;;;;;;;;;;;;;;;;;;;;;;;;;;;;;;;;;;;;;;;;;;;;;;;;;;
                      00073 
0000   1683 1703      00074         banksel ANSELH
Message[302]: Register in operand not in bank 0.  Ensure that bank bits are correct.
0002   0189           00075         clrf    ANSELH
0003   1683 1303      00076         banksel TRISB
Message[302]: Register in operand not in bank 0.  Ensure that bank bits are correct.
0005   0186           00077         clrf    TRISB
Message[302]: Register in operand not in bank 0.  Ensure that bank bits are correct.
0006   1507           00078         bsf     TRISC,2
Message[302]: Register in operand not in bank 0.  Ensure that bank bits are correct.
0007   0188           00079         clrf    TRISD
0008   1283 1303      00080         banksel PORTB
000A   0186           00081         clrf    PORTB
000B   0187           00082         clrf    PORTC
000C   0188           00083         clrf    PORTD
                      00084         
MPASM  5.51                    PROGRAMA04.ASM   3-27-2016  21:28:47         PAGE  3


LOC  OBJECT CODE     LINE SOURCE TEXT
  VALUE

                      00085 ;coNFIGURACIONES:       CCP1CON P1M1 P1M0 DC1B1 DC1B0 CCP1M3 CCP1M2 CCP1M1 CCP1M0 
                      00086 ;                                       CM2CON1 T1GSS
                      00087 ;                                       INTCON GIE PEIE
                      00088 ;                                       PIE1 CCP1IE TMR1IE 
                      00089 ;                                       PIR1 CCP1IF  TMR1IF 
                      00090 ;                                       T1CON T1GINV TMR1GE T1CKPS1 T1CKPS0 T1OSCEN T1SYNC TMR1CS TMR1ON
                      00091 ;                                       TRISC TRISC2 TRISC1 
                      00092 
000D   1283 1303      00093         BANKSEL CCP1CON
000F   3004           00094         movlw b'00000100'
0010   0097           00095         movwf   CCP1CON
0011   178B           00096         bsf     INTCON,GIE
0012   170B           00097         bsf     INTCON,PEIE
                      00098         
0013   1683 1303      00099         BANKSEL PIE1
Message[302]: Register in operand not in bank 0.  Ensure that bank bits are correct.
0015   150C           00100         bsf PIE1,CCP1IE
0016   1283 1303      00101         BANKSEL T1CON
0018   3001           00102         movlw b'00000001'
0019   0090           00103         movwf T1CON
                      00104         
                      00105 
001A   3000           00106         movlw 0x00
001B   00B8           00107         movwf   0x38
                      00108 
001C   3008           00109         movlw 0x08
001D   00B9           00110         movwf   0x39
                      00111 
001E   3006           00112         movlw 0x06
001F   00BA           00113         movwf   0x3A
                      00114 
0020   3006           00115         movlw 0x06
0021   00BB           00116         movwf   0x3B
                      00117 
0022   3010           00118         movlw 0x10              ;para no mostrar nada
0023   00B0           00119         movwf   0x30
                      00120 
0024   3010           00121         movlw 0x10
0025   00B1           00122         movwf   0x31
                      00123 
0026   3010           00124         movlw 0x10
0027   00B2           00125         movwf   0x32
                      00126 
0028   3010           00127         movlw 0x10
0029   00B3           00128         movwf   0x33
                      00129 
002A   3010           00130         movlw 0x10
002B   00B4           00131         movwf   0x34
                      00132 
002C   3010           00133         movlw 0x10
002D   00B5           00134         movwf   0x35
                      00135 
002E   3010           00136         movlw 0x10
MPASM  5.51                    PROGRAMA04.ASM   3-27-2016  21:28:47         PAGE  4


LOC  OBJECT CODE     LINE SOURCE TEXT
  VALUE

002F   00B6           00137         movwf   0x36
                      00138 
0030   3010           00139         movlw 0x10
0031   00B7           00140         movwf   0x37
                      00141 
                      00142 ;;;;;;;;;;;;;;;;;;;;;;;;;;;;;;;;;;;;;;;;;;;;;;;;;;;;;;;;;;;;;;;;;;;;;;;;;;;;;;;;;;;;
                      00143 ;       BUCLE PRINCIPAL
                      00144 ;;;;;;;;;;;;;;;;;;;;;;;;;;;;;;;;;;;;;;;;;;;;;;;;;;;;;;;;;;;;;;;;;;;;;;;;;;;;;;;;;;;
                      00145 
0032                  00146 bucle:
0032   ???? ????      00147         PAGESEL HEX2BCD
0034   2???           00148         call    HEX2BCD
                      00149 
Warning[203]: Found opcode in column 1. (swapf)
0035   0E40           00150 swapf   decena_unidad,w
Warning[203]: Found opcode in column 1. (andlw)
0036   390F           00151 andlw   0x0f
Warning[203]: Found opcode in column 1. (movwf)
0037   00B3           00152 movwf   display4
Warning[204]: Found pseudo-op in column 1. (movfw)
0038   0840           00153 movfw   decena_unidad
Warning[203]: Found opcode in column 1. (andlw)
0039   390F           00154 andlw   0x0f
Warning[203]: Found opcode in column 1. (movwf)
003A   00B2           00155 movwf   display3
                      00156 
Warning[203]: Found opcode in column 1. (swapf)
003B   0E41           00157 swapf   unidadmil_centena,w
Warning[203]: Found opcode in column 1. (andlw)
003C   390F           00158 andlw   0x0f
Warning[203]: Found opcode in column 1. (movwf)
003D   00B5           00159 movwf   display6
Warning[204]: Found pseudo-op in column 1. (movfw)
003E   0841           00160 movfw   unidadmil_centena
Warning[203]: Found opcode in column 1. (andlw)
003F   390F           00161 andlw   0x0f
Warning[203]: Found opcode in column 1. (movwf)
0040   00B4           00162 movwf   display5
                      00163 
Warning[203]: Found opcode in column 1. (swapf)
0041   0E42           00164 swapf   decenamil,w
Warning[203]: Found opcode in column 1. (andlw)
0042   390F           00165 andlw   0x0f
Warning[203]: Found opcode in column 1. (movwf)
0043   00B6           00166 movwf   display7
                      00167 
0044   ???? ????      00168         PAGESEL DISPLAY
0046   2???           00169         call    DISPLAY
                      00170 
                      00171 
0047   2???           00172          goto bucle       
                      00173 
                      00174 ;;;;;;;;;;;;;;;;;;;;;;;;;;;;;;;;;;;;;;;;;;;;;;;;;;;;;;;;;;;;;;;;;;;;;;;;;;;;;;;;;;;;
MPASM  5.51                    PROGRAMA04.ASM   3-27-2016  21:28:47         PAGE  5


LOC  OBJECT CODE     LINE SOURCE TEXT
  VALUE

                      00175 ;;;;;;;;;;;;;;;;;;;;;;;;;;;;;;;;;;;;;;;;;;;;;;;;;;;;;;;;;;;;;;;;;;;;;;;;;;;;;;;;;;;;
                      00176 ;       INTERRUPCIONES
                      00177 ;;;;;;;;;;;;;;;;;;;;;;;;;;;;;;;;;;;;;;;;;;;;;;;;;;;;;;;;;;;;;;;;;;;;;;;;;;;;;;;;;;;
                      00178 ;;;;;;;;;;;;;;;;;;;;;;;;;;;;;;;;;;;;;;;;;;;;;;;;;;;;;;;;;;;;;;;;;;;;;;;;;;;;;;;;;;;;
                      00179 
0048                  00180 INTERRUPCION:
                      00181 
                      00182 ;;;;;;;;;;;;;;;;;;;;;;;;;;;;;;;;;;;;;;;;;;;;;;;;;;;;;;;;;;;;;;;;;;;;;;;;;;;;;;;;;;;;;;;;;;;;;;;;;;;;;;;;
                            ;;
                      00183 ;       Rutina de salvatage del estado de operación del microcontrolador antes de la llamada a interrupc
                            ión
                      00184 ;;;;;;;;;;;;;;;;;;;;;;;;;;;;;;;;;;;;;;;;;;;;;;;;;;;;;;;;;;;;;;;;;;;;;;;;;;;;;;;;;;;;;;;;;;;;;;;;;;;;;;;;
                            ;;
                      00185 
                      00186 
0048   00??           00187         movwf      ___saveW
0049   0E03           00188         swapf      STATUS,W
004A   0183           00189         clrf       STATUS
004B   00??           00190         movwf      ___saveSTATUS
004C   080A           00191         movf       PCLATH,W
004D   00??           00192         movwf      ___savePCLATH
004E   018A           00193         clrf       PCLATH
                      00194 
                      00195 ;;;;;;;;;;;;;;;;;;;;;;;;;;;;;;;;;;;;;;;;;;;;;;;;;;;;;;;;;;;;;;;;;;;;;;;;;;;;;;;;;;;;;;;;;;;;;;;;;;;;;;;;
                            ;;
                      00196 ;       Atención de la interrupción, 
                      00197 ;;;;;;;;;;;;;;;;;;;;;;;;;;;;;;;;;;;;;;;;;;;;;;;;;;;;;;;;;;;;;;;;;;;;;;;;;;;;;;;;;;;;;;;;;;;;;;;;;;;;;;;;
                            ;;
004F   1283 1303      00198         BANKSEL PIR1
                      00199 
0051   110C           00200         bcf     PIR1,CCP1IF
0052   1283 1303      00201         BANKSEL TMR1H
0054   018F           00202         clrf    TMR1H
0055   018E           00203         clrf    TMR1L
                      00204  
0056   1283 1303      00205         BANKSEL CCPR1L
0058   0815           00206         movf    CCPR1L,W
0059   1283 1303      00207         banksel 0x44
005B   00C4           00208         movwf   0x44
                      00209 
                      00210 ;       swapf   CCPR1L,W        ;intercambia entre el mas y menos significativo
                      00211 ;       andlw   0x0F
                      00212 ;       movwf   0x34
                      00213 
005C   1283 1303      00214         BANKSEL CCPR1H
005E   0816           00215         movf    CCPR1H,W
005F   1283 1303      00216         banksel 0x43
0061   00C3           00217         movwf   0x43
                      00218 
                      00219 ;       swapf   CCPR1H,W
                      00220 ;       andlw   0x0F
                      00221 ;       movwf   0x32    
                      00222 
MPASM  5.51                    PROGRAMA04.ASM   3-27-2016  21:28:47         PAGE  6


LOC  OBJECT CODE     LINE SOURCE TEXT
  VALUE

                      00223         
                      00224 ;;;;;;;;;;;;;;;;;;;;;;;;;;;;;;;;;;;;;;;;;;;;;;;;;;;;;;;;;;;;;;;;;;;;;;;;;;;;;;;;;;;;;;;;;;;;;;;;;;;;;;;;
                            ;;
                      00225 ;       Rutina de recuperación del estado de operación del microcontrolador antes del retorno desde la i
                            nterrupción
                      00226 ;;;;;;;;;;;;;;;;;;;;;;;;;;;;;;;;;;;;;;;;;;;;;;;;;;;;;;;;;;;;;;;;;;;;;;;;;;;;;;;;;;;;;;;;;;;;;;;;;;;;;;;;
                            ;;
                      00227 
0062                  00228 SALIDA:
0062   08??           00229         movf       ___savePCLATH,W
0063   008A           00230         movwf      PCLATH
0064   0E??           00231         swapf      ___saveSTATUS,W
0065   0083           00232         movwf      STATUS
0066   0E??           00233         swapf      ___saveW,F
0067   0E??           00234         swapf      ___saveW,W
0068   0009           00235         retfie
                      00236 
                      00237 ;;;;;;;;;;;;;;;;;;;;;;;;;;;;;;;;;;;;;;;;;;;;;;;;;;;;;;;;;;;;;;;;;;;;;;;;;;;;;;;;;;;;
                      00238 ;;;;;;;;;;;;;;;;;;;;;;;;;;;;;;;;;;;;;;;;;;;;;;;;;;;;;;;;;;;;;;;;;;;;;;;;;;;;;;;;;;;;
                      00239 ;       SUBRUTINAS LOCALES
                      00240 ;;;;;;;;;;;;;;;;;;;;;;;;;;;;;;;;;;;;;;;;;;;;;;;;;;;;;;;;;;;;;;;;;;;;;;;;;;;;;;;;;;;
                      00241 ;;;;;;;;;;;;;;;;;;;;;;;;;;;;;;;;;;;;;;;;;;;;;;;;;;;;;;;;;;;;;;;;;;;;;;;;;;;;;;;;;;;;
                      00242 
                      00243 
                      00244 
                      00245 ;;;;;;;;;;;;;;;;;;;;;;;;;;;;;;;;;;;;;;;;;;;;;;;;;;;;;;;;;;;;;;;;;;;;;;;;;;;;;;;;;;;;
                      00246 ;;;;;;;;;;;;;;;;;;;;;;;;;;;;;;;;;;;;;;;;;;;;;;;;;;;;;;;;;;;;;;;;;;;;;;;;;;;;;;;;;;;;
                      00247 ;       TABLAS
                      00248 ;;;;;;;;;;;;;;;;;;;;;;;;;;;;;;;;;;;;;;;;;;;;;;;;;;;;;;;;;;;;;;;;;;;;;;;;;;;;;;;;;;;
                      00249 ;;;;;;;;;;;;;;;;;;;;;;;;;;;;;;;;;;;;;;;;;;;;;;;;;;;;;;;;;;;;;;;;;;;;;;;;;;;;;;;;;;;;
                      00250 
                      00251 
                      00252 
                      00253 
3FF4 3FFF             00254                 END
MPASM  5.51                    PROGRAMA04.ASM   3-27-2016  21:28:47         PAGE  7


SYMBOL TABLE
  LABEL                             VALUE 

ABDEN                             00000000
ABDOVF                            00000007
ACKDT                             00000005
ACKEN                             00000004
ACKSTAT                           00000006
ADCON0                            0000001F
ADCON1                            0000009F
ADCS0                             00000006
ADCS1                             00000007
ADDEN                             00000003
ADFM                              00000007
ADIE                              00000006
ADIF                              00000006
ADON                              00000000
ADRESH                            0000001E
ADRESL                            0000009E
ANS0                              00000000
ANS1                              00000001
ANS10                             00000002
ANS11                             00000003
ANS12                             00000004
ANS13                             00000005
ANS2                              00000002
ANS3                              00000003
ANS4                              00000004
ANS5                              00000005
ANS6                              00000006
ANS7                              00000007
ANS8                              00000000
ANS9                              00000001
ANSEL                             00000188
ANSELH                            00000189
BAUDCTL                           00000187
BCLIE                             00000003
BCLIF                             00000003
BF                                00000000
BRG0                              00000000
BRG1                              00000001
BRG10                             00000002
BRG11                             00000003
BRG12                             00000004
BRG13                             00000005
BRG14                             00000006
BRG15                             00000007
BRG16                             00000003
BRG2                              00000002
BRG3                              00000003
BRG4                              00000004
BRG5                              00000005
BRG6                              00000006
BRG7                              00000007
BRG8                              00000000
BRG9                              00000001
MPASM  5.51                    PROGRAMA04.ASM   3-27-2016  21:28:47         PAGE  8


SYMBOL TABLE
  LABEL                             VALUE 

BRGH                              00000002
C                                 00000000
C1CH0                             00000000
C1CH1                             00000001
C1IE                              00000005
C1IF                              00000005
C1OE                              00000005
C1ON                              00000007
C1OUT                             00000006
C1POL                             00000004
C1R                               00000002
C1RSEL                            00000005
C1SEN                             00000005
C2CH0                             00000000
C2CH1                             00000001
C2IE                              00000006
C2IF                              00000006
C2OE                              00000005
C2ON                              00000007
C2OUT                             00000006
C2POL                             00000004
C2R                               00000002
C2REN                             00000004
C2RSEL                            00000004
C2SYNC                            00000000
CCP1CON                           00000017
CCP1IE                            00000002
CCP1IF                            00000002
CCP1M0                            00000000
CCP1M1                            00000001
CCP1M2                            00000002
CCP1M3                            00000003
CCP1X                             00000005
CCP1Y                             00000004
CCP2CON                           0000001D
CCP2IE                            00000000
CCP2IF                            00000000
CCP2M0                            00000000
CCP2M1                            00000001
CCP2M2                            00000002
CCP2M3                            00000003
CCP2X                             00000005
CCP2Y                             00000004
CCPR1                             00000015
CCPR1H                            00000016
CCPR1L                            00000015
CCPR2                             0000001B
CCPR2H                            0000001C
CCPR2L                            0000001B
CHS0                              00000002
CHS1                              00000003
CHS2                              00000004
CHS3                              00000005
MPASM  5.51                    PROGRAMA04.ASM   3-27-2016  21:28:47         PAGE  9


SYMBOL TABLE
  LABEL                             VALUE 

CKE                               00000006
CKP                               00000004
CM1CON0                           00000107
CM2CON0                           00000108
CM2CON1                           00000109
CREN                              00000004
CSRC                              00000007
D                                 00000005
DATA_ADDRESS                      00000005
DC                                00000001
DC1B0                             00000004
DC1B1                             00000005
DC2B0                             00000004
DC2B1                             00000005
DISPLAY                           00000000
D_A                               00000005
D_NOT_A                           00000005
ECCPAS                            0000009C
ECCPAS0                           00000004
ECCPAS1                           00000005
ECCPAS2                           00000006
ECCPASE                           00000007
EEADR                             0000010D
EEADRH                            0000010F
EECON1                            0000018C
EECON2                            0000018D
EEDAT                             0000010C
EEDATA                            0000010C
EEDATH                            0000010E
EEIE                              00000004
EEIF                              00000004
EEPGD                             00000007
F                                 00000001
FERR                              00000002
FSR                               00000004
FVREN                             00000000
GCEN                              00000007
GIE                               00000007
GO                                00000001
GO_DONE                           00000001
GO_NOT_DONE                       00000001
HEX2BCD                           00000000
HTS                               00000002
I2C_DATA                          00000005
I2C_READ                          00000002
I2C_START                         00000003
I2C_STOP                          00000004
INDF                              00000000
INICIO                            00000000
INTCON                            0000000B
INTE                              00000004
INTEDG                            00000006
INTERRUPCION                      00000048
MPASM  5.51                    PROGRAMA04.ASM   3-27-2016  21:28:47         PAGE 10


SYMBOL TABLE
  LABEL                             VALUE 

INTF                              00000001
IOCB                              00000096
IOCB0                             00000000
IOCB1                             00000001
IOCB2                             00000002
IOCB3                             00000003
IOCB4                             00000004
IOCB5                             00000005
IOCB6                             00000006
IOCB7                             00000007
IRCF0                             00000004
IRCF1                             00000005
IRCF2                             00000006
IRP                               00000007
LTS                               00000001
MC1OUT                            00000007
MC2OUT                            00000006
MSK                               00000093
MSK0                              00000000
MSK1                              00000001
MSK2                              00000002
MSK3                              00000003
MSK4                              00000004
MSK5                              00000005
MSK6                              00000006
MSK7                              00000007
NOT_A                             00000005
NOT_ADDRESS                       00000005
NOT_BO                            00000000
NOT_BOR                           00000000
NOT_DONE                          00000001
NOT_PD                            00000003
NOT_POR                           00000001
NOT_RBPU                          00000007
NOT_RC8                           00000006
NOT_T1SYNC                        00000002
NOT_TO                            00000004
NOT_TX8                           00000006
NOT_W                             00000002
NOT_WRITE                         00000002
OERR                              00000001
OPTION_REG                        00000081
OSCCON                            0000008F
OSCTUNE                           00000090
OSFIE                             00000007
OSFIF                             00000007
OSTS                              00000003
P                                 00000004
P1M0                              00000006
P1M1                              00000007
PCL                               00000002
PCLATH                            0000000A
PCON                              0000008E
MPASM  5.51                    PROGRAMA04.ASM   3-27-2016  21:28:47         PAGE 11


SYMBOL TABLE
  LABEL                             VALUE 

PDC0                              00000000
PDC1                              00000001
PDC2                              00000002
PDC3                              00000003
PDC4                              00000004
PDC5                              00000005
PDC6                              00000006
PEIE                              00000006
PEN                               00000002
PIE1                              0000008C
PIE2                              0000008D
PIR1                              0000000C
PIR2                              0000000D
PORTA                             00000005
PORTB                             00000006
PORTC                             00000007
PORTD                             00000008
PORTE                             00000009
PR2                               00000092
PRSEN                             00000007
PS0                               00000000
PS1                               00000001
PS2                               00000002
PSA                               00000003
PSSAC0                            00000002
PSSAC1                            00000003
PSSBD0                            00000000
PSSBD1                            00000001
PSTRCON                           0000009D
PULSR                             00000002
PULSS                             00000003
PWM1CON                           0000009B
R                                 00000002
RA0                               00000000
RA1                               00000001
RA2                               00000002
RA3                               00000003
RA4                               00000004
RA5                               00000005
RA6                               00000006
RA7                               00000007
RB0                               00000000
RB1                               00000001
RB2                               00000002
RB3                               00000003
RB4                               00000004
RB5                               00000005
RB6                               00000006
RB7                               00000007
RBIE                              00000003
RBIF                              00000000
RC0                               00000000
RC1                               00000001
MPASM  5.51                    PROGRAMA04.ASM   3-27-2016  21:28:47         PAGE 12


SYMBOL TABLE
  LABEL                             VALUE 

RC2                               00000002
RC3                               00000003
RC4                               00000004
RC5                               00000005
RC6                               00000006
RC7                               00000007
RC8_9                             00000006
RC9                               00000006
RCD8                              00000000
RCEN                              00000003
RCIDL                             00000006
RCIE                              00000005
RCIF                              00000005
RCREG                             0000001A
RCSTA                             00000018
RD                                00000000
RD0                               00000000
RD1                               00000001
RD2                               00000002
RD3                               00000003
RD4                               00000004
RD5                               00000005
RD6                               00000006
RD7                               00000007
RE0                               00000000
RE1                               00000001
RE2                               00000002
RE3                               00000003
READ_WRITE                        00000002
RP0                               00000005
RP1                               00000006
RSEN                              00000001
RX9                               00000006
RX9D                              00000000
R_NOT_W                           00000002
R_W                               00000002
S                                 00000003
SALIDA                            00000062
SBOREN                            00000004
SCKP                              00000004
SCS                               00000000
SEN                               00000000
SENDB                             00000003
SMP                               00000007
SPBRG                             00000099
SPBRGH                            0000009A
SPEN                              00000007
SR0                               00000006
SR1                               00000007
SRCON                             00000185
SREN                              00000005
SSPADD                            00000093
SSPBUF                            00000013
MPASM  5.51                    PROGRAMA04.ASM   3-27-2016  21:28:47         PAGE 13


SYMBOL TABLE
  LABEL                             VALUE 

SSPCON                            00000014
SSPCON2                           00000091
SSPEN                             00000005
SSPIE                             00000003
SSPIF                             00000003
SSPM0                             00000000
SSPM1                             00000001
SSPM2                             00000002
SSPM3                             00000003
SSPMSK                            00000093
SSPOV                             00000006
SSPSTAT                           00000094
STATUS                            00000003
STRA                              00000000
STRB                              00000001
STRC                              00000002
STRD                              00000003
STRSYNC                           00000004
SWDTEN                            00000000
SYNC                              00000004
T0CS                              00000005
T0IE                              00000005
T0IF                              00000002
T0SE                              00000004
T1CKPS0                           00000004
T1CKPS1                           00000005
T1CON                             00000010
T1GINV                            00000007
T1GIV                             00000007
T1GSS                             00000001
T1INSYNC                          00000002
T1OSCEN                           00000003
T1SYNC                            00000002
T2CKPS0                           00000000
T2CKPS1                           00000001
T2CON                             00000012
TMR0                              00000001
TMR0IE                            00000005
TMR0IF                            00000002
TMR1                              0000000E
TMR1CS                            00000001
TMR1GE                            00000006
TMR1H                             0000000F
TMR1IE                            00000000
TMR1IF                            00000000
TMR1L                             0000000E
TMR1ON                            00000000
TMR2                              00000011
TMR2IE                            00000001
TMR2IF                            00000001
TMR2ON                            00000002
TOUTPS0                           00000003
TOUTPS1                           00000004
MPASM  5.51                    PROGRAMA04.ASM   3-27-2016  21:28:47         PAGE 14


SYMBOL TABLE
  LABEL                             VALUE 

TOUTPS2                           00000005
TOUTPS3                           00000006
TRISA                             00000085
TRISA0                            00000000
TRISA1                            00000001
TRISA2                            00000002
TRISA3                            00000003
TRISA4                            00000004
TRISA5                            00000005
TRISA6                            00000006
TRISA7                            00000007
TRISB                             00000086
TRISB0                            00000000
TRISB1                            00000001
TRISB2                            00000002
TRISB3                            00000003
TRISB4                            00000004
TRISB5                            00000005
TRISB6                            00000006
TRISB7                            00000007
TRISC                             00000087
TRISC0                            00000000
TRISC1                            00000001
TRISC2                            00000002
TRISC3                            00000003
TRISC4                            00000004
TRISC5                            00000005
TRISC6                            00000006
TRISC7                            00000007
TRISD                             00000088
TRISD0                            00000000
TRISD1                            00000001
TRISD2                            00000002
TRISD3                            00000003
TRISD4                            00000004
TRISD5                            00000005
TRISD6                            00000006
TRISD7                            00000007
TRISE                             00000089
TRISE0                            00000000
TRISE1                            00000001
TRISE2                            00000002
TRISE3                            00000003
TRMT                              00000001
TUN0                              00000000
TUN1                              00000001
TUN2                              00000002
TUN3                              00000003
TUN4                              00000004
TX8_9                             00000006
TX9                               00000006
TX9D                              00000000
TXD8                              00000000
MPASM  5.51                    PROGRAMA04.ASM   3-27-2016  21:28:47         PAGE 15


SYMBOL TABLE
  LABEL                             VALUE 

TXEN                              00000005
TXIE                              00000004
TXIF                              00000004
TXREG                             00000019
TXSTA                             00000098
UA                                00000001
ULPWUE                            00000005
ULPWUIE                           00000002
ULPWUIF                           00000002
VCFG0                             00000004
VCFG1                             00000005
VR0                               00000000
VR1                               00000001
VR2                               00000002
VR3                               00000003
VRCON                             00000097
VREN                              00000007
VROE                              00000006
VRR                               00000005
VRSS                              00000004
W                                 00000000
WCOL                              00000007
WDTCON                            00000105
WDTPS0                            00000001
WDTPS1                            00000002
WDTPS2                            00000003
WDTPS3                            00000004
WPUB                              00000095
WPUB0                             00000000
WPUB1                             00000001
WPUB2                             00000002
WPUB3                             00000003
WPUB4                             00000004
WPUB5                             00000005
WPUB6                             00000006
WPUB7                             00000007
WR                                00000001
WREN                              00000002
WRERR                             00000003
WUE                               00000001
Z                                 00000002
_BOR21V                           00003EFF
_BOR40V                           00003FFF
_BOR4V_BOR21V                     00003EFF
_BOR4V_BOR40V                     00003FFF
_BOREN_NSLEEP                     00003EFF
_BOREN_OFF                        00003CFF
_BOREN_ON                         00003FFF
_BOREN_SBODEN                     00003DFF
_BOR_NSLEEP                       00003EFF
_BOR_OFF                          00003CFF
_BOR_ON                           00003FFF
_BOR_SBODEN                       00003DFF
MPASM  5.51                    PROGRAMA04.ASM   3-27-2016  21:28:47         PAGE 16


SYMBOL TABLE
  LABEL                             VALUE 

_CONFIG1                          00002007
_CONFIG2                          00002008
_CPD_OFF                          00003FFF
_CPD_ON                           00003F7F
_CP_OFF                           00003FFF
_CP_ON                            00003FBF
_DEBUG_OFF                        00003FFF
_DEBUG_ON                         00001FFF
_DEVID1                           00002006
_EC_OSC                           00003FFB
_EXTRC                            00003FFF
_EXTRCIO                          00003FFE
_EXTRC_OSC_CLKOUT                 00003FFF
_EXTRC_OSC_NOCLKOUT               00003FFE
_FCMEN_OFF                        000037FF
_FCMEN_ON                         00003FFF
_FOSC_EC                          00003FFB
_FOSC_EXTRC_CLKOUT                00003FFF
_FOSC_EXTRC_NOCLKOUT              00003FFE
_FOSC_HS                          00003FFA
_FOSC_INTRC_CLKOUT                00003FFD
_FOSC_INTRC_NOCLKOUT              00003FFC
_FOSC_LP                          00003FF8
_FOSC_XT                          00003FF9
_HS_OSC                           00003FFA
_IDLOC0                           00002000
_IDLOC1                           00002001
_IDLOC2                           00002002
_IDLOC3                           00002003
_IESO_OFF                         00003BFF
_IESO_ON                          00003FFF
_INTOSC                           00003FFD
_INTOSCIO                         00003FFC
_INTRC_OSC_CLKOUT                 00003FFD
_INTRC_OSC_NOCLKOUT               00003FFC
_LP_OSC                           00003FF8
_LVP_OFF                          00002FFF
_LVP_ON                           00003FFF
_MCLRE_OFF                        00003FDF
_MCLRE_ON                         00003FFF
_PWRTE_OFF                        00003FFF
_PWRTE_ON                         00003FEF
_WDTE_OFF                         00003FF7
_WDTE_ON                          00003FFF
_WDT_OFF                          00003FF7
_WDT_ON                           00003FFF
_WRT_1FOURTH                      00003BFF
_WRT_256                          00003DFF
_WRT_HALF                         000039FF
_WRT_OFF                          00003FFF
_XT_OSC                           00003FF9
__16F887                          00000001
__DEBUG                           1
MPASM  5.51                    PROGRAMA04.ASM   3-27-2016  21:28:47         PAGE 17


SYMBOL TABLE
  LABEL                             VALUE 

___savePCLATH                     00000001
___saveSTATUS                     00000000
___saveW                          00000002
bucle                             00000032
decena_unidad                     00000040
decenamil                         00000042
display1                          00000030
display2                          00000031
display3                          00000032
display4                          00000033
display5                          00000034
display6                          00000035
display7                          00000036
display8                          00000037
unidadmil_centena                 00000041

Errors   :     0
Warnings :    24 reported,     0 suppressed
Messages :     5 reported,     0 suppressed

