;  LST file generated by mikroListExporter - v.2.0 
; Date/Time: 25/05/2016 10:09:10
;----------------------------------------------

;Address Opcode 	ASM
0x0000	0x000000040B6A  	GOTO	_main
0x0004	0x000000  	0
0x0006	0x000000  	0
0x0008	0x000000  	0
0x000A	0x000000  	0
0x000C	0x000000  	0
0x000E	0x000000  	0
0x0010	0x000000  	0
0x0012	0x000000  	0
0x0014	0x000000  	0
0x0016	0x000000  	0
0x0018	0x000000  	0
0x001A	0x000000  	0
0x001C	0x000000  	0
0x001E	0x000000  	0
0x0020	0x000000  	0
0x0022	0x000000  	0
0x0024	0x000000  	0
0x0026	0x000000  	0
0x0028	0x000000  	0
0x002A	0x000000  	0
0x002C	0x000000  	0
0x002E	0x000000  	0
0x0030	0x000000  	0
0x0032	0x000000  	0
0x0034	0x000000  	0
0x0036	0x000000  	0
0x0038	0x000000  	0
0x003A	0x000000  	0
0x003C	0x000000  	0
0x003E	0x000000  	0
0x0040	0x000000  	0
0x0042	0x000000  	0
0x0044	0x000000  	0
0x0046	0x000000  	0
0x0048	0x000000  	0
0x004A	0x000000  	0
0x004C	0x000000  	0
0x004E	0x000000  	0
0x0050	0x000000  	0
0x0052	0x000000  	0
0x0054	0x000000  	0
0x0056	0x000000  	0
0x0058	0x000000  	0
0x005A	0x000000  	0
0x005C	0x000000  	0
0x005E	0x000000  	0
0x0060	0x000000  	0
0x0062	0x000000  	0
0x0064	0x000000  	0
0x0066	0x000000  	0
0x0068	0x000000  	0
0x006A	0x000000  	0
0x006C	0x000000  	0
0x006E	0x000000  	0
0x0070	0x000000  	0
0x0072	0x000000  	0
0x0074	0x000000  	0
0x0076	0x000000  	0
0x0078	0x000000  	0
0x007A	0x000000  	0
0x007C	0x000000  	0
0x007E	0x000000  	0
0x0080	0x000000  	0
0x0082	0x000000  	0
0x0084	0x000000  	0
0x0086	0x000000  	0
0x0088	0x000000  	0
0x008A	0x000000  	0
0x008C	0x000000  	0
0x008E	0x000000  	0
0x0090	0x000000  	0
0x0092	0x000000  	0
0x0094	0x000000  	0
0x0096	0x000000  	0
0x0098	0x000000  	0
0x009A	0x000000  	0
0x009C	0x000000  	0
0x009E	0x000000  	0
0x00A0	0x000000  	0
0x00A2	0x000000  	0
0x00A4	0x000000  	0
0x00A6	0x000000  	0
0x00A8	0x000000  	0
0x00AA	0x000000  	0
0x00AC	0x000000  	0
0x00AE	0x000000  	0
0x00B0	0x000000  	0
0x00B2	0x000000  	0
0x00B4	0x000000  	0
0x00B6	0x000000  	0
0x00B8	0x000000  	0
0x00BA	0x000000  	0
0x00BC	0x000000  	0
0x00BE	0x000000  	0
0x00C0	0x000000  	0
0x00C2	0x000000  	0
0x00C4	0x000000  	0
0x00C6	0x000000  	0
0x00C8	0x000000  	0
0x00CA	0x000000  	0
0x00CC	0x000000  	0
0x00CE	0x000000  	0
0x00D0	0x000000  	0
0x00D2	0x000000  	0
0x00D4	0x000000  	0
0x00D6	0x000000  	0
0x00D8	0x000000  	0
0x00DA	0x000000  	0
0x00DC	0x000000  	0
0x00DE	0x000000  	0
0x00E0	0x000000  	0
0x00E2	0x000000  	0
0x00E4	0x000000  	0
0x00E6	0x000000  	0
0x00E8	0x000000  	0
0x00EA	0x000000  	0
0x00EC	0x000000  	0
0x00EE	0x000000  	0
0x00F0	0x000000  	0
0x00F2	0x000000  	0
0x00F4	0x000000  	0
0x00F6	0x000000  	0
0x00F8	0x000000  	0
0x00FA	0x000000  	0
0x00FC	0x000000  	0
0x00FE	0x000000  	0
0x0100	0x000000  	0
0x0102	0x000000  	0
0x0104	0x000000  	0
0x0106	0x000000  	0
0x0108	0x000000  	0
0x010A	0x000000  	0
0x010C	0x000000  	0
0x010E	0x000000  	0
0x0110	0x000000  	0
0x0112	0x000000  	0
0x0114	0x000000  	0
0x0116	0x000000  	0
0x0118	0x000000  	0
0x011A	0x000000  	0
0x011C	0x000000  	0
0x011E	0x000000  	0
0x0120	0x000000  	0
0x0122	0x000000  	0
0x0124	0x000000  	0
0x0126	0x000000  	0
0x0128	0x000000  	0
0x012A	0x000000  	0
0x012C	0x000000  	0
0x012E	0x000000  	0
0x0130	0x000000  	0
0x0132	0x000000  	0
0x0134	0x000000  	0
0x0136	0x000000  	0
0x0138	0x000000  	0
0x013A	0x000000  	0
0x013C	0x000000  	0
0x013E	0x000000  	0
0x0140	0x000000  	0
0x0142	0x000000  	0
0x0144	0x000000  	0
0x0146	0x000000  	0
0x0148	0x000000  	0
0x014A	0x000000  	0
0x014C	0x000000  	0
0x014E	0x000000  	0
0x0150	0x000000  	0
0x0152	0x000000  	0
0x0154	0x000000  	0
0x0156	0x000000  	0
0x0158	0x000000  	0
0x015A	0x000000  	0
0x015C	0x000000  	0
0x015E	0x000000  	0
0x0160	0x000000  	0
0x0162	0x000000  	0
0x0164	0x000000  	0
0x0166	0x000000  	0
0x0168	0x000000  	0
0x016A	0x000000  	0
0x016C	0x000000  	0
0x016E	0x000000  	0
0x0170	0x000000  	0
0x0172	0x000000  	0
0x0174	0x000000  	0
0x0176	0x000000  	0
0x0178	0x000000  	0
0x017A	0x000000  	0
0x017C	0x000000  	0
0x017E	0x000000  	0
0x0180	0x000000  	0
0x0182	0x000000  	0
0x0184	0x000000  	0
0x0186	0x000000  	0
0x0188	0x000000  	0
0x018A	0x000000  	0
0x018C	0x000000  	0
0x018E	0x000000  	0
0x0190	0x000000  	0
0x0192	0x000000  	0
0x0194	0x000000  	0
0x0196	0x000000  	0
0x0198	0x000000  	0
0x019A	0x000000  	0
0x019C	0x000000  	0
0x019E	0x000000  	0
0x01A0	0x000000  	0
0x01A2	0x000000  	0
0x01A4	0x000000  	0
0x01A6	0x000000  	0
0x01A8	0x000000  	0
0x01AA	0x000000  	0
0x01AC	0x000000  	0
0x01AE	0x000000  	0
0x01B0	0x000000  	0
0x01B2	0x000000  	0
0x01B4	0x000000  	0
0x01B6	0x000000  	0
0x01B8	0x000000  	0
0x01BA	0x000000  	0
0x01BC	0x000000  	0
0x01BE	0x000000  	0
0x01C0	0x000000  	0
0x01C2	0x000000  	0
0x01C4	0x000000  	0
0x01C6	0x000000  	0
0x01C8	0x000000  	0
0x01CA	0x000000  	0
0x01CC	0x000000  	0
0x01CE	0x000000  	0
0x01D0	0x000000  	0
0x01D2	0x000000  	0
0x01D4	0x000000  	0
0x01D6	0x000000  	0
0x01D8	0x000000  	0
0x01DA	0x000000  	0
0x01DC	0x000000  	0
0x01DE	0x000000  	0
0x01E0	0x000000  	0
0x01E2	0x000000  	0
0x01E4	0x000000  	0
0x01E6	0x000000  	0
0x01E8	0x000000  	0
0x01EA	0x000000  	0
0x01EC	0x000000  	0
0x01EE	0x000000  	0
0x01F0	0x000000  	0
0x01F2	0x000000  	0
0x01F4	0x000000  	0
0x01F6	0x000000  	0
0x01F8	0x000000  	0
0x01FA	0x000000  	0
0x01FC	0x000000  	0
0x01FE	0x000000  	0
_main:
0x0B6A	0x20850F  	MOV	#2128, W15
0x0B6C	0x20BFF0  	MOV	#3071, W0
0x0B6E	0xB7A020  	MOV	WREG, SPLIM
0x0B70	0x200000  	MOV	#0, W0
0x0B72	0xB7A034  	MOV	WREG, PSVPAG
0x0B74	0x200040  	MOV	#4, W0
0x0B76	0xB72044  	IOR	CORCON
0x0B78	0x000000020C74  	CALL	3188
;programa27.c,30 :: 		void main(){
;programa27.c,31 :: 		RPINR18=0xFF07;
0x0B7C	0x781F8A  	PUSH	W10
0x0B7E	0x781F8B  	PUSH	W11
0x0B80	0x781F8C  	PUSH	W12
0x0B82	0x2FF070  	MOV	#65287, W0
0x0B84	0xB7A6A4  	MOV	WREG, RPINR18
;programa27.c,32 :: 		RPOR3=0x0003;
0x0B86	0x200030  	MOV	#3, W0
0x0B88	0xB7A6C6  	MOV	WREG, RPOR3
;programa27.c,33 :: 		ADPCFG = 0xFFFF;                   // Configure AN pins as digital I/O
0x0B8A	0x2FFFF0  	MOV	#65535, W0
0x0B8C	0xB7A32C  	MOV	WREG, ADPCFG
;programa27.c,35 :: 		Lcd_Init();                        // Initialize LCD
0x0B8E	0x07FCB3  	RCALL	_Lcd_Init
;programa27.c,37 :: 		Lcd_Cmd(_LCD_CLEAR);               // Clear display
0x0B90	0xB3C01A  	MOV.B	#1, W10
0x0B92	0x07FDF0  	RCALL	_Lcd_Cmd
;programa27.c,38 :: 		Lcd_Cmd(_LCD_CURSOR_OFF);          // Cursor off
0x0B94	0xB3C0CA  	MOV.B	#12, W10
0x0B96	0x07FDEE  	RCALL	_Lcd_Cmd
;programa27.c,39 :: 		Lcd_Out(1,6,txt3);                 // Write text in first row
0x0B98	0x20825C  	MOV	#lo_addr(_txt3), W12
0x0B9A	0x20006B  	MOV	#6, W11
0x0B9C	0x20001A  	MOV	#1, W10
0x0B9E	0x07FE20  	RCALL	_Lcd_Out
;programa27.c,41 :: 		Lcd_Out(2,6,txt4);                 // Write text in second row
0x0BA0	0x2081DC  	MOV	#lo_addr(_txt4), W12
0x0BA2	0x20006B  	MOV	#6, W11
0x0BA4	0x20002A  	MOV	#2, W10
0x0BA6	0x07FE1C  	RCALL	_Lcd_Out
;programa27.c,42 :: 		Delay_ms(2000);
0x0BA8	0x200338  	MOV	#51, W8
0x0BAA	0x2DCE57  	MOV	#56549, W7
L_main2:
0x0BAC	0xED200E  	DEC	W7
0x0BAE	0x3AFFFE  	BRA NZ	L_main2
0x0BB0	0xED2010  	DEC	W8
0x0BB2	0x3AFFFC  	BRA NZ	L_main2
;programa27.c,43 :: 		Lcd_Cmd(_LCD_CLEAR);               // Clear display
0x0BB4	0xB3C01A  	MOV.B	#1, W10
0x0BB6	0x07FDDE  	RCALL	_Lcd_Cmd
;programa27.c,45 :: 		Lcd_Out(1,1,txt1);                 // Write text in first row
0x0BB8	0x2080CC  	MOV	#lo_addr(_txt1), W12
0x0BBA	0x20001B  	MOV	#1, W11
0x0BBC	0x20001A  	MOV	#1, W10
0x0BBE	0x07FE10  	RCALL	_Lcd_Out
;programa27.c,46 :: 		Lcd_Out(2,5,txt2);                 // Write text in second row
0x0BC0	0x20800C  	MOV	#lo_addr(_txt2), W12
0x0BC2	0x20005B  	MOV	#5, W11
0x0BC4	0x20002A  	MOV	#2, W10
0x0BC6	0x07FE0C  	RCALL	_Lcd_Out
;programa27.c,47 :: 		UART1_Init(9600);               // Initialize UART module at 9600 bps
0x0BC8	0x22580A  	MOV	#9600, W10
0x0BCA	0x20000B  	MOV	#0, W11
0x0BCC	0x07FF4D  	RCALL	_UART1_Init
;programa27.c,48 :: 		Delay_ms(2000);
0x0BCE	0x200338  	MOV	#51, W8
0x0BD0	0x2DCE57  	MOV	#56549, W7
L_main4:
0x0BD2	0xED200E  	DEC	W7
0x0BD4	0x3AFFFE  	BRA NZ	L_main4
0x0BD6	0xED2010  	DEC	W8
0x0BD8	0x3AFFFC  	BRA NZ	L_main4
;programa27.c,51 :: 		AD1PCFGL = 0xFFFE;        //1th channel is sampled and coverted
0x0BDA	0x2FFFE0  	MOV	#65534, W0
0x0BDC	0xB7A32C  	MOV	WREG, AD1PCFGL
;programa27.c,52 :: 		AD1CON1 = 0;              //ADC off, output_format=INTEGER
0x0BDE	0xEF2320  	CLR	AD1CON1
;programa27.c,55 :: 		AD1CHS0  = 0x0000;          //
0x0BE0	0xEF2328  	CLR	AD1CHS0
;programa27.c,56 :: 		AD1CSSL = 0;               //No scan
0x0BE2	0xEF2330  	CLR	AD1CSSL
;programa27.c,57 :: 		AD1CON3 = 0x1003;          //ADCS=3 (min TAD for 10MHz is 3*TCY=300ns)
0x0BE4	0x210030  	MOV	#4099, W0
0x0BE6	0xB7A324  	MOV	WREG, AD1CON3
;programa27.c,58 :: 		AD1CON2 = 0;               //Interrupt upon completion of one sample/convert
0x0BE8	0xEF2322  	CLR	AD1CON2
;programa27.c,59 :: 		AD1CON1.F15 = 1;           //ADC on
0x0BEA	0xA8E321  	BSET	AD1CON1, #15
;programa27.c,62 :: 		while(1) {                         // Endless loop
L_main6:
;programa27.c,64 :: 		AD1CON1.F1 = 1;                  //Start sampling (SAMP=1)
0x0BEC	0xA82320  	BSET	AD1CON1, #1
;programa27.c,65 :: 		Delay_ms(100);                   //Wait for 100ms (sampling ...)
0x0BEE	0x200038  	MOV	#3, W8
0x0BF0	0x28B0A7  	MOV	#35594, W7
L_main8:
0x0BF2	0xED200E  	DEC	W7
0x0BF4	0x3AFFFE  	BRA NZ	L_main8
0x0BF6	0xED2010  	DEC	W8
0x0BF8	0x3AFFFC  	BRA NZ	L_main8
0x0BFA	0x000000  	NOP
;programa27.c,66 :: 		AD1CON1.F1 = 0;                  //Clear SAMP bit (trigger conversion)
0x0BFC	0xA92320  	BCLR	AD1CON1, #1
;programa27.c,67 :: 		while (AD1CON1.F0 == 0)
L_main10:
0x0BFE	0xAF0320  	BTSC	AD1CON1, #0
0x0C00	0x370002  	BRA	L_main11
;programa27.c,68 :: 		asm nop;                         //Wait for DONE bit in ADCON1
0x0C02	0x000000  	NOP
0x0C04	0x37FFFC  	BRA	L_main10
L_main11:
;programa27.c,69 :: 		conversion=5.*ADC1BUF0/1024.;
0x0C06	0xBF8300  	MOV	ADC1BUF0, WREG
0x0C08	0xEB0080  	CLR	W1
0x0C0A	0x07FD59  	RCALL	__Long2Float
0x0C0C	0x200002  	MOV	#0, W2
0x0C0E	0x240A03  	MOV	#16544, W3
0x0C10	0x07FBB7  	RCALL	__Mul_FP
0x0C12	0x200002  	MOV	#0, W2
0x0C14	0x244803  	MOV	#17536, W3
0x0C16	0x07FCB8  	RCALL	__Div_FP
0x0C18	0x884260  	MOV	W0, _conversion
0x0C1A	0x884271  	MOV	W1, _conversion+2
;programa27.c,70 :: 		FloatToStr(conversion, txt);
0x0C1C	0x2083AC  	MOV	#lo_addr(_txt), W12
0x0C1E	0xBE0500  	MOV.D	W0, W10
0x0C20	0x07FE0C  	RCALL	_FloatToStr
;programa27.c,72 :: 		Lcd_Cmd(_LCD_CLEAR);
0x0C22	0xB3C01A  	MOV.B	#1, W10
0x0C24	0x07FDA7  	RCALL	_Lcd_Cmd
;programa27.c,73 :: 		UART_Write_Text(txt);
0x0C26	0x2083AA  	MOV	#lo_addr(_txt), W10
0x0C28	0x07FC9B  	RCALL	_UART_Write_Text
;programa27.c,74 :: 		Lcd_Out(1,1,txt);
0x0C2A	0x2083AC  	MOV	#lo_addr(_txt), W12
0x0C2C	0x20001B  	MOV	#1, W11
0x0C2E	0x20001A  	MOV	#1, W10
0x0C30	0x07FDD7  	RCALL	_Lcd_Out
;programa27.c,77 :: 		}
0x0C32	0x37FFDC  	BRA	L_main6
;programa27.c,79 :: 		}
L_end_main:
0x0C34	0x78064F  	POP	W12
0x0C36	0x7805CF  	POP	W11
0x0C38	0x78054F  	POP	W10
L__main_end_loop:
0x0C3A	0x37FFFF  	BRA	L__main_end_loop
; end of _main
_Lcd_Init:
0x04F6	0xFA0000  	LNK	#0
;__Lib_Lcd.c,105 :: 		
;__Lib_Lcd.c,107 :: 		
0x04F8	0x07FFE7  	RCALL	_Delay_8ms
0x04FA	0x07FFE6  	RCALL	_Delay_8ms
;__Lib_Lcd.c,109 :: 		
0x04FC	0xA9A2C8  	BCLR	LCD_EN_Direction, BitPos(LCD_EN_Direction+0)
;__Lib_Lcd.c,110 :: 		
0x04FE	0xA982C8  	BCLR	LCD_RS_Direction, BitPos(LCD_RS_Direction+0)
;__Lib_Lcd.c,111 :: 		
0x0500	0xA902C8  	BCLR	LCD_D4_Direction, BitPos(LCD_D4_Direction+0)
;__Lib_Lcd.c,112 :: 		
0x0502	0xA922C8  	BCLR	LCD_D5_Direction, BitPos(LCD_D5_Direction+0)
;__Lib_Lcd.c,113 :: 		
0x0504	0xA942C8  	BCLR	LCD_D6_Direction, BitPos(LCD_D6_Direction+0)
;__Lib_Lcd.c,114 :: 		
0x0506	0xA962C8  	BCLR	LCD_D7_Direction, BitPos(LCD_D7_Direction+0)
;__Lib_Lcd.c,116 :: 		
0x0508	0xA9A2CC  	BCLR	LCD_EN, BitPos(LCD_EN+0)
;__Lib_Lcd.c,117 :: 		
0x050A	0xA982CC  	BCLR	LCD_RS, BitPos(LCD_RS+0)
;__Lib_Lcd.c,118 :: 		
0x050C	0xA962CC  	BCLR	LCD_D7, BitPos(LCD_D7+0)
;__Lib_Lcd.c,119 :: 		
0x050E	0xA942CC  	BCLR	LCD_D6, BitPos(LCD_D6+0)
;__Lib_Lcd.c,120 :: 		
0x0510	0xA922CC  	BCLR	LCD_D5, BitPos(LCD_D5+0)
;__Lib_Lcd.c,121 :: 		
0x0512	0xA902CC  	BCLR	LCD_D4, BitPos(LCD_D4+0)
;__Lib_Lcd.c,130 :: 		
0x0514	0xA822CC  	BSET	LCD_D5, BitPos(LCD_D5+0)
;__Lib_Lcd.c,131 :: 		
0x0516	0xA802CC  	BSET	LCD_D4, BitPos(LCD_D4+0)
;__Lib_Lcd.c,132 :: 		
0x0518	0x07FFDC  	RCALL	__Lib_Lcd_Strobe
;__Lib_Lcd.c,133 :: 		
0x051A	0x07FFCB  	RCALL	_Delay_5500us
;__Lib_Lcd.c,136 :: 		
0x051C	0x07FFDA  	RCALL	__Lib_Lcd_Strobe
;__Lib_Lcd.c,137 :: 		
0x051E	0x07FFC9  	RCALL	_Delay_5500us
;__Lib_Lcd.c,140 :: 		
0x0520	0x07FFD8  	RCALL	__Lib_Lcd_Strobe
;__Lib_Lcd.c,141 :: 		
0x0522	0x07FFC7  	RCALL	_Delay_5500us
;__Lib_Lcd.c,144 :: 		
0x0524	0xA902CC  	BCLR	LCD_D4, BitPos(LCD_D4+0)
;__Lib_Lcd.c,145 :: 		
0x0526	0x07FFD5  	RCALL	__Lib_Lcd_Strobe
;__Lib_Lcd.c,146 :: 		
0x0528	0x07FFC4  	RCALL	_Delay_5500us
;__Lib_Lcd.c,149 :: 		
0x052A	0x07FFD3  	RCALL	__Lib_Lcd_Strobe
;__Lib_Lcd.c,151 :: 		
0x052C	0xA922CC  	BCLR	LCD_D5, BitPos(LCD_D5+0)
;__Lib_Lcd.c,152 :: 		
0x052E	0xA862CC  	BSET	LCD_D7, BitPos(LCD_D7+0)
;__Lib_Lcd.c,153 :: 		
0x0530	0x07FFD0  	RCALL	__Lib_Lcd_Strobe
;__Lib_Lcd.c,154 :: 		
0x0532	0x07FFBF  	RCALL	_Delay_5500us
;__Lib_Lcd.c,157 :: 		
0x0534	0xA962CC  	BCLR	LCD_D7, BitPos(LCD_D7+0)
;__Lib_Lcd.c,158 :: 		
0x0536	0xA802CC  	BSET	LCD_D4, BitPos(LCD_D4+0)
;__Lib_Lcd.c,159 :: 		
0x0538	0x07FFCC  	RCALL	__Lib_Lcd_Strobe
;__Lib_Lcd.c,161 :: 		
0x053A	0xA902CC  	BCLR	LCD_D4, BitPos(LCD_D4+0)
;__Lib_Lcd.c,162 :: 		
0x053C	0x07FFCA  	RCALL	__Lib_Lcd_Strobe
;__Lib_Lcd.c,163 :: 		
0x053E	0x07FFB9  	RCALL	_Delay_5500us
;__Lib_Lcd.c,166 :: 		
0x0540	0x07FFC8  	RCALL	__Lib_Lcd_Strobe
;__Lib_Lcd.c,168 :: 		
0x0542	0xA802CC  	BSET	LCD_D4, BitPos(LCD_D4+0)
;__Lib_Lcd.c,169 :: 		
0x0544	0x07FFC6  	RCALL	__Lib_Lcd_Strobe
;__Lib_Lcd.c,170 :: 		
0x0546	0x07FFB5  	RCALL	_Delay_5500us
;__Lib_Lcd.c,173 :: 		
0x0548	0xA902CC  	BCLR	LCD_D4, BitPos(LCD_D4+0)
;__Lib_Lcd.c,174 :: 		
0x054A	0x07FFC3  	RCALL	__Lib_Lcd_Strobe
;__Lib_Lcd.c,176 :: 		
0x054C	0xA862CC  	BSET	LCD_D7, BitPos(LCD_D7+0)
;__Lib_Lcd.c,177 :: 		
0x054E	0xA842CC  	BSET	LCD_D6, BitPos(LCD_D6+0)
;__Lib_Lcd.c,178 :: 		
0x0550	0xA822CC  	BSET	LCD_D5, BitPos(LCD_D5+0)
;__Lib_Lcd.c,179 :: 		
0x0552	0xA802CC  	BSET	LCD_D4, BitPos(LCD_D4+0)
;__Lib_Lcd.c,180 :: 		
0x0554	0x07FFBE  	RCALL	__Lib_Lcd_Strobe
;__Lib_Lcd.c,181 :: 		
0x0556	0x07FFAD  	RCALL	_Delay_5500us
;__Lib_Lcd.c,183 :: 		
0x0558	0x208380  	MOV	#lo_addr(__Lib_Lcd_cmd_status), W0
0x055A	0xA00010  	BSET	[W0], BitPos(__Lib_Lcd_cmd_status+0)
;__Lib_Lcd.c,184 :: 		
L_end_Lcd_Init:
0x055C	0xFA8000  	ULNK
0x055E	0x060000  	RETURN
; end of _Lcd_Init
_Delay_8ms:
;__Lib_Delays.c,614 :: 		void Delay_8ms()
;__Lib_Delays.c,616 :: 		Delay_ms(8);
0x04C8	0x234157  	MOV	#13333, W7
L_Delay_8ms27:
0x04CA	0xED200E  	DEC	W7
0x04CC	0x3AFFFE  	BRA NZ	L_Delay_8ms27
0x04CE	0x000000  	NOP
;__Lib_Delays.c,617 :: 		}
L_end_Delay_8ms:
0x04D0	0x060000  	RETURN
; end of _Delay_8ms
__Lib_Lcd_Strobe:
0x04D2	0xFA0000  	LNK	#0
;__Lib_Lcd.c,26 :: 		
;__Lib_Lcd.c,27 :: 		
0x04D4	0xA8A2CC  	BSET	LCD_EN, BitPos(LCD_EN+0)
;__Lib_Lcd.c,28 :: 		
0x04D6	0x07FE94  	RCALL	_Delay_1us
;__Lib_Lcd.c,29 :: 		
0x04D8	0xA9A2CC  	BCLR	LCD_EN, BitPos(LCD_EN+0)
;__Lib_Lcd.c,30 :: 		
0x04DA	0x07FE92  	RCALL	_Delay_1us
;__Lib_Lcd.c,31 :: 		
L_end_Strobe:
0x04DC	0xFA8000  	ULNK
0x04DE	0x060000  	RETURN
; end of __Lib_Lcd_Strobe
_Delay_1us:
;__Lib_Delays.c,380 :: 		void Delay_1us()
;__Lib_Delays.c,382 :: 		Delay_us(1);
0x0200	0x000000  	NOP
0x0202	0x000000  	NOP
0x0204	0x000000  	NOP
0x0206	0x000000  	NOP
0x0208	0x000000  	NOP
;__Lib_Delays.c,383 :: 		}
L_end_Delay_1us:
0x020A	0x060000  	RETURN
; end of _Delay_1us
_Delay_5500us:
;__Lib_Delays.c,536 :: 		void Delay_5500us()
;__Lib_Delays.c,538 :: 		Delay_us(5500);
0x04B2	0x223CE7  	MOV	#9166, W7
L_Delay_5500us21:
0x04B4	0xED200E  	DEC	W7
0x04B6	0x3AFFFE  	BRA NZ	L_Delay_5500us21
0x04B8	0x000000  	NOP
0x04BA	0x000000  	NOP
;__Lib_Delays.c,539 :: 		}
L_end_Delay_5500us:
0x04BC	0x060000  	RETURN
; end of _Delay_5500us
_Lcd_Cmd:
0x0774	0xFA0000  	LNK	#0
;__Lib_Lcd.c,38 :: 		
;__Lib_Lcd.c,40 :: 		
; loc_word start address is: 2 (W1)
0x0776	0xFB808A  	ZE	W10, W1
;__Lib_Lcd.c,42 :: 		
0x0778	0xAEE002  	BTSS	W1, #7
0x077A	0xA962CC  	BCLR	LCD_D7, BitPos(LCD_D7+0)
0x077C	0xAFE002  	BTSC	W1, #7
0x077E	0xA862CC  	BSET	LCD_D7, BitPos(LCD_D7+0)
;__Lib_Lcd.c,43 :: 		
0x0780	0xAEC002  	BTSS	W1, #6
0x0782	0xA942CC  	BCLR	LCD_D6, BitPos(LCD_D6+0)
0x0784	0xAFC002  	BTSC	W1, #6
0x0786	0xA842CC  	BSET	LCD_D6, BitPos(LCD_D6+0)
;__Lib_Lcd.c,44 :: 		
0x0788	0xAEA002  	BTSS	W1, #5
0x078A	0xA922CC  	BCLR	LCD_D5, BitPos(LCD_D5+0)
0x078C	0xAFA002  	BTSC	W1, #5
0x078E	0xA822CC  	BSET	LCD_D5, BitPos(LCD_D5+0)
;__Lib_Lcd.c,45 :: 		
0x0790	0xAE8002  	BTSS	W1, #4
0x0792	0xA902CC  	BCLR	LCD_D4, BitPos(LCD_D4+0)
0x0794	0xAF8002  	BTSC	W1, #4
0x0796	0xA802CC  	BSET	LCD_D4, BitPos(LCD_D4+0)
;__Lib_Lcd.c,47 :: 		
0x0798	0x208380  	MOV	#lo_addr(__Lib_Lcd_cmd_status), W0
0x079A	0xA60010  	BTSS	[W0], BitPos(__Lib_Lcd_cmd_status+0)
0x079C	0xA882CC  	BSET	LCD_RS, BitPos(LCD_RS+0)
0x079E	0xA70010  	BTSC	[W0], BitPos(__Lib_Lcd_cmd_status+0)
0x07A0	0xA982CC  	BCLR	LCD_RS, BitPos(LCD_RS+0)
;__Lib_Lcd.c,49 :: 		
0x07A2	0x07FE97  	RCALL	__Lib_Lcd_Strobe
;__Lib_Lcd.c,51 :: 		
0x07A4	0xAE6002  	BTSS	W1, #3
0x07A6	0xA962CC  	BCLR	LCD_D7, BitPos(LCD_D7+0)
0x07A8	0xAF6002  	BTSC	W1, #3
0x07AA	0xA862CC  	BSET	LCD_D7, BitPos(LCD_D7+0)
;__Lib_Lcd.c,52 :: 		
0x07AC	0xAE4002  	BTSS	W1, #2
0x07AE	0xA942CC  	BCLR	LCD_D6, BitPos(LCD_D6+0)
0x07B0	0xAF4002  	BTSC	W1, #2
0x07B2	0xA842CC  	BSET	LCD_D6, BitPos(LCD_D6+0)
;__Lib_Lcd.c,53 :: 		
0x07B4	0xAE2002  	BTSS	W1, #1
0x07B6	0xA922CC  	BCLR	LCD_D5, BitPos(LCD_D5+0)
0x07B8	0xAF2002  	BTSC	W1, #1
0x07BA	0xA822CC  	BSET	LCD_D5, BitPos(LCD_D5+0)
;__Lib_Lcd.c,54 :: 		
0x07BC	0xAE0002  	BTSS	W1, #0
0x07BE	0xA902CC  	BCLR	LCD_D4, BitPos(LCD_D4+0)
0x07C0	0xAF0002  	BTSC	W1, #0
0x07C2	0xA802CC  	BSET	LCD_D4, BitPos(LCD_D4+0)
; loc_word end address is: 2 (W1)
;__Lib_Lcd.c,56 :: 		
0x07C4	0x208380  	MOV	#lo_addr(__Lib_Lcd_cmd_status), W0
0x07C6	0xA60010  	BTSS	[W0], BitPos(__Lib_Lcd_cmd_status+0)
0x07C8	0xA882CC  	BSET	LCD_RS, BitPos(LCD_RS+0)
0x07CA	0xA70010  	BTSC	[W0], BitPos(__Lib_Lcd_cmd_status+0)
0x07CC	0xA982CC  	BCLR	LCD_RS, BitPos(LCD_RS+0)
;__Lib_Lcd.c,58 :: 		
0x07CE	0x07FE81  	RCALL	__Lib_Lcd_Strobe
;__Lib_Lcd.c,60 :: 		
0x07D0	0x208380  	MOV	#lo_addr(__Lib_Lcd_cmd_status), W0
0x07D2	0xA60010  	BTSS	[W0], BitPos(__Lib_Lcd_cmd_status+0)
0x07D4	0x370002  	BRA	L_Lcd_Cmd0
;__Lib_Lcd.c,61 :: 		
0x07D6	0x07FE6D  	RCALL	_Delay_5500us
0x07D8	0x370001  	BRA	L_Lcd_Cmd1
L_Lcd_Cmd0:
;__Lib_Lcd.c,63 :: 		
0x07DA	0x07FE71  	RCALL	_Delay_50us
L_Lcd_Cmd1:
;__Lib_Lcd.c,64 :: 		
L_end_Lcd_Cmd:
0x07DC	0xFA8000  	ULNK
0x07DE	0x060000  	RETURN
; end of _Lcd_Cmd
_Delay_50us:
;__Lib_Delays.c,458 :: 		void Delay_50us()
;__Lib_Delays.c,460 :: 		Delay_us(50);
0x04BE	0x200537  	MOV	#83, W7
L_Delay_50us15:
0x04C0	0xED200E  	DEC	W7
0x04C2	0x3AFFFE  	BRA NZ	L_Delay_50us15
0x04C4	0x000000  	NOP
;__Lib_Delays.c,461 :: 		}
L_end_Delay_50us:
0x04C6	0x060000  	RETURN
; end of _Delay_50us
_Lcd_Out:
0x07E0	0xFA0000  	LNK	#0
;__Lib_Lcd.c,187 :: 		
;__Lib_Lcd.c,190 :: 		
0x07E2	0x781F8A  	PUSH	W10
0x07E4	0x37000A  	BRA	L_Lcd_Out11
;__Lib_Lcd.c,191 :: 		
L_Lcd_Out13:
0x07E6	0x20080A  	MOV	#128, W10
0x07E8	0x370011  	BRA	L_Lcd_Out12
;__Lib_Lcd.c,192 :: 		
L_Lcd_Out14:
0x07EA	0x200C0A  	MOV	#192, W10
0x07EC	0x37000F  	BRA	L_Lcd_Out12
;__Lib_Lcd.c,193 :: 		
L_Lcd_Out15:
0x07EE	0x20094A  	MOV	#148, W10
0x07F0	0x37000D  	BRA	L_Lcd_Out12
;__Lib_Lcd.c,194 :: 		
L_Lcd_Out16:
0x07F2	0x200D4A  	MOV	#212, W10
0x07F4	0x37000B  	BRA	L_Lcd_Out12
;__Lib_Lcd.c,195 :: 		
L_Lcd_Out17:
0x07F6	0x20080A  	MOV	#128, W10
;__Lib_Lcd.c,196 :: 		
0x07F8	0x370009  	BRA	L_Lcd_Out12
L_Lcd_Out11:
0x07FA	0xE15061  	CP	W10, #1
0x07FC	0x32FFF4  	BRA Z	L_Lcd_Out13
L__Lcd_Out32:
0x07FE	0xE15062  	CP	W10, #2
0x0800	0x32FFF4  	BRA Z	L_Lcd_Out14
L__Lcd_Out33:
0x0802	0xE15063  	CP	W10, #3
0x0804	0x32FFF4  	BRA Z	L_Lcd_Out15
L__Lcd_Out34:
0x0806	0xE15064  	CP	W10, #4
0x0808	0x32FFF4  	BRA Z	L_Lcd_Out16
L__Lcd_Out35:
0x080A	0x37FFF5  	BRA	L_Lcd_Out17
L_Lcd_Out12:
;__Lib_Lcd.c,199 :: 		
0x080C	0x558061  	SUB	W11, #1, W0
0x080E	0x450000  	ADD	W10, W0, W0
0x0810	0x780500  	MOV	W0, W10
;__Lib_Lcd.c,201 :: 		
0x0812	0x784500  	MOV.B	W0, W10
0x0814	0x07FFAF  	RCALL	_Lcd_Cmd
;__Lib_Lcd.c,202 :: 		
0x0816	0x208380  	MOV	#lo_addr(__Lib_Lcd_cmd_status), W0
0x0818	0xA10010  	BCLR	[W0], BitPos(__Lib_Lcd_cmd_status+0)
;__Lib_Lcd.c,203 :: 		
; i start address is: 4 (W2)
0x081A	0xEF2004  	CLR	W2
; i end address is: 4 (W2)
;__Lib_Lcd.c,204 :: 		
L_Lcd_Out18:
; i start address is: 4 (W2)
0x081C	0x460002  	ADD	W12, W2, W0
0x081E	0xE00410  	CP0.B	[W0]
0x0820	0x320007  	BRA Z	L_Lcd_Out19
L__Lcd_Out36:
;__Lib_Lcd.c,205 :: 		
0x0822	0x460002  	ADD	W12, W2, W0
0x0824	0x781F8A  	PUSH	W10
0x0826	0x784510  	MOV.B	[W0], W10
0x0828	0x07FE5B  	RCALL	_Lcd_Chr_CP
0x082A	0x78054F  	POP	W10
0x082C	0xEC2004  	INC	W2
; i end address is: 4 (W2)
0x082E	0x37FFF6  	BRA	L_Lcd_Out18
L_Lcd_Out19:
;__Lib_Lcd.c,206 :: 		
0x0830	0x208380  	MOV	#lo_addr(__Lib_Lcd_cmd_status), W0
0x0832	0xA00010  	BSET	[W0], BitPos(__Lib_Lcd_cmd_status+0)
;__Lib_Lcd.c,207 :: 		
L_end_Lcd_Out:
0x0834	0x78054F  	POP	W10
0x0836	0xFA8000  	ULNK
0x0838	0x060000  	RETURN
; end of _Lcd_Out
_Lcd_Chr_CP:
0x04E0	0xFA0000  	LNK	#0
;__Lib_Lcd.c,67 :: 		
;__Lib_Lcd.c,69 :: 		
0x04E2	0x208380  	MOV	#lo_addr(__Lib_Lcd_cmd_status), W0
0x04E4	0xA10010  	BCLR	[W0], BitPos(__Lib_Lcd_cmd_status+0)
;__Lib_Lcd.c,70 :: 		
0x04E6	0x070146  	RCALL	_Lcd_Cmd
;__Lib_Lcd.c,71 :: 		
0x04E8	0x208380  	MOV	#lo_addr(__Lib_Lcd_cmd_status), W0
0x04EA	0xA00010  	BSET	[W0], BitPos(__Lib_Lcd_cmd_status+0)
;__Lib_Lcd.c,72 :: 		
L_end_Lcd_Chr_CP:
0x04EC	0xFA8000  	ULNK
0x04EE	0x060000  	RETURN
; end of _Lcd_Chr_CP
_UART1_Init:
0x0A68	0xFA0008  	LNK	#8
;__Lib_UART_1_p24_p33.c,118 :: 		
;__Lib_UART_1_p24_p33.c,121 :: 		
0x0A6A	0x2027E0  	MOV	#lo_addr(_UART1_Write), W0
0x0A6C	0x884250  	MOV	W0, _UART_Wr_Ptr
;__Lib_UART_1_p24_p33.c,122 :: 		
0x0A6E	0x2FFFF0  	MOV	#lo_addr(_UART1_Read), W0
0x0A70	0x884240  	MOV	W0, _UART_Rd_Ptr
;__Lib_UART_1_p24_p33.c,123 :: 		
0x0A72	0x2FFFF0  	MOV	#lo_addr(_UART1_Data_Ready), W0
0x0A74	0x884230  	MOV	W0, _UART_Rdy_Ptr
;__Lib_UART_1_p24_p33.c,124 :: 		
0x0A76	0x2FFFF0  	MOV	#lo_addr(_UART1_Tx_Idle), W0
0x0A78	0x884220  	MOV	W0, _UART_Tx_Idle_Ptr
;__Lib_UART_1_p24_p33.c,129 :: 		
0x0A7A	0xEF2220  	CLR	U1MODE
;__Lib_UART_1_p24_p33.c,130 :: 		
0x0A7C	0x280000  	MOV	#32768, W0
0x0A7E	0xB7A222  	MOV	WREG, U1STA
;__Lib_UART_1_p24_p33.c,134 :: 		
0x0A80	0xA96220  	BCLR	U1MODE, #3
;__Lib_UART_1_p24_p33.c,135 :: 		
0x0A82	0x07FD36  	RCALL	_Get_Fosc_kHz
; tmp start address is: 4 (W2)
0x0A84	0xBE0100  	MOV.D	W0, W2
;__Lib_UART_1_p24_p33.c,137 :: 		
0x0A86	0x203E80  	MOV	#1000, W0
0x0A88	0x200001  	MOV	#0, W1
0x0A8A	0x07FC5D  	RCALL	__Multiply_32x32
0x0A8C	0xBE0100  	MOV.D	W0, W2
;__Lib_UART_1_p24_p33.c,139 :: 		
0x0A8E	0x07FD0F  	RCALL	_Get_Fosc_Per_Cyc
0x0A90	0xDE0041  	LSR	W0, #1, W0
0x0A92	0x400064  	ADD	W0, #4, W0
0x0A94	0x780080  	MOV	W0, W1
0x0A96	0x470060  	ADD	W14, #0, W0
0x0A98	0xBE880A  	MOV.D	W10, [W0]
L__UART1_Init54:
0x0A9A	0xE90081  	DEC	W1, W1
0x0A9C	0x350003  	BRA LT	L__UART1_Init55
0x0A9E	0xD01810  	SL	[W0], [W0++]
0x0AA0	0xD29010  	RLC	[W0], [W0--]
0x0AA2	0x37FFFB  	BRA	L__UART1_Init54
L__UART1_Init55:
;__Lib_UART_1_p24_p33.c,141 :: 		
0x0AA4	0xBE9F82  	PUSH.D	W2
0x0AA6	0xBE9F8A  	PUSH.D	W10
0x0AA8	0xBE0002  	MOV.D	W2, W0
0x0AAA	0x90010E  	MOV	[W14+0], W2
0x0AAC	0x90019E  	MOV	[W14+2], W3
0x0AAE	0xEB0200  	CLR	W4
0x0AB0	0x07FC16  	RCALL	__Modulus_32x32
0x0AB2	0xBE054F  	POP.D	W10
0x0AB4	0xBE014F  	POP.D	W2
0x0AB6	0x980720  	MOV	W0, [W14+4]
0x0AB8	0x980731  	MOV	W1, [W14+6]
;__Lib_UART_1_p24_p33.c,142 :: 		
0x0ABA	0xBE9F8A  	PUSH.D	W10
; tmp end address is: 4 (W2)
0x0ABC	0xBE0002  	MOV.D	W2, W0
0x0ABE	0x90010E  	MOV	[W14+0], W2
0x0AC0	0x90019E  	MOV	[W14+2], W3
0x0AC2	0xEB0200  	CLR	W4
0x0AC4	0x07FBE3  	RCALL	__Divide_32x32
0x0AC6	0xBE054F  	POP.D	W10
; tmp start address is: 6 (W3)
0x0AC8	0x780180  	MOV	W0, W3
0x0ACA	0x780201  	MOV	W1, W4
;__Lib_UART_1_p24_p33.c,144 :: 		
0x0ACC	0x470060  	ADD	W14, #0, W0
0x0ACE	0xD10150  	LSR	[++W0], W2
0x0AD0	0xD380C0  	RRC	[--W0], W1
0x0AD2	0x470064  	ADD	W14, #4, W0
0x0AD4	0xE10830  	CP	W1, [W0++]
0x0AD6	0xE19020  	CPB	W2, [W0--]
0x0AD8	0x310007  	BRA GEU	L__UART1_Init37
L__UART1_Init56:
;__Lib_UART_1_p24_p33.c,145 :: 		
0x0ADA	0x418061  	ADD	W3, #1, W0
0x0ADC	0x4A00E0  	ADDC	W4, #0, W1
; tmp end address is: 6 (W3)
; tmp start address is: 10 (W5)
0x0ADE	0x780280  	MOV	W0, W5
0x0AE0	0x780301  	MOV	W1, W6
; tmp end address is: 10 (W5)
0x0AE2	0x780105  	MOV	W5, W2
0x0AE4	0x780186  	MOV	W6, W3
0x0AE6	0x370002  	BRA	L_UART1_Init13
L__UART1_Init37:
;__Lib_UART_1_p24_p33.c,144 :: 		
0x0AE8	0x780103  	MOV	W3, W2
0x0AEA	0x780184  	MOV	W4, W3
;__Lib_UART_1_p24_p33.c,145 :: 		
L_UART1_Init13:
;__Lib_UART_1_p24_p33.c,148 :: 		
; tmp start address is: 4 (W2)
0x0AEC	0x718002  	IOR	W3, W2, W0
0x0AEE	0x3A0033  	BRA NZ	L__UART1_Init39
L__UART1_Init57:
; tmp end address is: 4 (W2)
;__Lib_UART_1_p24_p33.c,150 :: 		
0x0AF0	0x07FCFF  	RCALL	_Get_Fosc_kHz
; tmp start address is: 4 (W2)
0x0AF2	0xBE0100  	MOV.D	W0, W2
;__Lib_UART_1_p24_p33.c,152 :: 		
0x0AF4	0x203E80  	MOV	#1000, W0
0x0AF6	0x200001  	MOV	#0, W1
0x0AF8	0x07FC26  	RCALL	__Multiply_32x32
0x0AFA	0xBE0100  	MOV.D	W0, W2
;__Lib_UART_1_p24_p33.c,154 :: 		
0x0AFC	0x07FCD8  	RCALL	_Get_Fosc_Per_Cyc
0x0AFE	0xDE0041  	LSR	W0, #1, W0
0x0B00	0xECA000  	INC2	W0
0x0B02	0x780080  	MOV	W0, W1
0x0B04	0x470060  	ADD	W14, #0, W0
0x0B06	0xBE880A  	MOV.D	W10, [W0]
L__UART1_Init58:
0x0B08	0xE90081  	DEC	W1, W1
0x0B0A	0x350003  	BRA LT	L__UART1_Init59
0x0B0C	0xD01810  	SL	[W0], [W0++]
0x0B0E	0xD29010  	RLC	[W0], [W0--]
0x0B10	0x37FFFB  	BRA	L__UART1_Init58
L__UART1_Init59:
;__Lib_UART_1_p24_p33.c,156 :: 		
0x0B12	0xBE9F82  	PUSH.D	W2
0x0B14	0xBE0002  	MOV.D	W2, W0
0x0B16	0x90010E  	MOV	[W14+0], W2
0x0B18	0x90019E  	MOV	[W14+2], W3
0x0B1A	0xEB0200  	CLR	W4
0x0B1C	0x07FBE0  	RCALL	__Modulus_32x32
0x0B1E	0xBE014F  	POP.D	W2
0x0B20	0x980720  	MOV	W0, [W14+4]
0x0B22	0x980731  	MOV	W1, [W14+6]
;__Lib_UART_1_p24_p33.c,157 :: 		
0x0B24	0xBE0002  	MOV.D	W2, W0
0x0B26	0x90010E  	MOV	[W14+0], W2
0x0B28	0x90019E  	MOV	[W14+2], W3
0x0B2A	0xEB0200  	CLR	W4
0x0B2C	0x07FBAF  	RCALL	__Divide_32x32
; tmp end address is: 4 (W2)
; tmp start address is: 6 (W3)
0x0B2E	0x780180  	MOV	W0, W3
0x0B30	0x780201  	MOV	W1, W4
;__Lib_UART_1_p24_p33.c,159 :: 		
0x0B32	0x470060  	ADD	W14, #0, W0
0x0B34	0xD10150  	LSR	[++W0], W2
0x0B36	0xD380C0  	RRC	[--W0], W1
0x0B38	0x470064  	ADD	W14, #4, W0
0x0B3A	0xE10830  	CP	W1, [W0++]
0x0B3C	0xE19020  	CPB	W2, [W0--]
0x0B3E	0x310007  	BRA GEU	L__UART1_Init38
L__UART1_Init60:
;__Lib_UART_1_p24_p33.c,160 :: 		
0x0B40	0x418061  	ADD	W3, #1, W0
0x0B42	0x4A00E0  	ADDC	W4, #0, W1
; tmp end address is: 6 (W3)
; tmp start address is: 10 (W5)
0x0B44	0x780280  	MOV	W0, W5
0x0B46	0x780301  	MOV	W1, W6
; tmp end address is: 10 (W5)
0x0B48	0x780105  	MOV	W5, W2
0x0B4A	0x780186  	MOV	W6, W3
0x0B4C	0x370002  	BRA	L_UART1_Init15
L__UART1_Init38:
;__Lib_UART_1_p24_p33.c,159 :: 		
0x0B4E	0x780103  	MOV	W3, W2
0x0B50	0x780184  	MOV	W4, W3
;__Lib_UART_1_p24_p33.c,160 :: 		
L_UART1_Init15:
;__Lib_UART_1_p24_p33.c,162 :: 		
; tmp start address is: 4 (W2)
0x0B52	0xA86220  	BSET	U1MODE, #3
; tmp end address is: 4 (W2)
;__Lib_UART_1_p24_p33.c,163 :: 		
0x0B54	0x370000  	BRA	L_UART1_Init14
L__UART1_Init39:
;__Lib_UART_1_p24_p33.c,148 :: 		
;__Lib_UART_1_p24_p33.c,163 :: 		
L_UART1_Init14:
;__Lib_UART_1_p24_p33.c,165 :: 		
; tmp start address is: 4 (W2)
0x0B56	0x510061  	SUB	W2, #1, W0
0x0B58	0x5980E0  	SUBB	W3, #0, W1
; tmp end address is: 4 (W2)
; tmp start address is: 0 (W0)
0x0B5A	0x881140  	MOV	W0, U1BRG
; tmp end address is: 0 (W0)
;__Lib_UART_1_p24_p33.c,168 :: 		
0x0B5C	0xA92222  	BCLR	U1STA, #1
;__Lib_UART_1_p24_p33.c,170 :: 		
0x0B5E	0xA8E221  	BSET	U1MODE, #15
;__Lib_UART_1_p24_p33.c,171 :: 		
0x0B60	0xA84223  	BSET	U1STA, #10
;__Lib_UART_1_p24_p33.c,173 :: 		
0x0B62	0x07FBE9  	RCALL	_Delay_100ms
0x0B64	0x07FBE8  	RCALL	_Delay_100ms
;__Lib_UART_1_p24_p33.c,175 :: 		
L_end_UART1_Init:
0x0B66	0xFA8000  	ULNK
0x0B68	0x060000  	RETURN
; end of _UART1_Init
_Get_Fosc_kHz:
;__Lib_Delays.c,38 :: 		unsigned long Get_Fosc_kHz() {
;__Lib_Delays.c,39 :: 		return Clock_kHz();
0x04F0	0x227100  	MOV	#10000, W0
0x04F2	0x200001  	MOV	#0, W1
;__Lib_Delays.c,40 :: 		}
L_end_Get_Fosc_kHz:
0x04F4	0x060000  	RETURN
; end of _Get_Fosc_kHz
_Get_Fosc_Per_Cyc:
;__Lib_Delays.c,63 :: 		unsigned int Get_Fosc_Per_Cyc() {
;__Lib_Delays.c,64 :: 		return __FOSC_PER_CYC;
0x04AE	0x200020  	MOV	#2, W0
;__Lib_Delays.c,65 :: 		}
L_end_Get_Fosc_Per_Cyc:
0x04B0	0x060000  	RETURN
; end of _Get_Fosc_Per_Cyc
_Delay_100ms:
;__Lib_Delays.c,666 :: 		void Delay_100ms()
;__Lib_Delays.c,668 :: 		Delay_ms(100);
0x0336	0x200038  	MOV	#3, W8
0x0338	0x28B0A7  	MOV	#35594, W7
L_Delay_100ms31:
0x033A	0xED200E  	DEC	W7
0x033C	0x3AFFFE  	BRA NZ	L_Delay_100ms31
0x033E	0xED2010  	DEC	W8
0x0340	0x3AFFFC  	BRA NZ	L_Delay_100ms31
0x0342	0x000000  	NOP
;__Lib_Delays.c,669 :: 		}
L_end_Delay_100ms:
0x0344	0x060000  	RETURN
; end of _Delay_100ms
__Multiply_32x32:
0x0346	0xFA0000  	LNK	#0
;__Lib_Math.c,43 :: 		
;__Lib_Math.c,46 :: 		
0x0348	0xB80A02  	MUL.UU	W1, W2, W4
;__Lib_Math.c,47 :: 		
0x034A	0x880050  	MOV	W0, W5
;__Lib_Math.c,48 :: 		
0x034C	0xB80002  	MUL.UU	W0, W2, W0
;__Lib_Math.c,49 :: 		
0x034E	0x420081  	ADD	W4, W1, W1
;__Lib_Math.c,50 :: 		
0x0350	0xB82A03  	MUL.UU	W5, W3, W4
;__Lib_Math.c,51 :: 		
0x0352	0x420081  	ADD	W4, W1, W1
;__Lib_Math.c,54 :: 		
L_end__Multiply_32x32:
0x0354	0xFA8000  	ULNK
0x0356	0x060000  	RETURN
; end of __Multiply_32x32
__Modulus_32x32:
0x02DE	0xFA0000  	LNK	#0
;__Lib_Math.c,162 :: 		
;__Lib_Math.c,164 :: 		
0x02E0	0x070002  	RCALL	Modulus_32x32___testsus
;__Lib_Math.c,166 :: 		
0x02E2	0x000000040332  	GOTO	the_end_Modulus_32x32
;__Lib_Math.c,171 :: 		
Modulus_32x32___testsus:
;__Lib_Math.c,172 :: 		
0x02E6	0xE20008  	CP0	W4
;__Lib_Math.c,173 :: 		
0x02E8	0x3A0002  	BRA NZ	Modulus_32x32___modsi3
;__Lib_Math.c,175 :: 		
0x02EA	0x070010  	RCALL	Modulus_32x32___umodsi3
;__Lib_Math.c,176 :: 		
0x02EC	0x060000  	RETURN
;__Lib_Math.c,178 :: 		
Modulus_32x32___modsi3:
;__Lib_Math.c,179 :: 		
0x02EE	0x781F81  	MOV	W1, [W15++]
;__Lib_Math.c,180 :: 		
0x02F0	0xE20002  	CP0	W1
;__Lib_Math.c,181 :: 		
0x02F2	0x3D0002  	BRA GE	Modulus_32x32_modtestb
;__Lib_Math.c,182 :: 		
0x02F4	0x100060  	SUBR	W0, #0, W0
;__Lib_Math.c,183 :: 		
0x02F6	0x1880E0  	SUBBR	W1, #0, W1
;__Lib_Math.c,184 :: 		
Modulus_32x32_modtestb:
;__Lib_Math.c,185 :: 		
0x02F8	0xE20006  	CP0	W3
;__Lib_Math.c,186 :: 		
0x02FA	0x3D0002  	BRA GE	Modulus_32x32_calcrem
;__Lib_Math.c,187 :: 		
0x02FC	0x110160  	SUBR	W2, #0, W2
;__Lib_Math.c,188 :: 		
0x02FE	0x1981E0  	SUBBR	W3, #0, W3
;__Lib_Math.c,189 :: 		
Modulus_32x32_calcrem:
;__Lib_Math.c,190 :: 		
0x0300	0x070005  	RCALL	Modulus_32x32___umodsi3
;__Lib_Math.c,191 :: 		
0x0302	0xE0004F  	CP0	[--W15]
;__Lib_Math.c,192 :: 		
0x0304	0x3B0002  	BRA NN	Modulus_32x32_exitr
;__Lib_Math.c,193 :: 		
0x0306	0x100060  	SUBR	W0, #0, W0
;__Lib_Math.c,194 :: 		
0x0308	0x1880E0  	SUBBR	W1, #0, W1
;__Lib_Math.c,195 :: 		
Modulus_32x32_exitr:
;__Lib_Math.c,196 :: 		
0x030A	0x060000  	RETURN
;__Lib_Math.c,197 :: 		
Modulus_32x32___umodsi3:
;__Lib_Math.c,198 :: 		
0x030C	0x070002  	RCALL	Modulus_32x32___udivsi3
;__Lib_Math.c,199 :: 		
0x030E	0xBE8004  	MOV.D	W4, W0
;__Lib_Math.c,200 :: 		
0x0310	0x060000  	RETURN
;__Lib_Math.c,201 :: 		
Modulus_32x32___udivsi3:
;__Lib_Math.c,202 :: 		
0x0312	0xB82260  	MUL.UU	W4, #0, W4
;__Lib_Math.c,203 :: 		
0x0314	0x200206  	MOV	#32, W6
;__Lib_Math.c,204 :: 		
Modulus_32x32_nextbit:
;__Lib_Math.c,205 :: 		
0x0316	0xD00000  	SL	W0, W0
;__Lib_Math.c,206 :: 		
0x0318	0xD28081  	RLC	W1, W1
;__Lib_Math.c,207 :: 		
0x031A	0xD28204  	RLC	W4, W4
;__Lib_Math.c,208 :: 		
0x031C	0xD28285  	RLC	W5, W5
;__Lib_Math.c,209 :: 		
0x031E	0xA80000  	BSET	W0, #0
;__Lib_Math.c,210 :: 		
0x0320	0x520202  	SUB	W4, W2, W4
;__Lib_Math.c,211 :: 		
0x0322	0x5A8283  	SUBB	W5, W3, W5
;__Lib_Math.c,212 :: 		
0x0324	0x3B0003  	BRA NN	Modulus_32x32_iterate
;__Lib_Math.c,213 :: 		
0x0326	0x420202  	ADD	W4, W2, W4
;__Lib_Math.c,214 :: 		
0x0328	0x4A8283  	ADDC	W5, W3, W5
;__Lib_Math.c,215 :: 		
0x032A	0xA10000  	BCLR	W0, #0
;__Lib_Math.c,216 :: 		
Modulus_32x32_iterate:
;__Lib_Math.c,217 :: 		
0x032C	0xE90306  	DEC	W6, W6
;__Lib_Math.c,218 :: 		
0x032E	0x3AFFF3  	BRA NZ	Modulus_32x32_nextbit
;__Lib_Math.c,219 :: 		
0x0330	0x060000  	RETURN
;__Lib_Math.c,222 :: 		
the_end_Modulus_32x32:
;__Lib_Math.c,225 :: 		
L_end__Modulus_32x32:
0x0332	0xFA8000  	ULNK
0x0334	0x060000  	RETURN
; end of __Modulus_32x32
__Divide_32x32:
0x028C	0xFA0000  	LNK	#0
;__Lib_Math.c,78 :: 		
;__Lib_Math.c,81 :: 		
0x028E	0x070002  	RCALL	Divide_32x32___testsus
;__Lib_Math.c,83 :: 		
0x0290	0x0000000402DA  	GOTO	the_end_Divide_32x32
;__Lib_Math.c,88 :: 		
Divide_32x32___testsus:
;__Lib_Math.c,89 :: 		
0x0294	0xE20008  	CP0	W4
;__Lib_Math.c,90 :: 		
0x0296	0x3A0002  	BRA NZ	Divide_32x32___divsi3
;__Lib_Math.c,92 :: 		
0x0298	0x070010  	RCALL	Divide_32x32___udivsi3
;__Lib_Math.c,93 :: 		
0x029A	0x060000  	RETURN
;__Lib_Math.c,95 :: 		
Divide_32x32___divsi3:
;__Lib_Math.c,96 :: 		
0x029C	0x689F83  	XOR	W1, W3, [W15++]
;__Lib_Math.c,97 :: 		
0x029E	0xE20002  	CP0	W1
;__Lib_Math.c,98 :: 		
0x02A0	0x3D0002  	BRA GE	Divide_32x32_divtestb
;__Lib_Math.c,99 :: 		
0x02A2	0x100060  	SUBR	W0, #0, W0
;__Lib_Math.c,100 :: 		
0x02A4	0x1880E0  	SUBBR	W1, #0, W1
;__Lib_Math.c,101 :: 		
Divide_32x32_divtestb:
;__Lib_Math.c,102 :: 		
0x02A6	0xE20006  	CP0	W3
;__Lib_Math.c,103 :: 		
0x02A8	0x3D0002  	BRA GE	Divide_32x32_calcquot
;__Lib_Math.c,104 :: 		
0x02AA	0x110160  	SUBR	W2, #0, W2
;__Lib_Math.c,105 :: 		
0x02AC	0x1981E0  	SUBBR	W3, #0, W3
;__Lib_Math.c,106 :: 		
Divide_32x32_calcquot:
;__Lib_Math.c,107 :: 		
0x02AE	0x070005  	RCALL	Divide_32x32___udivsi3
;__Lib_Math.c,108 :: 		
0x02B0	0xE0004F  	CP0	[--W15]
;__Lib_Math.c,109 :: 		
0x02B2	0x3B0002  	BRA NN	Divide_32x32_returnq
;__Lib_Math.c,110 :: 		
0x02B4	0x100060  	SUBR	W0, #0, W0
;__Lib_Math.c,111 :: 		
0x02B6	0x1880E0  	SUBBR	W1, #0, W1
;__Lib_Math.c,112 :: 		
Divide_32x32_returnq:
;__Lib_Math.c,113 :: 		
0x02B8	0x060000  	RETURN
;__Lib_Math.c,114 :: 		
Divide_32x32___udivsi3:
;__Lib_Math.c,115 :: 		
0x02BA	0xB82260  	MUL.UU	W4, #0, W4
;__Lib_Math.c,116 :: 		
0x02BC	0x200206  	MOV	#32, W6
;__Lib_Math.c,117 :: 		
Divide_32x32_nextbit:
;__Lib_Math.c,118 :: 		
0x02BE	0xD00000  	SL	W0, W0
;__Lib_Math.c,119 :: 		
0x02C0	0xD28081  	RLC	W1, W1
;__Lib_Math.c,120 :: 		
0x02C2	0xD28204  	RLC	W4, W4
;__Lib_Math.c,121 :: 		
0x02C4	0xD28285  	RLC	W5, W5
;__Lib_Math.c,122 :: 		
0x02C6	0xA80000  	BSET	W0, #0
;__Lib_Math.c,123 :: 		
0x02C8	0x520202  	SUB	W4, W2, W4
;__Lib_Math.c,124 :: 		
0x02CA	0x5A8283  	SUBB	W5, W3, W5
;__Lib_Math.c,125 :: 		
0x02CC	0x3B0003  	BRA NN	Divide_32x32_iterate
;__Lib_Math.c,126 :: 		
0x02CE	0x420202  	ADD	W4, W2, W4
;__Lib_Math.c,127 :: 		
0x02D0	0x4A8283  	ADDC	W5, W3, W5
;__Lib_Math.c,128 :: 		
0x02D2	0xA10000  	BCLR	W0, #0
;__Lib_Math.c,129 :: 		
Divide_32x32_iterate:
;__Lib_Math.c,130 :: 		
0x02D4	0xE90306  	DEC	W6, W6
;__Lib_Math.c,131 :: 		
0x02D6	0x3AFFF3  	BRA NZ	Divide_32x32_nextbit
;__Lib_Math.c,132 :: 		
0x02D8	0x060000  	RETURN
;__Lib_Math.c,135 :: 		
the_end_Divide_32x32:
;__Lib_Math.c,138 :: 		
L_end__Divide_32x32:
0x02DA	0xFA8000  	ULNK
0x02DC	0x060000  	RETURN
; end of __Divide_32x32
_FloatToStr:
0x083A	0xFA0006  	LNK	#6
;__Lib_Conversions.c,472 :: 		
;__Lib_Conversions.c,474 :: 		
0x083C	0x781F8A  	PUSH	W10
0x083E	0x781F8B  	PUSH	W11
0x0840	0x200000  	MOV	#0, W0
0x0842	0x984740  	MOV.B	W0, [W14+4]
0x0844	0x200000  	MOV	#0, W0
0x0846	0x984750  	MOV.B	W0, [W14+5]
;__Lib_Conversions.c,476 :: 		
;__Lib_Conversions.c,479 :: 		
0x0848	0x98070A  	MOV	W10, [W14+0]
0x084A	0x98071B  	MOV	W11, [W14+2]
;__Lib_Conversions.c,480 :: 		
0x084C	0x90010E  	MOV	[W14+0], W2
0x084E	0x90019E  	MOV	[W14+2], W3
0x0850	0x2FFFF0  	MOV	#65535, W0
0x0852	0x2FFFF1  	MOV	#65535, W1
0x0854	0xE11000  	CP	W2, W0
0x0856	0xE19801  	CPB	W3, W1
0x0858	0x3A0005  	BRA NZ	L_FloatToStr76
L__FloatToStr173:
;__Lib_Conversions.c,481 :: 		
0x085A	0x2082DB  	MOV	#lo_addr(?lstr1___Lib_Conversions), W11
0x085C	0x78050C  	MOV	W12, W10
0x085E	0x07FD7C  	RCALL	_strcpy
;__Lib_Conversions.c,482 :: 		
0x0860	0xB3C030  	MOV.B	#3, W0
0x0862	0x3700FE  	BRA	L_end_FloatToStr
;__Lib_Conversions.c,483 :: 		
L_FloatToStr76:
;__Lib_Conversions.c,484 :: 		
; i start address is: 12 (W6)
0x0864	0xB3C016  	MOV.B	#1, W6
;__Lib_Conversions.c,485 :: 		
0x0866	0x470060  	ADD	W14, #0, W0
0x0868	0x400063  	ADD	W0, #3, W0
0x086A	0x784010  	MOV.B	[W0], W0
0x086C	0xAEE000  	BTSS	W0, #7
0x086E	0x37000D  	BRA	L__FloatToStr111
;__Lib_Conversions.c,486 :: 		
0x0870	0x470060  	ADD	W14, #0, W0
0x0872	0x400163  	ADD	W0, #3, W2
0x0874	0xFB8092  	ZE	[W2], W1
0x0876	0x200800  	MOV	#128, W0
0x0878	0x688000  	XOR	W1, W0, W0
0x087A	0x784900  	MOV.B	W0, [W2]
;__Lib_Conversions.c,487 :: 		
; i start address is: 2 (W1)
0x087C	0x4340E1  	ADD.B	W6, #1, W1
; i end address is: 12 (W6)
;__Lib_Conversions.c,488 :: 		
0x087E	0xB3C2D0  	MOV.B	#45, W0
0x0880	0x784E00  	MOV.B	W0, [W12]
0x0882	0x460061  	ADD	W12, #1, W0
0x0884	0x780600  	MOV	W0, W12
; i end address is: 2 (W1)
0x0886	0x784201  	MOV.B	W1, W4
;__Lib_Conversions.c,489 :: 		
0x0888	0x370001  	BRA	L_FloatToStr77
L__FloatToStr111:
;__Lib_Conversions.c,485 :: 		
0x088A	0x784206  	MOV.B	W6, W4
;__Lib_Conversions.c,489 :: 		
L_FloatToStr77:
;__Lib_Conversions.c,490 :: 		
; i start address is: 8 (W4)
0x088C	0x90000E  	MOV	[W14+0], W0
0x088E	0x90009E  	MOV	[W14+2], W1
0x0890	0xE10060  	CP	W0, #0
0x0892	0xE18860  	CPB	W1, #0
0x0894	0x3A0005  	BRA NZ	L_FloatToStr78
L__FloatToStr174:
; i end address is: 8 (W4)
;__Lib_Conversions.c,491 :: 		
0x0896	0x20835B  	MOV	#lo_addr(?lstr2___Lib_Conversions), W11
0x0898	0x78050C  	MOV	W12, W10
0x089A	0x07FD5E  	RCALL	_strcpy
;__Lib_Conversions.c,492 :: 		
0x089C	0xEF2000  	CLR	W0
0x089E	0x3700E0  	BRA	L_end_FloatToStr
;__Lib_Conversions.c,493 :: 		
L_FloatToStr78:
;__Lib_Conversions.c,494 :: 		
; i start address is: 8 (W4)
0x08A0	0x90010E  	MOV	[W14+0], W2
0x08A2	0x90019E  	MOV	[W14+2], W3
0x08A4	0x200000  	MOV	#0, W0
0x08A6	0x27F801  	MOV	#32640, W1
0x08A8	0xE11000  	CP	W2, W0
0x08AA	0xE19801  	CPB	W3, W1
0x08AC	0x3A0005  	BRA NZ	L_FloatToStr79
L__FloatToStr175:
;__Lib_Conversions.c,495 :: 		
0x08AE	0x20831B  	MOV	#lo_addr(?lstr3___Lib_Conversions), W11
0x08B0	0x78050C  	MOV	W12, W10
0x08B2	0x07FD52  	RCALL	_strcpy
;__Lib_Conversions.c,496 :: 		
0x08B4	0x784004  	MOV.B	W4, W0
; i end address is: 8 (W4)
0x08B6	0x3700D4  	BRA	L_end_FloatToStr
;__Lib_Conversions.c,497 :: 		
L_FloatToStr79:
;__Lib_Conversions.c,505 :: 		
L_FloatToStr80:
0x08B8	0x781F8C  	PUSH	W12
0x08BA	0xBE9F8A  	PUSH.D	W10
0x08BC	0x200002  	MOV	#0, W2
0x08BE	0x23F803  	MOV	#16256, W3
0x08C0	0x90000E  	MOV	[W14+0], W0
0x08C2	0x90009E  	MOV	[W14+2], W1
0x08C4	0x07FDEA  	RCALL	__Compare_Le_Fp
0x08C6	0xE00000  	CP0	W0
0x08C8	0xEF6000  	CLR.B	W0
0x08CA	0x3D0001  	BRA GE	L__FloatToStr176
0x08CC	0xEC6000  	INC.B	W0
L__FloatToStr176:
0x08CE	0xBE054F  	POP.D	W10
0x08D0	0x78064F  	POP	W12
0x08D2	0xE24000  	CP0.B	W0
0x08D4	0x32000F  	BRA Z	L_FloatToStr81
L__FloatToStr177:
;__Lib_Conversions.c,506 :: 		
0x08D6	0x781F8C  	PUSH	W12
0x08D8	0xBE9F8A  	PUSH.D	W10
0x08DA	0x90000E  	MOV	[W14+0], W0
0x08DC	0x90009E  	MOV	[W14+2], W1
0x08DE	0x200002  	MOV	#0, W2
0x08E0	0x241203  	MOV	#16672, W3
0x08E2	0x07FD4E  	RCALL	__Mul_FP
0x08E4	0xBE054F  	POP.D	W10
0x08E6	0x78064F  	POP	W12
0x08E8	0x980700  	MOV	W0, [W14+0]
0x08EA	0x980711  	MOV	W1, [W14+2]
;__Lib_Conversions.c,507 :: 		
0x08EC	0x9040DE  	MOV.B	[W14+5], W1
0x08EE	0x470065  	ADD	W14, #5, W0
0x08F0	0x50C861  	SUB.B	W1, #1, [W0]
;__Lib_Conversions.c,508 :: 		
0x08F2	0x37FFE2  	BRA	L_FloatToStr80
L_FloatToStr81:
;__Lib_Conversions.c,513 :: 		
L_FloatToStr82:
0x08F4	0x781F8C  	PUSH	W12
0x08F6	0xBE9F8A  	PUSH.D	W10
0x08F8	0x200002  	MOV	#0, W2
0x08FA	0x241203  	MOV	#16672, W3
0x08FC	0x90000E  	MOV	[W14+0], W0
0x08FE	0x90009E  	MOV	[W14+2], W1
0x0900	0x07FD3A  	RCALL	__Compare_Ge_Fp
0x0902	0xE00000  	CP0	W0
0x0904	0xEF6000  	CLR.B	W0
0x0906	0x350001  	BRA LT	L__FloatToStr178
0x0908	0xEC6000  	INC.B	W0
L__FloatToStr178:
0x090A	0xBE054F  	POP.D	W10
0x090C	0x78064F  	POP	W12
0x090E	0xE24000  	CP0.B	W0
0x0910	0x32000F  	BRA Z	L_FloatToStr83
L__FloatToStr179:
;__Lib_Conversions.c,514 :: 		
0x0912	0x781F8C  	PUSH	W12
0x0914	0xBE9F8A  	PUSH.D	W10
0x0916	0x90000E  	MOV	[W14+0], W0
0x0918	0x90009E  	MOV	[W14+2], W1
0x091A	0x2CCCD2  	MOV	#52429, W2
0x091C	0x23DCC3  	MOV	#15820, W3
0x091E	0x07FD30  	RCALL	__Mul_FP
0x0920	0xBE054F  	POP.D	W10
0x0922	0x78064F  	POP	W12
0x0924	0x980700  	MOV	W0, [W14+0]
0x0926	0x980711  	MOV	W1, [W14+2]
;__Lib_Conversions.c,515 :: 		
0x0928	0x9040DE  	MOV.B	[W14+5], W1
0x092A	0x470065  	ADD	W14, #5, W0
0x092C	0x40C861  	ADD.B	W1, #1, [W0]
;__Lib_Conversions.c,516 :: 		
0x092E	0x37FFE2  	BRA	L_FloatToStr82
L_FloatToStr83:
;__Lib_Conversions.c,521 :: 		
0x0930	0x470160  	ADD	W14, #0, W2
0x0932	0xD00032  	SL	[W2++], W0
0x0934	0xD280A2  	RLC	[W2--], W1
0x0936	0x980700  	MOV	W0, [W14+0]
0x0938	0x980711  	MOV	W1, [W14+2]
;__Lib_Conversions.c,530 :: 		
0x093A	0x470060  	ADD	W14, #0, W0
0x093C	0x400063  	ADD	W0, #3, W0
0x093E	0x784090  	MOV.B	[W0], W1
0x0940	0xB3C7F0  	MOV.B	#127, W0
; d start address is: 4 (W2)
0x0942	0x50C100  	SUB.B	W1, W0, W2
;__Lib_Conversions.c,533 :: 		
0x0944	0x470060  	ADD	W14, #0, W0
0x0946	0x4000E3  	ADD	W0, #3, W1
0x0948	0xB3C010  	MOV.B	#1, W0
0x094A	0x784880  	MOV.B	W0, [W1]
;__Lib_Conversions.c,534 :: 		
0x094C	0xFB8182  	ZE	W2, W3
; d end address is: 4 (W2)
0x094E	0x470160  	ADD	W14, #0, W2
0x0950	0xBE0012  	MOV.D	[W2], W0
L__FloatToStr180:
0x0952	0xE90183  	DEC	W3, W3
0x0954	0x350003  	BRA LT	L__FloatToStr181
0x0956	0xD00000  	SL	W0, W0
0x0958	0xD28081  	RLC	W1, W1
0x095A	0x37FFFB  	BRA	L__FloatToStr180
L__FloatToStr181:
0x095C	0x980700  	MOV	W0, [W14+0]
0x095E	0x980711  	MOV	W1, [W14+2]
;__Lib_Conversions.c,535 :: 		
0x0960	0x470060  	ADD	W14, #0, W0
0x0962	0x400063  	ADD	W0, #3, W0
0x0964	0x200301  	MOV	#48, W1
0x0966	0xFB8010  	ZE	[W0], W0
0x0968	0x408000  	ADD	W1, W0, W0
0x096A	0x784E00  	MOV.B	W0, [W12]
0x096C	0x460061  	ADD	W12, #1, W0
0x096E	0x780600  	MOV	W0, W12
;__Lib_Conversions.c,536 :: 		
0x0970	0x90405E  	MOV.B	[W14+5], W0
0x0972	0xE10461  	CP.B	W0, #1
0x0974	0x350004  	BRA LT	L__FloatToStr110
L__FloatToStr182:
0x0976	0x90405E  	MOV.B	[W14+5], W0
0x0978	0xE10466  	CP.B	W0, #6
0x097A	0x3C0001  	BRA GT	L__FloatToStr109
L__FloatToStr183:
0x097C	0x370006  	BRA	L_FloatToStr86
L__FloatToStr110:
L__FloatToStr109:
;__Lib_Conversions.c,537 :: 		
0x097E	0xB3C2E0  	MOV.B	#46, W0
0x0980	0x784E00  	MOV.B	W0, [W12]
0x0982	0x460061  	ADD	W12, #1, W0
0x0984	0x780600  	MOV	W0, W12
;__Lib_Conversions.c,538 :: 		
0x0986	0xB3C010  	MOV.B	#1, W0
0x0988	0x984740  	MOV.B	W0, [W14+4]
;__Lib_Conversions.c,539 :: 		
L_FloatToStr86:
;__Lib_Conversions.c,540 :: 		
; d start address is: 10 (W5)
0x098A	0xB3C065  	MOV.B	#6, W5
; d end address is: 10 (W5)
L_FloatToStr87:
; d start address is: 10 (W5)
0x098C	0xE12C60  	CP.B	W5, #0
0x098E	0x32002C  	BRA Z	L_FloatToStr88
L__FloatToStr184:
;__Lib_Conversions.c,541 :: 		
0x0990	0x470060  	ADD	W14, #0, W0
0x0992	0x4000E3  	ADD	W0, #3, W1
0x0994	0xEF2000  	CLR	W0
0x0996	0x784880  	MOV.B	W0, [W1]
;__Lib_Conversions.c,542 :: 		
0x0998	0x470060  	ADD	W14, #0, W0
0x099A	0xD001B0  	SL	[W0++], W3
0x099C	0xD28220  	RLC	[W0--], W4
0x099E	0xD00183  	SL	W3, W3
0x09A0	0xD28204  	RLC	W4, W4
0x09A2	0x470160  	ADD	W14, #0, W2
0x09A4	0x418032  	ADD	W3, [W2++], W0
0x09A6	0x4A00A2  	ADDC	W4, [W2--], W1
0x09A8	0x980700  	MOV	W0, [W14+0]
0x09AA	0x980711  	MOV	W1, [W14+2]
;__Lib_Conversions.c,543 :: 		
0x09AC	0x470160  	ADD	W14, #0, W2
0x09AE	0xD00032  	SL	[W2++], W0
0x09B0	0xD280A2  	RLC	[W2--], W1
0x09B2	0x980700  	MOV	W0, [W14+0]
0x09B4	0x980711  	MOV	W1, [W14+2]
;__Lib_Conversions.c,544 :: 		
0x09B6	0x470060  	ADD	W14, #0, W0
0x09B8	0x400063  	ADD	W0, #3, W0
0x09BA	0x200301  	MOV	#48, W1
0x09BC	0xFB8010  	ZE	[W0], W0
0x09BE	0x408000  	ADD	W1, W0, W0
0x09C0	0x784E00  	MOV.B	W0, [W12]
0x09C2	0x460061  	ADD	W12, #1, W0
0x09C4	0x780600  	MOV	W0, W12
;__Lib_Conversions.c,545 :: 		
0x09C6	0x90404E  	MOV.B	[W14+4], W0
0x09C8	0xE10460  	CP.B	W0, #0
0x09CA	0x3A000B  	BRA NZ	L_FloatToStr90
L__FloatToStr185:
;__Lib_Conversions.c,546 :: 		
0x09CC	0x90405E  	MOV.B	[W14+5], W0
0x09CE	0xED6000  	DEC.B	W0
0x09D0	0x984750  	MOV.B	W0, [W14+5]
0x09D2	0xE10460  	CP.B	W0, #0
0x09D4	0x3A0006  	BRA NZ	L_FloatToStr91
L__FloatToStr186:
;__Lib_Conversions.c,547 :: 		
0x09D6	0xB3C2E0  	MOV.B	#46, W0
0x09D8	0x784E00  	MOV.B	W0, [W12]
0x09DA	0x460061  	ADD	W12, #1, W0
0x09DC	0x780600  	MOV	W0, W12
;__Lib_Conversions.c,548 :: 		
0x09DE	0xB3C010  	MOV.B	#1, W0
0x09E0	0x984740  	MOV.B	W0, [W14+4]
;__Lib_Conversions.c,549 :: 		
L_FloatToStr91:
L_FloatToStr90:
;__Lib_Conversions.c,540 :: 		
; d start address is: 0 (W0)
0x09E2	0x52C061  	SUB.B	W5, #1, W0
; d end address is: 10 (W5)
;__Lib_Conversions.c,550 :: 		
0x09E4	0x784280  	MOV.B	W0, W5
; d end address is: 0 (W0)
0x09E6	0x37FFD2  	BRA	L_FloatToStr87
L_FloatToStr88:
;__Lib_Conversions.c,551 :: 		
L_FloatToStr92:
0x09E8	0x2FFFF0  	MOV	#65535, W0
0x09EA	0x460000  	ADD	W12, W0, W0
0x09EC	0x784090  	MOV.B	[W0], W1
0x09EE	0xB3C300  	MOV.B	#48, W0
0x09F0	0xE10C00  	CP.B	W1, W0
0x09F2	0x3A0003  	BRA NZ	L_FloatToStr93
L__FloatToStr187:
;__Lib_Conversions.c,552 :: 		
0x09F4	0x560061  	SUB	W12, #1, W0
0x09F6	0x780600  	MOV	W0, W12
0x09F8	0x37FFF7  	BRA	L_FloatToStr92
L_FloatToStr93:
;__Lib_Conversions.c,553 :: 		
0x09FA	0x2FFFF0  	MOV	#65535, W0
0x09FC	0x460000  	ADD	W12, W0, W0
0x09FE	0x784090  	MOV.B	[W0], W1
0x0A00	0xB3C2E0  	MOV.B	#46, W0
0x0A02	0xE10C00  	CP.B	W1, W0
0x0A04	0x3A0002  	BRA NZ	L_FloatToStr94
L__FloatToStr188:
;__Lib_Conversions.c,554 :: 		
0x0A06	0x560061  	SUB	W12, #1, W0
0x0A08	0x780600  	MOV	W0, W12
L_FloatToStr94:
;__Lib_Conversions.c,555 :: 		
0x0A0A	0x90405E  	MOV.B	[W14+5], W0
0x0A0C	0xE10460  	CP.B	W0, #0
0x0A0E	0x320025  	BRA Z	L_FloatToStr95
L__FloatToStr189:
;__Lib_Conversions.c,556 :: 		
0x0A10	0xB3C650  	MOV.B	#101, W0
0x0A12	0x784E00  	MOV.B	W0, [W12]
0x0A14	0x460061  	ADD	W12, #1, W0
0x0A16	0x780600  	MOV	W0, W12
;__Lib_Conversions.c,557 :: 		
0x0A18	0x90405E  	MOV.B	[W14+5], W0
0x0A1A	0xE10460  	CP.B	W0, #0
0x0A1C	0x3D0007  	BRA GE	L_FloatToStr96
L__FloatToStr190:
;__Lib_Conversions.c,558 :: 		
0x0A1E	0xB3C2D0  	MOV.B	#45, W0
0x0A20	0x784E00  	MOV.B	W0, [W12]
0x0A22	0x460061  	ADD	W12, #1, W0
0x0A24	0x780600  	MOV	W0, W12
;__Lib_Conversions.c,559 :: 		
0x0A26	0x9040DE  	MOV.B	[W14+5], W1
0x0A28	0x470065  	ADD	W14, #5, W0
0x0A2A	0x10C860  	SUBR.B	W1, #0, [W0]
;__Lib_Conversions.c,560 :: 		
L_FloatToStr96:
;__Lib_Conversions.c,561 :: 		
; d start address is: 6 (W3)
0x0A2C	0x9041DE  	MOV.B	[W14+5], W3
;__Lib_Conversions.c,562 :: 		
0x0A2E	0x90405E  	MOV.B	[W14+5], W0
0x0A30	0xE10469  	CP.B	W0, #9
0x0A32	0x36000A  	BRA LEU	L_FloatToStr97
L__FloatToStr191:
;__Lib_Conversions.c,563 :: 		
0x0A34	0xFB8003  	ZE	W3, W0
0x0A36	0x2000A2  	MOV	#10, W2
0x0A38	0x090011  	REPEAT	#17
0x0A3A	0xD80002  	DIV.S	W0, W2
0x0A3C	0x780080  	MOV	W0, W1
0x0A3E	0x200300  	MOV	#48, W0
0x0A40	0x400001  	ADD	W0, W1, W0
0x0A42	0x784E00  	MOV.B	W0, [W12]
0x0A44	0x460061  	ADD	W12, #1, W0
0x0A46	0x780600  	MOV	W0, W12
L_FloatToStr97:
;__Lib_Conversions.c,564 :: 		
0x0A48	0xFB8003  	ZE	W3, W0
; d end address is: 6 (W3)
0x0A4A	0x2000A2  	MOV	#10, W2
0x0A4C	0x090011  	REPEAT	#17
0x0A4E	0xD80002  	DIV.S	W0, W2
0x0A50	0x200300  	MOV	#48, W0
0x0A52	0x400001  	ADD	W0, W1, W0
0x0A54	0x784E00  	MOV.B	W0, [W12]
0x0A56	0x460061  	ADD	W12, #1, W0
0x0A58	0x780600  	MOV	W0, W12
;__Lib_Conversions.c,565 :: 		
L_FloatToStr95:
;__Lib_Conversions.c,566 :: 		
0x0A5A	0xEF2000  	CLR	W0
0x0A5C	0x784E00  	MOV.B	W0, [W12]
;__Lib_Conversions.c,567 :: 		
0x0A5E	0xEF2000  	CLR	W0
;__Lib_Conversions.c,568 :: 		
;__Lib_Conversions.c,567 :: 		
;__Lib_Conversions.c,568 :: 		
L_end_FloatToStr:
0x0A60	0x7805CF  	POP	W11
0x0A62	0x78054F  	POP	W10
0x0A64	0xFA8000  	ULNK
0x0A66	0x060000  	RETURN
; end of _FloatToStr
_strcpy:
0x0358	0xFA0000  	LNK	#0
;__Lib_CString.c,133 :: 		
;__Lib_CString.c,136 :: 		
; cp start address is: 0 (W0)
0x035A	0x78000A  	MOV	W10, W0
; cp end address is: 0 (W0)
;__Lib_CString.c,137 :: 		
L_strcpy34:
; cp start address is: 6 (W3)
; cp start address is: 0 (W0)
0x035C	0x780100  	MOV	W0, W2
; cp start address is: 6 (W3)
0x035E	0x4001E1  	ADD	W0, #1, W3
; cp end address is: 0 (W0)
; cp end address is: 6 (W3)
0x0360	0x78008B  	MOV	W11, W1
0x0362	0x458061  	ADD	W11, #1, W0
0x0364	0x780580  	MOV	W0, W11
0x0366	0x784911  	MOV.B	[W1], [W2]
0x0368	0xE00412  	CP0.B	[W2]
0x036A	0x320002  	BRA Z	L_strcpy35
L__strcpy132:
; cp end address is: 6 (W3)
;__Lib_CString.c,138 :: 		
; cp start address is: 6 (W3)
0x036C	0x780003  	MOV	W3, W0
; cp end address is: 6 (W3)
0x036E	0x37FFF6  	BRA	L_strcpy34
L_strcpy35:
;__Lib_CString.c,139 :: 		
0x0370	0x78000A  	MOV	W10, W0
;__Lib_CString.c,140 :: 		
L_end_strcpy:
0x0372	0xFA8000  	ULNK
0x0374	0x060000  	RETURN
; end of _strcpy
__Compare_Le_Fp:
0x049A	0xFA0000  	LNK	#0
;__Lib_MathDouble.c,1348 :: 		
;__Lib_MathDouble.c,1349 :: 		
0x049C	0x200014  	MOV	#1, W4
;__Lib_MathDouble.c,1350 :: 		
0x049E	0x07FEB6  	RCALL	__Compare_Fp
;__Lib_MathDouble.c,1351 :: 		
L_end__Compare_Le_Fp:
0x04A0	0xFA8000  	ULNK
0x04A2	0x060000  	RETURN
; end of __Compare_Le_Fp
__Compare_Fp:
0x020C	0xFA0000  	LNK	#0
;__Lib_MathDouble.c,1272 :: 		
;__Lib_MathDouble.c,1274 :: 		
0x020E	0x070002  	RCALL	CompareFp__fcompare
;__Lib_MathDouble.c,1275 :: 		
0x0210	0x00000004027A  	GOTO	the_end__Compare_Fp
;__Lib_MathDouble.c,1277 :: 		
CompareFp__fcompare:
;__Lib_MathDouble.c,1278 :: 		
0x0214	0x781F84  	MOV	W4, [W15++]
;__Lib_MathDouble.c,1279 :: 		
0x0216	0x070014  	RCALL	CompareFp__funpack2
;__Lib_MathDouble.c,1280 :: 		
0x0218	0x78004F  	MOV	[--W15], W0
;__Lib_MathDouble.c,1281 :: 		
0x021A	0x330011  	BRA N	CompareFp_exit
;__Lib_MathDouble.c,1282 :: 		
0x021C	0x2FFFF0  	MOV	#65535, W0
;__Lib_MathDouble.c,1283 :: 		
0x021E	0x6C8F83  	XOR	W9, W3, [W15]
;__Lib_MathDouble.c,1284 :: 		
0x0220	0x3B0006  	BRA NN	CompareFp_comparemag
;__Lib_MathDouble.c,1285 :: 		
0x0222	0x650504  	AND	W10, W4, W10
;__Lib_MathDouble.c,1286 :: 		
0x0224	0xA7000A  	BTSC	W10, #0
;__Lib_MathDouble.c,1287 :: 		
0x0226	0x370008  	BRA	CompareFp_returnEqual
;__Lib_MathDouble.c,1288 :: 		
0x0228	0xA6F009  	BTSS	W9, #15
;__Lib_MathDouble.c,1289 :: 		
0x022A	0x200010  	MOV	#1, W0
;__Lib_MathDouble.c,1290 :: 		
0x022C	0x370008  	BRA	CompareFp_exit
;__Lib_MathDouble.c,1291 :: 		
CompareFp_comparemag:
;__Lib_MathDouble.c,1292 :: 		
0x022E	0x540F82  	SUB	W8, W2, [W15]
;__Lib_MathDouble.c,1293 :: 		
0x0230	0x5C8F83  	SUBB	W9, W3, [W15]
;__Lib_MathDouble.c,1294 :: 		
0x0232	0x390003  	BRA LTU	CompareFp_adjust
;__Lib_MathDouble.c,1295 :: 		
0x0234	0x200010  	MOV	#1, W0
;__Lib_MathDouble.c,1296 :: 		
0x0236	0x3E0001  	BRA GTU	CompareFp_adjust
;__Lib_MathDouble.c,1297 :: 		
CompareFp_returnEqual:
;__Lib_MathDouble.c,1298 :: 		
0x0238	0x200000  	MOV	#0, W0
;__Lib_MathDouble.c,1299 :: 		
CompareFp_adjust:
;__Lib_MathDouble.c,1300 :: 		
0x023A	0xA7F009  	BTSC	W9, #15
;__Lib_MathDouble.c,1301 :: 		
0x023C	0xEA0000  	NEG	W0, W0
;__Lib_MathDouble.c,1302 :: 		
CompareFp_exit:
;__Lib_MathDouble.c,1303 :: 		
0x023E	0x060000  	RETURN
;__Lib_MathDouble.c,1304 :: 		
CompareFp__funpack2:
;__Lib_MathDouble.c,1305 :: 		
0x0240	0xBE8400  	MOV.D	W0, W8
;__Lib_MathDouble.c,1306 :: 		
0x0242	0x070006  	RCALL	CompareFp__funpack
;__Lib_MathDouble.c,1307 :: 		
0x0244	0xBE8300  	MOV.D	W0, W6
;__Lib_MathDouble.c,1308 :: 		
0x0246	0xBE8504  	MOV.D	W4, W10
;__Lib_MathDouble.c,1309 :: 		
0x0248	0xBE8002  	MOV.D	W2, W0
;__Lib_MathDouble.c,1310 :: 		
0x024A	0x070002  	RCALL	CompareFp__funpack
;__Lib_MathDouble.c,1311 :: 		
0x024C	0x754F84  	IOR.B	W10, W4, [W15]
;__Lib_MathDouble.c,1312 :: 		
0x024E	0x060000  	RETURN
;__Lib_MathDouble.c,1313 :: 		
CompareFp__funpack:
;__Lib_MathDouble.c,1314 :: 		
0x0250	0xDE0AC7  	LSR	W1, #7, W5
;__Lib_MathDouble.c,1315 :: 		
0x0252	0xB207F1  	AND	#127, W1
;__Lib_MathDouble.c,1316 :: 		
0x0254	0xB20FF5  	AND	#255, W5
;__Lib_MathDouble.c,1317 :: 		
0x0256	0x320008  	BRA Z	CompareFp_zeroorsub
;__Lib_MathDouble.c,1318 :: 		
0x0258	0x42CFE1  	ADD.B	W5, #1, [W15]
;__Lib_MathDouble.c,1319 :: 		
0x025A	0x320002  	BRA Z	CompareFp_nanorinf
;__Lib_MathDouble.c,1320 :: 		
CompareFp_finitereturn:
;__Lib_MathDouble.c,1321 :: 		
0x025C	0xA8E002  	BSET	W1, #7
;__Lib_MathDouble.c,1322 :: 		
0x025E	0x050024  	RETLW	#2, W4
;__Lib_MathDouble.c,1323 :: 		
CompareFp_nanorinf:
;__Lib_MathDouble.c,1324 :: 		
0x0260	0x700F81  	IOR	W0, W1, [W15]
;__Lib_MathDouble.c,1325 :: 		
0x0262	0x320001  	BRA Z	CompareFp_infinite
;__Lib_MathDouble.c,1326 :: 		
0x0264	0x050804  	RETLW	#128, W4
;__Lib_MathDouble.c,1327 :: 		
CompareFp_infinite:
;__Lib_MathDouble.c,1328 :: 		
0x0266	0x050044  	RETLW	#4, W4
;__Lib_MathDouble.c,1329 :: 		
CompareFp_zeroorsub:
;__Lib_MathDouble.c,1330 :: 		
0x0268	0x700F81  	IOR	W0, W1, [W15]
;__Lib_MathDouble.c,1331 :: 		
0x026A	0x3A0002  	BRA NZ	CompareFp_subnormal
;__Lib_MathDouble.c,1332 :: 		
0x026C	0x050014  	RETLW	#1, W4
;__Lib_MathDouble.c,1333 :: 		
CompareFp_normalize:
;__Lib_MathDouble.c,1334 :: 		
0x026E	0xE90285  	DEC	W5, W5
;__Lib_MathDouble.c,1335 :: 		
CompareFp_subnormal:
;__Lib_MathDouble.c,1336 :: 		
0x0270	0x400000  	ADD	W0, W0, W0
;__Lib_MathDouble.c,1337 :: 		
0x0272	0x48C081  	ADDC.B	W1, W1, W1
;__Lib_MathDouble.c,1338 :: 		
0x0274	0x3BFFFC  	BRA NN	CompareFp_normalize
;__Lib_MathDouble.c,1339 :: 		
0x0276	0xA8E002  	BSET	W1, #7
;__Lib_MathDouble.c,1340 :: 		
0x0278	0x050024  	RETLW	#2, W4
;__Lib_MathDouble.c,1343 :: 		
the_end__Compare_Fp:
;__Lib_MathDouble.c,1345 :: 		
L_end__Compare_Fp:
0x027A	0xFA8000  	ULNK
0x027C	0x060000  	RETURN
; end of __Compare_Fp
__Compare_Ge_Fp:
0x0376	0xFA0000  	LNK	#0
;__Lib_MathDouble.c,1354 :: 		
;__Lib_MathDouble.c,1355 :: 		
0x0378	0x2FFFF4  	MOV	#65535, W4
;__Lib_MathDouble.c,1356 :: 		
0x037A	0x07FF48  	RCALL	__Compare_Fp
;__Lib_MathDouble.c,1357 :: 		
L_end__Compare_Ge_Fp:
0x037C	0xFA8000  	ULNK
0x037E	0x060000  	RETURN
; end of __Compare_Ge_Fp
__Mul_FP:
0x0380	0xFA0000  	LNK	#0
;__Lib_MathDouble.c,855 :: 		
;__Lib_MathDouble.c,857 :: 		
0x0382	0x070002  	RCALL	MulFP___mulsf3
;__Lib_MathDouble.c,858 :: 		
0x0384	0x000000040496  	GOTO	the_end__Mul_FP
;__Lib_MathDouble.c,861 :: 		
MulFP___mulsf3:
;__Lib_MathDouble.c,862 :: 		
0x0388	0xBE9F88  	MOV.D	W8, [W15++]
;__Lib_MathDouble.c,863 :: 		
0x038A	0xBE9F8A  	MOV.D	W10, [W15++]
;__Lib_MathDouble.c,864 :: 		
0x038C	0x781F8C  	MOV	W12, [W15++]
;__Lib_MathDouble.c,865 :: 		
0x038E	0x070030  	RCALL	MulFP__funpack2
;__Lib_MathDouble.c,866 :: 		
0x0390	0x330037  	BRA N	MulFP__fPropagateNaN
;__Lib_MathDouble.c,867 :: 		
0x0392	0x6C8603  	XOR	W9, W3, W12
;__Lib_MathDouble.c,868 :: 		
0x0394	0xE15064  	CP	W10, #4
;__Lib_MathDouble.c,869 :: 		
0x0396	0x320024  	BRA Z	MulFP_aisinfinite
;__Lib_MathDouble.c,870 :: 		
0x0398	0xE12064  	CP	W4, #4
;__Lib_MathDouble.c,871 :: 		
0x039A	0x320027  	BRA Z	MulFP_bisinfinite
;__Lib_MathDouble.c,872 :: 		
0x039C	0xE15061  	CP	W10, #1
;__Lib_MathDouble.c,873 :: 		
0x039E	0x320022  	BRA Z	MulFP_return8_1
;__Lib_MathDouble.c,874 :: 		
0x03A0	0xE12061  	CP	W4, #1
;__Lib_MathDouble.c,875 :: 		
0x03A2	0x320021  	BRA Z	MulFP_return2_1
;__Lib_MathDouble.c,876 :: 		
0x03A4	0x42858B  	ADD	W5, W11, W11
;__Lib_MathDouble.c,877 :: 		
0x03A6	0xB107EB  	SUB	#126, W11
;__Lib_MathDouble.c,878 :: 		
0x03A8	0xB83401  	MUL.UU	W6, W1, W8
;__Lib_MathDouble.c,879 :: 		
0x03AA	0xB83A00  	MUL.UU	W7, W0, W4
;__Lib_MathDouble.c,880 :: 		
0x03AC	0x420408  	ADD	W4, W8, W8
;__Lib_MathDouble.c,881 :: 		
0x03AE	0x4A8489  	ADDC	W5, W9, W9
;__Lib_MathDouble.c,882 :: 		
0x03B0	0xB83A01  	MUL.UU	W7, W1, W4
;__Lib_MathDouble.c,883 :: 		
0x03B2	0xB83000  	MUL.UU	W6, W0, W0
;__Lib_MathDouble.c,884 :: 		
0x03B4	0x408088  	ADD	W1, W8, W1
;__Lib_MathDouble.c,885 :: 		
0x03B6	0x4A0109  	ADDC	W4, W9, W2
;__Lib_MathDouble.c,886 :: 		
0x03B8	0x330004  	BRA N	MulFP_formsticky
;__Lib_MathDouble.c,887 :: 		
0x03BA	0x400000  	ADD	W0, W0, W0
;__Lib_MathDouble.c,888 :: 		
0x03BC	0x488081  	ADDC	W1, W1, W1
;__Lib_MathDouble.c,889 :: 		
0x03BE	0x490102  	ADDC	W2, W2, W2
;__Lib_MathDouble.c,890 :: 		
0x03C0	0xE9058B  	DEC	W11, W11
;__Lib_MathDouble.c,891 :: 		
MulFP_formsticky:
;__Lib_MathDouble.c,892 :: 		
0x03C2	0xDD09C9  	SL	W1, #9, W3
;__Lib_MathDouble.c,893 :: 		
0x03C4	0x700183  	IOR	W0, W3, W3
;__Lib_MathDouble.c,894 :: 		
0x03C6	0x320001  	BRA Z	MulFP_formRandSig
;__Lib_MathDouble.c,895 :: 		
0x03C8	0x200013  	MOV	#1, W3
;__Lib_MathDouble.c,896 :: 		
MulFP_formRandSig:
;__Lib_MathDouble.c,897 :: 		
0x03CA	0xDE14C8  	LSR	W2, #8, W9
;__Lib_MathDouble.c,898 :: 		
0x03CC	0xDD1448  	SL	W2, #8, W8
;__Lib_MathDouble.c,899 :: 		
0x03CE	0xDE0947  	LSR	W1, #7, W2
;__Lib_MathDouble.c,900 :: 		
0x03D0	0xB20012  	AND	#1, W2
;__Lib_MathDouble.c,901 :: 		
0x03D2	0xDE08C8  	LSR	W1, #8, W1
;__Lib_MathDouble.c,902 :: 		
0x03D4	0x708408  	IOR	W1, W8, W8
;__Lib_MathDouble.c,903 :: 		
0x03D6	0x070024  	RCALL	MulFP__fpack
;__Lib_MathDouble.c,904 :: 		
MulFP_return0_1:
;__Lib_MathDouble.c,905 :: 		
0x03D8	0xA1F001  	BCLR	W1, #15
;__Lib_MathDouble.c,906 :: 		
0x03DA	0xA7F00C  	BTSC	W12, #15
;__Lib_MathDouble.c,907 :: 		
0x03DC	0xA8E003  	BSET	W1, #15
;__Lib_MathDouble.c,908 :: 		
0x03DE	0x370019  	BRA	MulFP__fbopExit
;__Lib_MathDouble.c,909 :: 		
MulFP_aisinfinite:
;__Lib_MathDouble.c,910 :: 		
0x03E0	0xE12061  	CP	W4, #1
;__Lib_MathDouble.c,911 :: 		
0x03E2	0x32001B  	BRA Z	MulFP__fbopReturnNaN
;__Lib_MathDouble.c,912 :: 		
MulFP_return8_1:
;__Lib_MathDouble.c,913 :: 		
0x03E4	0xBE8108  	MOV.D	W8, W2
;__Lib_MathDouble.c,914 :: 		
MulFP_return2_1:
;__Lib_MathDouble.c,915 :: 		
0x03E6	0xBE8002  	MOV.D	W2, W0
;__Lib_MathDouble.c,916 :: 		
0x03E8	0x37FFF7  	BRA	MulFP_return0_1
;__Lib_MathDouble.c,917 :: 		
MulFP_bisinfinite:
;__Lib_MathDouble.c,918 :: 		
0x03EA	0xE15061  	CP	W10, #1
;__Lib_MathDouble.c,919 :: 		
0x03EC	0x3AFFFC  	BRA NZ	MulFP_return2_1
;__Lib_MathDouble.c,920 :: 		
0x03EE	0x370015  	BRA	MulFP__fbopReturnNaN
;__Lib_MathDouble.c,921 :: 		
MulFP__funpack2:
;__Lib_MathDouble.c,922 :: 		
0x03F0	0xBE8400  	MOV.D	W0, W8
;__Lib_MathDouble.c,923 :: 		
0x03F2	0x07003C  	RCALL	MulFP__funpack
;__Lib_MathDouble.c,924 :: 		
0x03F4	0xBE8300  	MOV.D	W0, W6
;__Lib_MathDouble.c,925 :: 		
0x03F6	0xBE8504  	MOV.D	W4, W10
;__Lib_MathDouble.c,926 :: 		
0x03F8	0xBE8002  	MOV.D	W2, W0
;__Lib_MathDouble.c,927 :: 		
0x03FA	0x070038  	RCALL	MulFP__funpack
;__Lib_MathDouble.c,928 :: 		
0x03FC	0x754F84  	IOR.B	W10, W4, [W15]
;__Lib_MathDouble.c,929 :: 		
0x03FE	0x060000  	RETURN
;__Lib_MathDouble.c,930 :: 		
MulFP__fPropagateNaN:
;__Lib_MathDouble.c,931 :: 		
0x0400	0xBE8002  	MOV.D	W2, W0
;__Lib_MathDouble.c,932 :: 		
0x0402	0xE15064  	CP	W10, #4
;__Lib_MathDouble.c,933 :: 		
0x0404	0x360005  	BRA LEU	MulFP_return0_2
;__Lib_MathDouble.c,934 :: 		
0x0406	0xE12064  	CP	W4, #4
;__Lib_MathDouble.c,935 :: 		
0x0408	0x360002  	BRA LEU	MulFP_return8_2
;__Lib_MathDouble.c,936 :: 		
0x040A	0xA36809  	BTST.Z	W9, #6
;__Lib_MathDouble.c,937 :: 		
0x040C	0x3A0001  	BRA NZ	MulFP_return0_2
;__Lib_MathDouble.c,938 :: 		
MulFP_return8_2:
;__Lib_MathDouble.c,939 :: 		
0x040E	0xBE8008  	MOV.D	W8, W0
;__Lib_MathDouble.c,940 :: 		
MulFP_return0_2:
;__Lib_MathDouble.c,941 :: 		
0x0410	0xA8C002  	BSET	W1, #6
;__Lib_MathDouble.c,942 :: 		
MulFP__fbopExit:
;__Lib_MathDouble.c,943 :: 		
0x0412	0x78064F  	MOV	[--W15], W12
;__Lib_MathDouble.c,944 :: 		
0x0414	0xBE054F  	MOV.D	[--W15], W10
;__Lib_MathDouble.c,945 :: 		
0x0416	0xBE044F  	MOV.D	[--W15], W8
;__Lib_MathDouble.c,946 :: 		
0x0418	0x060000  	RETURN
;__Lib_MathDouble.c,947 :: 		
MulFP__fbopReturnNaN:
;__Lib_MathDouble.c,948 :: 		
0x041A	0x2FFFF0  	MOV	#65535, W0
;__Lib_MathDouble.c,949 :: 		
0x041C	0x27FFF1  	MOV	#32767, W1
;__Lib_MathDouble.c,950 :: 		
0x041E	0x37FFF9  	BRA	MulFP__fbopExit
;__Lib_MathDouble.c,951 :: 		
MulFP__fpack:
;__Lib_MathDouble.c,952 :: 		
0x0420	0x200081  	MOV	#8, W1
;__Lib_MathDouble.c,953 :: 		
0x0422	0x558061  	SUB	W11, #1, W0
;__Lib_MathDouble.c,954 :: 		
0x0424	0x3D000B  	BRA GE	MulFP_notsubnormal
;__Lib_MathDouble.c,955 :: 		
0x0426	0x20000B  	MOV	#0, W11
;__Lib_MathDouble.c,956 :: 		
0x0428	0x2FFE61  	MOV	#65510, W1
;__Lib_MathDouble.c,957 :: 		
0x042A	0xE10001  	CP	W0, W1
;__Lib_MathDouble.c,958 :: 		
0x042C	0x34001D  	BRA LE	MulFP_zerosig
;__Lib_MathDouble.c,959 :: 		
MulFP_subnormal1:
;__Lib_MathDouble.c,960 :: 		
0x042E	0x718182  	IOR	W3, W2, W3
;__Lib_MathDouble.c,961 :: 		
0x0430	0x640161  	AND	W8, #1, W2
;__Lib_MathDouble.c,962 :: 		
0x0432	0xD10489  	LSR	W9, W9
;__Lib_MathDouble.c,963 :: 		
0x0434	0xD38408  	RRC	W8, W8
;__Lib_MathDouble.c,964 :: 		
0x0436	0xE80000  	INC	W0, W0
;__Lib_MathDouble.c,965 :: 		
0x0438	0x3AFFFA  	BRA NZ	MulFP_subnormal1
;__Lib_MathDouble.c,966 :: 		
0x043A	0x200071  	MOV	#7, W1
;__Lib_MathDouble.c,967 :: 		
MulFP_notsubnormal:
;__Lib_MathDouble.c,968 :: 		
0x043C	0x640061  	AND	W8, #1, W0
;__Lib_MathDouble.c,969 :: 		
0x043E	0x700003  	IOR	W0, W3, W0
;__Lib_MathDouble.c,970 :: 		
0x0440	0x600002  	AND	W0, W2, W0
;__Lib_MathDouble.c,971 :: 		
0x0442	0x320009  	BRA Z	MulFP_packupandgo
;__Lib_MathDouble.c,972 :: 		
0x0444	0x440461  	ADD	W8, #1, W8
;__Lib_MathDouble.c,973 :: 		
0x0446	0x4C84E0  	ADDC	W9, #0, W9
;__Lib_MathDouble.c,974 :: 		
0x0448	0xA58809  	BTST.Z	W9, W1
;__Lib_MathDouble.c,975 :: 		
0x044A	0x320005  	BRA Z	MulFP_packupandgo
;__Lib_MathDouble.c,976 :: 		
0x044C	0xE8058B  	INC	W11, W11
;__Lib_MathDouble.c,977 :: 		
0x044E	0xE10868  	CP	W1, #8
;__Lib_MathDouble.c,978 :: 		
0x0450	0x3A0002  	BRA NZ	MulFP_packupandgo
;__Lib_MathDouble.c,979 :: 		
0x0452	0xD10489  	LSR	W9, W9
;__Lib_MathDouble.c,980 :: 		
0x0454	0xD38408  	RRC	W8, W8
;__Lib_MathDouble.c,981 :: 		
MulFP_packupandgo:
;__Lib_MathDouble.c,982 :: 		
0x0456	0x200FF2  	MOV	#255, W2
;__Lib_MathDouble.c,983 :: 		
0x0458	0xE15802  	CP	W11, W2
;__Lib_MathDouble.c,984 :: 		
0x045A	0x3D0005  	BRA GE	MulFP_overflow
;__Lib_MathDouble.c,985 :: 		
0x045C	0xDD5DC7  	SL	W11, #7, W11
;__Lib_MathDouble.c,986 :: 		
0x045E	0xB207F9  	AND	#127, W9
;__Lib_MathDouble.c,987 :: 		
0x0460	0x758089  	IOR	W11, W9, W1
;__Lib_MathDouble.c,988 :: 		
0x0462	0x880008  	MOV	W8, W0
;__Lib_MathDouble.c,989 :: 		
0x0464	0x060000  	RETURN
;__Lib_MathDouble.c,990 :: 		
MulFP_overflow:
;__Lib_MathDouble.c,991 :: 		
0x0466	0x27F80B  	MOV	#32640, W11
;__Lib_MathDouble.c,992 :: 		
MulFP_zerosig:
;__Lib_MathDouble.c,993 :: 		
0x0468	0x88001B  	MOV	W11, W1
;__Lib_MathDouble.c,994 :: 		
0x046A	0x050000  	RETLW	#0, W0
;__Lib_MathDouble.c,995 :: 		
MulFP__funpack:
;__Lib_MathDouble.c,996 :: 		
0x046C	0xDE0AC7  	LSR	W1, #7, W5
;__Lib_MathDouble.c,997 :: 		
0x046E	0xB207F1  	AND	#127, W1
;__Lib_MathDouble.c,998 :: 		
0x0470	0xB20FF5  	AND	#255, W5
;__Lib_MathDouble.c,999 :: 		
0x0472	0x320008  	BRA Z	MulFP_zeroorsub
;__Lib_MathDouble.c,1000 :: 		
0x0474	0x42CFE1  	ADD.B	W5, #1, [W15]
;__Lib_MathDouble.c,1001 :: 		
0x0476	0x320002  	BRA Z	MulFP_nanorinf
;__Lib_MathDouble.c,1002 :: 		
MulFP_finitereturn:
;__Lib_MathDouble.c,1003 :: 		
0x0478	0xA8E002  	BSET	W1, #7
;__Lib_MathDouble.c,1004 :: 		
0x047A	0x050024  	RETLW	#2, W4
;__Lib_MathDouble.c,1005 :: 		
MulFP_nanorinf:
;__Lib_MathDouble.c,1006 :: 		
0x047C	0x700F81  	IOR	W0, W1, [W15]
;__Lib_MathDouble.c,1007 :: 		
0x047E	0x320001  	BRA Z	MulFP_infinite
;__Lib_MathDouble.c,1008 :: 		
0x0480	0x050804  	RETLW	#128, W4
;__Lib_MathDouble.c,1009 :: 		
MulFP_infinite:
;__Lib_MathDouble.c,1010 :: 		
0x0482	0x050044  	RETLW	#4, W4
;__Lib_MathDouble.c,1011 :: 		
MulFP_zeroorsub:
;__Lib_MathDouble.c,1012 :: 		
0x0484	0x700F81  	IOR	W0, W1, [W15]
;__Lib_MathDouble.c,1013 :: 		
0x0486	0x3A0002  	BRA NZ	MulFP_subnormal2
;__Lib_MathDouble.c,1014 :: 		
0x0488	0x050014  	RETLW	#1, W4
;__Lib_MathDouble.c,1015 :: 		
MulFP_normalize:
;__Lib_MathDouble.c,1016 :: 		
0x048A	0xE90285  	DEC	W5, W5
;__Lib_MathDouble.c,1017 :: 		
MulFP_subnormal2:
;__Lib_MathDouble.c,1018 :: 		
0x048C	0x400000  	ADD	W0, W0, W0
;__Lib_MathDouble.c,1019 :: 		
0x048E	0x48C081  	ADDC.B	W1, W1, W1
;__Lib_MathDouble.c,1020 :: 		
0x0490	0x3BFFFC  	BRA NN	MulFP_normalize
;__Lib_MathDouble.c,1021 :: 		
0x0492	0xA8E002  	BSET	W1, #7
;__Lib_MathDouble.c,1022 :: 		
0x0494	0x050024  	RETLW	#2, W4
;__Lib_MathDouble.c,1025 :: 		
the_end__Mul_FP:
;__Lib_MathDouble.c,1028 :: 		
L_end__Mul_FP:
0x0496	0xFA8000  	ULNK
0x0498	0x060000  	RETURN
; end of __Mul_FP
_UART_Write_Text:
0x0560	0xFA0002  	LNK	#2
;__Lib_UART_1_p24_p33.c,289 :: 		
;__Lib_UART_1_p24_p33.c,290 :: 		
0x0562	0x200000  	MOV	#0, W0
0x0564	0x984700  	MOV.B	W0, [W14+0]
;__Lib_UART_1_p24_p33.c,292 :: 		
; data_ start address is: 0 (W0)
0x0566	0x78401A  	MOV.B	[W10], W0
; data_ end address is: 0 (W0)
;__Lib_UART_1_p24_p33.c,293 :: 		
L_UART_Write_Text25:
; data_ start address is: 0 (W0)
0x0568	0xE10460  	CP.B	W0, #0
0x056A	0x32000C  	BRA Z	L_UART_Write_Text26
L__UART_Write_Text80:
;__Lib_UART_1_p24_p33.c,294 :: 		
0x056C	0x781F8A  	PUSH	W10
; data_ end address is: 0 (W0)
0x056E	0xFB8500  	ZE	W0, W10
0x0570	0x07FF99  	RCALL	_UART_Write
0x0572	0x78054F  	POP	W10
;__Lib_UART_1_p24_p33.c,295 :: 		
0x0574	0x90400E  	MOV.B	[W14+0], W0
0x0576	0xEC6000  	INC.B	W0
0x0578	0x984700  	MOV.B	W0, [W14+0]
;__Lib_UART_1_p24_p33.c,296 :: 		
0x057A	0xFB8000  	ZE	W0, W0
0x057C	0x450000  	ADD	W10, W0, W0
; data_ start address is: 2 (W1)
0x057E	0x784090  	MOV.B	[W0], W1
;__Lib_UART_1_p24_p33.c,297 :: 		
0x0580	0x784001  	MOV.B	W1, W0
; data_ end address is: 2 (W1)
0x0582	0x37FFF2  	BRA	L_UART_Write_Text25
L_UART_Write_Text26:
;__Lib_UART_1_p24_p33.c,298 :: 		
L_end_UART_Write_Text:
0x0584	0xFA8000  	ULNK
0x0586	0x060000  	RETURN
; end of _UART_Write_Text
_UART_Write:
0x04A4	0xFA0000  	LNK	#0
;__Lib_UART_1_p24_p33.c,285 :: 		
;__Lib_UART_1_p24_p33.c,286 :: 		
0x04A6	0x804250  	MOV	_UART_Wr_Ptr, W0
0x04A8	0x010000  	CALL	W0
;__Lib_UART_1_p24_p33.c,287 :: 		
L_end_UART_Write:
0x04AA	0xFA8000  	ULNK
0x04AC	0x060000  	RETURN
; end of _UART_Write
_UART1_Write:
0x027E	0xFA0000  	LNK	#0
;__Lib_UART_1_p24_p33.c,49 :: 		
;__Lib_UART_1_p24_p33.c,50 :: 		
L_UART1_Write0:
0x0280	0xAF0223  	BTSC	U1STA, #8
0x0282	0x370001  	BRA	L_UART1_Write1
0x0284	0x37FFFD  	BRA	L_UART1_Write0
L_UART1_Write1:
;__Lib_UART_1_p24_p33.c,51 :: 		
0x0286	0x88112A  	MOV	W10, U1TXREG
;__Lib_UART_1_p24_p33.c,52 :: 		
L_end_UART1_Write:
0x0288	0xFA8000  	ULNK
0x028A	0x060000  	RETURN
; end of _UART1_Write
__Long2Float:
0x06BE	0xFA0000  	LNK	#0
;__Lib_MathDouble.c,104 :: 		
;__Lib_MathDouble.c,106 :: 		
0x06C0	0x070002  	RCALL	LL_intro_Long2Float
;__Lib_MathDouble.c,107 :: 		
0x06C2	0x000000040770  	GOTO	the_end__Long2Float
;__Lib_MathDouble.c,109 :: 		
LL_intro_Long2Float:
;__Lib_MathDouble.c,110 :: 		
0x06C6	0xE20004  	CP0	W2
;__Lib_MathDouble.c,111 :: 		
0x06C8	0x3A0006  	BRA NZ	Longint2Float__floatsisf
;__Lib_MathDouble.c,113 :: 		
Longword2Float__floatuisf:
;__Lib_MathDouble.c,114 :: 		
0x06CA	0xEB0500  	CLR	W10
;__Lib_MathDouble.c,115 :: 		
0x06CC	0xE20002  	CP0	W1
;__Lib_MathDouble.c,116 :: 		
0x06CE	0x3E000F  	BRA GTU	Long2Float_notspecial
;__Lib_MathDouble.c,117 :: 		
0x06D0	0xE20000  	CP0	W0
;__Lib_MathDouble.c,118 :: 		
0x06D2	0x320027  	BRA Z	Long2Float_return0
;__Lib_MathDouble.c,119 :: 		
0x06D4	0x37000C  	BRA	Long2Float_notspecial
;__Lib_MathDouble.c,121 :: 		
Longint2Float__floatsisf:
;__Lib_MathDouble.c,122 :: 		
0x06D6	0x8800A1  	MOV	W1, W10
;__Lib_MathDouble.c,123 :: 		
0x06D8	0xE20002  	CP0	W1
;__Lib_MathDouble.c,124 :: 		
0x06DA	0x350004  	BRA LT	Longint2Float_negative
;__Lib_MathDouble.c,125 :: 		
0x06DC	0x3C0008  	BRA GT	Long2Float_notspecial
;__Lib_MathDouble.c,126 :: 		
0x06DE	0xE20000  	CP0	W0
;__Lib_MathDouble.c,127 :: 		
0x06E0	0x320020  	BRA Z	Long2Float_return0
;__Lib_MathDouble.c,128 :: 		
0x06E2	0x370005  	BRA	Long2Float_notspecial
;__Lib_MathDouble.c,129 :: 		
Longint2Float_negative:
;__Lib_MathDouble.c,130 :: 		
0x06E4	0x100060  	SUBR	W0, #0, W0
;__Lib_MathDouble.c,131 :: 		
0x06E6	0x1880E0  	SUBBR	W1, #0, W1
;__Lib_MathDouble.c,132 :: 		
0x06E8	0x3B0002  	BRA NN	Long2Float_notspecial
;__Lib_MathDouble.c,133 :: 		
0x06EA	0x2CF001  	MOV	#52992, W1
;__Lib_MathDouble.c,134 :: 		
0x06EC	0x37001A  	BRA	Long2Float_return0
;__Lib_MathDouble.c,136 :: 		
Long2Float_notspecial:
;__Lib_MathDouble.c,137 :: 		
0x06EE	0xBE8400  	MOV.D	W0, W8
;__Lib_MathDouble.c,138 :: 		
0x06F0	0xB81160  	MUL.UU	W2, #0, W2
;__Lib_MathDouble.c,139 :: 		
0x06F2	0x20096B  	MOV	#150, W11
;__Lib_MathDouble.c,140 :: 		
0x06F4	0xCF8209  	FF1L	W9, W4
;__Lib_MathDouble.c,141 :: 		
0x06F6	0x390002  	BRA NC	Long2Float_fixshift
;__Lib_MathDouble.c,142 :: 		
0x06F8	0xCF8208  	FF1L	W8, W4
;__Lib_MathDouble.c,143 :: 		
0x06FA	0xB04104  	ADD.B	#16, W4
;__Lib_MathDouble.c,144 :: 		
Long2Float_fixshift:
;__Lib_MathDouble.c,145 :: 		
0x06FC	0x524269  	SUB.B	W4, #9, W4
;__Lib_MathDouble.c,146 :: 		
0x06FE	0x32000E  	BRA Z	Long2Float_round
;__Lib_MathDouble.c,147 :: 		
0x0700	0x3B0008  	BRA NN	Long2Float_shiftleft
;__Lib_MathDouble.c,148 :: 		
Long2Float_shiftright:
;__Lib_MathDouble.c,149 :: 		
0x0702	0x718182  	IOR	W3, W2, W3
;__Lib_MathDouble.c,150 :: 		
0x0704	0x640161  	AND	W8, #1, W2
;__Lib_MathDouble.c,151 :: 		
0x0706	0xD10489  	LSR	W9, W9
;__Lib_MathDouble.c,152 :: 		
0x0708	0xD38408  	RRC	W8, W8
;__Lib_MathDouble.c,153 :: 		
0x070A	0xE8058B  	INC	W11, W11
;__Lib_MathDouble.c,154 :: 		
0x070C	0xE84204  	INC.B	W4, W4
;__Lib_MathDouble.c,155 :: 		
0x070E	0x3AFFF9  	BRA NZ	Long2Float_shiftright
;__Lib_MathDouble.c,156 :: 		
0x0710	0x370005  	BRA	Long2Float_round
;__Lib_MathDouble.c,157 :: 		
Long2Float_shiftleft:
;__Lib_MathDouble.c,158 :: 		
0x0712	0x440408  	ADD	W8, W8, W8
;__Lib_MathDouble.c,159 :: 		
0x0714	0x4C8489  	ADDC	W9, W9, W9
;__Lib_MathDouble.c,160 :: 		
0x0716	0xE9058B  	DEC	W11, W11
;__Lib_MathDouble.c,161 :: 		
0x0718	0xE94204  	DEC.B	W4, W4
;__Lib_MathDouble.c,162 :: 		
0x071A	0x3AFFFB  	BRA NZ	Long2Float_shiftleft
;__Lib_MathDouble.c,163 :: 		
Long2Float_round:
;__Lib_MathDouble.c,164 :: 		
0x071C	0x070003  	RCALL	Long2Float__fpack
;__Lib_MathDouble.c,165 :: 		
0x071E	0xA7F00A  	BTSC	W10, #15
;__Lib_MathDouble.c,166 :: 		
0x0720	0xA8E003  	BSET	W1, #15
;__Lib_MathDouble.c,167 :: 		
Long2Float_return0:
;__Lib_MathDouble.c,168 :: 		
0x0722	0x060000  	RETURN
;__Lib_MathDouble.c,169 :: 		
Long2Float__fpack:
;__Lib_MathDouble.c,170 :: 		
0x0724	0x200081  	MOV	#8, W1
;__Lib_MathDouble.c,171 :: 		
0x0726	0x558061  	SUB	W11, #1, W0
;__Lib_MathDouble.c,172 :: 		
0x0728	0x3D000B  	BRA GE	Long2Float_notsubnormal
;__Lib_MathDouble.c,173 :: 		
0x072A	0x20000B  	MOV	#0, W11
;__Lib_MathDouble.c,174 :: 		
0x072C	0x2FFE61  	MOV	#65510, W1
;__Lib_MathDouble.c,175 :: 		
0x072E	0xE10001  	CP	W0, W1
;__Lib_MathDouble.c,176 :: 		
0x0730	0x34001D  	BRA LE	Long2Float_zerosig
;__Lib_MathDouble.c,177 :: 		
Long2Float_subnormal:
;__Lib_MathDouble.c,178 :: 		
0x0732	0x718182  	IOR	W3, W2, W3
;__Lib_MathDouble.c,179 :: 		
0x0734	0x640161  	AND	W8, #1, W2
;__Lib_MathDouble.c,180 :: 		
0x0736	0xD10489  	LSR	W9, W9
;__Lib_MathDouble.c,181 :: 		
0x0738	0xD38408  	RRC	W8, W8
;__Lib_MathDouble.c,182 :: 		
0x073A	0xE80000  	INC	W0, W0
;__Lib_MathDouble.c,183 :: 		
0x073C	0x3AFFFA  	BRA NZ	Long2Float_subnormal
;__Lib_MathDouble.c,184 :: 		
0x073E	0x200071  	MOV	#7, W1
;__Lib_MathDouble.c,185 :: 		
Long2Float_notsubnormal:
;__Lib_MathDouble.c,186 :: 		
0x0740	0x640061  	AND	W8, #1, W0
;__Lib_MathDouble.c,187 :: 		
0x0742	0x700003  	IOR	W0, W3, W0
;__Lib_MathDouble.c,188 :: 		
0x0744	0x600002  	AND	W0, W2, W0
;__Lib_MathDouble.c,189 :: 		
0x0746	0x320009  	BRA Z	Long2Float_packupandgo
;__Lib_MathDouble.c,190 :: 		
0x0748	0x440461  	ADD	W8, #1, W8
;__Lib_MathDouble.c,191 :: 		
0x074A	0x4C84E0  	ADDC	W9, #0, W9
;__Lib_MathDouble.c,192 :: 		
0x074C	0xA58809  	BTST.Z	W9, W1
;__Lib_MathDouble.c,193 :: 		
0x074E	0x320005  	BRA Z	Long2Float_packupandgo
;__Lib_MathDouble.c,194 :: 		
0x0750	0xE8058B  	INC	W11, W11
;__Lib_MathDouble.c,195 :: 		
0x0752	0xE10868  	CP	W1, #8
;__Lib_MathDouble.c,196 :: 		
0x0754	0x3A0002  	BRA NZ	Long2Float_packupandgo
;__Lib_MathDouble.c,197 :: 		
0x0756	0xD10489  	LSR	W9, W9
;__Lib_MathDouble.c,198 :: 		
0x0758	0xD38408  	RRC	W8, W8
;__Lib_MathDouble.c,199 :: 		
Long2Float_packupandgo:
;__Lib_MathDouble.c,200 :: 		
0x075A	0x200FF2  	MOV	#255, W2
;__Lib_MathDouble.c,201 :: 		
0x075C	0xE15802  	CP	W11, W2
;__Lib_MathDouble.c,202 :: 		
0x075E	0x3D0005  	BRA GE	Long2Float_overflow
;__Lib_MathDouble.c,203 :: 		
0x0760	0xDD5DC7  	SL	W11, #7, W11
;__Lib_MathDouble.c,204 :: 		
0x0762	0xB207F9  	AND	#127, W9
;__Lib_MathDouble.c,205 :: 		
0x0764	0x758089  	IOR	W11, W9, W1
;__Lib_MathDouble.c,206 :: 		
0x0766	0x880008  	MOV	W8, W0
;__Lib_MathDouble.c,207 :: 		
0x0768	0x060000  	RETURN
;__Lib_MathDouble.c,208 :: 		
Long2Float_overflow:
;__Lib_MathDouble.c,209 :: 		
0x076A	0x27F80B  	MOV	#32640, W11
;__Lib_MathDouble.c,210 :: 		
Long2Float_zerosig:
;__Lib_MathDouble.c,211 :: 		
0x076C	0x88001B  	MOV	W11, W1
;__Lib_MathDouble.c,212 :: 		
0x076E	0x050000  	RETLW	#0, W0
;__Lib_MathDouble.c,215 :: 		
the_end__Long2Float:
;__Lib_MathDouble.c,218 :: 		
L_end__Long2Float:
0x0770	0xFA8000  	ULNK
0x0772	0x060000  	RETURN
; end of __Long2Float
__Div_FP:
0x0588	0xFA0000  	LNK	#0
;__Lib_MathDouble.c,1050 :: 		
;__Lib_MathDouble.c,1052 :: 		
0x058A	0x070002  	RCALL	DivFP___divsf3
;__Lib_MathDouble.c,1053 :: 		
0x058C	0x0000000406BA  	GOTO	the_end__Div_FP
;__Lib_MathDouble.c,1056 :: 		
DivFP___divsf3:
;__Lib_MathDouble.c,1057 :: 		
0x0590	0xBE9F88  	MOV.D	W8, [W15++]
;__Lib_MathDouble.c,1058 :: 		
0x0592	0xBE9F8A  	MOV.D	W10, [W15++]
;__Lib_MathDouble.c,1059 :: 		
0x0594	0x781F8C  	MOV	W12, [W15++]
;__Lib_MathDouble.c,1060 :: 		
0x0596	0x07003E  	RCALL	DivFP__funpack2
;__Lib_MathDouble.c,1061 :: 		
0x0598	0x330045  	BRA N	DivFP__fPropagateNaN
;__Lib_MathDouble.c,1062 :: 		
0x059A	0x6C8603  	XOR	W9, W3, W12
;__Lib_MathDouble.c,1063 :: 		
0x059C	0xE15064  	CP	W10, #4
;__Lib_MathDouble.c,1064 :: 		
0x059E	0x32002E  	BRA Z	DivFP_aisinfinite
;__Lib_MathDouble.c,1065 :: 		
0x05A0	0xE12064  	CP	W4, #4
;__Lib_MathDouble.c,1066 :: 		
0x05A2	0x320033  	BRA Z	DivFP_returnZero
;__Lib_MathDouble.c,1067 :: 		
0x05A4	0xE15061  	CP	W10, #1
;__Lib_MathDouble.c,1068 :: 		
0x05A6	0x32002F  	BRA Z	DivFP_aiszero
;__Lib_MathDouble.c,1069 :: 		
0x05A8	0xE12061  	CP	W4, #1
;__Lib_MathDouble.c,1070 :: 		
0x05AA	0x320031  	BRA Z	DivFP_returnInf
;__Lib_MathDouble.c,1071 :: 		
DivFP_finitenonzero:
;__Lib_MathDouble.c,1072 :: 		
0x05AC	0x558585  	SUB	W11, W5, W11
;__Lib_MathDouble.c,1073 :: 		
0x05AE	0xB007EB  	ADD	#126, W11
;__Lib_MathDouble.c,1074 :: 		
0x05B0	0x200009  	MOV	#0, W9
;__Lib_MathDouble.c,1075 :: 		
0x05B2	0x200408  	MOV	#64, W8
;__Lib_MathDouble.c,1076 :: 		
0x05B4	0x370005  	BRA	DivFP_diventry
;__Lib_MathDouble.c,1077 :: 		
DivFP_divnext:
;__Lib_MathDouble.c,1078 :: 		
0x05B6	0x440408  	ADD	W8, W8, W8
;__Lib_MathDouble.c,1079 :: 		
0x05B8	0x4C8489  	ADDC	W9, W9, W9
;__Lib_MathDouble.c,1080 :: 		
0x05BA	0x31000A  	BRA C	DivFP_divdone
;__Lib_MathDouble.c,1081 :: 		
DivFP_divloop:
;__Lib_MathDouble.c,1082 :: 		
0x05BC	0x430306  	ADD	W6, W6, W6
;__Lib_MathDouble.c,1083 :: 		
0x05BE	0x4B8387  	ADDC	W7, W7, W7
;__Lib_MathDouble.c,1084 :: 		
DivFP_diventry:
;__Lib_MathDouble.c,1085 :: 		
0x05C0	0x530100  	SUB	W6, W0, W2
;__Lib_MathDouble.c,1086 :: 		
0x05C2	0x5B8181  	SUBB	W7, W1, W3
;__Lib_MathDouble.c,1087 :: 		
0x05C4	0x33FFF8  	BRA N	DivFP_divnext
;__Lib_MathDouble.c,1088 :: 		
0x05C6	0xBE8302  	MOV.D	W2, W6
;__Lib_MathDouble.c,1089 :: 		
0x05C8	0xA80010  	BSET	W8, #0
;__Lib_MathDouble.c,1090 :: 		
0x05CA	0x440408  	ADD	W8, W8, W8
;__Lib_MathDouble.c,1091 :: 		
0x05CC	0x4C8489  	ADDC	W9, W9, W9
;__Lib_MathDouble.c,1092 :: 		
0x05CE	0x39FFF6  	BRA NC	DivFP_divloop
;__Lib_MathDouble.c,1093 :: 		
DivFP_divdone:
;__Lib_MathDouble.c,1094 :: 		
0x05D0	0xDD39C6  	SL	W7, #6, W3
;__Lib_MathDouble.c,1095 :: 		
0x05D2	0x730183  	IOR	W6, W3, W3
;__Lib_MathDouble.c,1096 :: 		
0x05D4	0x320001  	BRA Z	DivFP_stickyok
;__Lib_MathDouble.c,1097 :: 		
0x05D6	0x200013  	MOV	#1, W3
;__Lib_MathDouble.c,1098 :: 		
DivFP_stickyok:
;__Lib_MathDouble.c,1099 :: 		
0x05D8	0xD10489  	LSR	W9, W9
;__Lib_MathDouble.c,1100 :: 		
0x05DA	0xD38408  	RRC	W8, W8
;__Lib_MathDouble.c,1101 :: 		
0x05DC	0xA39809  	BTST.Z	W9, #9
;__Lib_MathDouble.c,1102 :: 		
0x05DE	0x320005  	BRA Z	DivFP_guardused
;__Lib_MathDouble.c,1103 :: 		
0x05E0	0xA70008  	BTSC	W8, #0
;__Lib_MathDouble.c,1104 :: 		
0x05E2	0xA80006  	BSET	W3, #0
;__Lib_MathDouble.c,1105 :: 		
0x05E4	0xD10489  	LSR	W9, W9
;__Lib_MathDouble.c,1106 :: 		
0x05E6	0xD38408  	RRC	W8, W8
;__Lib_MathDouble.c,1107 :: 		
0x05E8	0xE8058B  	INC	W11, W11
;__Lib_MathDouble.c,1108 :: 		
DivFP_guardused:
;__Lib_MathDouble.c,1109 :: 		
0x05EA	0xD10489  	LSR	W9, W9
;__Lib_MathDouble.c,1110 :: 		
0x05EC	0xD38408  	RRC	W8, W8
;__Lib_MathDouble.c,1111 :: 		
0x05EE	0xEB0100  	CLR	W2
;__Lib_MathDouble.c,1112 :: 		
0x05F0	0xD28102  	RLC	W2, W2
;__Lib_MathDouble.c,1113 :: 		
0x05F2	0x070028  	RCALL	DivFP__fpack
;__Lib_MathDouble.c,1114 :: 		
DivFP_return0_1:
;__Lib_MathDouble.c,1115 :: 		
0x05F4	0xA1F001  	BCLR	W1, #15
;__Lib_MathDouble.c,1116 :: 		
0x05F6	0xA7F00C  	BTSC	W12, #15
;__Lib_MathDouble.c,1117 :: 		
0x05F8	0xA8E003  	BSET	W1, #15
;__Lib_MathDouble.c,1118 :: 		
0x05FA	0x37001D  	BRA	DivFP__fbopExit
;__Lib_MathDouble.c,1119 :: 		
DivFP_aisinfinite:
;__Lib_MathDouble.c,1120 :: 		
0x05FC	0xE12064  	CP	W4, #4
;__Lib_MathDouble.c,1121 :: 		
0x05FE	0x32001F  	BRA Z	DivFP__fbopReturnNaN
;__Lib_MathDouble.c,1122 :: 		
DivFP_return8_1:
;__Lib_MathDouble.c,1123 :: 		
0x0600	0xBE8108  	MOV.D	W8, W2
;__Lib_MathDouble.c,1124 :: 		
DivFP_return2_1:
;__Lib_MathDouble.c,1125 :: 		
0x0602	0xBE8002  	MOV.D	W2, W0
;__Lib_MathDouble.c,1126 :: 		
0x0604	0x37FFF7  	BRA	DivFP_return0_1
;__Lib_MathDouble.c,1127 :: 		
DivFP_aiszero:
;__Lib_MathDouble.c,1128 :: 		
0x0606	0xE12061  	CP	W4, #1
;__Lib_MathDouble.c,1129 :: 		
0x0608	0x32001A  	BRA Z	DivFP__fbopReturnNaN
;__Lib_MathDouble.c,1130 :: 		
DivFP_returnZero:
;__Lib_MathDouble.c,1131 :: 		
0x060A	0xB80060  	MUL.UU	W0, #0, W0
;__Lib_MathDouble.c,1132 :: 		
0x060C	0x37FFF3  	BRA	DivFP_return0_1
;__Lib_MathDouble.c,1133 :: 		
DivFP_returnInf:
;__Lib_MathDouble.c,1134 :: 		
0x060E	0x200000  	MOV	#0, W0
;__Lib_MathDouble.c,1135 :: 		
0x0610	0x27F801  	MOV	#32640, W1
;__Lib_MathDouble.c,1136 :: 		
0x0612	0x37FFF0  	BRA	DivFP_return0_1
;__Lib_MathDouble.c,1137 :: 		
DivFP__funpack2:
;__Lib_MathDouble.c,1138 :: 		
0x0614	0xBE8400  	MOV.D	W0, W8
;__Lib_MathDouble.c,1139 :: 		
0x0616	0x07003C  	RCALL	DivFP__funpack
;__Lib_MathDouble.c,1140 :: 		
0x0618	0xBE8300  	MOV.D	W0, W6
;__Lib_MathDouble.c,1141 :: 		
0x061A	0xBE8504  	MOV.D	W4, W10
;__Lib_MathDouble.c,1142 :: 		
0x061C	0xBE8002  	MOV.D	W2, W0
;__Lib_MathDouble.c,1143 :: 		
0x061E	0x070038  	RCALL	DivFP__funpack
;__Lib_MathDouble.c,1144 :: 		
0x0620	0x754F84  	IOR.B	W10, W4, [W15]
;__Lib_MathDouble.c,1145 :: 		
0x0622	0x060000  	RETURN
;__Lib_MathDouble.c,1146 :: 		
DivFP__fPropagateNaN:
;__Lib_MathDouble.c,1147 :: 		
0x0624	0xBE8002  	MOV.D	W2, W0
;__Lib_MathDouble.c,1148 :: 		
0x0626	0xE15064  	CP	W10, #4
;__Lib_MathDouble.c,1149 :: 		
0x0628	0x360005  	BRA LEU	DivFP_return0
;__Lib_MathDouble.c,1150 :: 		
0x062A	0xE12064  	CP	W4, #4
;__Lib_MathDouble.c,1151 :: 		
0x062C	0x360002  	BRA LEU	DivFP_return8
;__Lib_MathDouble.c,1152 :: 		
0x062E	0xA36809  	BTST.Z	W9, #6
;__Lib_MathDouble.c,1153 :: 		
0x0630	0x3A0001  	BRA NZ	DivFP_return0
;__Lib_MathDouble.c,1154 :: 		
DivFP_return8:
;__Lib_MathDouble.c,1155 :: 		
0x0632	0xBE8008  	MOV.D	W8, W0
;__Lib_MathDouble.c,1156 :: 		
DivFP_return0:
;__Lib_MathDouble.c,1157 :: 		
0x0634	0xA8C002  	BSET	W1, #6
;__Lib_MathDouble.c,1158 :: 		
DivFP__fbopExit:
;__Lib_MathDouble.c,1159 :: 		
0x0636	0x78064F  	MOV	[--W15], W12
;__Lib_MathDouble.c,1160 :: 		
0x0638	0xBE054F  	MOV.D	[--W15], W10
;__Lib_MathDouble.c,1161 :: 		
0x063A	0xBE044F  	MOV.D	[--W15], W8
;__Lib_MathDouble.c,1162 :: 		
0x063C	0x060000  	RETURN
;__Lib_MathDouble.c,1163 :: 		
DivFP__fbopReturnNaN:
;__Lib_MathDouble.c,1164 :: 		
0x063E	0x2FFFF0  	MOV	#65535, W0
;__Lib_MathDouble.c,1165 :: 		
0x0640	0x27FFF1  	MOV	#32767, W1
;__Lib_MathDouble.c,1166 :: 		
0x0642	0x37FFF9  	BRA	DivFP__fbopExit
;__Lib_MathDouble.c,1167 :: 		
DivFP__fpack:
;__Lib_MathDouble.c,1168 :: 		
0x0644	0x200081  	MOV	#8, W1
;__Lib_MathDouble.c,1169 :: 		
0x0646	0x558061  	SUB	W11, #1, W0
;__Lib_MathDouble.c,1170 :: 		
0x0648	0x3D000B  	BRA GE	DivFP_notsubnormal
;__Lib_MathDouble.c,1171 :: 		
0x064A	0x20000B  	MOV	#0, W11
;__Lib_MathDouble.c,1172 :: 		
0x064C	0x2FFE61  	MOV	#65510, W1
;__Lib_MathDouble.c,1173 :: 		
0x064E	0xE10001  	CP	W0, W1
;__Lib_MathDouble.c,1174 :: 		
0x0650	0x34001D  	BRA LE	DivFP_zerosig
;__Lib_MathDouble.c,1175 :: 		
DivFP_subnormal:
;__Lib_MathDouble.c,1176 :: 		
0x0652	0x718182  	IOR	W3, W2, W3
;__Lib_MathDouble.c,1177 :: 		
0x0654	0x640161  	AND	W8, #1, W2
;__Lib_MathDouble.c,1178 :: 		
0x0656	0xD10489  	LSR	W9, W9
;__Lib_MathDouble.c,1179 :: 		
0x0658	0xD38408  	RRC	W8, W8
;__Lib_MathDouble.c,1180 :: 		
0x065A	0xE80000  	INC	W0, W0
;__Lib_MathDouble.c,1181 :: 		
0x065C	0x3AFFFA  	BRA NZ	DivFP_subnormal
;__Lib_MathDouble.c,1182 :: 		
0x065E	0x200071  	MOV	#7, W1
;__Lib_MathDouble.c,1183 :: 		
DivFP_notsubnormal:
;__Lib_MathDouble.c,1184 :: 		
0x0660	0x640061  	AND	W8, #1, W0
;__Lib_MathDouble.c,1185 :: 		
0x0662	0x700003  	IOR	W0, W3, W0
;__Lib_MathDouble.c,1186 :: 		
0x0664	0x600002  	AND	W0, W2, W0
;__Lib_MathDouble.c,1187 :: 		
0x0666	0x320009  	BRA Z	DivFP_packupandgo
;__Lib_MathDouble.c,1188 :: 		
0x0668	0x440461  	ADD	W8, #1, W8
;__Lib_MathDouble.c,1189 :: 		
0x066A	0x4C84E0  	ADDC	W9, #0, W9
;__Lib_MathDouble.c,1190 :: 		
0x066C	0xA58809  	BTST.Z	W9, W1
;__Lib_MathDouble.c,1191 :: 		
0x066E	0x320005  	BRA Z	DivFP_packupandgo
;__Lib_MathDouble.c,1192 :: 		
0x0670	0xE8058B  	INC	W11, W11
;__Lib_MathDouble.c,1193 :: 		
0x0672	0xE10868  	CP	W1, #8
;__Lib_MathDouble.c,1194 :: 		
0x0674	0x3A0002  	BRA NZ	DivFP_packupandgo
;__Lib_MathDouble.c,1195 :: 		
0x0676	0xD10489  	LSR	W9, W9
;__Lib_MathDouble.c,1196 :: 		
0x0678	0xD38408  	RRC	W8, W8
;__Lib_MathDouble.c,1197 :: 		
DivFP_packupandgo:
;__Lib_MathDouble.c,1198 :: 		
0x067A	0x200FF2  	MOV	#255, W2
;__Lib_MathDouble.c,1199 :: 		
0x067C	0xE15802  	CP	W11, W2
;__Lib_MathDouble.c,1200 :: 		
0x067E	0x3D0005  	BRA GE	DivFP_overfloW
;__Lib_MathDouble.c,1201 :: 		
0x0680	0xDD5DC7  	SL	W11, #7, W11
;__Lib_MathDouble.c,1202 :: 		
0x0682	0xB207F9  	AND	#127, W9
;__Lib_MathDouble.c,1203 :: 		
0x0684	0x758089  	IOR	W11, W9, W1
;__Lib_MathDouble.c,1204 :: 		
0x0686	0x880008  	MOV	W8, W0
;__Lib_MathDouble.c,1205 :: 		
0x0688	0x060000  	RETURN
;__Lib_MathDouble.c,1206 :: 		
DivFP_overfloW:
;__Lib_MathDouble.c,1207 :: 		
0x068A	0x27F80B  	MOV	#32640, W11
;__Lib_MathDouble.c,1208 :: 		
DivFP_zerosig:
;__Lib_MathDouble.c,1209 :: 		
0x068C	0x88001B  	MOV	W11, W1
;__Lib_MathDouble.c,1210 :: 		
0x068E	0x050000  	RETLW	#0, W0
;__Lib_MathDouble.c,1211 :: 		
DivFP__funpack:
;__Lib_MathDouble.c,1212 :: 		
0x0690	0xDE0AC7  	LSR	W1, #7, W5
;__Lib_MathDouble.c,1213 :: 		
0x0692	0xB207F1  	AND	#127, W1
;__Lib_MathDouble.c,1214 :: 		
0x0694	0xB20FF5  	AND	#255, W5
;__Lib_MathDouble.c,1215 :: 		
0x0696	0x320008  	BRA Z	DivFP_zeroorsub
;__Lib_MathDouble.c,1216 :: 		
0x0698	0x42CFE1  	ADD.B	W5, #1, [W15]
;__Lib_MathDouble.c,1217 :: 		
0x069A	0x320002  	BRA Z	DivFP_nanorinf
;__Lib_MathDouble.c,1218 :: 		
DivFP_finitereturn:
;__Lib_MathDouble.c,1219 :: 		
0x069C	0xA8E002  	BSET	W1, #7
;__Lib_MathDouble.c,1220 :: 		
0x069E	0x050024  	RETLW	#2, W4
;__Lib_MathDouble.c,1221 :: 		
DivFP_nanorinf:
;__Lib_MathDouble.c,1222 :: 		
0x06A0	0x700F81  	IOR	W0, W1, [W15]
;__Lib_MathDouble.c,1223 :: 		
0x06A2	0x320001  	BRA Z	DivFP_infinite
;__Lib_MathDouble.c,1224 :: 		
0x06A4	0x050804  	RETLW	#128, W4
;__Lib_MathDouble.c,1225 :: 		
DivFP_infinite:
;__Lib_MathDouble.c,1226 :: 		
0x06A6	0x050044  	RETLW	#4, W4
;__Lib_MathDouble.c,1227 :: 		
DivFP_zeroorsub:
;__Lib_MathDouble.c,1228 :: 		
0x06A8	0x700F81  	IOR	W0, W1, [W15]
;__Lib_MathDouble.c,1229 :: 		
0x06AA	0x3A0002  	BRA NZ	DivFP_subnormal2
;__Lib_MathDouble.c,1230 :: 		
0x06AC	0x050014  	RETLW	#1, W4
;__Lib_MathDouble.c,1231 :: 		
DivFP_normalize:
;__Lib_MathDouble.c,1232 :: 		
0x06AE	0xE90285  	DEC	W5, W5
;__Lib_MathDouble.c,1233 :: 		
DivFP_subnormal2:
;__Lib_MathDouble.c,1234 :: 		
0x06B0	0x400000  	ADD	W0, W0, W0
;__Lib_MathDouble.c,1235 :: 		
0x06B2	0x48C081  	ADDC.B	W1, W1, W1
;__Lib_MathDouble.c,1236 :: 		
0x06B4	0x3BFFFC  	BRA NN	DivFP_normalize
;__Lib_MathDouble.c,1237 :: 		
0x06B6	0xA8E002  	BSET	W1, #7
;__Lib_MathDouble.c,1238 :: 		
0x06B8	0x050024  	RETLW	#2, W4
;__Lib_MathDouble.c,1241 :: 		
the_end__Div_FP:
;__Lib_MathDouble.c,1243 :: 		
L_end__Div_FP:
0x06BA	0xFA8000  	ULNK
0x06BC	0x060000  	RETURN
; end of __Div_FP
0x0C74	0x208001  	MOV	#lo_addr(_txt2), W1
0x0C76	0x28C3C0  	MOV	#35900, W0
0x0C78	0x09001A  	REPEAT	#26
0x0C7A	0x7818B0  	MOV	[W0++], [W1++]
0x0C7C	0x7858B0  	MOV.B	[W0++], [W1++]
0x0C7E	0x060000  	RETURN
;programa27.c,0 :: ?ICS_txt2 [12]
0x0C3C	0x6145 ;?ICS_txt2+0
0x0C3E	0x7973 ;?ICS_txt2+2
0x0C40	0x7364 ;?ICS_txt2+4
0x0C42	0x4950 ;?ICS_txt2+6
0x0C44	0x3443 ;?ICS_txt2+8
0x0C46	0x0041 ;?ICS_txt2+10
; end of ?ICS_txt2
;,0 :: _initBlock_1 [43]
; Containing: ?ICS_txt1 [17]
;             ?ICS_txt4 [8]
;             ?ICS_txt3 [8]
;             ?ICS?lstr1___Lib_Conversions [4]
;             ?ICS?lstr3___Lib_Conversions [4]
;             ?ICS?lstr2___Lib_Conversions [2]
0x0C48	0x696D ;_initBlock_1+0 : ?ICS_txt1 at 0x0C48
0x0C4A	0x726B ;_initBlock_1+2
0x0C4C	0x456F ;_initBlock_1+4
0x0C4E	0x656C ;_initBlock_1+6
0x0C50	0x746B ;_initBlock_1+8
0x0C52	0x6F72 ;_initBlock_1+10
0x0C54	0x696E ;_initBlock_1+12
0x0C56	0x616B ;_initBlock_1+14
0x0C58	0x6500 ;_initBlock_1+16 : ?ICS_txt4 at 0x0C59
0x0C5A	0x6178 ;_initBlock_1+18
0x0C5C	0x706D ;_initBlock_1+20
0x0C5E	0x656C ;_initBlock_1+22
0x0C60	0x4C00 ;_initBlock_1+24 : ?ICS_txt3 at 0x0C61
0x0C62	0x6463 ;_initBlock_1+26
0x0C64	0x6234 ;_initBlock_1+28
0x0C66	0x7469 ;_initBlock_1+30
0x0C68	0x4E00 ;_initBlock_1+32 : ?ICS?lstr1___Lib_Conversions at 0x0C69
0x0C6A	0x4E61 ;_initBlock_1+34
0x0C6C	0x4900 ;_initBlock_1+36 : ?ICS?lstr3___Lib_Conversions at 0x0C6D
0x0C6E	0x464E ;_initBlock_1+38
0x0C70	0x3000 ;_initBlock_1+40 : ?ICS?lstr2___Lib_Conversions at 0x0C71
0x0C72	0x00 ;_initBlock_1+42
; end of _initBlock_1
Symbol List:
//** Routines locations **
//ADDRESS    SIZE    PROCEDURE
//----------------------------------------------
0x0200      [12]    _Delay_1us
0x020C     [114]    __Compare_Fp
0x027E      [14]    _UART1_Write
0x028C      [82]    __Divide_32x32
0x02DE      [88]    __Modulus_32x32
0x0336      [16]    _Delay_100ms
0x0346      [18]    __Multiply_32x32
0x0358      [30]    _strcpy
0x0376      [10]    __Compare_Ge_Fp
0x0380     [282]    __Mul_FP
0x049A      [10]    __Compare_Le_Fp
0x04A4      [10]    _UART_Write
0x04AE       [4]    _Get_Fosc_Per_Cyc
0x04B2      [12]    _Delay_5500us
0x04BE      [10]    _Delay_50us
0x04C8      [10]    _Delay_8ms
0x04D2      [14]    __Lib_Lcd_Strobe
0x04E0      [16]    _Lcd_Chr_CP
0x04F0       [6]    _Get_Fosc_kHz
0x04F6     [106]    _Lcd_Init
0x0560      [40]    _UART_Write_Text
0x0588     [310]    __Div_FP
0x06BE     [182]    __Long2Float
0x0774     [108]    _Lcd_Cmd
0x07E0      [90]    _Lcd_Out
0x083A     [558]    _FloatToStr
0x0A68     [258]    _UART1_Init
0x0B6A     [210]    _main
//** Variables locations ** 
//ADDRESS    SIZE    VARIABLE
//----------------------------------------------
0x02CC       [0]    LCD_D4
0x02CC       [0]    LCD_D5
0x02CC       [0]    LCD_D6
0x02C8       [0]    LCD_EN_Direction
0x0838       [0]    __Lib_Lcd_cmd_status
0x02CC       [0]    LCD_RS
0x02CC       [0]    LCD_D7
0x083A      [10]    _txt
0x0300       [2]    ADC1BUF0
0x02CC       [0]    LCD_EN
0x0220       [2]    U1MODE
0x0844       [2]    _UART_Tx_Idle_Ptr
0x0846       [2]    _UART_Rdy_Ptr
0x0224       [2]    U1TXREG
0x0228       [2]    U1BRG
0x0222       [2]    U1STA
0x0848       [2]    _UART_Rd_Ptr
0x02C8       [0]    LCD_D5_Direction
0x02C8       [0]    LCD_D4_Direction
0x02C8       [0]    LCD_RS_Direction
0x084A       [2]    _UART_Wr_Ptr
0x02C8       [0]    LCD_D7_Direction
0x02C8       [0]    LCD_D6_Direction
0x02C8       [0]    TRISB1_bit
0x02C8       [0]    TRISB0_bit
0x02C8       [0]    TRISB4_bit
0x06A4       [2]    RPINR18
0x02C8       [0]    TRISB3_bit
0x02C8       [0]    TRISB2_bit
0x02C8       [0]    TRISB5_bit
0x02CC       [0]    LATB2_bit
0x02CC       [0]    LATB3_bit
0x02CC       [0]    LATB5_bit
0x02CC       [0]    LATB4_bit
0x02CC       [0]    LATB0_bit
0x02CC       [0]    LATB1_bit
0x0330       [2]    AD1CSSL
0x0328       [2]    AD1CHS0
0x0320       [2]    AD1CON1
0x084C       [4]    _conversion
0x0322       [2]    AD1CON2
0x0324       [2]    AD1CON3
0x032C       [2]    AD1PCFGL
0x032C       [2]    ADPCFG
0x06C6       [2]    RPOR3
0x0800      [12]    _txt2
0x080C      [17]    _txt1
0x081D       [8]    _txt4
0x0825       [8]    _txt3
0x082D       [4]    ?lstr1___Lib_Conversions
0x0831       [4]    ?lstr3___Lib_Conversions
0x0835       [2]    ?lstr2___Lib_Conversions
0x0220       [2]    U1MODE
0x0222       [2]    U1STA
0x0224       [2]    U1TXREG
0x0228       [2]    U1BRG
0x0014       [2]    FARG_UART1_Write__data
0x0300       [2]    ADC1BUF0
0x0320       [2]    AD1CON1
0x0322       [2]    AD1CON2
0x0324       [2]    AD1CON3
0x0328       [2]    AD1CHS0
0x032C       [2]    AD1PCFGL
0x032C       [2]    ADPCFG
0x0330       [2]    AD1CSSL
0x0014       [2]    FARG_strcpy_to
0x0016       [2]    FARG_strcpy_from
0x0014       [2]    FARG_UART_Write__data
0x0014       [1]    FARG_Lcd_Chr_CP_out_char
0x0014       [2]    FARG_UART_Write_Text_uart_text
0x06A4       [2]    RPINR18
0x06C6       [2]    RPOR3
0x0014       [1]    FARG_Lcd_Cmd_out_char
0x0014       [2]    FARG_Lcd_Out_row
0x0016       [2]    FARG_Lcd_Out_column
0x0018       [2]    FARG_Lcd_Out_text
0x0014       [4]    FARG_FloatToStr_fnum
0x0018       [2]    FARG_FloatToStr_str
0x0014       [4]    FARG_UART1_Init_baud_rate
//** Constants locations ** 
//ADDRESS    SIZE    CONSTANT
//----------------------------------------------
0x0C3C      [12]    ?ICS_txt2
0x0C48      [17]    ?ICS_txt1
0x0C59       [8]    ?ICS_txt4
0x0C61       [8]    ?ICS_txt3
0x0C69       [4]    ?ICS?lstr1___Lib_Conversions
0x0C6D       [4]    ?ICS?lstr3___Lib_Conversions
0x0C71       [2]    ?ICS?lstr2___Lib_Conversions
