;  LST file generated by mikroListExporter - v.2.0 
; Date/Time: 19/04/2016 9:30:01
;----------------------------------------------

;Address Opcode 	ASM
0x0000	0x28C8      	GOTO       200
_Delay_500us:
;__Lib_Delays.c,27 :: 		void Delay_500us() {
;__Lib_Delays.c,28 :: 		Delay_us(498);
0x0003	0x30A5      	MOVLW      165
0x0004	0x1283      	BCF        STATUS, 5
0x0005	0x1303      	BCF        STATUS, 6
0x0006	0x00FD      	MOVWF      R13
L_Delay_500us4:
0x0007	0x0BFD      	DECFSZ     R13, 1
0x0008	0x2807      	GOTO       L_Delay_500us4
0x0009	0x0000      	NOP
0x000A	0x0000      	NOP
;__Lib_Delays.c,29 :: 		}
L_end_Delay_500us:
0x000B	0x0008      	RETURN
; end of _Delay_500us
_I2C1_Is_Idle:
;__Lib_I2C_c34.c,13 :: 		
;__Lib_I2C_c34.c,14 :: 		
0x000C	0x1683      	BSF        STATUS, 5
0x000D	0x1303      	BCF        STATUS, 6
0x000E	0x1914      	BTFSC      SSPSTAT, 2
0x000F	0x281A      	GOTO       L_I2C1_Is_Idle0
;__Lib_I2C_c34.c,15 :: 		
0x0010	0x301F      	MOVLW      31
0x0011	0x0511      	ANDWF      SSPCON2, 0
0x0012	0x00F1      	MOVWF      R1
0x0013	0x0871      	MOVF       R1, 0
0x0014	0x3A00      	XORLW      0
0x0015	0x1D03      	BTFSS      STATUS, 2
0x0016	0x281A      	GOTO       L_I2C1_Is_Idle1
;__Lib_I2C_c34.c,16 :: 		
0x0017	0x3001      	MOVLW      1
0x0018	0x00F0      	MOVWF      R0
0x0019	0x281B      	GOTO       L_end_I2C1_Is_Idle
L_I2C1_Is_Idle1:
L_I2C1_Is_Idle0:
;__Lib_I2C_c34.c,17 :: 		
0x001A	0x01F0      	CLRF       R0
;__Lib_I2C_c34.c,18 :: 		
L_end_I2C1_Is_Idle:
0x001B	0x0008      	RETURN
; end of _I2C1_Is_Idle
_I2C1_Start:
;__Lib_I2C_c34.c,20 :: 		
;__Lib_I2C_c34.c,23 :: 		
0x001C	0x1283      	BCF        STATUS, 5
0x001D	0x1303      	BCF        STATUS, 6
0x001E	0x01A4      	CLRF       I2C1_Start_j_L0
0x001F	0x01A5      	CLRF       I2C1_Start_j_L0+1
L_I2C1_Start2:
0x0020	0x0825      	MOVF       I2C1_Start_j_L0+1, 0
0x0021	0x3C12      	SUBLW      18
0x0022	0x1D03      	BTFSS      STATUS, 2
0x0023	0x2826      	GOTO       L__I2C1_Start27
0x0024	0x0824      	MOVF       I2C1_Start_j_L0, 0
0x0025	0x3C8E      	SUBLW      142
L__I2C1_Start27:
0x0026	0x1C03      	BTFSS      STATUS, 0
0x0027	0x2832      	GOTO       L_I2C1_Start3
;__Lib_I2C_c34.c,24 :: 		
0x0028	0x200C      	CALL       _I2C1_Is_Idle
0x0029	0x0870      	MOVF       R0, 0
0x002A	0x1903      	BTFSC      STATUS, 2
0x002B	0x282D      	GOTO       L_I2C1_Start5
;__Lib_I2C_c34.c,25 :: 		
0x002C	0x2832      	GOTO       L_I2C1_Start3
L_I2C1_Start5:
;__Lib_I2C_c34.c,23 :: 		
0x002D	0x1283      	BCF        STATUS, 5
0x002E	0x0AA4      	INCF       I2C1_Start_j_L0, 1
0x002F	0x1903      	BTFSC      STATUS, 2
0x0030	0x0AA5      	INCF       I2C1_Start_j_L0+1, 1
;__Lib_I2C_c34.c,26 :: 		
0x0031	0x2820      	GOTO       L_I2C1_Start2
L_I2C1_Start3:
0x0032	0x1283      	BCF        STATUS, 5
;__Lib_I2C_c34.c,28 :: 		
0x0033	0x3012      	MOVLW      18
0x0034	0x0225      	SUBWF      I2C1_Start_j_L0+1, 0
0x0035	0x1D03      	BTFSS      STATUS, 2
0x0036	0x2839      	GOTO       L__I2C1_Start28
0x0037	0x308F      	MOVLW      143
0x0038	0x0224      	SUBWF      I2C1_Start_j_L0, 0
L__I2C1_Start28:
0x0039	0x1C03      	BTFSS      STATUS, 0
0x003A	0x283E      	GOTO       L_I2C1_Start6
;__Lib_I2C_c34.c,29 :: 		
0x003B	0x307B      	MOVLW      123
0x003C	0x00F0      	MOVWF      R0
0x003D	0x2844      	GOTO       L_end_I2C1_Start
L_I2C1_Start6:
;__Lib_I2C_c34.c,31 :: 		
0x003E	0x1683      	BSF        STATUS, 5
0x003F	0x1411      	BSF        SSPCON2, 0
;__Lib_I2C_c34.c,32 :: 		
L_I2C1_Start8:
0x0040	0x1C11      	BTFSS      SSPCON2, 0
0x0041	0x2843      	GOTO       L_I2C1_Start9
;__Lib_I2C_c34.c,33 :: 		
0x0042	0x2840      	GOTO       L_I2C1_Start8
L_I2C1_Start9:
;__Lib_I2C_c34.c,34 :: 		
0x0043	0x01F0      	CLRF       R0
;__Lib_I2C_c34.c,36 :: 		
L_end_I2C1_Start:
0x0044	0x0008      	RETURN
; end of _I2C1_Start
_I2C1_Stop:
;__Lib_I2C_c34.c,89 :: 		
;__Lib_I2C_c34.c,90 :: 		
0x0045	0x1683      	BSF        STATUS, 5
0x0046	0x1303      	BCF        STATUS, 6
0x0047	0x1511      	BSF        SSPCON2, 2
;__Lib_I2C_c34.c,91 :: 		
L_end_I2C1_Stop:
0x0048	0x0008      	RETURN
; end of _I2C1_Stop
_I2C1_Wr:
;__Lib_I2C_c34.c,68 :: 		
;__Lib_I2C_c34.c,70 :: 		
0x0049	0x1283      	BCF        STATUS, 5
0x004A	0x1303      	BCF        STATUS, 6
0x004B	0x118C      	BCF        PIR1, 3
;__Lib_I2C_c34.c,71 :: 		
0x004C	0x0824      	MOVF       FARG_I2C1_Wr_data_, 0
0x004D	0x0093      	MOVWF      SSPBUF
;__Lib_I2C_c34.c,73 :: 		
L_I2C1_Wr18:
0x004E	0x1683      	BSF        STATUS, 5
0x004F	0x1D14      	BTFSS      SSPSTAT, 2
0x0050	0x2852      	GOTO       L_I2C1_Wr19
;__Lib_I2C_c34.c,74 :: 		
0x0051	0x284E      	GOTO       L_I2C1_Wr18
L_I2C1_Wr19:
;__Lib_I2C_c34.c,76 :: 		
L_I2C1_Wr20:
0x0052	0x1283      	BCF        STATUS, 5
0x0053	0x198C      	BTFSC      PIR1, 3
0x0054	0x2856      	GOTO       L_I2C1_Wr21
;__Lib_I2C_c34.c,77 :: 		
0x0055	0x2852      	GOTO       L_I2C1_Wr20
L_I2C1_Wr21:
;__Lib_I2C_c34.c,79 :: 		
0x0056	0x1683      	BSF        STATUS, 5
0x0057	0x1B11      	BTFSC      SSPCON2, 6
0x0058	0x285B      	GOTO       L_I2C1_Wr22
;__Lib_I2C_c34.c,80 :: 		
0x0059	0x01F0      	CLRF       R0
0x005A	0x285E      	GOTO       L_end_I2C1_Wr
;__Lib_I2C_c34.c,81 :: 		
L_I2C1_Wr22:
;__Lib_I2C_c34.c,83 :: 		
0x005B	0x1511      	BSF        SSPCON2, 2
;__Lib_I2C_c34.c,84 :: 		
0x005C	0x3002      	MOVLW      2
0x005D	0x00F0      	MOVWF      R0
;__Lib_I2C_c34.c,86 :: 		
L_end_I2C1_Wr:
0x005E	0x0008      	RETURN
; end of _I2C1_Wr
_I2C1_Init:
;__Lib_I2C_c34.c,4 :: 		
;__Lib_I2C_c34.c,5 :: 		
0x005F	0x1683      	BSF        STATUS, 5
0x0060	0x1303      	BCF        STATUS, 6
0x0061	0x1314      	BCF        SSPSTAT, 6
;__Lib_I2C_c34.c,6 :: 		
0x0062	0x1394      	BCF        SSPSTAT, 7
;__Lib_I2C_c34.c,7 :: 		
0x0063	0x1607      	BSF        TRISC4_bit, BitPos(TRISC4_bit+0)
;__Lib_I2C_c34.c,8 :: 		
0x0064	0x1587      	BSF        TRISC3_bit, BitPos(TRISC3_bit+0)
;__Lib_I2C_c34.c,9 :: 		
0x0065	0x3038      	MOVLW      56
0x0066	0x1283      	BCF        STATUS, 5
0x0067	0x0094      	MOVWF      SSPCON
;__Lib_I2C_c34.c,11 :: 		
L_end_I2C1_Init:
0x0068	0x0008      	RETURN
; end of _I2C1_Init
_I2C1_Rd:
;__Lib_I2C_c34.c,44 :: 		
;__Lib_I2C_c34.c,47 :: 		
0x0069	0x1283      	BCF        STATUS, 5
0x006A	0x1303      	BCF        STATUS, 6
0x006B	0x118C      	BCF        PIR1, 3
;__Lib_I2C_c34.c,48 :: 		
0x006C	0x1683      	BSF        STATUS, 5
0x006D	0x1591      	BSF        SSPCON2, 3
;__Lib_I2C_c34.c,50 :: 		
L_I2C1_Rd12:
0x006E	0x1283      	BCF        STATUS, 5
0x006F	0x198C      	BTFSC      PIR1, 3
0x0070	0x2872      	GOTO       L_I2C1_Rd13
;__Lib_I2C_c34.c,51 :: 		
0x0071	0x286E      	GOTO       L_I2C1_Rd12
L_I2C1_Rd13:
;__Lib_I2C_c34.c,53 :: 		
0x0072	0x0813      	MOVF       SSPBUF, 0
0x0073	0x00F1      	MOVWF      R1
;__Lib_I2C_c34.c,54 :: 		
0x0074	0x0824      	MOVF       FARG_I2C1_Rd_ack, 0
0x0075	0x3A00      	XORLW      0
0x0076	0x1D03      	BTFSS      STATUS, 2
0x0077	0x287B      	GOTO       L_I2C1_Rd14
;__Lib_I2C_c34.c,55 :: 		
0x0078	0x1683      	BSF        STATUS, 5
0x0079	0x1691      	BSF        SSPCON2, 5
0x007A	0x287D      	GOTO       L_I2C1_Rd15
L_I2C1_Rd14:
0x007B	0x1683      	BSF        STATUS, 5
;__Lib_I2C_c34.c,57 :: 		
0x007C	0x1291      	BCF        SSPCON2, 5
L_I2C1_Rd15:
;__Lib_I2C_c34.c,59 :: 		
0x007D	0x1283      	BCF        STATUS, 5
0x007E	0x118C      	BCF        PIR1, 3
;__Lib_I2C_c34.c,60 :: 		
0x007F	0x1683      	BSF        STATUS, 5
0x0080	0x1611      	BSF        SSPCON2, 4
;__Lib_I2C_c34.c,62 :: 		
L_I2C1_Rd16:
0x0081	0x1283      	BCF        STATUS, 5
0x0082	0x198C      	BTFSC      PIR1, 3
0x0083	0x2885      	GOTO       L_I2C1_Rd17
;__Lib_I2C_c34.c,63 :: 		
0x0084	0x2881      	GOTO       L_I2C1_Rd16
L_I2C1_Rd17:
;__Lib_I2C_c34.c,65 :: 		
0x0085	0x0871      	MOVF       R1, 0
0x0086	0x00F0      	MOVWF      R0
;__Lib_I2C_c34.c,66 :: 		
L_end_I2C1_Rd:
0x0087	0x0008      	RETURN
; end of _I2C1_Rd
_I2C1_Repeated_Start:
;__Lib_I2C_c34.c,38 :: 		
;__Lib_I2C_c34.c,39 :: 		
0x0088	0x1683      	BSF        STATUS, 5
0x0089	0x1303      	BCF        STATUS, 6
0x008A	0x1491      	BSF        SSPCON2, 1
;__Lib_I2C_c34.c,40 :: 		
L_I2C1_Repeated_Start10:
0x008B	0x1C91      	BTFSS      SSPCON2, 1
0x008C	0x288E      	GOTO       L_I2C1_Repeated_Start11
;__Lib_I2C_c34.c,41 :: 		
0x008D	0x288B      	GOTO       L_I2C1_Repeated_Start10
L_I2C1_Repeated_Start11:
;__Lib_I2C_c34.c,42 :: 		
L_end_I2C1_Repeated_Start:
0x008E	0x0008      	RETURN
; end of _I2C1_Repeated_Start
_Button:
;__Lib_Button.c,6 :: 		
;__Lib_Button.c,8 :: 		
0x008F	0x1283      	BCF        STATUS, 5
0x0090	0x1303      	BCF        STATUS, 6
0x0091	0x01A9      	CLRF       Button_rslt_L0
;__Lib_Button.c,11 :: 		
0x0092	0x0825      	MOVF       FARG_Button_pin, 0
0x0093	0x00F1      	MOVWF      R1
0x0094	0x3001      	MOVLW      1
0x0095	0x00F0      	MOVWF      R0
0x0096	0x0871      	MOVF       R1, 0
L__Button5:
0x0097	0x1903      	BTFSC      STATUS, 2
0x0098	0x289D      	GOTO       L__Button6
0x0099	0x0DF0      	RLF        R0, 1
0x009A	0x1070      	BCF        R0, 0
0x009B	0x3EFF      	ADDLW      255
0x009C	0x2897      	GOTO       L__Button5
L__Button6:
0x009D	0x0870      	MOVF       R0, 0
0x009E	0x00A8      	MOVWF      Button_pMask_L0
;__Lib_Button.c,13 :: 		
0x009F	0x0824      	MOVF       FARG_Button_port, 0
0x00A0	0x0084      	MOVWF      FSR
0x00A1	0x0870      	MOVF       R0, 0
0x00A2	0x0500      	ANDWF      INDF, 0
0x00A3	0x00F1      	MOVWF      R1
0x00A4	0x0871      	MOVF       R1, 0
0x00A5	0x3001      	MOVLW      1
0x00A6	0x1D03      	BTFSS      STATUS, 2
0x00A7	0x3000      	MOVLW      0
0x00A8	0x00F0      	MOVWF      R0
0x00A9	0x0827      	MOVF       FARG_Button_active_state, 0
0x00AA	0x06F0      	XORWF      R0, 1
0x00AB	0x1903      	BTFSC      STATUS, 2
0x00AC	0x28C5      	GOTO       L_Button0
;__Lib_Button.c,15 :: 		
L_Button1:
0x00AD	0x0826      	MOVF       FARG_Button_time_ms, 0
0x00AE	0x3C00      	SUBLW      0
0x00AF	0x1803      	BTFSC      STATUS, 0
0x00B0	0x28B5      	GOTO       L_Button2
;__Lib_Button.c,16 :: 		
0x00B1	0x2003      	CALL       _Delay_500us
;__Lib_Button.c,17 :: 		
0x00B2	0x2003      	CALL       _Delay_500us
;__Lib_Button.c,18 :: 		
0x00B3	0x03A6      	DECF       FARG_Button_time_ms, 1
;__Lib_Button.c,19 :: 		
0x00B4	0x28AD      	GOTO       L_Button1
L_Button2:
;__Lib_Button.c,21 :: 		
0x00B5	0x0824      	MOVF       FARG_Button_port, 0
0x00B6	0x0084      	MOVWF      FSR
0x00B7	0x0828      	MOVF       Button_pMask_L0, 0
0x00B8	0x0500      	ANDWF      INDF, 0
0x00B9	0x00F1      	MOVWF      R1
0x00BA	0x0871      	MOVF       R1, 0
0x00BB	0x3001      	MOVLW      1
0x00BC	0x1D03      	BTFSS      STATUS, 2
0x00BD	0x3000      	MOVLW      0
0x00BE	0x00F0      	MOVWF      R0
0x00BF	0x0827      	MOVF       FARG_Button_active_state, 0
0x00C0	0x06F0      	XORWF      R0, 1
0x00C1	0x1903      	BTFSC      STATUS, 2
0x00C2	0x28C5      	GOTO       L_Button3
;__Lib_Button.c,22 :: 		
0x00C3	0x30FF      	MOVLW      255
0x00C4	0x00A9      	MOVWF      Button_rslt_L0
L_Button3:
;__Lib_Button.c,23 :: 		
L_Button0:
;__Lib_Button.c,25 :: 		
0x00C5	0x0829      	MOVF       Button_rslt_L0, 0
0x00C6	0x00F0      	MOVWF      R0
;__Lib_Button.c,26 :: 		
L_end_Button:
0x00C7	0x0008      	RETURN
; end of _Button
_main:
;programa11.c,1 :: 		void main( void )
;programa11.c,7 :: 		ANSEL=0X00;
0x00C8	0x1683      	BSF        STATUS, 5
0x00C9	0x1703      	BSF        STATUS, 6
0x00CA	0x0188      	CLRF       ANSEL
;programa11.c,8 :: 		TRISA=0b00101111;
0x00CB	0x302F      	MOVLW      47
0x00CC	0x1303      	BCF        STATUS, 6
0x00CD	0x0085      	MOVWF      TRISA
;programa11.c,9 :: 		ANSELH=0X00;
0x00CE	0x1703      	BSF        STATUS, 6
0x00CF	0x0189      	CLRF       ANSELH
;programa11.c,10 :: 		TRISE = 7;
0x00D0	0x3007      	MOVLW      7
0x00D1	0x1303      	BCF        STATUS, 6
0x00D2	0x0089      	MOVWF      TRISE
;programa11.c,11 :: 		TRISB = 0;
0x00D3	0x0186      	CLRF       TRISB
;programa11.c,12 :: 		PORTB = 0;
0x00D4	0x1283      	BCF        STATUS, 5
0x00D5	0x0186      	CLRF       PORTB
;programa11.c,14 :: 		I2C1_Init(100000);
0x00D6	0x300A      	MOVLW      10
0x00D7	0x1683      	BSF        STATUS, 5
0x00D8	0x0093      	MOVWF      SSPADD
0x00D9	0x205F      	CALL       _I2C1_Init
;programa11.c,15 :: 		while(1) //Bucle infinito.
L_main0:
0x00DA	0x1283      	BCF        STATUS, 5
;programa11.c,17 :: 		DIRECCION = (~PORTA)&0x0F; //Captura de la dirección.
0x00DB	0x0905      	COMF       PORTA, 0
0x00DC	0x00A2      	MOVWF      main_DIRECCION_L0
0x00DD	0x300F      	MOVLW      15
0x00DE	0x05A2      	ANDWF      main_DIRECCION_L0, 1
;programa11.c,19 :: 		I2C1_Start();
0x00DF	0x201C      	CALL       _I2C1_Start
;programa11.c,20 :: 		I2C1_Wr(0b10100000);
0x00E0	0x30A0      	MOVLW      160
0x00E1	0x1283      	BCF        STATUS, 5
0x00E2	0x1303      	BCF        STATUS, 6
0x00E3	0x00A4      	MOVWF      FARG_I2C1_Wr_data_
0x00E4	0x2049      	CALL       _I2C1_Wr
;programa11.c,21 :: 		I2C1_Wr(DIRECCION);
0x00E5	0x1283      	BCF        STATUS, 5
0x00E6	0x0822      	MOVF       main_DIRECCION_L0, 0
0x00E7	0x00A4      	MOVWF      FARG_I2C1_Wr_data_
0x00E8	0x2049      	CALL       _I2C1_Wr
;programa11.c,22 :: 		I2C1_Repeated_Start();
0x00E9	0x2088      	CALL       _I2C1_Repeated_Start
;programa11.c,23 :: 		I2C1_Wr(0b10100001);
0x00EA	0x30A1      	MOVLW      161
0x00EB	0x1283      	BCF        STATUS, 5
0x00EC	0x00A4      	MOVWF      FARG_I2C1_Wr_data_
0x00ED	0x2049      	CALL       _I2C1_Wr
;programa11.c,24 :: 		DATO=I2C1_Rd(0);
0x00EE	0x1283      	BCF        STATUS, 5
0x00EF	0x01A4      	CLRF       FARG_I2C1_Rd_ack
0x00F0	0x2069      	CALL       _I2C1_Rd
0x00F1	0x0870      	MOVF       R0, 0
0x00F2	0x00A3      	MOVWF      main_DATO_L0
;programa11.c,25 :: 		I2C1_Stop();
0x00F3	0x2045      	CALL       _I2C1_Stop
;programa11.c,27 :: 		PORTB = DATO;
0x00F4	0x1283      	BCF        STATUS, 5
0x00F5	0x0823      	MOVF       main_DATO_L0, 0
0x00F6	0x0086      	MOVWF      PORTB
;programa11.c,28 :: 		delay_ms(100); //Retardo de 100 ms para graficar.
0x00F7	0x3082      	MOVLW      130
0x00F8	0x00FC      	MOVWF      R12
0x00F9	0x30DD      	MOVLW      221
0x00FA	0x00FD      	MOVWF      R13
L_main2:
0x00FB	0x0BFD      	DECFSZ     R13, 1
0x00FC	0x28FB      	GOTO       L_main2
0x00FD	0x0BFC      	DECFSZ     R12, 1
0x00FE	0x28FB      	GOTO       L_main2
0x00FF	0x0000      	NOP
0x0100	0x0000      	NOP
;programa11.c,30 :: 		if( Button( &PORTA, 5, 10, 0) )
0x0101	0x3005      	MOVLW      PORTA
0x0102	0x00A4      	MOVWF      FARG_Button_port
0x0103	0x3005      	MOVLW      5
0x0104	0x00A5      	MOVWF      FARG_Button_pin
0x0105	0x300A      	MOVLW      10
0x0106	0x00A6      	MOVWF      FARG_Button_time_ms
0x0107	0x01A7      	CLRF       FARG_Button_active_state
0x0108	0x208F      	CALL       _Button
0x0109	0x0870      	MOVF       R0, 0
0x010A	0x1903      	BTFSC      STATUS, 2
0x010B	0x2926      	GOTO       L_main3
;programa11.c,32 :: 		DATO = ~PORTD; //Captura del valor del dato.
0x010C	0x0908      	COMF       PORTD, 0
0x010D	0x00A3      	MOVWF      main_DATO_L0
;programa11.c,34 :: 		I2C1_Start();
0x010E	0x201C      	CALL       _I2C1_Start
;programa11.c,35 :: 		I2C1_Wr(0b10100000);
0x010F	0x30A0      	MOVLW      160
0x0110	0x1283      	BCF        STATUS, 5
0x0111	0x1303      	BCF        STATUS, 6
0x0112	0x00A4      	MOVWF      FARG_I2C1_Wr_data_
0x0113	0x2049      	CALL       _I2C1_Wr
;programa11.c,36 :: 		I2C1_Wr(DIRECCION);
0x0114	0x1283      	BCF        STATUS, 5
0x0115	0x0822      	MOVF       main_DIRECCION_L0, 0
0x0116	0x00A4      	MOVWF      FARG_I2C1_Wr_data_
0x0117	0x2049      	CALL       _I2C1_Wr
;programa11.c,37 :: 		I2C1_Wr(DATO);
0x0118	0x1283      	BCF        STATUS, 5
0x0119	0x0823      	MOVF       main_DATO_L0, 0
0x011A	0x00A4      	MOVWF      FARG_I2C1_Wr_data_
0x011B	0x2049      	CALL       _I2C1_Wr
;programa11.c,38 :: 		I2C1_Stop();
0x011C	0x2045      	CALL       _I2C1_Stop
;programa11.c,40 :: 		delay_ms(50);
0x011D	0x3041      	MOVLW      65
0x011E	0x00FC      	MOVWF      R12
0x011F	0x30EE      	MOVLW      238
0x0120	0x00FD      	MOVWF      R13
L_main4:
0x0121	0x0BFD      	DECFSZ     R13, 1
0x0122	0x2921      	GOTO       L_main4
0x0123	0x0BFC      	DECFSZ     R12, 1
0x0124	0x2921      	GOTO       L_main4
0x0125	0x0000      	NOP
;programa11.c,41 :: 		}
L_main3:
;programa11.c,42 :: 		}
0x0126	0x28DA      	GOTO       L_main0
;programa11.c,43 :: 		}
L_end_main:
0x0127	0x2927      	GOTO       $+0
; end of _main
Symbol List:
//** Routines locations **
//ADDRESS    SIZE    PROCEDURE
//----------------------------------------------
0x0003       [9]    _Delay_500us
0x000C      [16]    _I2C1_Is_Idle
0x001C      [41]    _I2C1_Start
0x0045       [4]    _I2C1_Stop
0x0049      [22]    _I2C1_Wr
0x005F      [10]    _I2C1_Init
0x0069      [31]    _I2C1_Rd
0x0088       [7]    _I2C1_Repeated_Start
0x008F      [57]    _Button
0x00C8      [96]    _main
//** Variables locations ** 
//ADDRESS    SIZE    VARIABLE
//----------------------------------------------
0x0000       [1]    INDF
0x0003       [1]    STATUS
0x0004       [1]    FSR
0x0005       [1]    PORTA
0x0006       [1]    PORTB
0x0008       [1]    PORTD
0x000A       [1]    PCLATH
0x000C       [1]    PIR1
0x0013       [1]    SSPBUF
0x0014       [1]    SSPCON
0x0020       [2]    ___DoICPAddr
0x0022       [1]    main_DIRECCION_L0
0x0023       [1]    main_DATO_L0
0x0024       [2]    I2C1_Start_j_L0
0x0024       [1]    FARG_I2C1_Rd_ack
0x0024       [1]    FARG_I2C1_Wr_data_
0x0024       [1]    FARG_Button_port
0x0024       [4]    FARG_I2C1_Init_clock
0x0025       [1]    FARG_Button_pin
0x0026       [1]    FARG_Button_time_ms
0x0027       [1]    FARG_Button_active_state
0x0028       [1]    Button_pMask_L0
0x0029       [1]    Button_rslt_L0
0x0070       [1]    R0
0x0071       [1]    R1
0x0072       [1]    R2
0x0073       [1]    R3
0x0074       [1]    R4
0x0075       [1]    R5
0x0076       [1]    R6
0x0077       [1]    R7
0x0078       [1]    R8
0x0079       [1]    R9
0x007A       [1]    R10
0x007B       [1]    R11
0x007C       [1]    R12
0x007D       [1]    R13
0x007E       [1]    R14
0x007F       [1]    R15
0x0085       [1]    TRISA
0x0086       [1]    TRISB
0x0087       [0]    TRISC4_bit
0x0087       [0]    TRISC3_bit
0x0089       [1]    TRISE
0x0091       [1]    SSPCON2
0x0093       [1]    SSPADD
0x0094       [1]    SSPSTAT
0x0188       [1]    ANSEL
0x0189       [1]    ANSELH
//** Label List: ** 
//----------------------------------------------
  L_main0
  L_main1
  L_main2
  L_main3
  L_main4
  L_end_main
  _main
  L_Button0
  L_Button1
  L_Button2
  L_Button3
  L_end_Button
  _Button
  L__Button5
  L__Button6
  L_Delay_10us0
  L_Delay_22us1
  L_Delay_50us2
  L_Delay_80us3
  L_Delay_500us4
  L_Delay_5500us5
  L_Delay_1ms6
  L_Delay_5ms7
  L_Delay_8ms8
  L_Delay_10ms9
  L_Delay_100ms10
  L_Delay_1sec11
  L_boot16_Delay_5ms12
  L_Delay_Cyc13
  L_Delay_Cyc14
  L_VDelay_ms15
  L_VDelay_ms16
  L_VDelay_ms17
  L_VDelay_Advanced_ms18
  L_VDelay_Advanced_ms19
  L_VDelay_Advanced_ms20
  L_end_Get_Fosc_kHz
  _Get_Fosc_kHz
  L_end_Delay_1us
  _Delay_1us
  L_end_Delay_10us
  _Delay_10us
  L_end_Delay_22us
  _Delay_22us
  L_end_Delay_50us
  _Delay_50us
  L_end_Delay_80us
  _Delay_80us
  L_end_Delay_500us
  _Delay_500us
  L_end_Delay_5500us
  _Delay_5500us
  L_end_Delay_1ms
  _Delay_1ms
  L_end_Delay_5ms
  _Delay_5ms
  L_end_Delay_8ms
  _Delay_8ms
  L_end_Delay_10ms
  _Delay_10ms
  L_end_Delay_100ms
  _Delay_100ms
  L_end_Delay_1sec
  _Delay_1sec
  L_end_boot16_Delay_5ms
  _boot16_Delay_5ms
  L_end_Delay_Cyc
  _Delay_Cyc
  L_end_VDelay_ms
  _VDelay_ms
  L__VDelay_ms38
  L__VDelay_ms39
  L__VDelay_ms40
  L_end_VDelay_Advanced_ms
  _VDelay_Advanced_ms
  L__VDelay_Advanced_ms42
  L__VDelay_Advanced_ms43
  L__VDelay_Advanced_ms44
  L_I2C1_Is_Idle0
  L_I2C1_Is_Idle1
  L_I2C1_Start2
  L_I2C1_Start3
  L_I2C1_Start4
  L_I2C1_Start5
  L_I2C1_Start6
  L_I2C1_Start7
  L_I2C1_Start8
  L_I2C1_Start9
  L_I2C1_Repeated_Start10
  L_I2C1_Repeated_Start11
  L_I2C1_Rd12
  L_I2C1_Rd13
  L_I2C1_Rd14
  L_I2C1_Rd15
  L_I2C1_Rd16
  L_I2C1_Rd17
  L_I2C1_Wr18
  L_I2C1_Wr19
  L_I2C1_Wr20
  L_I2C1_Wr21
  L_I2C1_Wr22
  L_I2C1_Wr23
  L_end_I2C1_Init
  _I2C1_Init
  L_end_I2C1_Is_Idle
  _I2C1_Is_Idle
  L_end_I2C1_Start
  _I2C1_Start
  L__I2C1_Start27
  L__I2C1_Start28
  L_end_I2C1_Repeated_Start
  _I2C1_Repeated_Start
  L_end_I2C1_Rd
  _I2C1_Rd
  L_end_I2C1_Wr
  _I2C1_Wr
  L_end_I2C1_Stop
  _I2C1_Stop
