;  LST file generated by mikroListExporter - v.2.0 
; Date/Time: 17/05/2016 11:17:18
;----------------------------------------------

;Address Opcode 	ASM
0x0000	0xF004EF51  	GOTO        2210
0x0004	0x0000      	NOP
0x0006	0x0000      	NOP
0x0008	0xF000EF00  	GOTO        0
0x000C	0x0000      	NOP
0x000E	0x0000      	NOP
0x0010	0x0000      	NOP
0x0012	0x0000      	NOP
0x0014	0x0000      	NOP
0x0016	0x0000      	NOP
0x0018	0xD7F3      	BRA         0
_Div_16X16_U:
;__Lib_Math.c,102 :: 		
;__Lib_Math.c,109 :: 		
0x001C	0x6A08      	CLRF        R8, 0
;__Lib_Math.c,110 :: 		
0x001E	0x6A09      	CLRF        R9, 0
;__Lib_Math.c,111 :: 		
0x0020	0x0E10      	MOVLW       16
;__Lib_Math.c,112 :: 		
0x0022	0x6E0C      	MOVWF       R12, 0
;__Lib_Math.c,113 :: 		
0x0024	0x3401      	RLCF        R1, 0, 0
;__Lib_Math.c,114 :: 		
0x0026	0x3608      	RLCF        R8, 1, 0
;__Lib_Math.c,115 :: 		
0x0028	0x3609      	RLCF        R9, 1, 0
;__Lib_Math.c,116 :: 		
0x002A	0x5004      	MOVF        R4, 0, 0
;__Lib_Math.c,117 :: 		
0x002C	0x5E08      	SUBWF       R8, 1, 0
;__Lib_Math.c,118 :: 		
0x002E	0x5005      	MOVF        R5, 0, 0
;__Lib_Math.c,119 :: 		
0x0030	0xA0D8      	BTFSS       STATUS, 0, 0
;__Lib_Math.c,120 :: 		
0x0032	0x3C05      	INCFSZ      R5, 0, 0
;__Lib_Math.c,121 :: 		
0x0034	0x5E09      	SUBWF       R9, 1, 0
;__Lib_Math.c,122 :: 		
0x0036	0xB0D8      	BTFSC       STATUS, 0, 0
;__Lib_Math.c,123 :: 		
0x0038	0xD007      	BRA         $+16
;__Lib_Math.c,124 :: 		
0x003A	0x5004      	MOVF        R4, 0, 0
;__Lib_Math.c,125 :: 		
0x003C	0x2608      	ADDWF       R8, 1, 0
;__Lib_Math.c,126 :: 		
0x003E	0x5005      	MOVF        R5, 0, 0
;__Lib_Math.c,127 :: 		
0x0040	0xB0D8      	BTFSC       STATUS, 0, 0
;__Lib_Math.c,128 :: 		
0x0042	0x3C05      	INCFSZ      R5, 0, 0
;__Lib_Math.c,129 :: 		
0x0044	0x2609      	ADDWF       R9, 1, 0
;__Lib_Math.c,130 :: 		
0x0046	0x90D8      	BCF         STATUS, 0, 0
;__Lib_Math.c,131 :: 		
0x0048	0x3600      	RLCF        R0, 1, 0
;__Lib_Math.c,132 :: 		
0x004A	0x3601      	RLCF        R1, 1, 0
;__Lib_Math.c,133 :: 		
0x004C	0x2E0C      	DECFSZ      R12, 1, 0
;__Lib_Math.c,134 :: 		
0x004E	0xD7EA      	BRA         $-42
;__Lib_Math.c,136 :: 		
L_end_Div_16X16_U:
0x0050	0x0012      	RETURN      0
; end of _Div_16X16_U
_Delay_Cyc:
;__Lib_Delays.c,105 :: 		void Delay_Cyc(char cycles_div_by_10)  { // Cycles_div_by_10: min 3, max 255
;__Lib_Delays.c,106 :: 		--cycles_div_by_10;
0x0052	0x062E      	DECF        FARG_Delay_Cyc_cycles_div_by_10, 1 
;__Lib_Delays.c,107 :: 		--cycles_div_by_10;
0x0054	0x062E      	DECF        FARG_Delay_Cyc_cycles_div_by_10, 1 
;__Lib_Delays.c,108 :: 		while (cycles_div_by_10-- > 0) {
L_Delay_Cyc21:
0x0056	0xF001C02E  	MOVFF       FARG_Delay_Cyc_cycles_div_by_10, R1
0x005A	0x062E      	DECF        FARG_Delay_Cyc_cycles_div_by_10, 1 
0x005C	0x5001      	MOVF        R1, 0 
0x005E	0x0800      	SUBLW       0
0x0060	0xE203      	BC          L_Delay_Cyc22
;__Lib_Delays.c,110 :: 		NOP
0x0062	0x0000      	NOP
;__Lib_Delays.c,111 :: 		NOP
0x0064	0x0000      	NOP
;__Lib_Delays.c,113 :: 		}
0x0066	0xD7F7      	BRA         L_Delay_Cyc21
L_Delay_Cyc22:
;__Lib_Delays.c,115 :: 		NOP
0x0068	0x0000      	NOP
;__Lib_Delays.c,116 :: 		NOP
0x006A	0x0000      	NOP
;__Lib_Delays.c,117 :: 		NOP
0x006C	0x0000      	NOP
;__Lib_Delays.c,118 :: 		NOP
0x006E	0x0000      	NOP
;__Lib_Delays.c,119 :: 		NOP
0x0070	0x0000      	NOP
;__Lib_Delays.c,121 :: 		}
L_end_Delay_Cyc:
0x0072	0x0012      	RETURN      0
; end of _Delay_Cyc
_Div_32x32_U:
;__Lib_Math.c,1162 :: 		
;__Lib_Math.c,1173 :: 		
0x0074	0x6A0B      	CLRF        R11, 0
;__Lib_Math.c,1174 :: 		
0x0076	0x6A0A      	CLRF        R10, 0
;__Lib_Math.c,1175 :: 		
0x0078	0x6A09      	CLRF        R9, 0
;__Lib_Math.c,1176 :: 		
0x007A	0x6A08      	CLRF        R8, 0
;__Lib_Math.c,1178 :: 		
0x007C	0x6A0E      	CLRF        R14, 0
;__Lib_Math.c,1180 :: 		
0x007E	0x3403      	RLCF        R3, 0, 0
;__Lib_Math.c,1181 :: 		
0x0080	0x3608      	RLCF        R8, 1, 0
;__Lib_Math.c,1182 :: 		
0x0082	0x5004      	MOVF        R4, 0, 0
;__Lib_Math.c,1183 :: 		
0x0084	0x5E08      	SUBWF       R8, 1, 0
;__Lib_Math.c,1184 :: 		
0x0086	0x5005      	MOVF        R5, 0, 0
;__Lib_Math.c,1185 :: 		
0x0088	0xA0D8      	BTFSS       STATUS, 0, 0
;__Lib_Math.c,1186 :: 		
0x008A	0x3C05      	INCFSZ      R5, 0, 0
;__Lib_Math.c,1187 :: 		
0x008C	0x5E09      	SUBWF       R9, 1, 0
;__Lib_Math.c,1188 :: 		
0x008E	0x5006      	MOVF        R6, 0, 0
;__Lib_Math.c,1189 :: 		
0x0090	0xA0D8      	BTFSS       STATUS, 0, 0
;__Lib_Math.c,1190 :: 		
0x0092	0x3C06      	INCFSZ      R6, 0, 0
;__Lib_Math.c,1191 :: 		
0x0094	0x5E0A      	SUBWF       R10, 1, 0
;__Lib_Math.c,1192 :: 		
0x0096	0x5007      	MOVF        R7, 0, 0
;__Lib_Math.c,1193 :: 		
0x0098	0xA0D8      	BTFSS       STATUS, 0, 0
;__Lib_Math.c,1194 :: 		
0x009A	0x3C07      	INCFSZ      R7, 0, 0
;__Lib_Math.c,1195 :: 		
0x009C	0x5E0B      	SUBWF       R11, 1, 0
;__Lib_Math.c,1197 :: 		
0x009E	0x6AE8      	CLRF        WREG, 0
;__Lib_Math.c,1198 :: 		
0x00A0	0xA0D8      	BTFSS       STATUS, 0, 0
;__Lib_Math.c,1199 :: 		
0x00A2	0x0E01      	MOVLW       1
;__Lib_Math.c,1200 :: 		
0x00A4	0x5E0E      	SUBWF       R14, 1, 0
;__Lib_Math.c,1201 :: 		
0x00A6	0x3603      	RLCF        R3, 1, 0
;__Lib_Math.c,1203 :: 		
0x00A8	0x0E07      	MOVLW       7
;__Lib_Math.c,1204 :: 		
0x00AA	0x6E0C      	MOVWF       R12, 0
;__Lib_Math.c,1206 :: 		
LOOPU3232A:
;__Lib_Math.c,1207 :: 		
0x00AC	0x3403      	RLCF        R3, 0, 0
;__Lib_Math.c,1208 :: 		
0x00AE	0x3608      	RLCF        R8, 1, 0
;__Lib_Math.c,1209 :: 		
0x00B0	0x3609      	RLCF        R9, 1, 0
;__Lib_Math.c,1210 :: 		
0x00B2	0x360A      	RLCF        R10, 1, 0
;__Lib_Math.c,1211 :: 		
0x00B4	0x360B      	RLCF        R11, 1, 0
;__Lib_Math.c,1212 :: 		
0x00B6	0x360E      	RLCF        R14, 1, 0
;__Lib_Math.c,1213 :: 		
0x00B8	0x5004      	MOVF        R4, 0, 0
;__Lib_Math.c,1214 :: 		
0x00BA	0xA003      	BTFSS       R3, 0, 0
;__Lib_Math.c,1215 :: 		
0x00BC	0xD012      	BRA         UADD22LA
;__Lib_Math.c,1217 :: 		
0x00BE	0x5E08      	SUBWF       R8, 1, 0
;__Lib_Math.c,1218 :: 		
0x00C0	0x5005      	MOVF        R5, 0, 0
;__Lib_Math.c,1219 :: 		
0x00C2	0xA0D8      	BTFSS       STATUS, 0, 0
;__Lib_Math.c,1220 :: 		
0x00C4	0x3C05      	INCFSZ      R5, 0, 0
;__Lib_Math.c,1221 :: 		
0x00C6	0x5E09      	SUBWF       R9, 1, 0
;__Lib_Math.c,1222 :: 		
0x00C8	0x5006      	MOVF        R6, 0, 0
;__Lib_Math.c,1223 :: 		
0x00CA	0xA0D8      	BTFSS       STATUS, 0, 0
;__Lib_Math.c,1224 :: 		
0x00CC	0x3C06      	INCFSZ      R6, 0, 0
;__Lib_Math.c,1225 :: 		
0x00CE	0x5E0A      	SUBWF       R10, 1, 0
;__Lib_Math.c,1226 :: 		
0x00D0	0x5007      	MOVF        R7, 0, 0
;__Lib_Math.c,1227 :: 		
0x00D2	0xA0D8      	BTFSS       STATUS, 0, 0
;__Lib_Math.c,1228 :: 		
0x00D4	0x3C07      	INCFSZ      R7, 0, 0
;__Lib_Math.c,1229 :: 		
0x00D6	0x5E0B      	SUBWF       R11, 1, 0
;__Lib_Math.c,1230 :: 		
0x00D8	0x6AE8      	CLRF        WREG, 0
;__Lib_Math.c,1231 :: 		
0x00DA	0xA0D8      	BTFSS       STATUS, 0, 0
;__Lib_Math.c,1232 :: 		
0x00DC	0x0E01      	MOVLW       1
;__Lib_Math.c,1233 :: 		
0x00DE	0x5E0E      	SUBWF       R14, 1, 0
;__Lib_Math.c,1234 :: 		
0x00E0	0xD011      	BRA         UOK22LA
;__Lib_Math.c,1236 :: 		
UADD22LA:
;__Lib_Math.c,1237 :: 		
0x00E2	0x2608      	ADDWF       R8, 1, 0
;__Lib_Math.c,1238 :: 		
0x00E4	0x5005      	MOVF        R5, 0, 0
;__Lib_Math.c,1239 :: 		
0x00E6	0xB0D8      	BTFSC       STATUS, 0, 0
;__Lib_Math.c,1240 :: 		
0x00E8	0x3C05      	INCFSZ      R5, 0, 0
;__Lib_Math.c,1241 :: 		
0x00EA	0x2609      	ADDWF       R9, 1, 0
;__Lib_Math.c,1242 :: 		
0x00EC	0x5006      	MOVF        R6, 0, 0
;__Lib_Math.c,1243 :: 		
0x00EE	0xB0D8      	BTFSC       STATUS, 0, 0
;__Lib_Math.c,1244 :: 		
0x00F0	0x3C06      	INCFSZ      R6, 0, 0
;__Lib_Math.c,1245 :: 		
0x00F2	0x260A      	ADDWF       R10, 1, 0
;__Lib_Math.c,1246 :: 		
0x00F4	0x5007      	MOVF        R7, 0, 0
;__Lib_Math.c,1247 :: 		
0x00F6	0xB0D8      	BTFSC       STATUS, 0, 0
;__Lib_Math.c,1248 :: 		
0x00F8	0x3C07      	INCFSZ      R7, 0, 0
;__Lib_Math.c,1249 :: 		
0x00FA	0x260B      	ADDWF       R11, 1, 0
;__Lib_Math.c,1250 :: 		
0x00FC	0x6AE8      	CLRF        WREG, 0
;__Lib_Math.c,1251 :: 		
0x00FE	0xB0D8      	BTFSC       STATUS, 0, 0
;__Lib_Math.c,1252 :: 		
0x0100	0x0E01      	MOVLW       1
;__Lib_Math.c,1253 :: 		
0x0102	0x260E      	ADDWF       R14, 1, 0
;__Lib_Math.c,1255 :: 		
UOK22LA:
;__Lib_Math.c,1256 :: 		
0x0104	0x3603      	RLCF        R3, 1, 0
;__Lib_Math.c,1258 :: 		
0x0106	0x2E0C      	DECFSZ      R12, 1, 0
;__Lib_Math.c,1259 :: 		
0x0108	0xD7D1      	BRA         LOOPU3232A
;__Lib_Math.c,1261 :: 		
0x010A	0x3402      	RLCF        R2, 0, 0
;__Lib_Math.c,1262 :: 		
0x010C	0x3608      	RLCF        R8, 1, 0
;__Lib_Math.c,1263 :: 		
0x010E	0x3609      	RLCF        R9, 1, 0
;__Lib_Math.c,1264 :: 		
0x0110	0x360A      	RLCF        R10, 1, 0
;__Lib_Math.c,1265 :: 		
0x0112	0x360B      	RLCF        R11, 1, 0
;__Lib_Math.c,1266 :: 		
0x0114	0x360E      	RLCF        R14, 1, 0
;__Lib_Math.c,1267 :: 		
0x0116	0x5004      	MOVF        R4, 0, 0
;__Lib_Math.c,1268 :: 		
0x0118	0xA003      	BTFSS       R3, 0, 0
;__Lib_Math.c,1269 :: 		
0x011A	0xD012      	BRA         UADD22L8
;__Lib_Math.c,1271 :: 		
0x011C	0x5E08      	SUBWF       R8, 1, 0
;__Lib_Math.c,1272 :: 		
0x011E	0x5005      	MOVF        R5, 0, 0
;__Lib_Math.c,1273 :: 		
0x0120	0xA0D8      	BTFSS       STATUS, 0, 0
;__Lib_Math.c,1274 :: 		
0x0122	0x3C05      	INCFSZ      R5, 0, 0
;__Lib_Math.c,1275 :: 		
0x0124	0x5E09      	SUBWF       R9, 1, 0
;__Lib_Math.c,1276 :: 		
0x0126	0x5006      	MOVF        R6, 0, 0
;__Lib_Math.c,1277 :: 		
0x0128	0xA0D8      	BTFSS       STATUS, 0, 0
;__Lib_Math.c,1278 :: 		
0x012A	0x3C06      	INCFSZ      R6, 0, 0
;__Lib_Math.c,1279 :: 		
0x012C	0x5E0A      	SUBWF       R10, 1, 0
;__Lib_Math.c,1280 :: 		
0x012E	0x5007      	MOVF        R7, 0, 0
;__Lib_Math.c,1281 :: 		
0x0130	0xA0D8      	BTFSS       STATUS, 0, 0
;__Lib_Math.c,1282 :: 		
0x0132	0x3C07      	INCFSZ      R7, 0, 0
;__Lib_Math.c,1283 :: 		
0x0134	0x5E0B      	SUBWF       R11, 1, 0
;__Lib_Math.c,1284 :: 		
0x0136	0x6AE8      	CLRF        WREG, 0
;__Lib_Math.c,1285 :: 		
0x0138	0xA0D8      	BTFSS       STATUS, 0, 0
;__Lib_Math.c,1286 :: 		
0x013A	0x0E01      	MOVLW       1
;__Lib_Math.c,1287 :: 		
0x013C	0x5E0E      	SUBWF       R14, 1, 0
;__Lib_Math.c,1288 :: 		
0x013E	0xD011      	BRA         UOK22L8
;__Lib_Math.c,1290 :: 		
UADD22L8:
;__Lib_Math.c,1291 :: 		
0x0140	0x2608      	ADDWF       R8, 1, 0
;__Lib_Math.c,1292 :: 		
0x0142	0x5005      	MOVF        R5, 0, 0
;__Lib_Math.c,1293 :: 		
0x0144	0xB0D8      	BTFSC       STATUS, 0, 0
;__Lib_Math.c,1294 :: 		
0x0146	0x3C05      	INCFSZ      R5, 0, 0
;__Lib_Math.c,1295 :: 		
0x0148	0x2609      	ADDWF       R9, 1, 0
;__Lib_Math.c,1296 :: 		
0x014A	0x5006      	MOVF        R6, 0, 0
;__Lib_Math.c,1297 :: 		
0x014C	0xB0D8      	BTFSC       STATUS, 0, 0
;__Lib_Math.c,1298 :: 		
0x014E	0x3C06      	INCFSZ      R6, 0, 0
;__Lib_Math.c,1299 :: 		
0x0150	0x260A      	ADDWF       R10, 1, 0
;__Lib_Math.c,1300 :: 		
0x0152	0x5007      	MOVF        R7, 0, 0
;__Lib_Math.c,1301 :: 		
0x0154	0xB0D8      	BTFSC       STATUS, 0, 0
;__Lib_Math.c,1302 :: 		
0x0156	0x3C07      	INCFSZ      R7, 0, 0
;__Lib_Math.c,1303 :: 		
0x0158	0x260B      	ADDWF       R11, 1, 0
;__Lib_Math.c,1304 :: 		
0x015A	0x6AE8      	CLRF        WREG, 0
;__Lib_Math.c,1305 :: 		
0x015C	0xB0D8      	BTFSC       STATUS, 0, 0
;__Lib_Math.c,1306 :: 		
0x015E	0x0E01      	MOVLW       1
;__Lib_Math.c,1307 :: 		
0x0160	0x260E      	ADDWF       R14, 1, 0
;__Lib_Math.c,1309 :: 		
UOK22L8:
;__Lib_Math.c,1310 :: 		
0x0162	0x3602      	RLCF        R2, 1, 0
;__Lib_Math.c,1312 :: 		
0x0164	0x0E07      	MOVLW       7
;__Lib_Math.c,1313 :: 		
0x0166	0x6E0C      	MOVWF       R12, 0
;__Lib_Math.c,1315 :: 		
LOOPU3232B:
;__Lib_Math.c,1316 :: 		
0x0168	0x3402      	RLCF        R2, 0, 0
;__Lib_Math.c,1317 :: 		
0x016A	0x3608      	RLCF        R8, 1, 0
;__Lib_Math.c,1318 :: 		
0x016C	0x3609      	RLCF        R9, 1, 0
;__Lib_Math.c,1319 :: 		
0x016E	0x360A      	RLCF        R10, 1, 0
;__Lib_Math.c,1320 :: 		
0x0170	0x360B      	RLCF        R11, 1, 0
;__Lib_Math.c,1321 :: 		
0x0172	0x360E      	RLCF        R14, 1, 0
;__Lib_Math.c,1322 :: 		
0x0174	0x5004      	MOVF        R4, 0, 0
;__Lib_Math.c,1323 :: 		
0x0176	0xA002      	BTFSS       R2, 0, 0
;__Lib_Math.c,1324 :: 		
0x0178	0xD012      	BRA         UADD22LB
;__Lib_Math.c,1326 :: 		
0x017A	0x5E08      	SUBWF       R8, 1, 0
;__Lib_Math.c,1327 :: 		
0x017C	0x5005      	MOVF        R5, 0, 0
;__Lib_Math.c,1328 :: 		
0x017E	0xA0D8      	BTFSS       STATUS, 0, 0
;__Lib_Math.c,1329 :: 		
0x0180	0x3C05      	INCFSZ      R5, 0, 0
;__Lib_Math.c,1330 :: 		
0x0182	0x5E09      	SUBWF       R9, 1, 0
;__Lib_Math.c,1331 :: 		
0x0184	0x5006      	MOVF        R6, 0, 0
;__Lib_Math.c,1332 :: 		
0x0186	0xA0D8      	BTFSS       STATUS, 0, 0
;__Lib_Math.c,1333 :: 		
0x0188	0x3C06      	INCFSZ      R6, 0, 0
;__Lib_Math.c,1334 :: 		
0x018A	0x5E0A      	SUBWF       R10, 1, 0
;__Lib_Math.c,1335 :: 		
0x018C	0x5007      	MOVF        R7, 0, 0
;__Lib_Math.c,1336 :: 		
0x018E	0xA0D8      	BTFSS       STATUS, 0, 0
;__Lib_Math.c,1337 :: 		
0x0190	0x3C07      	INCFSZ      R7, 0, 0
;__Lib_Math.c,1338 :: 		
0x0192	0x5E0B      	SUBWF       R11, 1, 0
;__Lib_Math.c,1339 :: 		
0x0194	0x6AE8      	CLRF        WREG, 0
;__Lib_Math.c,1340 :: 		
0x0196	0xA0D8      	BTFSS       STATUS, 0, 0
;__Lib_Math.c,1341 :: 		
0x0198	0x0E01      	MOVLW       1
;__Lib_Math.c,1342 :: 		
0x019A	0x5E0E      	SUBWF       R14, 1, 0
;__Lib_Math.c,1343 :: 		
0x019C	0xD011      	BRA         UOK22LB
;__Lib_Math.c,1345 :: 		
UADD22LB:
;__Lib_Math.c,1346 :: 		
0x019E	0x2608      	ADDWF       R8, 1, 0
;__Lib_Math.c,1347 :: 		
0x01A0	0x5005      	MOVF        R5, 0, 0
;__Lib_Math.c,1348 :: 		
0x01A2	0xB0D8      	BTFSC       STATUS, 0, 0
;__Lib_Math.c,1349 :: 		
0x01A4	0x3C05      	INCFSZ      R5, 0, 0
;__Lib_Math.c,1350 :: 		
0x01A6	0x2609      	ADDWF       R9, 1, 0
;__Lib_Math.c,1351 :: 		
0x01A8	0x5006      	MOVF        R6, 0, 0
;__Lib_Math.c,1352 :: 		
0x01AA	0xB0D8      	BTFSC       STATUS, 0, 0
;__Lib_Math.c,1353 :: 		
0x01AC	0x3C06      	INCFSZ      R6, 0, 0
;__Lib_Math.c,1354 :: 		
0x01AE	0x260A      	ADDWF       R10, 1, 0
;__Lib_Math.c,1355 :: 		
0x01B0	0x5007      	MOVF        R7, 0, 0
;__Lib_Math.c,1356 :: 		
0x01B2	0xB0D8      	BTFSC       STATUS, 0, 0
;__Lib_Math.c,1357 :: 		
0x01B4	0x3C07      	INCFSZ      R7, 0, 0
;__Lib_Math.c,1358 :: 		
0x01B6	0x260B      	ADDWF       R11, 1, 0
;__Lib_Math.c,1359 :: 		
0x01B8	0x6AE8      	CLRF        WREG, 0
;__Lib_Math.c,1360 :: 		
0x01BA	0xB0D8      	BTFSC       STATUS, 0, 0
;__Lib_Math.c,1361 :: 		
0x01BC	0x0E01      	MOVLW       1
;__Lib_Math.c,1362 :: 		
0x01BE	0x260E      	ADDWF       R14, 1, 0
;__Lib_Math.c,1364 :: 		
UOK22LB:
;__Lib_Math.c,1365 :: 		
0x01C0	0x3602      	RLCF        R2, 1, 0
;__Lib_Math.c,1367 :: 		
0x01C2	0x2E0C      	DECFSZ      R12, 1, 0
;__Lib_Math.c,1368 :: 		
0x01C4	0xD7D1      	BRA         LOOPU3232B
;__Lib_Math.c,1370 :: 		
0x01C6	0x3401      	RLCF        R1, 0, 0
;__Lib_Math.c,1371 :: 		
0x01C8	0x3608      	RLCF        R8, 1, 0
;__Lib_Math.c,1372 :: 		
0x01CA	0x3609      	RLCF        R9, 1, 0
;__Lib_Math.c,1373 :: 		
0x01CC	0x360A      	RLCF        R10, 1, 0
;__Lib_Math.c,1374 :: 		
0x01CE	0x360B      	RLCF        R11, 1, 0
;__Lib_Math.c,1375 :: 		
0x01D0	0x360E      	RLCF        R14, 1, 0
;__Lib_Math.c,1376 :: 		
0x01D2	0x5004      	MOVF        R4, 0, 0
;__Lib_Math.c,1377 :: 		
0x01D4	0xA002      	BTFSS       R2, 0, 0
;__Lib_Math.c,1378 :: 		
0x01D6	0xD012      	BRA         UADD22L16
;__Lib_Math.c,1380 :: 		
0x01D8	0x5E08      	SUBWF       R8, 1, 0
;__Lib_Math.c,1381 :: 		
0x01DA	0x5005      	MOVF        R5, 0, 0
;__Lib_Math.c,1382 :: 		
0x01DC	0xA0D8      	BTFSS       STATUS, 0, 0
;__Lib_Math.c,1383 :: 		
0x01DE	0x3C05      	INCFSZ      R5, 0, 0
;__Lib_Math.c,1384 :: 		
0x01E0	0x5E09      	SUBWF       R9, 1, 0
;__Lib_Math.c,1385 :: 		
0x01E2	0x5006      	MOVF        R6, 0, 0
;__Lib_Math.c,1386 :: 		
0x01E4	0xA0D8      	BTFSS       STATUS, 0, 0
;__Lib_Math.c,1387 :: 		
0x01E6	0x3C06      	INCFSZ      R6, 0, 0
;__Lib_Math.c,1388 :: 		
0x01E8	0x5E0A      	SUBWF       R10, 1, 0
;__Lib_Math.c,1389 :: 		
0x01EA	0x5007      	MOVF        R7, 0, 0
;__Lib_Math.c,1390 :: 		
0x01EC	0xA0D8      	BTFSS       STATUS, 0, 0
;__Lib_Math.c,1391 :: 		
0x01EE	0x3C07      	INCFSZ      R7, 0, 0
;__Lib_Math.c,1392 :: 		
0x01F0	0x5E0B      	SUBWF       R11, 1, 0
;__Lib_Math.c,1393 :: 		
0x01F2	0x6AE8      	CLRF        WREG, 0
;__Lib_Math.c,1394 :: 		
0x01F4	0xA0D8      	BTFSS       STATUS, 0, 0
;__Lib_Math.c,1395 :: 		
0x01F6	0x0E01      	MOVLW       1
;__Lib_Math.c,1396 :: 		
0x01F8	0x5E0E      	SUBWF       R14, 1, 0
;__Lib_Math.c,1397 :: 		
0x01FA	0xD011      	BRA         UOK22L16
;__Lib_Math.c,1399 :: 		
UADD22L16:
;__Lib_Math.c,1400 :: 		
0x01FC	0x2608      	ADDWF       R8, 1, 0
;__Lib_Math.c,1401 :: 		
0x01FE	0x5005      	MOVF        R5, 0, 0
;__Lib_Math.c,1402 :: 		
0x0200	0xB0D8      	BTFSC       STATUS, 0, 0
;__Lib_Math.c,1403 :: 		
0x0202	0x3C05      	INCFSZ      R5, 0, 0
;__Lib_Math.c,1404 :: 		
0x0204	0x2609      	ADDWF       R9, 1, 0
;__Lib_Math.c,1405 :: 		
0x0206	0x5006      	MOVF        R6, 0, 0
;__Lib_Math.c,1406 :: 		
0x0208	0xB0D8      	BTFSC       STATUS, 0, 0
;__Lib_Math.c,1407 :: 		
0x020A	0x3C06      	INCFSZ      R6, 0, 0
;__Lib_Math.c,1408 :: 		
0x020C	0x260A      	ADDWF       R10, 1, 0
;__Lib_Math.c,1409 :: 		
0x020E	0x5007      	MOVF        R7, 0, 0
;__Lib_Math.c,1410 :: 		
0x0210	0xB0D8      	BTFSC       STATUS, 0, 0
;__Lib_Math.c,1411 :: 		
0x0212	0x3C07      	INCFSZ      R7, 0, 0
;__Lib_Math.c,1412 :: 		
0x0214	0x260B      	ADDWF       R11, 1, 0
;__Lib_Math.c,1413 :: 		
0x0216	0x6AE8      	CLRF        WREG, 0
;__Lib_Math.c,1414 :: 		
0x0218	0xB0D8      	BTFSC       STATUS, 0, 0
;__Lib_Math.c,1415 :: 		
0x021A	0x0E01      	MOVLW       1
;__Lib_Math.c,1416 :: 		
0x021C	0x260E      	ADDWF       R14, 1, 0
;__Lib_Math.c,1418 :: 		
UOK22L16:
;__Lib_Math.c,1419 :: 		
0x021E	0x3601      	RLCF        R1, 1, 0
;__Lib_Math.c,1421 :: 		
0x0220	0x0E07      	MOVLW       7
;__Lib_Math.c,1422 :: 		
0x0222	0x6E0C      	MOVWF       R12, 0
;__Lib_Math.c,1424 :: 		
LOOPU3232C:
;__Lib_Math.c,1425 :: 		
0x0224	0x3401      	RLCF        R1, 0, 0
;__Lib_Math.c,1426 :: 		
0x0226	0x3608      	RLCF        R8, 1, 0
;__Lib_Math.c,1427 :: 		
0x0228	0x3609      	RLCF        R9, 1, 0
;__Lib_Math.c,1428 :: 		
0x022A	0x360A      	RLCF        R10, 1, 0
;__Lib_Math.c,1429 :: 		
0x022C	0x360B      	RLCF        R11, 1, 0
;__Lib_Math.c,1430 :: 		
0x022E	0x360E      	RLCF        R14, 1, 0
;__Lib_Math.c,1431 :: 		
0x0230	0x5004      	MOVF        R4, 0, 0
;__Lib_Math.c,1432 :: 		
0x0232	0xA001      	BTFSS       R1, 0, 0
;__Lib_Math.c,1433 :: 		
0x0234	0xD012      	BRA         UADD22LC
;__Lib_Math.c,1435 :: 		
0x0236	0x5E08      	SUBWF       R8, 1, 0
;__Lib_Math.c,1436 :: 		
0x0238	0x5005      	MOVF        R5, 0, 0
;__Lib_Math.c,1437 :: 		
0x023A	0xA0D8      	BTFSS       STATUS, 0, 0
;__Lib_Math.c,1438 :: 		
0x023C	0x3C05      	INCFSZ      R5, 0, 0
;__Lib_Math.c,1439 :: 		
0x023E	0x5E09      	SUBWF       R9, 1, 0
;__Lib_Math.c,1440 :: 		
0x0240	0x5006      	MOVF        R6, 0, 0
;__Lib_Math.c,1441 :: 		
0x0242	0xA0D8      	BTFSS       STATUS, 0, 0
;__Lib_Math.c,1442 :: 		
0x0244	0x3C06      	INCFSZ      R6, 0, 0
;__Lib_Math.c,1443 :: 		
0x0246	0x5E0A      	SUBWF       R10, 1, 0
;__Lib_Math.c,1444 :: 		
0x0248	0x5007      	MOVF        R7, 0, 0
;__Lib_Math.c,1445 :: 		
0x024A	0xA0D8      	BTFSS       STATUS, 0, 0
;__Lib_Math.c,1446 :: 		
0x024C	0x3C07      	INCFSZ      R7, 0, 0
;__Lib_Math.c,1447 :: 		
0x024E	0x5E0B      	SUBWF       R11, 1, 0
;__Lib_Math.c,1448 :: 		
0x0250	0x6AE8      	CLRF        WREG, 0
;__Lib_Math.c,1449 :: 		
0x0252	0xA0D8      	BTFSS       STATUS, 0, 0
;__Lib_Math.c,1450 :: 		
0x0254	0x0E01      	MOVLW       1
;__Lib_Math.c,1451 :: 		
0x0256	0x5E0E      	SUBWF       R14, 1, 0
;__Lib_Math.c,1452 :: 		
0x0258	0xD011      	BRA         UOK22LC
;__Lib_Math.c,1454 :: 		
UADD22LC:
;__Lib_Math.c,1455 :: 		
0x025A	0x2608      	ADDWF       R8, 1, 0
;__Lib_Math.c,1456 :: 		
0x025C	0x5005      	MOVF        R5, 0, 0
;__Lib_Math.c,1457 :: 		
0x025E	0xB0D8      	BTFSC       STATUS, 0, 0
;__Lib_Math.c,1458 :: 		
0x0260	0x3C05      	INCFSZ      R5, 0, 0
;__Lib_Math.c,1459 :: 		
0x0262	0x2609      	ADDWF       R9, 1, 0
;__Lib_Math.c,1460 :: 		
0x0264	0x5006      	MOVF        R6, 0, 0
;__Lib_Math.c,1461 :: 		
0x0266	0xB0D8      	BTFSC       STATUS, 0, 0
;__Lib_Math.c,1462 :: 		
0x0268	0x3C06      	INCFSZ      R6, 0, 0
;__Lib_Math.c,1463 :: 		
0x026A	0x260A      	ADDWF       R10, 1, 0
;__Lib_Math.c,1464 :: 		
0x026C	0x5007      	MOVF        R7, 0, 0
;__Lib_Math.c,1465 :: 		
0x026E	0xB0D8      	BTFSC       STATUS, 0, 0
;__Lib_Math.c,1466 :: 		
0x0270	0x3C07      	INCFSZ      R7, 0, 0
;__Lib_Math.c,1467 :: 		
0x0272	0x260B      	ADDWF       R11, 1, 0
;__Lib_Math.c,1468 :: 		
0x0274	0x6AE8      	CLRF        WREG, 0
;__Lib_Math.c,1469 :: 		
0x0276	0xB0D8      	BTFSC       STATUS, 0, 0
;__Lib_Math.c,1470 :: 		
0x0278	0x0E01      	MOVLW       1
;__Lib_Math.c,1471 :: 		
0x027A	0x260E      	ADDWF       R14, 1, 0
;__Lib_Math.c,1473 :: 		
UOK22LC:
;__Lib_Math.c,1474 :: 		
0x027C	0x3601      	RLCF        R1, 1, 0
;__Lib_Math.c,1476 :: 		
0x027E	0x2E0C      	DECFSZ      R12, 1, 0
;__Lib_Math.c,1477 :: 		
0x0280	0xD7D1      	BRA         LOOPU3232C
;__Lib_Math.c,1479 :: 		
0x0282	0x3400      	RLCF        R0, 0, 0
;__Lib_Math.c,1480 :: 		
0x0284	0x3608      	RLCF        R8, 1, 0
;__Lib_Math.c,1481 :: 		
0x0286	0x3609      	RLCF        R9, 1, 0
;__Lib_Math.c,1482 :: 		
0x0288	0x360A      	RLCF        R10, 1, 0
;__Lib_Math.c,1483 :: 		
0x028A	0x360B      	RLCF        R11, 1, 0
;__Lib_Math.c,1484 :: 		
0x028C	0x360E      	RLCF        R14, 1, 0
;__Lib_Math.c,1485 :: 		
0x028E	0x5004      	MOVF        R4, 0, 0
;__Lib_Math.c,1486 :: 		
0x0290	0xA001      	BTFSS       R1, 0, 0
;__Lib_Math.c,1487 :: 		
0x0292	0xD012      	BRA         UADD22L24
;__Lib_Math.c,1489 :: 		
0x0294	0x5E08      	SUBWF       R8, 1, 0
;__Lib_Math.c,1490 :: 		
0x0296	0x5005      	MOVF        R5, 0, 0
;__Lib_Math.c,1491 :: 		
0x0298	0xA0D8      	BTFSS       STATUS, 0, 0
;__Lib_Math.c,1492 :: 		
0x029A	0x3C05      	INCFSZ      R5, 0, 0
;__Lib_Math.c,1493 :: 		
0x029C	0x5E09      	SUBWF       R9, 1, 0
;__Lib_Math.c,1494 :: 		
0x029E	0x5006      	MOVF        R6, 0, 0
;__Lib_Math.c,1495 :: 		
0x02A0	0xA0D8      	BTFSS       STATUS, 0, 0
;__Lib_Math.c,1496 :: 		
0x02A2	0x3C06      	INCFSZ      R6, 0, 0
;__Lib_Math.c,1497 :: 		
0x02A4	0x5E0A      	SUBWF       R10, 1, 0
;__Lib_Math.c,1498 :: 		
0x02A6	0x5007      	MOVF        R7, 0, 0
;__Lib_Math.c,1499 :: 		
0x02A8	0xA0D8      	BTFSS       STATUS, 0, 0
;__Lib_Math.c,1500 :: 		
0x02AA	0x3C07      	INCFSZ      R7, 0, 0
;__Lib_Math.c,1501 :: 		
0x02AC	0x5E0B      	SUBWF       R11, 1, 0
;__Lib_Math.c,1502 :: 		
0x02AE	0x6AE8      	CLRF        WREG, 0
;__Lib_Math.c,1503 :: 		
0x02B0	0xA0D8      	BTFSS       STATUS, 0, 0
;__Lib_Math.c,1504 :: 		
0x02B2	0x0E01      	MOVLW       1
;__Lib_Math.c,1505 :: 		
0x02B4	0x5E0E      	SUBWF       R14, 1, 0
;__Lib_Math.c,1506 :: 		
0x02B6	0xD011      	BRA         UOK22L24
;__Lib_Math.c,1508 :: 		
UADD22L24:
;__Lib_Math.c,1509 :: 		
0x02B8	0x2608      	ADDWF       R8, 1, 0
;__Lib_Math.c,1510 :: 		
0x02BA	0x5005      	MOVF        R5, 0, 0
;__Lib_Math.c,1511 :: 		
0x02BC	0xB0D8      	BTFSC       STATUS, 0, 0
;__Lib_Math.c,1512 :: 		
0x02BE	0x3C05      	INCFSZ      R5, 0, 0
;__Lib_Math.c,1513 :: 		
0x02C0	0x2609      	ADDWF       R9, 1, 0
;__Lib_Math.c,1514 :: 		
0x02C2	0x5006      	MOVF        R6, 0, 0
;__Lib_Math.c,1515 :: 		
0x02C4	0xB0D8      	BTFSC       STATUS, 0, 0
;__Lib_Math.c,1516 :: 		
0x02C6	0x3C06      	INCFSZ      R6, 0, 0
;__Lib_Math.c,1517 :: 		
0x02C8	0x260A      	ADDWF       R10, 1, 0
;__Lib_Math.c,1518 :: 		
0x02CA	0x5007      	MOVF        R7, 0, 0
;__Lib_Math.c,1519 :: 		
0x02CC	0xB0D8      	BTFSC       STATUS, 0, 0
;__Lib_Math.c,1520 :: 		
0x02CE	0x3C07      	INCFSZ      R7, 0, 0
;__Lib_Math.c,1521 :: 		
0x02D0	0x260B      	ADDWF       R11, 1, 0
;__Lib_Math.c,1522 :: 		
0x02D2	0x6AE8      	CLRF        WREG, 0
;__Lib_Math.c,1523 :: 		
0x02D4	0xB0D8      	BTFSC       STATUS, 0, 0
;__Lib_Math.c,1524 :: 		
0x02D6	0x0E01      	MOVLW       1
;__Lib_Math.c,1525 :: 		
0x02D8	0x260E      	ADDWF       R14, 1, 0
;__Lib_Math.c,1527 :: 		
UOK22L24:
;__Lib_Math.c,1528 :: 		
0x02DA	0x3600      	RLCF        R0, 1, 0
;__Lib_Math.c,1530 :: 		
0x02DC	0x0E07      	MOVLW       7
;__Lib_Math.c,1531 :: 		
0x02DE	0x6E0C      	MOVWF       R12, 0
;__Lib_Math.c,1533 :: 		
LOOPU3232D:
;__Lib_Math.c,1534 :: 		
0x02E0	0x3400      	RLCF        R0, 0, 0
;__Lib_Math.c,1535 :: 		
0x02E2	0x3608      	RLCF        R8, 1, 0
;__Lib_Math.c,1536 :: 		
0x02E4	0x3609      	RLCF        R9, 1, 0
;__Lib_Math.c,1537 :: 		
0x02E6	0x360A      	RLCF        R10, 1, 0
;__Lib_Math.c,1538 :: 		
0x02E8	0x360B      	RLCF        R11, 1, 0
;__Lib_Math.c,1539 :: 		
0x02EA	0x360E      	RLCF        R14, 1, 0
;__Lib_Math.c,1540 :: 		
0x02EC	0x5004      	MOVF        R4, 0, 0
;__Lib_Math.c,1541 :: 		
0x02EE	0xA000      	BTFSS       R0, 0, 0
;__Lib_Math.c,1542 :: 		
0x02F0	0xD012      	BRA         UADD22LD
;__Lib_Math.c,1544 :: 		
0x02F2	0x5E08      	SUBWF       R8, 1, 0
;__Lib_Math.c,1545 :: 		
0x02F4	0x5005      	MOVF        R5, 0, 0
;__Lib_Math.c,1546 :: 		
0x02F6	0xA0D8      	BTFSS       STATUS, 0, 0
;__Lib_Math.c,1547 :: 		
0x02F8	0x3C05      	INCFSZ      R5, 0, 0
;__Lib_Math.c,1548 :: 		
0x02FA	0x5E09      	SUBWF       R9, 1, 0
;__Lib_Math.c,1549 :: 		
0x02FC	0x5006      	MOVF        R6, 0, 0
;__Lib_Math.c,1550 :: 		
0x02FE	0xA0D8      	BTFSS       STATUS, 0, 0
;__Lib_Math.c,1551 :: 		
0x0300	0x3C06      	INCFSZ      R6, 0, 0
;__Lib_Math.c,1552 :: 		
0x0302	0x5E0A      	SUBWF       R10, 1, 0
;__Lib_Math.c,1553 :: 		
0x0304	0x5007      	MOVF        R7, 0, 0
;__Lib_Math.c,1554 :: 		
0x0306	0xA0D8      	BTFSS       STATUS, 0, 0
;__Lib_Math.c,1555 :: 		
0x0308	0x3C07      	INCFSZ      R7, 0, 0
;__Lib_Math.c,1556 :: 		
0x030A	0x5E0B      	SUBWF       R11, 1, 0
;__Lib_Math.c,1557 :: 		
0x030C	0x6AE8      	CLRF        WREG, 0
;__Lib_Math.c,1558 :: 		
0x030E	0xA0D8      	BTFSS       STATUS, 0, 0
;__Lib_Math.c,1559 :: 		
0x0310	0x0E01      	MOVLW       1
;__Lib_Math.c,1560 :: 		
0x0312	0x5E0E      	SUBWF       R14, 1, 0
;__Lib_Math.c,1561 :: 		
0x0314	0xD011      	BRA         UOK22LD
;__Lib_Math.c,1563 :: 		
UADD22LD:
;__Lib_Math.c,1564 :: 		
0x0316	0x2608      	ADDWF       R8, 1, 0
;__Lib_Math.c,1565 :: 		
0x0318	0x5005      	MOVF        R5, 0, 0
;__Lib_Math.c,1566 :: 		
0x031A	0xB0D8      	BTFSC       STATUS, 0, 0
;__Lib_Math.c,1567 :: 		
0x031C	0x3C05      	INCFSZ      R5, 0, 0
;__Lib_Math.c,1568 :: 		
0x031E	0x2609      	ADDWF       R9, 1, 0
;__Lib_Math.c,1569 :: 		
0x0320	0x5006      	MOVF        R6, 0, 0
;__Lib_Math.c,1570 :: 		
0x0322	0xB0D8      	BTFSC       STATUS, 0, 0
;__Lib_Math.c,1571 :: 		
0x0324	0x3C06      	INCFSZ      R6, 0, 0
;__Lib_Math.c,1572 :: 		
0x0326	0x260A      	ADDWF       R10, 1, 0
;__Lib_Math.c,1573 :: 		
0x0328	0x5007      	MOVF        R7, 0, 0
;__Lib_Math.c,1574 :: 		
0x032A	0xB0D8      	BTFSC       STATUS, 0, 0
;__Lib_Math.c,1575 :: 		
0x032C	0x3C07      	INCFSZ      R7, 0, 0
;__Lib_Math.c,1576 :: 		
0x032E	0x260B      	ADDWF       R11, 1, 0
;__Lib_Math.c,1577 :: 		
0x0330	0x6AE8      	CLRF        WREG, 0
;__Lib_Math.c,1578 :: 		
0x0332	0xB0D8      	BTFSC       STATUS, 0, 0
;__Lib_Math.c,1579 :: 		
0x0334	0x0E01      	MOVLW       1
;__Lib_Math.c,1580 :: 		
0x0336	0x260E      	ADDWF       R14, 1, 0
;__Lib_Math.c,1582 :: 		
UOK22LD:
;__Lib_Math.c,1583 :: 		
0x0338	0x3600      	RLCF        R0, 1, 0
;__Lib_Math.c,1585 :: 		
0x033A	0x2E0C      	DECFSZ      R12, 1, 0
;__Lib_Math.c,1586 :: 		
0x033C	0xD7D1      	BRA         LOOPU3232D
;__Lib_Math.c,1588 :: 		
0x033E	0xB000      	BTFSC       R0, 0, 0
;__Lib_Math.c,1589 :: 		
0x0340	0xD00E      	BRA         UOK22L
;__Lib_Math.c,1590 :: 		
0x0342	0x5004      	MOVF        R4, 0, 0
;__Lib_Math.c,1591 :: 		
0x0344	0x2608      	ADDWF       R8, 1, 0
;__Lib_Math.c,1592 :: 		
0x0346	0x5005      	MOVF        R5, 0, 0
;__Lib_Math.c,1593 :: 		
0x0348	0xB0D8      	BTFSC       STATUS, 0, 0
;__Lib_Math.c,1594 :: 		
0x034A	0x3C05      	INCFSZ      R5, 0, 0
;__Lib_Math.c,1595 :: 		
0x034C	0x2609      	ADDWF       R9, 1, 0
;__Lib_Math.c,1596 :: 		
0x034E	0x5006      	MOVF        R6, 0, 0
;__Lib_Math.c,1597 :: 		
0x0350	0xB0D8      	BTFSC       STATUS, 0, 0
;__Lib_Math.c,1598 :: 		
0x0352	0x3C06      	INCFSZ      R6, 0, 0
;__Lib_Math.c,1599 :: 		
0x0354	0x260A      	ADDWF       R10, 1, 0
;__Lib_Math.c,1600 :: 		
0x0356	0x5007      	MOVF        R7, 0, 0
;__Lib_Math.c,1601 :: 		
0x0358	0xB0D8      	BTFSC       STATUS, 0, 0
;__Lib_Math.c,1602 :: 		
0x035A	0x3C07      	INCFSZ      R7, 0, 0
;__Lib_Math.c,1603 :: 		
0x035C	0x260B      	ADDWF       R11, 1, 0
;__Lib_Math.c,1605 :: 		
UOK22L:
;__Lib_Math.c,1607 :: 		
L_end_Div_32x32_U:
0x035E	0x0012      	RETURN      0
; end of _Div_32x32_U
_Get_Fosc_kHz:
;__Lib_Delays.c,1 :: 		unsigned long Get_Fosc_kHz(){
;__Lib_Delays.c,3 :: 		return Clock_kHz();
0x0360	0x0E40      	MOVLW       64
0x0362	0x6E00      	MOVWF       R0 
0x0364	0x0E1F      	MOVLW       31
0x0366	0x6E01      	MOVWF       R1 
0x0368	0x0E00      	MOVLW       0
0x036A	0x6E02      	MOVWF       R2 
0x036C	0x6E03      	MOVWF       R3 
;__Lib_Delays.c,5 :: 		}
L_end_Get_Fosc_kHz:
0x036E	0x0012      	RETURN      0
; end of _Get_Fosc_kHz
_Mul_32x32_U:
;__Lib_Math.c,1616 :: 		
;__Lib_Math.c,1631 :: 		
0x0370	0x0E22      	MOVLW       34
;__Lib_Math.c,1632 :: 		
0x0372	0x6E0C      	MOVWF       R12, 0
;__Lib_Math.c,1633 :: 		
0x0374	0x6A08      	CLRF        R8, 0
;__Lib_Math.c,1634 :: 		
0x0376	0x6A09      	CLRF        R9, 0
;__Lib_Math.c,1635 :: 		
0x0378	0x6A0A      	CLRF        R10, 0
;__Lib_Math.c,1636 :: 		
0x037A	0x6A0B      	CLRF        R11, 0
;__Lib_Math.c,1638 :: 		
_NEXT:
;__Lib_Math.c,1642 :: 		
0x037C	0x060C      	DECF        R12, 1, 0
;__Lib_Math.c,1643 :: 		
0x037E	0xB4D8      	BTFSC       STATUS, 2, 0
;__Lib_Math.c,1644 :: 		
0x0380	0xD01F      	BRA         _EXIT2
;__Lib_Math.c,1645 :: 		
0x0382	0x90D8      	BCF         STATUS, 0, 0
;__Lib_Math.c,1647 :: 		
_LOOP:
;__Lib_Math.c,1656 :: 		
0x0384	0x320B      	RRCF        R11, 1, 0
;__Lib_Math.c,1657 :: 		
0x0386	0x320A      	RRCF        R10, 1, 0
;__Lib_Math.c,1658 :: 		
0x0388	0x3209      	RRCF        R9, 1, 0
;__Lib_Math.c,1659 :: 		
0x038A	0x3208      	RRCF        R8, 1, 0
;__Lib_Math.c,1660 :: 		
0x038C	0x3203      	RRCF        R3, 1, 0
;__Lib_Math.c,1661 :: 		
0x038E	0x3202      	RRCF        R2, 1, 0
;__Lib_Math.c,1662 :: 		
0x0390	0x3201      	RRCF        R1, 1, 0
;__Lib_Math.c,1663 :: 		
0x0392	0x3200      	RRCF        R0, 1, 0
;__Lib_Math.c,1668 :: 		
0x0394	0xA0D8      	BTFSS       STATUS, 0, 0
;__Lib_Math.c,1669 :: 		
0x0396	0xD7F2      	BRA         _NEXT
;__Lib_Math.c,1670 :: 		
0x0398	0x060C      	DECF        R12, 1, 0
;__Lib_Math.c,1671 :: 		
0x039A	0xB4D8      	BTFSC       STATUS, 2, 0
;__Lib_Math.c,1672 :: 		
0x039C	0xD009      	BRA         _EXIT1
;__Lib_Math.c,1679 :: 		
0x039E	0x5004      	MOVF        R4, 0, 0
;__Lib_Math.c,1680 :: 		
0x03A0	0x2608      	ADDWF       R8, 1, 0
;__Lib_Math.c,1681 :: 		
0x03A2	0x5005      	MOVF        R5, 0, 0
;__Lib_Math.c,1684 :: 		
0x03A4	0x2209      	ADDWFC      R9, 1, 0
;__Lib_Math.c,1685 :: 		
0x03A6	0x5006      	MOVF        R6, 0, 0
;__Lib_Math.c,1688 :: 		
0x03A8	0x220A      	ADDWFC      R10, 1, 0
;__Lib_Math.c,1689 :: 		
0x03AA	0x5007      	MOVF        R7, 0, 0
;__Lib_Math.c,1692 :: 		
0x03AC	0x220B      	ADDWFC      R11, 1, 0
;__Lib_Math.c,1694 :: 		
0x03AE	0xD7EA      	BRA         _LOOP
;__Lib_Math.c,1696 :: 		
_EXIT1:
;__Lib_Math.c,1701 :: 		
0x03B0	0x5004      	MOVF        R4, 0, 0
;__Lib_Math.c,1702 :: 		
0x03B2	0x2608      	ADDWF       R8, 1, 0
;__Lib_Math.c,1703 :: 		
0x03B4	0x5005      	MOVF        R5, 0, 0
;__Lib_Math.c,1706 :: 		
0x03B6	0x2209      	ADDWFC      R9, 1, 0
;__Lib_Math.c,1707 :: 		
0x03B8	0x5006      	MOVF        R6, 0, 0
;__Lib_Math.c,1710 :: 		
0x03BA	0x220A      	ADDWFC      R10, 1, 0
;__Lib_Math.c,1711 :: 		
0x03BC	0x5007      	MOVF        R7, 0, 0
;__Lib_Math.c,1714 :: 		
0x03BE	0x220B      	ADDWFC      R11, 1, 0
;__Lib_Math.c,1717 :: 		
_EXIT2:
;__Lib_Math.c,1719 :: 		
L_end_Mul_32x32_U:
0x03C0	0x0012      	RETURN      0
; end of _Mul_32x32_U
_Sound_Play:
;__Lib_Sound.c,26 :: 		
;__Lib_Sound.c,30 :: 		
0x03C2	0xDFCE      	RCALL       _Get_Fosc_kHz
0x03C4	0x0EE8      	MOVLW       232
0x03C6	0x6E04      	MOVWF       R4 
0x03C8	0x0E03      	MOVLW       3
0x03CA	0x6E05      	MOVWF       R5 
0x03CC	0x0E00      	MOVLW       0
0x03CE	0x6E06      	MOVWF       R6 
0x03D0	0x6E07      	MOVWF       R7 
0x03D2	0xDFCE      	RCALL       _Mul_32x32_U
0x03D4	0xF02AC000  	MOVFF       R0, Sound_Play_per_nc_L0
0x03D8	0xF02BC001  	MOVFF       R1, Sound_Play_per_nc_L0+1
0x03DC	0xF02CC002  	MOVFF       R2, Sound_Play_per_nc_L0+2
0x03E0	0xF02DC003  	MOVFF       R3, Sound_Play_per_nc_L0+3
;__Lib_Sound.c,31 :: 		
0x03E4	0xF004C022  	MOVFF       FARG_Sound_Play_freq_in_hz, R4
0x03E8	0xF005C023  	MOVFF       FARG_Sound_Play_freq_in_hz+1, R5
0x03EC	0x0E00      	MOVLW       0
0x03EE	0x6E06      	MOVWF       R6 
0x03F0	0x6E07      	MOVWF       R7 
0x03F2	0xDE40      	RCALL       _Div_32x32_U
0x03F4	0xF02AC000  	MOVFF       R0, Sound_Play_per_nc_L0
0x03F8	0xF02BC001  	MOVFF       R1, Sound_Play_per_nc_L0+1
0x03FC	0xF02CC002  	MOVFF       R2, Sound_Play_per_nc_L0+2
0x0400	0xF02DC003  	MOVFF       R3, Sound_Play_per_nc_L0+3
;__Lib_Sound.c,32 :: 		
0x0404	0xF005C000  	MOVFF       R0, R5
0x0408	0xF006C001  	MOVFF       R1, R6
0x040C	0xF007C002  	MOVFF       R2, R7
0x0410	0xF008C003  	MOVFF       R3, R8
0x0414	0x3208      	RRCF        R8, 1 
0x0416	0x3207      	RRCF        R7, 1 
0x0418	0x3206      	RRCF        R6, 1 
0x041A	0x3205      	RRCF        R5, 1 
0x041C	0x9E08      	BCF         R8, 7 
0x041E	0x3208      	RRCF        R8, 1 
0x0420	0x3207      	RRCF        R7, 1 
0x0422	0x3206      	RRCF        R6, 1 
0x0424	0x3205      	RRCF        R5, 1 
0x0426	0x9E08      	BCF         R8, 7 
0x0428	0xF000C005  	MOVFF       R5, R0
0x042C	0xF001C006  	MOVFF       R6, R1
0x0430	0xF002C007  	MOVFF       R7, R2
0x0434	0xF003C008  	MOVFF       R8, R3
0x0438	0x3203      	RRCF        R3, 1 
0x043A	0x3202      	RRCF        R2, 1 
0x043C	0x3201      	RRCF        R1, 1 
0x043E	0x3200      	RRCF        R0, 1 
0x0440	0x9E03      	BCF         R3, 7 
0x0442	0xF026C000  	MOVFF       R0, Sound_Play_nc_L0
0x0446	0xF027C001  	MOVFF       R1, Sound_Play_nc_L0+1
;__Lib_Sound.c,35 :: 		
0x044A	0xDF8A      	RCALL       _Get_Fosc_kHz
0x044C	0xF004C024  	MOVFF       FARG_Sound_Play_duration_ms, R4
0x0450	0xF005C025  	MOVFF       FARG_Sound_Play_duration_ms+1, R5
0x0454	0x0E00      	MOVLW       0
0x0456	0x6E06      	MOVWF       R6 
0x0458	0x6E07      	MOVWF       R7 
0x045A	0xDF8A      	RCALL       _Mul_32x32_U
0x045C	0xF009C026  	MOVFF       Sound_Play_nc_L0, R9
0x0460	0xF00AC027  	MOVFF       Sound_Play_nc_L0+1, R10
0x0464	0x0E00      	MOVLW       0
0x0466	0x6E0B      	MOVWF       R11 
0x0468	0x6E0C      	MOVWF       R12 
0x046A	0x0E03      	MOVLW       3
0x046C	0x6E08      	MOVWF       R8 
0x046E	0xF004C009  	MOVFF       R9, R4
0x0472	0xF005C00A  	MOVFF       R10, R5
0x0476	0xF006C00B  	MOVFF       R11, R6
0x047A	0xF007C00C  	MOVFF       R12, R7
0x047E	0x5008      	MOVF        R8, 0 
L__Sound_Play15:
0x0480	0xE007      	BZ          L__Sound_Play16
0x0482	0x3604      	RLCF        R4, 1 
0x0484	0x9004      	BCF         R4, 0 
0x0486	0x3605      	RLCF        R5, 1 
0x0488	0x3606      	RLCF        R6, 1 
0x048A	0x3607      	RLCF        R7, 1 
0x048C	0x0FFF      	ADDLW       255
0x048E	0xD7F8      	BRA         L__Sound_Play15
L__Sound_Play16:
0x0490	0xDDF1      	RCALL       _Div_32x32_U
0x0492	0xF02AC000  	MOVFF       R0, Sound_Play_per_nc_L0
0x0496	0xF02BC001  	MOVFF       R1, Sound_Play_per_nc_L0+1
0x049A	0xF02CC002  	MOVFF       R2, Sound_Play_per_nc_L0+2
0x049E	0xF02DC003  	MOVFF       R3, Sound_Play_per_nc_L0+3
;__Lib_Sound.c,37 :: 		
0x04A2	0x0E0A      	MOVLW       10
0x04A4	0x6E04      	MOVWF       R4 
0x04A6	0x0E00      	MOVLW       0
0x04A8	0x6E05      	MOVWF       R5 
0x04AA	0xF000C026  	MOVFF       Sound_Play_nc_L0, R0
0x04AE	0xF001C027  	MOVFF       Sound_Play_nc_L0+1, R1
0x04B2	0xDDB4      	RCALL       _Div_16X16_U
0x04B4	0xF026C000  	MOVFF       R0, Sound_Play_nc_L0
0x04B8	0xF027C001  	MOVFF       R1, Sound_Play_nc_L0+1
;__Lib_Sound.c,38 :: 		
0x04BC	0x0E00      	MOVLW       0
0x04BE	0x5C01      	SUBWF       R1, 0 
0x04C0	0xE102      	BNZ         L__Sound_Play17
0x04C2	0x0E03      	MOVLW       3
0x04C4	0x5C00      	SUBWF       R0, 0 
L__Sound_Play17:
0x04C6	0xE201      	BC          L_Sound_Play0
0x04C8	0xD041      	BRA         L_end_Sound_Play
L_Sound_Play0:
;__Lib_Sound.c,39 :: 		
0x04CA	0xFFE9C017  	MOVFF       __Lib_Sound_soundPortAddr, FSR0L
0x04CE	0xFFEAC018  	MOVFF       __Lib_Sound_soundPortAddr+1, FSR0H
;__Lib_Sound.c,40 :: 		
L_Sound_Play1:
0x04D2	0x502D      	MOVF        Sound_Play_per_nc_L0+3, 0 
0x04D4	0x0800      	SUBLW       0
0x04D6	0xE108      	BNZ         L__Sound_Play18
0x04D8	0x502C      	MOVF        Sound_Play_per_nc_L0+2, 0 
0x04DA	0x0800      	SUBLW       0
0x04DC	0xE105      	BNZ         L__Sound_Play18
0x04DE	0x502B      	MOVF        Sound_Play_per_nc_L0+1, 0 
0x04E0	0x0800      	SUBLW       0
0x04E2	0xE102      	BNZ         L__Sound_Play18
0x04E4	0x502A      	MOVF        Sound_Play_per_nc_L0, 0 
0x04E6	0x0800      	SUBLW       0
L__Sound_Play18:
0x04E8	0xE22F      	BC          L_Sound_Play2
;__Lib_Sound.c,42 :: 		
0x04EA	0x5016      	MOVF        __Lib_Sound_pinMask1, 0 
0x04EC	0x12EF      	IORWF       INDF0, 1 
;__Lib_Sound.c,44 :: 		
0x04EE	0x5227      	MOVF        Sound_Play_nc_L0+1, 1 
0x04F0	0xE00D      	BZ          L_Sound_Play3
;__Lib_Sound.c,45 :: 		
0x04F2	0x6A28      	CLRF        Sound_Play_i_L0 
0x04F4	0x6A29      	CLRF        Sound_Play_i_L0+1 
L_Sound_Play4:
0x04F6	0x0E00      	MOVLW       0
0x04F8	0x5C29      	SUBWF       Sound_Play_i_L0+1, 0 
0x04FA	0xE102      	BNZ         L__Sound_Play19
0x04FC	0x5027      	MOVF        Sound_Play_nc_L0+1, 0 
0x04FE	0x5C28      	SUBWF       Sound_Play_i_L0, 0 
L__Sound_Play19:
0x0500	0xE205      	BC          L_Sound_Play5
;__Lib_Sound.c,46 :: 		
0x0502	0x6A2E      	CLRF        FARG_Delay_Cyc_cycles_div_by_10 
0x0504	0xDDA6      	RCALL       _Delay_Cyc
;__Lib_Sound.c,45 :: 		
0x0506	0x4A28      	INFSNZ      Sound_Play_i_L0, 1 
0x0508	0x2A29      	INCF        Sound_Play_i_L0+1, 1 
;__Lib_Sound.c,47 :: 		
0x050A	0xD7F5      	BRA         L_Sound_Play4
L_Sound_Play5:
;__Lib_Sound.c,48 :: 		
L_Sound_Play3:
;__Lib_Sound.c,49 :: 		
0x050C	0xF02EC026  	MOVFF       Sound_Play_nc_L0, FARG_Delay_Cyc_cycles_div_by_10
0x0510	0xDDA0      	RCALL       _Delay_Cyc
;__Lib_Sound.c,52 :: 		
0x0512	0x5015      	MOVF        __Lib_Sound_pinMask0, 0 
0x0514	0x16EF      	ANDWF       INDF0, 1 
;__Lib_Sound.c,54 :: 		
0x0516	0x5227      	MOVF        Sound_Play_nc_L0+1, 1 
0x0518	0xE00D      	BZ          L_Sound_Play7
;__Lib_Sound.c,55 :: 		
0x051A	0x6A28      	CLRF        Sound_Play_i_L0 
0x051C	0x6A29      	CLRF        Sound_Play_i_L0+1 
L_Sound_Play8:
0x051E	0x0E00      	MOVLW       0
0x0520	0x5C29      	SUBWF       Sound_Play_i_L0+1, 0 
0x0522	0xE102      	BNZ         L__Sound_Play20
0x0524	0x5027      	MOVF        Sound_Play_nc_L0+1, 0 
0x0526	0x5C28      	SUBWF       Sound_Play_i_L0, 0 
L__Sound_Play20:
0x0528	0xE205      	BC          L_Sound_Play9
;__Lib_Sound.c,56 :: 		
0x052A	0x6A2E      	CLRF        FARG_Delay_Cyc_cycles_div_by_10 
0x052C	0xDD92      	RCALL       _Delay_Cyc
;__Lib_Sound.c,55 :: 		
0x052E	0x4A28      	INFSNZ      Sound_Play_i_L0, 1 
0x0530	0x2A29      	INCF        Sound_Play_i_L0+1, 1 
;__Lib_Sound.c,57 :: 		
0x0532	0xD7F5      	BRA         L_Sound_Play8
L_Sound_Play9:
;__Lib_Sound.c,58 :: 		
L_Sound_Play7:
;__Lib_Sound.c,59 :: 		
0x0534	0xF02EC026  	MOVFF       Sound_Play_nc_L0, FARG_Delay_Cyc_cycles_div_by_10
0x0538	0xDD8C      	RCALL       _Delay_Cyc
;__Lib_Sound.c,61 :: 		
0x053A	0x0E01      	MOVLW       1
0x053C	0x5E2A      	SUBWF       Sound_Play_per_nc_L0, 1 
0x053E	0x0E00      	MOVLW       0
0x0540	0x5A2B      	SUBWFB      Sound_Play_per_nc_L0+1, 1 
0x0542	0x5A2C      	SUBWFB      Sound_Play_per_nc_L0+2, 1 
0x0544	0x5A2D      	SUBWFB      Sound_Play_per_nc_L0+3, 1 
;__Lib_Sound.c,63 :: 		
0x0546	0xD7C5      	BRA         L_Sound_Play1
L_Sound_Play2:
;__Lib_Sound.c,64 :: 		
0x0548	0x5015      	MOVF        __Lib_Sound_pinMask0, 0 
0x054A	0x16EF      	ANDWF       INDF0, 1 
;__Lib_Sound.c,65 :: 		
L_end_Sound_Play:
0x054C	0x0012      	RETURN      0
; end of _Sound_Play
_DO:
;programa 17.c,5 :: 		void DO(int t){
;programa 17.c,6 :: 		Sound_Play(262, t);
0x054E	0x0E06      	MOVLW       6
0x0550	0x6E22      	MOVWF       FARG_Sound_Play_freq_in_hz 
0x0552	0x0E01      	MOVLW       1
0x0554	0x6E23      	MOVWF       FARG_Sound_Play_freq_in_hz+1 
0x0556	0xF024C020  	MOVFF       FARG_DO_t, FARG_Sound_Play_duration_ms
0x055A	0xF025C021  	MOVFF       FARG_DO_t+1, FARG_Sound_Play_duration_ms+1
0x055E	0xDF31      	RCALL       _Sound_Play
;programa 17.c,7 :: 		}
L_end_DO:
0x0560	0x0012      	RETURN      0
; end of _DO
_SOL3:
;programa 17.c,44 :: 		void SOL3(int t){
;programa 17.c,45 :: 		Sound_Play(196, t);
0x0562	0x0EC4      	MOVLW       196
0x0564	0x6E22      	MOVWF       FARG_Sound_Play_freq_in_hz 
0x0566	0x0E00      	MOVLW       0
0x0568	0x6E23      	MOVWF       FARG_Sound_Play_freq_in_hz+1 
0x056A	0xF024C020  	MOVFF       FARG_SOL3_t, FARG_Sound_Play_duration_ms
0x056E	0xF025C021  	MOVFF       FARG_SOL3_t+1, FARG_Sound_Play_duration_ms+1
0x0572	0xDF27      	RCALL       _Sound_Play
;programa 17.c,46 :: 		}
L_end_SOL3:
0x0574	0x0012      	RETURN      0
; end of _SOL3
_RE:
;programa 17.c,11 :: 		void RE(int t){
;programa 17.c,12 :: 		Sound_Play(293, t);
0x0576	0x0E25      	MOVLW       37
0x0578	0x6E22      	MOVWF       FARG_Sound_Play_freq_in_hz 
0x057A	0x0E01      	MOVLW       1
0x057C	0x6E23      	MOVWF       FARG_Sound_Play_freq_in_hz+1 
0x057E	0xF024C020  	MOVFF       FARG_RE_t, FARG_Sound_Play_duration_ms
0x0582	0xF025C021  	MOVFF       FARG_RE_t+1, FARG_Sound_Play_duration_ms+1
0x0586	0xDF1D      	RCALL       _Sound_Play
;programa 17.c,13 :: 		}
L_end_RE:
0x0588	0x0012      	RETURN      0
; end of _RE
_LA3:
;programa 17.c,41 :: 		void LA3(int t){
;programa 17.c,42 :: 		Sound_Play(220, t);
0x058A	0x0EDC      	MOVLW       220
0x058C	0x6E22      	MOVWF       FARG_Sound_Play_freq_in_hz 
0x058E	0x0E00      	MOVLW       0
0x0590	0x6E23      	MOVWF       FARG_Sound_Play_freq_in_hz+1 
0x0592	0xF024C020  	MOVFF       FARG_LA3_t, FARG_Sound_Play_duration_ms
0x0596	0xF025C021  	MOVFF       FARG_LA3_t+1, FARG_Sound_Play_duration_ms+1
0x059A	0xDF13      	RCALL       _Sound_Play
;programa 17.c,43 :: 		}
L_end_LA3:
0x059C	0x0012      	RETURN      0
; end of _LA3
_SI3:
;programa 17.c,2 :: 		void SI3(int t){
;programa 17.c,3 :: 		Sound_Play(246, t);
0x059E	0x0EF6      	MOVLW       246
0x05A0	0x6E22      	MOVWF       FARG_Sound_Play_freq_in_hz 
0x05A2	0x0E00      	MOVLW       0
0x05A4	0x6E23      	MOVWF       FARG_Sound_Play_freq_in_hz+1 
0x05A6	0xF024C020  	MOVFF       FARG_SI3_t, FARG_Sound_Play_duration_ms
0x05AA	0xF025C021  	MOVFF       FARG_SI3_t+1, FARG_Sound_Play_duration_ms+1
0x05AE	0xDF09      	RCALL       _Sound_Play
;programa 17.c,4 :: 		}
L_end_SI3:
0x05B0	0x0012      	RETURN      0
; end of _SI3
_Tone3:
;programa 17.c,57 :: 		void Tone3() {
;programa 17.c,58 :: 		Sound_Play(784, 250); // Frecuencia = 784Hz, duración = 250ms
0x05B2	0x0E10      	MOVLW       16
0x05B4	0x6E22      	MOVWF       FARG_Sound_Play_freq_in_hz 
0x05B6	0x0E03      	MOVLW       3
0x05B8	0x6E23      	MOVWF       FARG_Sound_Play_freq_in_hz+1 
0x05BA	0x0EFA      	MOVLW       250
0x05BC	0x6E24      	MOVWF       FARG_Sound_Play_duration_ms 
0x05BE	0x0E00      	MOVLW       0
0x05C0	0x6E25      	MOVWF       FARG_Sound_Play_duration_ms+1 
0x05C2	0xDEFF      	RCALL       _Sound_Play
;programa 17.c,59 :: 		}
L_end_Tone3:
0x05C4	0x0012      	RETURN      0
; end of _Tone3
_MI:
;programa 17.c,17 :: 		void MI(int t){
;programa 17.c,18 :: 		Sound_Play(330, t);
0x05C6	0x0E4A      	MOVLW       74
0x05C8	0x6E22      	MOVWF       FARG_Sound_Play_freq_in_hz 
0x05CA	0x0E01      	MOVLW       1
0x05CC	0x6E23      	MOVWF       FARG_Sound_Play_freq_in_hz+1 
0x05CE	0xF024C020  	MOVFF       FARG_MI_t, FARG_Sound_Play_duration_ms
0x05D2	0xF025C021  	MOVFF       FARG_MI_t+1, FARG_Sound_Play_duration_ms+1
0x05D6	0xDEF5      	RCALL       _Sound_Play
;programa 17.c,19 :: 		}
L_end_MI:
0x05D8	0x0012      	RETURN      0
; end of _MI
_Delay_500us:
;__Lib_Delays.c,27 :: 		void Delay_500us() {
;__Lib_Delays.c,28 :: 		Delay_us(498);
0x05DA	0x0E02      	MOVLW       2
0x05DC	0x6E0C      	MOVWF       R12, 0
0x05DE	0x0E49      	MOVLW       73
0x05E0	0x6E0D      	MOVWF       R13, 0
L_Delay_500us4:
0x05E2	0x2E0D      	DECFSZ      R13, 1, 0
0x05E4	0xD7FE      	BRA         L_Delay_500us4
0x05E6	0x2E0C      	DECFSZ      R12, 1, 0
0x05E8	0xD7FC      	BRA         L_Delay_500us4
0x05EA	0x0000      	NOP
0x05EC	0x0000      	NOP
;__Lib_Delays.c,29 :: 		}
L_end_Delay_500us:
0x05EE	0x0012      	RETURN      0
; end of _Delay_500us
_FA:
;programa 17.c,20 :: 		void FA(int t){
;programa 17.c,21 :: 		Sound_Play(349, t);
0x05F0	0x0E5D      	MOVLW       93
0x05F2	0x6E22      	MOVWF       FARG_Sound_Play_freq_in_hz 
0x05F4	0x0E01      	MOVLW       1
0x05F6	0x6E23      	MOVWF       FARG_Sound_Play_freq_in_hz+1 
0x05F8	0xF024C020  	MOVFF       FARG_FA_t, FARG_Sound_Play_duration_ms
0x05FC	0xF025C021  	MOVFF       FARG_FA_t+1, FARG_Sound_Play_duration_ms+1
0x0600	0xDEE0      	RCALL       _Sound_Play
;programa 17.c,22 :: 		}
L_end_FA:
0x0602	0x0012      	RETURN      0
; end of _FA
_Tone1:
;programa 17.c,49 :: 		void Tone1() {
;programa 17.c,50 :: 		Sound_Play(659, 250); // Frecuencia = 659Hz, duración = 250ms
0x0604	0x0E93      	MOVLW       147
0x0606	0x6E22      	MOVWF       FARG_Sound_Play_freq_in_hz 
0x0608	0x0E02      	MOVLW       2
0x060A	0x6E23      	MOVWF       FARG_Sound_Play_freq_in_hz+1 
0x060C	0x0EFA      	MOVLW       250
0x060E	0x6E24      	MOVWF       FARG_Sound_Play_duration_ms 
0x0610	0x0E00      	MOVLW       0
0x0612	0x6E25      	MOVWF       FARG_Sound_Play_duration_ms+1 
0x0614	0xDED6      	RCALL       _Sound_Play
;programa 17.c,51 :: 		}
L_end_Tone1:
0x0616	0x0012      	RETURN      0
; end of _Tone1
_Tone2:
;programa 17.c,53 :: 		void Tone2() {
;programa 17.c,54 :: 		Sound_Play(698, 250); // Frecuencia = 698Hz, duración = 250ms
0x0618	0x0EBA      	MOVLW       186
0x061A	0x6E22      	MOVWF       FARG_Sound_Play_freq_in_hz 
0x061C	0x0E02      	MOVLW       2
0x061E	0x6E23      	MOVWF       FARG_Sound_Play_freq_in_hz+1 
0x0620	0x0EFA      	MOVLW       250
0x0622	0x6E24      	MOVWF       FARG_Sound_Play_duration_ms 
0x0624	0x0E00      	MOVLW       0
0x0626	0x6E25      	MOVWF       FARG_Sound_Play_duration_ms+1 
0x0628	0xDECC      	RCALL       _Sound_Play
;programa 17.c,55 :: 		}
L_end_Tone2:
0x062A	0x0012      	RETURN      0
; end of _Tone2
_Button:
;__Lib_Button.c,6 :: 		
;__Lib_Button.c,8 :: 		
0x062C	0x6A1F      	CLRF        Button_rslt_L0 
;__Lib_Button.c,11 :: 		
0x062E	0xF001C01B  	MOVFF       FARG_Button_pin, R1
0x0632	0x0E01      	MOVLW       1
0x0634	0x6E00      	MOVWF       R0 
0x0636	0x5001      	MOVF        R1, 0 
L__Button5:
0x0638	0xE004      	BZ          L__Button6
0x063A	0x3600      	RLCF        R0, 1 
0x063C	0x9000      	BCF         R0, 0 
0x063E	0x0FFF      	ADDLW       255
0x0640	0xD7FB      	BRA         L__Button5
L__Button6:
0x0642	0xF01EC000  	MOVFF       R0, Button_pMask_L0
;__Lib_Button.c,13 :: 		
0x0646	0xFFE9C019  	MOVFF       FARG_Button_port, FSR0L
0x064A	0xFFEAC01A  	MOVFF       FARG_Button_port+1, FSR0H
0x064E	0x5000      	MOVF        R0, 0 
0x0650	0x14EE      	ANDWF       POSTINC0, 0 
0x0652	0x6E01      	MOVWF       R1 
0x0654	0x5201      	MOVF        R1, 1 
0x0656	0x0E01      	MOVLW       1
0x0658	0xA4D8      	BTFSS       STATUS, 2 
0x065A	0x0E00      	MOVLW       0
0x065C	0x6E00      	MOVWF       R0 
0x065E	0x501D      	MOVF        FARG_Button_active_state, 0 
0x0660	0x1A00      	XORWF       R0, 1 
0x0662	0xE018      	BZ          L_Button0
;__Lib_Button.c,15 :: 		
L_Button1:
0x0664	0x501C      	MOVF        FARG_Button_time_ms, 0 
0x0666	0x0800      	SUBLW       0
0x0668	0xE204      	BC          L_Button2
;__Lib_Button.c,16 :: 		
0x066A	0xDFB7      	RCALL       _Delay_500us
;__Lib_Button.c,17 :: 		
0x066C	0xDFB6      	RCALL       _Delay_500us
;__Lib_Button.c,18 :: 		
0x066E	0x061C      	DECF        FARG_Button_time_ms, 1 
;__Lib_Button.c,19 :: 		
0x0670	0xD7F9      	BRA         L_Button1
L_Button2:
;__Lib_Button.c,21 :: 		
0x0672	0xFFE9C019  	MOVFF       FARG_Button_port, FSR0L
0x0676	0xFFEAC01A  	MOVFF       FARG_Button_port+1, FSR0H
0x067A	0x501E      	MOVF        Button_pMask_L0, 0 
0x067C	0x14EE      	ANDWF       POSTINC0, 0 
0x067E	0x6E01      	MOVWF       R1 
0x0680	0x5201      	MOVF        R1, 1 
0x0682	0x0E01      	MOVLW       1
0x0684	0xA4D8      	BTFSS       STATUS, 2 
0x0686	0x0E00      	MOVLW       0
0x0688	0x6E00      	MOVWF       R0 
0x068A	0x501D      	MOVF        FARG_Button_active_state, 0 
0x068C	0x1A00      	XORWF       R0, 1 
0x068E	0xE002      	BZ          L_Button3
;__Lib_Button.c,22 :: 		
0x0690	0x0EFF      	MOVLW       255
0x0692	0x6E1F      	MOVWF       Button_rslt_L0 
L_Button3:
;__Lib_Button.c,23 :: 		
L_Button0:
;__Lib_Button.c,25 :: 		
0x0694	0xF000C01F  	MOVFF       Button_rslt_L0, R0
;__Lib_Button.c,26 :: 		
L_end_Button:
0x0698	0x0012      	RETURN      0
; end of _Button
_Sound_Init:
;__Lib_Sound.c,9 :: 		
;__Lib_Sound.c,11 :: 		
0x069A	0xF017C019  	MOVFF       FARG_Sound_Init_snd_port, __Lib_Sound_soundPortAddr
0x069E	0xF018C01A  	MOVFF       FARG_Sound_Init_snd_port+1, __Lib_Sound_soundPortAddr+1
;__Lib_Sound.c,13 :: 		
0x06A2	0xF001C01B  	MOVFF       FARG_Sound_Init_snd_pin, R1
0x06A6	0x0E01      	MOVLW       1
0x06A8	0x6E00      	MOVWF       R0 
0x06AA	0x5001      	MOVF        R1, 0 
L__Sound_Init12:
0x06AC	0xE004      	BZ          L__Sound_Init13
0x06AE	0x3600      	RLCF        R0, 1 
0x06B0	0x9000      	BCF         R0, 0 
0x06B2	0x0FFF      	ADDLW       255
0x06B4	0xD7FB      	BRA         L__Sound_Init12
L__Sound_Init13:
0x06B6	0xF016C000  	MOVFF       R0, __Lib_Sound_pinMask1
;__Lib_Sound.c,14 :: 		
0x06BA	0x1E00      	COMF        R0, 1 
0x06BC	0xF015C000  	MOVFF       R0, __Lib_Sound_pinMask0
;__Lib_Sound.c,18 :: 		
0x06C0	0x0E12      	MOVLW       18
0x06C2	0x2419      	ADDWF       FARG_Sound_Init_snd_port, 0 
0x06C4	0x6EE9      	MOVWF       FSR0L 
0x06C6	0x0E00      	MOVLW       0
0x06C8	0x201A      	ADDWFC      FARG_Sound_Init_snd_port+1, 0 
0x06CA	0x6EEA      	MOVWF       FSR0H 
;__Lib_Sound.c,19 :: 		
0x06CC	0x5000      	MOVF        R0, 0 
0x06CE	0x16EF      	ANDWF       INDF0, 1 
;__Lib_Sound.c,21 :: 		
0x06D0	0x0E12      	MOVLW       18
0x06D2	0x5EE9      	SUBWF       FSR0L, 1 
;__Lib_Sound.c,22 :: 		
0x06D4	0x5000      	MOVF        R0, 0 
0x06D6	0x16EF      	ANDWF       INDF0, 1 
;__Lib_Sound.c,23 :: 		
L_end_Sound_Init:
0x06D8	0x0012      	RETURN      0
; end of _Sound_Init
_dragon_ball_gt:
;programa 17.c,69 :: 		void dragon_ball_gt() {
;programa 17.c,70 :: 		int t2 = 260;
0x06DA	0x0E04      	MOVLW       4
0x06DC	0x6E19      	MOVWF       dragon_ball_gt_t2_L0 
0x06DE	0x0E01      	MOVLW       1
0x06E0	0x6E1A      	MOVWF       dragon_ball_gt_t2_L0+1 
0x06E2	0x0E82      	MOVLW       130
0x06E4	0x6E1B      	MOVWF       dragon_ball_gt_t_L0 
0x06E6	0x0E00      	MOVLW       0
0x06E8	0x6E1C      	MOVWF       dragon_ball_gt_t_L0+1 
0x06EA	0x0E86      	MOVLW       134
0x06EC	0x6E1D      	MOVWF       dragon_ball_gt_t3_L0 
0x06EE	0x0E01      	MOVLW       1
0x06F0	0x6E1E      	MOVWF       dragon_ball_gt_t3_L0+1 
;programa 17.c,73 :: 		MI(t3); MI(t3); DO(t2); RE(t2); MI(t2); FA(t2);
0x06F2	0xF020C01D  	MOVFF       dragon_ball_gt_t3_L0, FARG_MI_t
0x06F6	0xF021C01E  	MOVFF       dragon_ball_gt_t3_L0+1, FARG_MI_t+1
0x06FA	0xDF65      	RCALL       _MI
0x06FC	0xF020C01D  	MOVFF       dragon_ball_gt_t3_L0, FARG_MI_t
0x0700	0xF021C01E  	MOVFF       dragon_ball_gt_t3_L0+1, FARG_MI_t+1
0x0704	0xDF60      	RCALL       _MI
0x0706	0xF020C019  	MOVFF       dragon_ball_gt_t2_L0, FARG_DO_t
0x070A	0xF021C01A  	MOVFF       dragon_ball_gt_t2_L0+1, FARG_DO_t+1
0x070E	0xDF1F      	RCALL       _DO
0x0710	0xF020C019  	MOVFF       dragon_ball_gt_t2_L0, FARG_RE_t
0x0714	0xF021C01A  	MOVFF       dragon_ball_gt_t2_L0+1, FARG_RE_t+1
0x0718	0xDF2E      	RCALL       _RE
0x071A	0xF020C019  	MOVFF       dragon_ball_gt_t2_L0, FARG_MI_t
0x071E	0xF021C01A  	MOVFF       dragon_ball_gt_t2_L0+1, FARG_MI_t+1
0x0722	0xDF51      	RCALL       _MI
0x0724	0xF020C019  	MOVFF       dragon_ball_gt_t2_L0, FARG_FA_t
0x0728	0xF021C01A  	MOVFF       dragon_ball_gt_t2_L0+1, FARG_FA_t+1
0x072C	0xDF61      	RCALL       _FA
;programa 17.c,74 :: 		MI(t3); RE(t3); DO(t3); SI3(t3);
0x072E	0xF020C01D  	MOVFF       dragon_ball_gt_t3_L0, FARG_MI_t
0x0732	0xF021C01E  	MOVFF       dragon_ball_gt_t3_L0+1, FARG_MI_t+1
0x0736	0xDF47      	RCALL       _MI
0x0738	0xF020C01D  	MOVFF       dragon_ball_gt_t3_L0, FARG_RE_t
0x073C	0xF021C01E  	MOVFF       dragon_ball_gt_t3_L0+1, FARG_RE_t+1
0x0740	0xDF1A      	RCALL       _RE
0x0742	0xF020C01D  	MOVFF       dragon_ball_gt_t3_L0, FARG_DO_t
0x0746	0xF021C01E  	MOVFF       dragon_ball_gt_t3_L0+1, FARG_DO_t+1
0x074A	0xDF01      	RCALL       _DO
0x074C	0xF020C01D  	MOVFF       dragon_ball_gt_t3_L0, FARG_SI3_t
0x0750	0xF021C01E  	MOVFF       dragon_ball_gt_t3_L0+1, FARG_SI3_t+1
0x0754	0xDF24      	RCALL       _SI3
;programa 17.c,75 :: 		DO(t3); DO(t3); LA3(t2); SI3(t2); DO(t2); RE(t2);
0x0756	0xF020C01D  	MOVFF       dragon_ball_gt_t3_L0, FARG_DO_t
0x075A	0xF021C01E  	MOVFF       dragon_ball_gt_t3_L0+1, FARG_DO_t+1
0x075E	0xDEF7      	RCALL       _DO
0x0760	0xF020C01D  	MOVFF       dragon_ball_gt_t3_L0, FARG_DO_t
0x0764	0xF021C01E  	MOVFF       dragon_ball_gt_t3_L0+1, FARG_DO_t+1
0x0768	0xDEF2      	RCALL       _DO
0x076A	0xF020C019  	MOVFF       dragon_ball_gt_t2_L0, FARG_LA3_t
0x076E	0xF021C01A  	MOVFF       dragon_ball_gt_t2_L0+1, FARG_LA3_t+1
0x0772	0xDF0B      	RCALL       _LA3
0x0774	0xF020C019  	MOVFF       dragon_ball_gt_t2_L0, FARG_SI3_t
0x0778	0xF021C01A  	MOVFF       dragon_ball_gt_t2_L0+1, FARG_SI3_t+1
0x077C	0xDF10      	RCALL       _SI3
0x077E	0xF020C019  	MOVFF       dragon_ball_gt_t2_L0, FARG_DO_t
0x0782	0xF021C01A  	MOVFF       dragon_ball_gt_t2_L0+1, FARG_DO_t+1
0x0786	0xDEE3      	RCALL       _DO
0x0788	0xF020C019  	MOVFF       dragon_ball_gt_t2_L0, FARG_RE_t
0x078C	0xF021C01A  	MOVFF       dragon_ball_gt_t2_L0+1, FARG_RE_t+1
0x0790	0xDEF2      	RCALL       _RE
;programa 17.c,76 :: 		DO(t3); SI3(t3); LA3(t3); SOL3(t3);
0x0792	0xF020C01D  	MOVFF       dragon_ball_gt_t3_L0, FARG_DO_t
0x0796	0xF021C01E  	MOVFF       dragon_ball_gt_t3_L0+1, FARG_DO_t+1
0x079A	0xDED9      	RCALL       _DO
0x079C	0xF020C01D  	MOVFF       dragon_ball_gt_t3_L0, FARG_SI3_t
0x07A0	0xF021C01E  	MOVFF       dragon_ball_gt_t3_L0+1, FARG_SI3_t+1
0x07A4	0xDEFC      	RCALL       _SI3
0x07A6	0xF020C01D  	MOVFF       dragon_ball_gt_t3_L0, FARG_LA3_t
0x07AA	0xF021C01E  	MOVFF       dragon_ball_gt_t3_L0+1, FARG_LA3_t+1
0x07AE	0xDEED      	RCALL       _LA3
0x07B0	0xF020C01D  	MOVFF       dragon_ball_gt_t3_L0, FARG_SOL3_t
0x07B4	0xF021C01E  	MOVFF       dragon_ball_gt_t3_L0+1, FARG_SOL3_t+1
0x07B8	0xDED4      	RCALL       _SOL3
;programa 17.c,77 :: 		LA3(t*4); LA3(t2); DO(t2); FA(t3);
0x07BA	0xF020C01B  	MOVFF       dragon_ball_gt_t_L0, FARG_LA3_t
0x07BE	0xF021C01C  	MOVFF       dragon_ball_gt_t_L0+1, FARG_LA3_t+1
0x07C2	0x3620      	RLCF        FARG_LA3_t, 1 
0x07C4	0x9020      	BCF         FARG_LA3_t, 0 
0x07C6	0x3621      	RLCF        FARG_LA3_t+1, 1 
0x07C8	0x3620      	RLCF        FARG_LA3_t, 1 
0x07CA	0x9020      	BCF         FARG_LA3_t, 0 
0x07CC	0x3621      	RLCF        FARG_LA3_t+1, 1 
0x07CE	0xDEDD      	RCALL       _LA3
0x07D0	0xF020C019  	MOVFF       dragon_ball_gt_t2_L0, FARG_LA3_t
0x07D4	0xF021C01A  	MOVFF       dragon_ball_gt_t2_L0+1, FARG_LA3_t+1
0x07D8	0xDED8      	RCALL       _LA3
0x07DA	0xF020C019  	MOVFF       dragon_ball_gt_t2_L0, FARG_DO_t
0x07DE	0xF021C01A  	MOVFF       dragon_ball_gt_t2_L0+1, FARG_DO_t+1
0x07E2	0xDEB5      	RCALL       _DO
0x07E4	0xF020C01D  	MOVFF       dragon_ball_gt_t3_L0, FARG_FA_t
0x07E8	0xF021C01E  	MOVFF       dragon_ball_gt_t3_L0+1, FARG_FA_t+1
0x07EC	0xDF01      	RCALL       _FA
;programa 17.c,78 :: 		MI(t2); DO(t3); RE(t3); MI(t); FA(t); MI(t);
0x07EE	0xF020C019  	MOVFF       dragon_ball_gt_t2_L0, FARG_MI_t
0x07F2	0xF021C01A  	MOVFF       dragon_ball_gt_t2_L0+1, FARG_MI_t+1
0x07F6	0xDEE7      	RCALL       _MI
0x07F8	0xF020C01D  	MOVFF       dragon_ball_gt_t3_L0, FARG_DO_t
0x07FC	0xF021C01E  	MOVFF       dragon_ball_gt_t3_L0+1, FARG_DO_t+1
0x0800	0xDEA6      	RCALL       _DO
0x0802	0xF020C01D  	MOVFF       dragon_ball_gt_t3_L0, FARG_RE_t
0x0806	0xF021C01E  	MOVFF       dragon_ball_gt_t3_L0+1, FARG_RE_t+1
0x080A	0xDEB5      	RCALL       _RE
0x080C	0xF020C01B  	MOVFF       dragon_ball_gt_t_L0, FARG_MI_t
0x0810	0xF021C01C  	MOVFF       dragon_ball_gt_t_L0+1, FARG_MI_t+1
0x0814	0xDED8      	RCALL       _MI
0x0816	0xF020C01B  	MOVFF       dragon_ball_gt_t_L0, FARG_FA_t
0x081A	0xF021C01C  	MOVFF       dragon_ball_gt_t_L0+1, FARG_FA_t+1
0x081E	0xDEE8      	RCALL       _FA
0x0820	0xF020C01B  	MOVFF       dragon_ball_gt_t_L0, FARG_MI_t
0x0824	0xF021C01C  	MOVFF       dragon_ball_gt_t_L0+1, FARG_MI_t+1
0x0828	0xDECE      	RCALL       _MI
;programa 17.c,79 :: 		RE(t); DO(t); RE(t); DO(t3); DO(t2); SI3(t2); DO(t2);
0x082A	0xF020C01B  	MOVFF       dragon_ball_gt_t_L0, FARG_RE_t
0x082E	0xF021C01C  	MOVFF       dragon_ball_gt_t_L0+1, FARG_RE_t+1
0x0832	0xDEA1      	RCALL       _RE
0x0834	0xF020C01B  	MOVFF       dragon_ball_gt_t_L0, FARG_DO_t
0x0838	0xF021C01C  	MOVFF       dragon_ball_gt_t_L0+1, FARG_DO_t+1
0x083C	0xDE88      	RCALL       _DO
0x083E	0xF020C01B  	MOVFF       dragon_ball_gt_t_L0, FARG_RE_t
0x0842	0xF021C01C  	MOVFF       dragon_ball_gt_t_L0+1, FARG_RE_t+1
0x0846	0xDE97      	RCALL       _RE
0x0848	0xF020C01D  	MOVFF       dragon_ball_gt_t3_L0, FARG_DO_t
0x084C	0xF021C01E  	MOVFF       dragon_ball_gt_t3_L0+1, FARG_DO_t+1
0x0850	0xDE7E      	RCALL       _DO
0x0852	0xF020C019  	MOVFF       dragon_ball_gt_t2_L0, FARG_DO_t
0x0856	0xF021C01A  	MOVFF       dragon_ball_gt_t2_L0+1, FARG_DO_t+1
0x085A	0xDE79      	RCALL       _DO
0x085C	0xF020C019  	MOVFF       dragon_ball_gt_t2_L0, FARG_SI3_t
0x0860	0xF021C01A  	MOVFF       dragon_ball_gt_t2_L0+1, FARG_SI3_t+1
0x0864	0xDE9C      	RCALL       _SI3
0x0866	0xF020C019  	MOVFF       dragon_ball_gt_t2_L0, FARG_DO_t
0x086A	0xF021C01A  	MOVFF       dragon_ball_gt_t2_L0+1, FARG_DO_t+1
0x086E	0xDE6F      	RCALL       _DO
;programa 17.c,80 :: 		}
L_end_dragon_ball_gt:
0x0870	0x0012      	RETURN      0
; end of _dragon_ball_gt
_Melody1:
;programa 17.c,61 :: 		void Melody1() { // Componer una melodía divertida 1
;programa 17.c,62 :: 		Tone1(); Tone2(); Tone3(); Tone3();
0x0872	0xDEC8      	RCALL       _Tone1
0x0874	0xDED1      	RCALL       _Tone2
0x0876	0xDE9D      	RCALL       _Tone3
0x0878	0xDE9C      	RCALL       _Tone3
;programa 17.c,63 :: 		Tone1(); Tone2(); Tone3(); Tone3();
0x087A	0xDEC4      	RCALL       _Tone1
0x087C	0xDECD      	RCALL       _Tone2
0x087E	0xDE99      	RCALL       _Tone3
0x0880	0xDE98      	RCALL       _Tone3
;programa 17.c,64 :: 		Tone1(); Tone2(); Tone3();
0x0882	0xDEC0      	RCALL       _Tone1
0x0884	0xDEC9      	RCALL       _Tone2
0x0886	0xDE95      	RCALL       _Tone3
;programa 17.c,65 :: 		Tone1(); Tone2(); Tone3(); Tone3();
0x0888	0xDEBD      	RCALL       _Tone1
0x088A	0xDEC6      	RCALL       _Tone2
0x088C	0xDE92      	RCALL       _Tone3
0x088E	0xDE91      	RCALL       _Tone3
;programa 17.c,66 :: 		Tone1(); Tone2(); Tone3();
0x0890	0xDEB9      	RCALL       _Tone1
0x0892	0xDEC2      	RCALL       _Tone2
0x0894	0xDE8E      	RCALL       _Tone3
;programa 17.c,67 :: 		Tone3(); Tone3(); Tone2(); Tone2(); Tone1();
0x0896	0xDE8D      	RCALL       _Tone3
0x0898	0xDE8C      	RCALL       _Tone3
0x089A	0xDEBE      	RCALL       _Tone2
0x089C	0xDEBD      	RCALL       _Tone2
0x089E	0xDEB2      	RCALL       _Tone1
;programa 17.c,68 :: 		}
L_end_Melody1:
0x08A0	0x0012      	RETURN      0
; end of _Melody1
_main:
;programa 17.c,102 :: 		void main() {
;programa 17.c,104 :: 		TRISC = 0x0F;                // Pines RB7-RB4 se configuran como entradas
0x08A2	0x0E0F      	MOVLW       15
0x08A4	0x6E94      	MOVWF       TRISC 
;programa 17.c,107 :: 		Sound_Init(&PORTD, 3);
0x08A6	0x0E83      	MOVLW       PORTD
0x08A8	0x6E19      	MOVWF       FARG_Sound_Init_snd_port 
0x08AA	0x0E0F      	MOVLW       hi_addr(PORTD)
0x08AC	0x6E1A      	MOVWF       FARG_Sound_Init_snd_port+1 
0x08AE	0x0E03      	MOVLW       3
0x08B0	0x6E1B      	MOVWF       FARG_Sound_Init_snd_pin 
0x08B2	0xDEF3      	RCALL       _Sound_Init
;programa 17.c,108 :: 		Sound_Play(1000, 500);
0x08B4	0x0EE8      	MOVLW       232
0x08B6	0x6E22      	MOVWF       FARG_Sound_Play_freq_in_hz 
0x08B8	0x0E03      	MOVLW       3
0x08BA	0x6E23      	MOVWF       FARG_Sound_Play_freq_in_hz+1 
0x08BC	0x0EF4      	MOVLW       244
0x08BE	0x6E24      	MOVWF       FARG_Sound_Play_duration_ms 
0x08C0	0x0E01      	MOVLW       1
0x08C2	0x6E25      	MOVWF       FARG_Sound_Play_duration_ms+1 
0x08C4	0xDD7E      	RCALL       _Sound_Play
;programa 17.c,110 :: 		while (1) {
L_main3:
;programa 17.c,111 :: 		if (Button(&PORTC,0,1,1)) // RB7 genera Tono1
0x08C6	0x0E82      	MOVLW       PORTC
0x08C8	0x6E19      	MOVWF       FARG_Button_port 
0x08CA	0x0E0F      	MOVLW       hi_addr(PORTC)
0x08CC	0x6E1A      	MOVWF       FARG_Button_port+1 
0x08CE	0x6A1B      	CLRF        FARG_Button_pin 
0x08D0	0x0E01      	MOVLW       1
0x08D2	0x6E1C      	MOVWF       FARG_Button_time_ms 
0x08D4	0x0E01      	MOVLW       1
0x08D6	0x6E1D      	MOVWF       FARG_Button_active_state 
0x08D8	0xDEA9      	RCALL       _Button
0x08DA	0x5200      	MOVF        R0, 1 
0x08DC	0xE001      	BZ          L_main5
;programa 17.c,112 :: 		Tone1();
0x08DE	0xDE92      	RCALL       _Tone1
L_main5:
;programa 17.c,113 :: 		while (PORTC & 0x01) ;    // Esperar que se suelte el botón
L_main6:
0x08E0	0xA082      	BTFSS       PORTC, 0 
0x08E2	0xD001      	BRA         L_main7
0x08E4	0xD7FD      	BRA         L_main6
L_main7:
;programa 17.c,114 :: 		if (Button(&PORTC,1,1,1)) // RB6 genera Tono2
0x08E6	0x0E82      	MOVLW       PORTC
0x08E8	0x6E19      	MOVWF       FARG_Button_port 
0x08EA	0x0E0F      	MOVLW       hi_addr(PORTC)
0x08EC	0x6E1A      	MOVWF       FARG_Button_port+1 
0x08EE	0x0E01      	MOVLW       1
0x08F0	0x6E1B      	MOVWF       FARG_Button_pin 
0x08F2	0x0E01      	MOVLW       1
0x08F4	0x6E1C      	MOVWF       FARG_Button_time_ms 
0x08F6	0x0E01      	MOVLW       1
0x08F8	0x6E1D      	MOVWF       FARG_Button_active_state 
0x08FA	0xDE98      	RCALL       _Button
0x08FC	0x5200      	MOVF        R0, 1 
0x08FE	0xE001      	BZ          L_main8
;programa 17.c,115 :: 		Tone2();
0x0900	0xDE8B      	RCALL       _Tone2
L_main8:
;programa 17.c,116 :: 		while (PORTC & 0x02) ;    // Esperar que se suelte el botón
L_main9:
0x0902	0xA282      	BTFSS       PORTC, 1 
0x0904	0xD001      	BRA         L_main10
0x0906	0xD7FD      	BRA         L_main9
L_main10:
;programa 17.c,117 :: 		if (Button(&PORTC,2,1,1)) // RB5 genera melodía 2
0x0908	0x0E82      	MOVLW       PORTC
0x090A	0x6E19      	MOVWF       FARG_Button_port 
0x090C	0x0E0F      	MOVLW       hi_addr(PORTC)
0x090E	0x6E1A      	MOVWF       FARG_Button_port+1 
0x0910	0x0E02      	MOVLW       2
0x0912	0x6E1B      	MOVWF       FARG_Button_pin 
0x0914	0x0E01      	MOVLW       1
0x0916	0x6E1C      	MOVWF       FARG_Button_time_ms 
0x0918	0x0E01      	MOVLW       1
0x091A	0x6E1D      	MOVWF       FARG_Button_active_state 
0x091C	0xDE87      	RCALL       _Button
0x091E	0x5200      	MOVF        R0, 1 
0x0920	0xE001      	BZ          L_main11
;programa 17.c,119 :: 		dragon_ball_gt();
0x0922	0xDEDB      	RCALL       _dragon_ball_gt
L_main11:
;programa 17.c,120 :: 		while (PORTB & 0x04) ;    // Esperar que se suelte el botón
L_main12:
0x0924	0xA481      	BTFSS       PORTB, 2 
0x0926	0xD001      	BRA         L_main13
0x0928	0xD7FD      	BRA         L_main12
L_main13:
;programa 17.c,121 :: 		if (Button(&PORTC,3,1,1)) // RB4 genera melodía 1
0x092A	0x0E82      	MOVLW       PORTC
0x092C	0x6E19      	MOVWF       FARG_Button_port 
0x092E	0x0E0F      	MOVLW       hi_addr(PORTC)
0x0930	0x6E1A      	MOVWF       FARG_Button_port+1 
0x0932	0x0E03      	MOVLW       3
0x0934	0x6E1B      	MOVWF       FARG_Button_pin 
0x0936	0x0E01      	MOVLW       1
0x0938	0x6E1C      	MOVWF       FARG_Button_time_ms 
0x093A	0x0E01      	MOVLW       1
0x093C	0x6E1D      	MOVWF       FARG_Button_active_state 
0x093E	0xDE76      	RCALL       _Button
0x0940	0x5200      	MOVF        R0, 1 
0x0942	0xE001      	BZ          L_main14
;programa 17.c,122 :: 		Melody1();
0x0944	0xDF96      	RCALL       _Melody1
L_main14:
;programa 17.c,123 :: 		while (PORTB & 0x08) ;    // Esperar que se suelte el botón
L_main15:
0x0946	0xA681      	BTFSS       PORTB, 3 
0x0948	0xD001      	BRA         L_main16
0x094A	0xD7FD      	BRA         L_main15
L_main16:
;programa 17.c,124 :: 		}
0x094C	0xD7BC      	BRA         L_main3
;programa 17.c,125 :: 		}
L_end_main:
0x094E	0xD7FF      	BRA         $+0
; end of _main
Symbol List:
//** Routines locations **
//ADDRESS    SIZE    PROCEDURE
//----------------------------------------------
0x001C      [54]    _Div_16X16_U
0x0052      [34]    _Delay_Cyc
0x0074     [748]    _Div_32x32_U
0x0360      [16]    _Get_Fosc_kHz
0x0370      [82]    _Mul_32x32_U
0x03C2     [396]    _Sound_Play
0x054E      [20]    _DO
0x0562      [20]    _SOL3
0x0576      [20]    _RE
0x058A      [20]    _LA3
0x059E      [20]    _SI3
0x05B2      [20]    _Tone3
0x05C6      [20]    _MI
0x05DA      [22]    _Delay_500us
0x05F0      [20]    _FA
0x0604      [20]    _Tone1
0x0618      [20]    _Tone2
0x062C     [110]    _Button
0x069A      [64]    _Sound_Init
0x06DA     [408]    _dragon_ball_gt
0x0872      [48]    _Melody1
0x08A2     [174]    _main
//** Variables locations ** 
//ADDRESS    SIZE    VARIABLE
//----------------------------------------------
0x0000       [1]    R0
0x0001       [1]    R1
0x0002       [1]    R2
0x0003       [1]    R3
0x0004       [1]    R4
0x0005       [1]    R5
0x0006       [1]    R6
0x0007       [1]    R7
0x0008       [1]    R8
0x0009       [1]    R9
0x000A       [1]    R10
0x000B       [1]    R11
0x000C       [1]    R12
0x000D       [1]    R13
0x000E       [1]    R14
0x000F       [1]    R15
0x0010       [1]    R16
0x0011       [1]    R17
0x0012       [1]    R18
0x0013       [1]    R19
0x0014       [1]    R20
0x0015       [1]    __Lib_Sound_pinMask0
0x0016       [1]    __Lib_Sound_pinMask1
0x0017       [2]    __Lib_Sound_soundPortAddr
0x0019       [2]    FARG_Button_port
0x0019       [2]    dragon_ball_gt_t2_L0
0x0019       [2]    FARG_Sound_Init_snd_port
0x001B       [1]    FARG_Button_pin
0x001B       [2]    dragon_ball_gt_t_L0
0x001B       [1]    FARG_Sound_Init_snd_pin
0x001C       [1]    FARG_Button_time_ms
0x001D       [2]    dragon_ball_gt_t3_L0
0x001D       [1]    FARG_Button_active_state
0x001E       [1]    Button_pMask_L0
0x001F       [1]    Button_rslt_L0
0x0020       [2]    FARG_DO_t
0x0020       [2]    FARG_SI3_t
0x0020       [2]    FARG_RE_t
0x0020       [2]    FARG_FA_t
0x0020       [2]    FARG_LA3_t
0x0020       [2]    FARG_SOL3_t
0x0020       [2]    FARG_MI_t
0x0022       [2]    FARG_Sound_Play_freq_in_hz
0x0024       [2]    FARG_Sound_Play_duration_ms
0x0026       [2]    Sound_Play_nc_L0
0x0028       [2]    Sound_Play_i_L0
0x002A       [4]    Sound_Play_per_nc_L0
0x002E       [1]    FARG_Delay_Cyc_cycles_div_by_10
0x0F81       [1]    PORTB
0x0F82       [1]    PORTC
0x0F83       [1]    PORTD
0x0F94       [1]    TRISC
0x0FD8       [1]    STATUS
0x0FD9       [1]    FSR2L
0x0FDA       [1]    FSR2H
0x0FDE       [1]    POSTINC2
0x0FE0       [1]    BSR
0x0FE1       [1]    FSR1L
0x0FE2       [1]    FSR1H
0x0FE4       [1]    PREINC1
0x0FE6       [1]    POSTINC1
0x0FE7       [1]    INDF1
0x0FE8       [1]    WREG
0x0FE9       [2]    FSR0
0x0FE9       [1]    FSR0L
0x0FEA       [1]    FSR0H
0x0FEE       [1]    POSTINC0
0x0FEF       [1]    INDF0
0x0FF3       [1]    PRODL
0x0FF4       [1]    PRODH
0x0FF5       [1]    TABLAT
0x0FF6       [1]    TBLPTRL
0x0FF7       [1]    TBLPTRH
0x0FF8       [1]    TBLPTRU
