;  LST file generated by mikroListExporter - v.2.0 
; Date/Time: 29/04/2016 9:34:31
;----------------------------------------------

;Address Opcode 	ASM
0x0000	0x292D      	GOTO       301
_Delay_1us:
;__Lib_Delays.c,7 :: 		void Delay_1us() {
;__Lib_Delays.c,8 :: 		Delay_us(1);
0x0003	0x0000      	NOP
;__Lib_Delays.c,9 :: 		}
L_end_Delay_1us:
0x0004	0x0008      	RETURN
; end of _Delay_1us
_Delay_5500us:
;__Lib_Delays.c,31 :: 		void Delay_5500us() {
;__Lib_Delays.c,32 :: 		Delay_us(5500);
0x0005	0x3008      	MOVLW      8
0x0006	0x1283      	BCF        STATUS, 5
0x0007	0x1303      	BCF        STATUS, 6
0x0008	0x00FC      	MOVWF      R12
0x0009	0x3023      	MOVLW      35
0x000A	0x00FD      	MOVWF      R13
L_Delay_5500us5:
0x000B	0x0BFD      	DECFSZ     R13, 1
0x000C	0x280B      	GOTO       L_Delay_5500us5
0x000D	0x0BFC      	DECFSZ     R12, 1
0x000E	0x280B      	GOTO       L_Delay_5500us5
;__Lib_Delays.c,33 :: 		}
L_end_Delay_5500us:
0x000F	0x0008      	RETURN
; end of _Delay_5500us
_Delay_50us:
;__Lib_Delays.c,19 :: 		void Delay_50us() {
;__Lib_Delays.c,20 :: 		Delay_us(50);
0x0010	0x3010      	MOVLW      16
0x0011	0x1283      	BCF        STATUS, 5
0x0012	0x1303      	BCF        STATUS, 6
0x0013	0x00FD      	MOVWF      R13
L_Delay_50us2:
0x0014	0x0BFD      	DECFSZ     R13, 1
0x0015	0x2814      	GOTO       L_Delay_50us2
0x0016	0x0000      	NOP
;__Lib_Delays.c,21 :: 		}
L_end_Delay_50us:
0x0017	0x0008      	RETURN
; end of _Delay_50us
_Lcd_Cmd:
;__Lib_Lcd.c,18 :: 		
;__Lib_Lcd.c,20 :: 		
0x0018	0x1283      	BCF        STATUS, 5
0x0019	0x1303      	BCF        STATUS, 6
0x001A	0x1BAE      	BTFSC      FARG_Lcd_Cmd_out_char, 7
0x001B	0x281E      	GOTO       L__Lcd_Cmd21
0x001C	0x1388      	BCF        LCD_D7, BitPos(LCD_D7+0)
0x001D	0x281F      	GOTO       L__Lcd_Cmd22
L__Lcd_Cmd21:
0x001E	0x1788      	BSF        LCD_D7, BitPos(LCD_D7+0)
L__Lcd_Cmd22:
;__Lib_Lcd.c,21 :: 		
0x001F	0x1B2E      	BTFSC      FARG_Lcd_Cmd_out_char, 6
0x0020	0x2823      	GOTO       L__Lcd_Cmd23
0x0021	0x1308      	BCF        LCD_D6, BitPos(LCD_D6+0)
0x0022	0x2824      	GOTO       L__Lcd_Cmd24
L__Lcd_Cmd23:
0x0023	0x1708      	BSF        LCD_D6, BitPos(LCD_D6+0)
L__Lcd_Cmd24:
;__Lib_Lcd.c,22 :: 		
0x0024	0x1AAE      	BTFSC      FARG_Lcd_Cmd_out_char, 5
0x0025	0x2828      	GOTO       L__Lcd_Cmd25
0x0026	0x1288      	BCF        LCD_D5, BitPos(LCD_D5+0)
0x0027	0x2829      	GOTO       L__Lcd_Cmd26
L__Lcd_Cmd25:
0x0028	0x1688      	BSF        LCD_D5, BitPos(LCD_D5+0)
L__Lcd_Cmd26:
;__Lib_Lcd.c,23 :: 		
0x0029	0x1A2E      	BTFSC      FARG_Lcd_Cmd_out_char, 4
0x002A	0x282D      	GOTO       L__Lcd_Cmd27
0x002B	0x1208      	BCF        LCD_D4, BitPos(LCD_D4+0)
0x002C	0x282E      	GOTO       L__Lcd_Cmd28
L__Lcd_Cmd27:
0x002D	0x1608      	BSF        LCD_D4, BitPos(LCD_D4+0)
L__Lcd_Cmd28:
;__Lib_Lcd.c,25 :: 		
0x002E	0x1827      	BTFSC      __Lib_Lcd_cmd_status, BitPos(__Lib_Lcd_cmd_status+0)
0x002F	0x2832      	GOTO       L__Lcd_Cmd29
0x0030	0x1408      	BSF        LCD_RS, BitPos(LCD_RS+0)
0x0031	0x2833      	GOTO       L__Lcd_Cmd30
L__Lcd_Cmd29:
0x0032	0x1008      	BCF        LCD_RS, BitPos(LCD_RS+0)
L__Lcd_Cmd30:
;__Lib_Lcd.c,28 :: 		
0x0033	0x1488      	BSF        LCD_EN, BitPos(LCD_EN+0)
;__Lib_Lcd.c,29 :: 		
0x0034	0x2003      	CALL       _Delay_1us
;__Lib_Lcd.c,30 :: 		
0x0035	0x1088      	BCF        LCD_EN, BitPos(LCD_EN+0)
;__Lib_Lcd.c,33 :: 		
0x0036	0x19AE      	BTFSC      FARG_Lcd_Cmd_out_char, 3
0x0037	0x283A      	GOTO       L__Lcd_Cmd31
0x0038	0x1388      	BCF        LCD_D7, BitPos(LCD_D7+0)
0x0039	0x283B      	GOTO       L__Lcd_Cmd32
L__Lcd_Cmd31:
0x003A	0x1788      	BSF        LCD_D7, BitPos(LCD_D7+0)
L__Lcd_Cmd32:
;__Lib_Lcd.c,34 :: 		
0x003B	0x192E      	BTFSC      FARG_Lcd_Cmd_out_char, 2
0x003C	0x283F      	GOTO       L__Lcd_Cmd33
0x003D	0x1308      	BCF        LCD_D6, BitPos(LCD_D6+0)
0x003E	0x2840      	GOTO       L__Lcd_Cmd34
L__Lcd_Cmd33:
0x003F	0x1708      	BSF        LCD_D6, BitPos(LCD_D6+0)
L__Lcd_Cmd34:
;__Lib_Lcd.c,35 :: 		
0x0040	0x18AE      	BTFSC      FARG_Lcd_Cmd_out_char, 1
0x0041	0x2844      	GOTO       L__Lcd_Cmd35
0x0042	0x1288      	BCF        LCD_D5, BitPos(LCD_D5+0)
0x0043	0x2845      	GOTO       L__Lcd_Cmd36
L__Lcd_Cmd35:
0x0044	0x1688      	BSF        LCD_D5, BitPos(LCD_D5+0)
L__Lcd_Cmd36:
;__Lib_Lcd.c,36 :: 		
0x0045	0x182E      	BTFSC      FARG_Lcd_Cmd_out_char, 0
0x0046	0x2849      	GOTO       L__Lcd_Cmd37
0x0047	0x1208      	BCF        LCD_D4, BitPos(LCD_D4+0)
0x0048	0x284A      	GOTO       L__Lcd_Cmd38
L__Lcd_Cmd37:
0x0049	0x1608      	BSF        LCD_D4, BitPos(LCD_D4+0)
L__Lcd_Cmd38:
;__Lib_Lcd.c,38 :: 		
0x004A	0x1827      	BTFSC      __Lib_Lcd_cmd_status, BitPos(__Lib_Lcd_cmd_status+0)
0x004B	0x284E      	GOTO       L__Lcd_Cmd39
0x004C	0x1408      	BSF        LCD_RS, BitPos(LCD_RS+0)
0x004D	0x284F      	GOTO       L__Lcd_Cmd40
L__Lcd_Cmd39:
0x004E	0x1008      	BCF        LCD_RS, BitPos(LCD_RS+0)
L__Lcd_Cmd40:
;__Lib_Lcd.c,40 :: 		
0x004F	0x1488      	BSF        LCD_EN, BitPos(LCD_EN+0)
;__Lib_Lcd.c,41 :: 		
0x0050	0x2003      	CALL       _Delay_1us
;__Lib_Lcd.c,42 :: 		
0x0051	0x1088      	BCF        LCD_EN, BitPos(LCD_EN+0)
;__Lib_Lcd.c,44 :: 		
0x0052	0x1C27      	BTFSS      __Lib_Lcd_cmd_status, BitPos(__Lib_Lcd_cmd_status+0)
0x0053	0x2856      	GOTO       L_Lcd_Cmd0
;__Lib_Lcd.c,45 :: 		
0x0054	0x2005      	CALL       _Delay_5500us
0x0055	0x2857      	GOTO       L_Lcd_Cmd1
L_Lcd_Cmd0:
;__Lib_Lcd.c,47 :: 		
0x0056	0x2010      	CALL       _Delay_50us
L_Lcd_Cmd1:
;__Lib_Lcd.c,48 :: 		
L_end_Lcd_Cmd:
0x0057	0x0008      	RETURN
; end of _Lcd_Cmd
_Lcd_Chr_CP:
;__Lib_Lcd.c,50 :: 		
;__Lib_Lcd.c,52 :: 		
0x0058	0x1283      	BCF        STATUS, 5
0x0059	0x1303      	BCF        STATUS, 6
0x005A	0x1027      	BCF        __Lib_Lcd_cmd_status, BitPos(__Lib_Lcd_cmd_status+0)
;__Lib_Lcd.c,53 :: 		
0x005B	0x082D      	MOVF       FARG_Lcd_Chr_CP_out_char, 0
0x005C	0x00AE      	MOVWF      FARG_Lcd_Cmd_out_char
0x005D	0x2018      	CALL       _Lcd_Cmd
;__Lib_Lcd.c,54 :: 		
0x005E	0x1427      	BSF        __Lib_Lcd_cmd_status, BitPos(__Lib_Lcd_cmd_status+0)
;__Lib_Lcd.c,55 :: 		
L_end_Lcd_Chr_CP:
0x005F	0x0008      	RETURN
; end of _Lcd_Chr_CP
_____DoICP:
;__Lib_System.c,6 :: 		
;__Lib_System.c,9 :: 		
0x0060	0x1283      	BCF        STATUS, 5
0x0061	0x1303      	BCF        STATUS, 6
0x0062	0x0826      	MOVF       ___DoICPAddr+1, 0
0x0063	0x008A      	MOVWF      PCLATH
;__Lib_System.c,10 :: 		
0x0064	0x0825      	MOVF       ___DoICPAddr, 0
0x0065	0x0082      	MOVWF      PCL
;__Lib_System.c,12 :: 		
L_end_____DoICP:
0x0066	0x0008      	RETURN
; end of _____DoICP
_UART1_Read:
;__Lib_UART_c67.c,21 :: 		
;__Lib_UART_c67.c,24 :: 		
0x0067	0x1283      	BCF        STATUS, 5
0x0068	0x1303      	BCF        STATUS, 6
0x0069	0x081A      	MOVF       RCREG, 0
0x006A	0x00F1      	MOVWF      R1
;__Lib_UART_c67.c,25 :: 		
0x006B	0x1C98      	BTFSS      RCSTA, 1
0x006C	0x286F      	GOTO       L_UART1_Read2
;__Lib_UART_c67.c,26 :: 		
0x006D	0x1218      	BCF        RCSTA, 4
;__Lib_UART_c67.c,27 :: 		
0x006E	0x1618      	BSF        RCSTA, 4
;__Lib_UART_c67.c,28 :: 		
L_UART1_Read2:
;__Lib_UART_c67.c,29 :: 		
0x006F	0x0871      	MOVF       R1, 0
0x0070	0x00F0      	MOVWF      R0
;__Lib_UART_c67.c,30 :: 		
L_end_UART1_Read:
0x0071	0x0008      	RETURN
; end of _UART1_Read
_Lcd_Out:
;__Lib_Lcd.c,184 :: 		
;__Lib_Lcd.c,187 :: 		
0x0072	0x2884      	GOTO       L_Lcd_Out11
;__Lib_Lcd.c,188 :: 		
L_Lcd_Out13:
0x0073	0x3080      	MOVLW      128
0x0074	0x1283      	BCF        STATUS, 5
0x0075	0x1303      	BCF        STATUS, 6
0x0076	0x00A9      	MOVWF      FARG_Lcd_Out_row
0x0077	0x2897      	GOTO       L_Lcd_Out12
;__Lib_Lcd.c,189 :: 		
L_Lcd_Out14:
0x0078	0x30C0      	MOVLW      192
0x0079	0x00A9      	MOVWF      FARG_Lcd_Out_row
0x007A	0x2897      	GOTO       L_Lcd_Out12
;__Lib_Lcd.c,190 :: 		
L_Lcd_Out15:
0x007B	0x3094      	MOVLW      148
0x007C	0x00A9      	MOVWF      FARG_Lcd_Out_row
0x007D	0x2897      	GOTO       L_Lcd_Out12
;__Lib_Lcd.c,191 :: 		
L_Lcd_Out16:
0x007E	0x30D4      	MOVLW      212
0x007F	0x00A9      	MOVWF      FARG_Lcd_Out_row
0x0080	0x2897      	GOTO       L_Lcd_Out12
;__Lib_Lcd.c,192 :: 		
L_Lcd_Out17:
0x0081	0x3080      	MOVLW      128
0x0082	0x00A9      	MOVWF      FARG_Lcd_Out_row
;__Lib_Lcd.c,193 :: 		
0x0083	0x2897      	GOTO       L_Lcd_Out12
L_Lcd_Out11:
0x0084	0x1283      	BCF        STATUS, 5
0x0085	0x1303      	BCF        STATUS, 6
0x0086	0x0829      	MOVF       FARG_Lcd_Out_row, 0
0x0087	0x3A01      	XORLW      1
0x0088	0x1903      	BTFSC      STATUS, 2
0x0089	0x2873      	GOTO       L_Lcd_Out13
0x008A	0x0829      	MOVF       FARG_Lcd_Out_row, 0
0x008B	0x3A02      	XORLW      2
0x008C	0x1903      	BTFSC      STATUS, 2
0x008D	0x2878      	GOTO       L_Lcd_Out14
0x008E	0x0829      	MOVF       FARG_Lcd_Out_row, 0
0x008F	0x3A03      	XORLW      3
0x0090	0x1903      	BTFSC      STATUS, 2
0x0091	0x287B      	GOTO       L_Lcd_Out15
0x0092	0x0829      	MOVF       FARG_Lcd_Out_row, 0
0x0093	0x3A04      	XORLW      4
0x0094	0x1903      	BTFSC      STATUS, 2
0x0095	0x287E      	GOTO       L_Lcd_Out16
0x0096	0x2881      	GOTO       L_Lcd_Out17
L_Lcd_Out12:
;__Lib_Lcd.c,194 :: 		
0x0097	0x032A      	DECF       FARG_Lcd_Out_column, 0
0x0098	0x00F0      	MOVWF      R0
0x0099	0x0829      	MOVF       FARG_Lcd_Out_row, 0
0x009A	0x07F0      	ADDWF      R0, 1
0x009B	0x0870      	MOVF       R0, 0
0x009C	0x00A9      	MOVWF      FARG_Lcd_Out_row
;__Lib_Lcd.c,196 :: 		
0x009D	0x0870      	MOVF       R0, 0
0x009E	0x00AE      	MOVWF      FARG_Lcd_Cmd_out_char
0x009F	0x2018      	CALL       _Lcd_Cmd
;__Lib_Lcd.c,197 :: 		
0x00A0	0x1027      	BCF        __Lib_Lcd_cmd_status, BitPos(__Lib_Lcd_cmd_status+0)
;__Lib_Lcd.c,198 :: 		
0x00A1	0x01AC      	CLRF       Lcd_Out_i_L0
;__Lib_Lcd.c,199 :: 		
L_Lcd_Out18:
0x00A2	0x082C      	MOVF       Lcd_Out_i_L0, 0
0x00A3	0x072B      	ADDWF      FARG_Lcd_Out_text, 0
0x00A4	0x0084      	MOVWF      FSR
0x00A5	0x0800      	MOVF       INDF, 0
0x00A6	0x1903      	BTFSC      STATUS, 2
0x00A7	0x28B0      	GOTO       L_Lcd_Out19
;__Lib_Lcd.c,200 :: 		
0x00A8	0x082C      	MOVF       Lcd_Out_i_L0, 0
0x00A9	0x072B      	ADDWF      FARG_Lcd_Out_text, 0
0x00AA	0x0084      	MOVWF      FSR
0x00AB	0x0800      	MOVF       INDF, 0
0x00AC	0x00AD      	MOVWF      FARG_Lcd_Chr_CP_out_char
0x00AD	0x2058      	CALL       _Lcd_Chr_CP
0x00AE	0x0AAC      	INCF       Lcd_Out_i_L0, 1
0x00AF	0x28A2      	GOTO       L_Lcd_Out18
L_Lcd_Out19:
;__Lib_Lcd.c,201 :: 		
0x00B0	0x1427      	BSF        __Lib_Lcd_cmd_status, BitPos(__Lib_Lcd_cmd_status+0)
;__Lib_Lcd.c,202 :: 		
L_end_Lcd_Out:
0x00B1	0x0008      	RETURN
; end of _Lcd_Out
_Lcd_Init:
;__Lib_Lcd.c,84 :: 		
;__Lib_Lcd.c,86 :: 		
0x00B2	0x1683      	BSF        STATUS, 5
0x00B3	0x1303      	BCF        STATUS, 6
0x00B4	0x1088      	BCF        LCD_EN_Direction, BitPos(LCD_EN_Direction+0)
;__Lib_Lcd.c,87 :: 		
0x00B5	0x1008      	BCF        LCD_RS_Direction, BitPos(LCD_RS_Direction+0)
;__Lib_Lcd.c,88 :: 		
0x00B6	0x1208      	BCF        LCD_D4_Direction, BitPos(LCD_D4_Direction+0)
;__Lib_Lcd.c,89 :: 		
0x00B7	0x1288      	BCF        LCD_D5_Direction, BitPos(LCD_D5_Direction+0)
;__Lib_Lcd.c,90 :: 		
0x00B8	0x1308      	BCF        LCD_D6_Direction, BitPos(LCD_D6_Direction+0)
;__Lib_Lcd.c,91 :: 		
0x00B9	0x1388      	BCF        LCD_D7_Direction, BitPos(LCD_D7_Direction+0)
;__Lib_Lcd.c,93 :: 		
0x00BA	0x1283      	BCF        STATUS, 5
0x00BB	0x1088      	BCF        LCD_EN, BitPos(LCD_EN+0)
;__Lib_Lcd.c,94 :: 		
0x00BC	0x1008      	BCF        LCD_RS, BitPos(LCD_RS+0)
;__Lib_Lcd.c,95 :: 		
0x00BD	0x1388      	BCF        LCD_D7, BitPos(LCD_D7+0)
;__Lib_Lcd.c,96 :: 		
0x00BE	0x1308      	BCF        LCD_D6, BitPos(LCD_D6+0)
;__Lib_Lcd.c,97 :: 		
0x00BF	0x1288      	BCF        LCD_D5, BitPos(LCD_D5+0)
;__Lib_Lcd.c,98 :: 		
0x00C0	0x1208      	BCF        LCD_D4, BitPos(LCD_D4+0)
;__Lib_Lcd.c,100 :: 		
0x00C1	0x2005      	CALL       _Delay_5500us
;__Lib_Lcd.c,101 :: 		
0x00C2	0x2005      	CALL       _Delay_5500us
;__Lib_Lcd.c,102 :: 		
0x00C3	0x2005      	CALL       _Delay_5500us
;__Lib_Lcd.c,105 :: 		
0x00C4	0x1688      	BSF        LCD_D5, BitPos(LCD_D5+0)
;__Lib_Lcd.c,106 :: 		
0x00C5	0x1608      	BSF        LCD_D4, BitPos(LCD_D4+0)
;__Lib_Lcd.c,107 :: 		
0x00C6	0x1488      	BSF        LCD_EN, BitPos(LCD_EN+0)
;__Lib_Lcd.c,108 :: 		
0x00C7	0x2003      	CALL       _Delay_1us
;__Lib_Lcd.c,109 :: 		
0x00C8	0x1088      	BCF        LCD_EN, BitPos(LCD_EN+0)
;__Lib_Lcd.c,110 :: 		
0x00C9	0x2005      	CALL       _Delay_5500us
;__Lib_Lcd.c,112 :: 		
0x00CA	0x1488      	BSF        LCD_EN, BitPos(LCD_EN+0)
;__Lib_Lcd.c,113 :: 		
0x00CB	0x2003      	CALL       _Delay_1us
;__Lib_Lcd.c,114 :: 		
0x00CC	0x1088      	BCF        LCD_EN, BitPos(LCD_EN+0)
;__Lib_Lcd.c,115 :: 		
0x00CD	0x2005      	CALL       _Delay_5500us
;__Lib_Lcd.c,117 :: 		
0x00CE	0x1488      	BSF        LCD_EN, BitPos(LCD_EN+0)
;__Lib_Lcd.c,118 :: 		
0x00CF	0x2003      	CALL       _Delay_1us
;__Lib_Lcd.c,119 :: 		
0x00D0	0x1088      	BCF        LCD_EN, BitPos(LCD_EN+0)
;__Lib_Lcd.c,120 :: 		
0x00D1	0x2005      	CALL       _Delay_5500us
;__Lib_Lcd.c,123 :: 		
0x00D2	0x1208      	BCF        LCD_D4, BitPos(LCD_D4+0)
;__Lib_Lcd.c,124 :: 		
0x00D3	0x1488      	BSF        LCD_EN, BitPos(LCD_EN+0)
;__Lib_Lcd.c,125 :: 		
0x00D4	0x2003      	CALL       _Delay_1us
;__Lib_Lcd.c,126 :: 		
0x00D5	0x1088      	BCF        LCD_EN, BitPos(LCD_EN+0)
;__Lib_Lcd.c,127 :: 		
0x00D6	0x2005      	CALL       _Delay_5500us
;__Lib_Lcd.c,130 :: 		
0x00D7	0x1488      	BSF        LCD_EN, BitPos(LCD_EN+0)
;__Lib_Lcd.c,131 :: 		
0x00D8	0x2003      	CALL       _Delay_1us
;__Lib_Lcd.c,132 :: 		
0x00D9	0x1088      	BCF        LCD_EN, BitPos(LCD_EN+0)
;__Lib_Lcd.c,134 :: 		
0x00DA	0x1288      	BCF        LCD_D5, BitPos(LCD_D5+0)
;__Lib_Lcd.c,135 :: 		
0x00DB	0x1788      	BSF        LCD_D7, BitPos(LCD_D7+0)
;__Lib_Lcd.c,136 :: 		
0x00DC	0x1488      	BSF        LCD_EN, BitPos(LCD_EN+0)
;__Lib_Lcd.c,137 :: 		
0x00DD	0x2003      	CALL       _Delay_1us
;__Lib_Lcd.c,138 :: 		
0x00DE	0x1088      	BCF        LCD_EN, BitPos(LCD_EN+0)
;__Lib_Lcd.c,139 :: 		
0x00DF	0x2005      	CALL       _Delay_5500us
;__Lib_Lcd.c,142 :: 		
0x00E0	0x1388      	BCF        LCD_D7, BitPos(LCD_D7+0)
;__Lib_Lcd.c,143 :: 		
0x00E1	0x1608      	BSF        LCD_D4, BitPos(LCD_D4+0)
;__Lib_Lcd.c,144 :: 		
0x00E2	0x1488      	BSF        LCD_EN, BitPos(LCD_EN+0)
;__Lib_Lcd.c,145 :: 		
0x00E3	0x2003      	CALL       _Delay_1us
;__Lib_Lcd.c,146 :: 		
0x00E4	0x1088      	BCF        LCD_EN, BitPos(LCD_EN+0)
;__Lib_Lcd.c,148 :: 		
0x00E5	0x1208      	BCF        LCD_D4, BitPos(LCD_D4+0)
;__Lib_Lcd.c,149 :: 		
0x00E6	0x1488      	BSF        LCD_EN, BitPos(LCD_EN+0)
;__Lib_Lcd.c,150 :: 		
0x00E7	0x2003      	CALL       _Delay_1us
;__Lib_Lcd.c,151 :: 		
0x00E8	0x1088      	BCF        LCD_EN, BitPos(LCD_EN+0)
;__Lib_Lcd.c,152 :: 		
0x00E9	0x2005      	CALL       _Delay_5500us
;__Lib_Lcd.c,155 :: 		
0x00EA	0x1488      	BSF        LCD_EN, BitPos(LCD_EN+0)
;__Lib_Lcd.c,156 :: 		
0x00EB	0x2003      	CALL       _Delay_1us
;__Lib_Lcd.c,157 :: 		
0x00EC	0x1088      	BCF        LCD_EN, BitPos(LCD_EN+0)
;__Lib_Lcd.c,159 :: 		
0x00ED	0x1608      	BSF        LCD_D4, BitPos(LCD_D4+0)
;__Lib_Lcd.c,160 :: 		
0x00EE	0x1488      	BSF        LCD_EN, BitPos(LCD_EN+0)
;__Lib_Lcd.c,161 :: 		
0x00EF	0x2003      	CALL       _Delay_1us
;__Lib_Lcd.c,162 :: 		
0x00F0	0x1088      	BCF        LCD_EN, BitPos(LCD_EN+0)
;__Lib_Lcd.c,163 :: 		
0x00F1	0x2005      	CALL       _Delay_5500us
;__Lib_Lcd.c,166 :: 		
0x00F2	0x1208      	BCF        LCD_D4, BitPos(LCD_D4+0)
;__Lib_Lcd.c,167 :: 		
0x00F3	0x1488      	BSF        LCD_EN, BitPos(LCD_EN+0)
;__Lib_Lcd.c,168 :: 		
0x00F4	0x2003      	CALL       _Delay_1us
;__Lib_Lcd.c,169 :: 		
0x00F5	0x1088      	BCF        LCD_EN, BitPos(LCD_EN+0)
;__Lib_Lcd.c,171 :: 		
0x00F6	0x1788      	BSF        LCD_D7, BitPos(LCD_D7+0)
;__Lib_Lcd.c,172 :: 		
0x00F7	0x1708      	BSF        LCD_D6, BitPos(LCD_D6+0)
;__Lib_Lcd.c,173 :: 		
0x00F8	0x1688      	BSF        LCD_D5, BitPos(LCD_D5+0)
;__Lib_Lcd.c,174 :: 		
0x00F9	0x1608      	BSF        LCD_D4, BitPos(LCD_D4+0)
;__Lib_Lcd.c,175 :: 		
0x00FA	0x1488      	BSF        LCD_EN, BitPos(LCD_EN+0)
;__Lib_Lcd.c,176 :: 		
0x00FB	0x2003      	CALL       _Delay_1us
;__Lib_Lcd.c,177 :: 		
0x00FC	0x1088      	BCF        LCD_EN, BitPos(LCD_EN+0)
;__Lib_Lcd.c,179 :: 		
0x00FD	0x2005      	CALL       _Delay_5500us
;__Lib_Lcd.c,181 :: 		
0x00FE	0x1427      	BSF        __Lib_Lcd_cmd_status, BitPos(__Lib_Lcd_cmd_status+0)
;__Lib_Lcd.c,182 :: 		
L_end_Lcd_Init:
0x00FF	0x0008      	RETURN
; end of _Lcd_Init
___CC2DW:
;__Lib_System.c,134 :: 		
;__Lib_System.c,137 :: 		
_CC2D_Loop1:
;__Lib_System.c,139 :: 		
0x0100	0x2060      	CALL       _____DoICP
0x0101	0x118A      	BCF        PCLATH, 3
0x0102	0x120A      	BCF        PCLATH, 4
;__Lib_System.c,141 :: 		
0x0103	0x0080      	MOVWF      INDF
;__Lib_System.c,142 :: 		
0x0104	0x0A84      	INCF       FSR, 1
;__Lib_System.c,143 :: 		
0x0105	0x0AA5      	INCF       ___DoICPAddr, 1
;__Lib_System.c,145 :: 		
0x0106	0x1903      	BTFSC      STATUS, 2
;__Lib_System.c,146 :: 		
0x0107	0x0AA6      	INCF       ___DoICPAddr+1, 1
;__Lib_System.c,147 :: 		
0x0108	0x03F0      	DECF       R0, 1
;__Lib_System.c,149 :: 		
0x0109	0x1D03      	BTFSS      STATUS, 2
;__Lib_System.c,150 :: 		
0x010A	0x2900      	GOTO       _CC2D_Loop1
;__Lib_System.c,152 :: 		
L_end___CC2DW:
0x010B	0x0008      	RETURN
; end of ___CC2DW
_UART1_Data_Ready:
;__Lib_UART_c67.c,16 :: 		
;__Lib_UART_c67.c,17 :: 		
0x010C	0x3000      	MOVLW      0
0x010D	0x1283      	BCF        STATUS, 5
0x010E	0x1303      	BCF        STATUS, 6
0x010F	0x1A8C      	BTFSC      PIR1, 5
0x0110	0x3001      	MOVLW      1
0x0111	0x00F0      	MOVWF      R0
;__Lib_UART_c67.c,18 :: 		
L_end_UART1_Data_Ready:
0x0112	0x0008      	RETURN
; end of _UART1_Data_Ready
_UART1_Init:
;__Lib_UART_c67.c,2 :: 		
;__Lib_UART_c67.c,5 :: 		
0x0113	0x1683      	BSF        STATUS, 5
0x0114	0x1303      	BCF        STATUS, 6
0x0115	0x1698      	BSF        TXSTA, 5
;__Lib_UART_c67.c,6 :: 		
0x0116	0x3090      	MOVLW      144
0x0117	0x1283      	BCF        STATUS, 5
0x0118	0x0098      	MOVWF      RCSTA
;__Lib_UART_c67.c,7 :: 		
0x0119	0x1683      	BSF        STATUS, 5
0x011A	0x1787      	BSF        TRISC7_bit, BitPos(TRISC7_bit+0)
;__Lib_UART_c67.c,8 :: 		
0x011B	0x1307      	BCF        TRISC6_bit, BitPos(TRISC6_bit+0)
;__Lib_UART_c67.c,10 :: 		
L_UART1_Init0:
0x011C	0x1283      	BCF        STATUS, 5
0x011D	0x1E8C      	BTFSS      PIR1, 5
0x011E	0x2922      	GOTO       L_UART1_Init1
;__Lib_UART_c67.c,11 :: 		
0x011F	0x081A      	MOVF       RCREG, 0
0x0120	0x00F0      	MOVWF      R0
0x0121	0x291C      	GOTO       L_UART1_Init0
L_UART1_Init1:
;__Lib_UART_c67.c,12 :: 		
L_end_UART1_Init:
0x0122	0x0008      	RETURN
; end of _UART1_Init
_UART1_Write:
;__Lib_UART_c67.c,39 :: 		
;__Lib_UART_c67.c,40 :: 		
L_UART1_Write3:
0x0123	0x1683      	BSF        STATUS, 5
0x0124	0x1303      	BCF        STATUS, 6
0x0125	0x1898      	BTFSC      TXSTA, 1
0x0126	0x2929      	GOTO       L_UART1_Write4
;__Lib_UART_c67.c,41 :: 		
0x0127	0x0000      	NOP
0x0128	0x2923      	GOTO       L_UART1_Write3
L_UART1_Write4:
;__Lib_UART_c67.c,42 :: 		
0x0129	0x1283      	BCF        STATUS, 5
0x012A	0x0829      	MOVF       FARG_UART1_Write_data_, 0
0x012B	0x0099      	MOVWF      TXREG
;__Lib_UART_c67.c,43 :: 		
L_end_UART1_Write:
0x012C	0x0008      	RETURN
; end of _UART1_Write
_main:
0x012D	0x3068      	MOVLW      104
0x012E	0x1283      	BCF        STATUS, 5
0x012F	0x1303      	BCF        STATUS, 6
0x0130	0x00A0      	MOVWF      ?lstr1_programa14
0x0131	0x306F      	MOVLW      111
0x0132	0x00A1      	MOVWF      33
0x0133	0x306C      	MOVLW      108
0x0134	0x00A2      	MOVWF      34
0x0135	0x3061      	MOVLW      97
0x0136	0x00A3      	MOVWF      35
0x0137	0x01A4      	CLRF       36
;programa14.c,20 :: 		void main() {
;programa14.c,21 :: 		UART1_Init(9600); // Inicializar el módulo USART
0x0138	0x3019      	MOVLW      25
0x0139	0x1683      	BSF        STATUS, 5
0x013A	0x0099      	MOVWF      SPBRG
0x013B	0x1518      	BSF        TXSTA, 2
0x013C	0x2113      	CALL       _UART1_Init
;programa14.c,24 :: 		Lcd_Init();                    // Inicialización del visualizador LCD
0x013D	0x20B2      	CALL       _Lcd_Init
;programa14.c,25 :: 		Lcd_Cmd(_LCD_CURSOR_OFF);      // Comando LCD (apagar el cursor)
0x013E	0x300C      	MOVLW      12
0x013F	0x00AE      	MOVWF      FARG_Lcd_Cmd_out_char
0x0140	0x2018      	CALL       _Lcd_Cmd
;programa14.c,26 :: 		Lcd_Cmd(_LCD_CLEAR);           // Comando LCD (borrar el LCD)
0x0141	0x3001      	MOVLW      1
0x0142	0x00AE      	MOVWF      FARG_Lcd_Cmd_out_char
0x0143	0x2018      	CALL       _Lcd_Cmd
;programa14.c,27 :: 		Lcd_out(1,1,"hola");
0x0144	0x3001      	MOVLW      1
0x0145	0x00A9      	MOVWF      FARG_Lcd_Out_row
0x0146	0x3001      	MOVLW      1
0x0147	0x00AA      	MOVWF      FARG_Lcd_Out_column
0x0148	0x3020      	MOVLW      ?lstr1_programa14
0x0149	0x00AB      	MOVWF      FARG_Lcd_Out_text
0x014A	0x2072      	CALL       _Lcd_Out
;programa14.c,28 :: 		while (1) {
L_main0:
;programa14.c,30 :: 		if (UART1_Data_Ready()) { // si se ha recibido un dato
0x014B	0x210C      	CALL       _UART1_Data_Ready
0x014C	0x0870      	MOVF       R0, 0
0x014D	0x1903      	BTFSC      STATUS, 2
0x014E	0x29D3      	GOTO       L_main2
;programa14.c,31 :: 		i = UART1_Read(); // leerlo
0x014F	0x2067      	CALL       _UART1_Read
0x0150	0x0870      	MOVF       R0, 0
0x0151	0x00A8      	MOVWF      _i
;programa14.c,32 :: 		switch (i) {
0x0152	0x2996      	GOTO       L_main3
;programa14.c,33 :: 		case 1 : Lcd_Cmd(_LCD_FIRST_ROW);// Move cursor to the 1st row
L_main5:
0x0153	0x3080      	MOVLW      128
0x0154	0x00AE      	MOVWF      FARG_Lcd_Cmd_out_char
0x0155	0x2018      	CALL       _Lcd_Cmd
;programa14.c,34 :: 		break;
0x0156	0x29D3      	GOTO       L_main4
;programa14.c,35 :: 		case 2 :Lcd_Cmd(_LCD_SECOND_ROW);// Move cursor to the 2nd row
L_main6:
0x0157	0x30C0      	MOVLW      192
0x0158	0x00AE      	MOVWF      FARG_Lcd_Cmd_out_char
0x0159	0x2018      	CALL       _Lcd_Cmd
;programa14.c,36 :: 		break;
0x015A	0x29D3      	GOTO       L_main4
;programa14.c,37 :: 		case 3 :Lcd_Cmd(_LCD_THIRD_ROW);// Move cursor to the 3rd row
L_main7:
0x015B	0x3094      	MOVLW      148
0x015C	0x00AE      	MOVWF      FARG_Lcd_Cmd_out_char
0x015D	0x2018      	CALL       _Lcd_Cmd
;programa14.c,38 :: 		break;
0x015E	0x29D3      	GOTO       L_main4
;programa14.c,39 :: 		case 4 :Lcd_Cmd(_LCD_FOURTH_ROW);// Move cursor to the 4th row
L_main8:
0x015F	0x30D4      	MOVLW      212
0x0160	0x00AE      	MOVWF      FARG_Lcd_Cmd_out_char
0x0161	0x2018      	CALL       _Lcd_Cmd
;programa14.c,40 :: 		break;
0x0162	0x29D3      	GOTO       L_main4
;programa14.c,41 :: 		case 5 :Lcd_Cmd(_LCD_CLEAR);// Clear display
L_main9:
0x0163	0x3001      	MOVLW      1
0x0164	0x00AE      	MOVWF      FARG_Lcd_Cmd_out_char
0x0165	0x2018      	CALL       _Lcd_Cmd
;programa14.c,42 :: 		break;
0x0166	0x29D3      	GOTO       L_main4
;programa14.c,43 :: 		case 6 :Lcd_Cmd(_LCD_RETURN_HOME);// Return cursor to home position, returns a shifted display to its original position. Display data RAM is unaffected.
L_main10:
0x0167	0x3002      	MOVLW      2
0x0168	0x00AE      	MOVWF      FARG_Lcd_Cmd_out_char
0x0169	0x2018      	CALL       _Lcd_Cmd
;programa14.c,44 :: 		break;
0x016A	0x29D3      	GOTO       L_main4
;programa14.c,45 :: 		case 7 :Lcd_Cmd(_LCD_CURSOR_OFF);// Turn off cursor
L_main11:
0x016B	0x300C      	MOVLW      12
0x016C	0x00AE      	MOVWF      FARG_Lcd_Cmd_out_char
0x016D	0x2018      	CALL       _Lcd_Cmd
;programa14.c,46 :: 		break;
0x016E	0x29D3      	GOTO       L_main4
;programa14.c,47 :: 		case 8 :Lcd_Cmd(_LCD_UNDERLINE_ON);// Underline cursor on
L_main12:
0x016F	0x300E      	MOVLW      14
0x0170	0x00AE      	MOVWF      FARG_Lcd_Cmd_out_char
0x0171	0x2018      	CALL       _Lcd_Cmd
;programa14.c,48 :: 		break;
0x0172	0x29D3      	GOTO       L_main4
;programa14.c,49 :: 		case 9 :Lcd_Cmd(_LCD_BLINK_CURSOR_ON);// Blink cursor on
L_main13:
0x0173	0x300F      	MOVLW      15
0x0174	0x00AE      	MOVWF      FARG_Lcd_Cmd_out_char
0x0175	0x2018      	CALL       _Lcd_Cmd
;programa14.c,50 :: 		break;
0x0176	0x29D3      	GOTO       L_main4
;programa14.c,51 :: 		case 10 :Lcd_Cmd(_LCD_MOVE_CURSOR_LEFT);// Move cursor left without changing display data RAM
L_main14:
0x0177	0x3010      	MOVLW      16
0x0178	0x00AE      	MOVWF      FARG_Lcd_Cmd_out_char
0x0179	0x2018      	CALL       _Lcd_Cmd
;programa14.c,52 :: 		break;
0x017A	0x29D3      	GOTO       L_main4
;programa14.c,53 :: 		case 11 :Lcd_Cmd(_LCD_MOVE_CURSOR_RIGHT);// Move cursor right without changing display data RAM
L_main15:
0x017B	0x3014      	MOVLW      20
0x017C	0x00AE      	MOVWF      FARG_Lcd_Cmd_out_char
0x017D	0x2018      	CALL       _Lcd_Cmd
;programa14.c,54 :: 		break;
0x017E	0x29D3      	GOTO       L_main4
;programa14.c,55 :: 		case 12 :Lcd_Cmd(_LCD_TURN_ON);// Turn Lcd display on
L_main16:
0x017F	0x300C      	MOVLW      12
0x0180	0x00AE      	MOVWF      FARG_Lcd_Cmd_out_char
0x0181	0x2018      	CALL       _Lcd_Cmd
;programa14.c,56 :: 		break;
0x0182	0x29D3      	GOTO       L_main4
;programa14.c,57 :: 		case 13 :Lcd_Cmd(_LCD_TURN_OFF);// Turn Lcd display off
L_main17:
0x0183	0x3008      	MOVLW      8
0x0184	0x00AE      	MOVWF      FARG_Lcd_Cmd_out_char
0x0185	0x2018      	CALL       _Lcd_Cmd
;programa14.c,58 :: 		break;
0x0186	0x29D3      	GOTO       L_main4
;programa14.c,59 :: 		case 14 :Lcd_Cmd(_LCD_SHIFT_LEFT);// Shift display left without changing display data RAM
L_main18:
0x0187	0x3018      	MOVLW      24
0x0188	0x00AE      	MOVWF      FARG_Lcd_Cmd_out_char
0x0189	0x2018      	CALL       _Lcd_Cmd
;programa14.c,60 :: 		break;
0x018A	0x29D3      	GOTO       L_main4
;programa14.c,61 :: 		case 15 :Lcd_Cmd(_LCD_SHIFT_RIGHT);// Shift display right without changing display data RAM
L_main19:
0x018B	0x301C      	MOVLW      28
0x018C	0x00AE      	MOVWF      FARG_Lcd_Cmd_out_char
0x018D	0x2018      	CALL       _Lcd_Cmd
;programa14.c,62 :: 		break;
0x018E	0x29D3      	GOTO       L_main4
;programa14.c,64 :: 		default : Lcd_chr_Cp(i);
L_main20:
0x018F	0x0828      	MOVF       _i, 0
0x0190	0x00AD      	MOVWF      FARG_Lcd_Chr_CP_out_char
0x0191	0x2058      	CALL       _Lcd_Chr_CP
;programa14.c,65 :: 		UART1_Write(i); // enviarlo atrás
0x0192	0x0828      	MOVF       _i, 0
0x0193	0x00A9      	MOVWF      FARG_UART1_Write_data_
0x0194	0x2123      	CALL       _UART1_Write
;programa14.c,66 :: 		}
0x0195	0x29D3      	GOTO       L_main4
L_main3:
0x0196	0x0828      	MOVF       _i, 0
0x0197	0x3A01      	XORLW      1
0x0198	0x1903      	BTFSC      STATUS, 2
0x0199	0x2953      	GOTO       L_main5
0x019A	0x0828      	MOVF       _i, 0
0x019B	0x3A02      	XORLW      2
0x019C	0x1903      	BTFSC      STATUS, 2
0x019D	0x2957      	GOTO       L_main6
0x019E	0x0828      	MOVF       _i, 0
0x019F	0x3A03      	XORLW      3
0x01A0	0x1903      	BTFSC      STATUS, 2
0x01A1	0x295B      	GOTO       L_main7
0x01A2	0x0828      	MOVF       _i, 0
0x01A3	0x3A04      	XORLW      4
0x01A4	0x1903      	BTFSC      STATUS, 2
0x01A5	0x295F      	GOTO       L_main8
0x01A6	0x0828      	MOVF       _i, 0
0x01A7	0x3A05      	XORLW      5
0x01A8	0x1903      	BTFSC      STATUS, 2
0x01A9	0x2963      	GOTO       L_main9
0x01AA	0x0828      	MOVF       _i, 0
0x01AB	0x3A06      	XORLW      6
0x01AC	0x1903      	BTFSC      STATUS, 2
0x01AD	0x2967      	GOTO       L_main10
0x01AE	0x0828      	MOVF       _i, 0
0x01AF	0x3A07      	XORLW      7
0x01B0	0x1903      	BTFSC      STATUS, 2
0x01B1	0x296B      	GOTO       L_main11
0x01B2	0x0828      	MOVF       _i, 0
0x01B3	0x3A08      	XORLW      8
0x01B4	0x1903      	BTFSC      STATUS, 2
0x01B5	0x296F      	GOTO       L_main12
0x01B6	0x0828      	MOVF       _i, 0
0x01B7	0x3A09      	XORLW      9
0x01B8	0x1903      	BTFSC      STATUS, 2
0x01B9	0x2973      	GOTO       L_main13
0x01BA	0x0828      	MOVF       _i, 0
0x01BB	0x3A0A      	XORLW      10
0x01BC	0x1903      	BTFSC      STATUS, 2
0x01BD	0x2977      	GOTO       L_main14
0x01BE	0x0828      	MOVF       _i, 0
0x01BF	0x3A0B      	XORLW      11
0x01C0	0x1903      	BTFSC      STATUS, 2
0x01C1	0x297B      	GOTO       L_main15
0x01C2	0x0828      	MOVF       _i, 0
0x01C3	0x3A0C      	XORLW      12
0x01C4	0x1903      	BTFSC      STATUS, 2
0x01C5	0x297F      	GOTO       L_main16
0x01C6	0x0828      	MOVF       _i, 0
0x01C7	0x3A0D      	XORLW      13
0x01C8	0x1903      	BTFSC      STATUS, 2
0x01C9	0x2983      	GOTO       L_main17
0x01CA	0x0828      	MOVF       _i, 0
0x01CB	0x3A0E      	XORLW      14
0x01CC	0x1903      	BTFSC      STATUS, 2
0x01CD	0x2987      	GOTO       L_main18
0x01CE	0x0828      	MOVF       _i, 0
0x01CF	0x3A0F      	XORLW      15
0x01D0	0x1903      	BTFSC      STATUS, 2
0x01D1	0x298B      	GOTO       L_main19
0x01D2	0x298F      	GOTO       L_main20
L_main4:
;programa14.c,71 :: 		}
L_main2:
;programa14.c,72 :: 		}
0x01D3	0x294B      	GOTO       L_main0
;programa14.c,73 :: 		}
L_end_main:
0x01D4	0x29D4      	GOTO       $+0
; end of _main
Symbol List:
//** Routines locations **
//ADDRESS    SIZE    PROCEDURE
//----------------------------------------------
0x0003       [2]    _Delay_1us
0x0005      [11]    _Delay_5500us
0x0010       [8]    _Delay_50us
0x0018      [64]    _Lcd_Cmd
0x0058       [8]    _Lcd_Chr_CP
0x0060       [7]    _____DoICP
0x0067      [11]    _UART1_Read
0x0072      [64]    _Lcd_Out
0x00B2      [78]    _Lcd_Init
0x0100      [12]    ___CC2DW
0x010C       [7]    _UART1_Data_Ready
0x0113      [16]    _UART1_Init
0x0123      [10]    _UART1_Write
0x012D     [168]    _main
//** Variables locations ** 
//ADDRESS    SIZE    VARIABLE
//----------------------------------------------
0x0000       [1]    INDF
0x0002       [1]    PCL
0x0003       [1]    STATUS
0x0004       [1]    FSR
0x0008       [0]    RD6_bit
0x0008       [0]    LCD_D6
0x0008       [0]    RD7_bit
0x0008       [0]    LCD_D7
0x0008       [0]    RD5_bit
0x0008       [0]    LCD_RS
0x0008       [0]    RD0_bit
0x0008       [0]    RD1_bit
0x0008       [0]    RD4_bit
0x0008       [0]    LCD_D5
0x0008       [0]    LCD_D4
0x0008       [0]    LCD_EN
0x000A       [1]    PCLATH
0x000C       [1]    PIR1
0x0018       [1]    RCSTA
0x0019       [1]    TXREG
0x001A       [1]    RCREG
0x0020       [5]    ?lstr1_programa14
0x0025       [2]    ___DoICPAddr
0x0027       [0]    __Lib_Lcd_cmd_status
0x0028       [1]    _i
0x0029       [1]    FARG_UART1_Write_data_
0x0029       [1]    FARG_Lcd_Out_row
0x002A       [1]    FARG_Lcd_Out_column
0x002B       [1]    FARG_Lcd_Out_text
0x002C       [1]    Lcd_Out_i_L0
0x002D       [1]    FARG_Lcd_Chr_CP_out_char
0x002E       [1]    FARG_Lcd_Cmd_out_char
0x0070       [1]    R0
0x0071       [1]    R1
0x0072       [1]    R2
0x0073       [1]    R3
0x0074       [1]    R4
0x0075       [1]    R5
0x0076       [1]    R6
0x0077       [1]    R7
0x0078       [1]    R8
0x0079       [1]    R9
0x007A       [1]    R10
0x007B       [1]    R11
0x007C       [1]    R12
0x007D       [1]    R13
0x007E       [1]    R14
0x007F       [1]    R15
0x0087       [0]    TRISC7_bit
0x0087       [0]    TRISC6_bit
0x0088       [0]    TRISD1_bit
0x0088       [0]    TRISD4_bit
0x0088       [0]    TRISD6_bit
0x0088       [0]    TRISD7_bit
0x0088       [0]    TRISD5_bit
0x0088       [0]    TRISD0_bit
0x0088       [0]    LCD_RS_Direction
0x0088       [0]    LCD_D7_Direction
0x0088       [0]    LCD_D4_Direction
0x0088       [0]    LCD_D5_Direction
0x0088       [0]    LCD_D6_Direction
0x0088       [0]    LCD_EN_Direction
0x0098       [1]    TXSTA
0x0099       [1]    SPBRG
0x009A       [1]    SPBRGH
//** Label List: ** 
//----------------------------------------------
  L_main0
  L_main1
  L_main2
  L_main3
  L_main4
  L_main5
  L_main6
  L_main7
  L_main8
  L_main9
  L_main10
  L_main11
  L_main12
  L_main13
  L_main14
  L_main15
  L_main16
  L_main17
  L_main18
  L_main19
  L_main20
  L_end_main
  _main
  L_Delay_10us0
  L_Delay_22us1
  L_Delay_50us2
  L_Delay_80us3
  L_Delay_500us4
  L_Delay_5500us5
  L_Delay_1ms6
  L_Delay_5ms7
  L_Delay_8ms8
  L_Delay_10ms9
  L_Delay_100ms10
  L_Delay_1sec11
  L_boot16_Delay_5ms12
  L_Delay_Cyc13
  L_Delay_Cyc14
  L_VDelay_ms15
  L_VDelay_ms16
  L_VDelay_ms17
  L_VDelay_Advanced_ms18
  L_VDelay_Advanced_ms19
  L_VDelay_Advanced_ms20
  L_end_Get_Fosc_kHz
  _Get_Fosc_kHz
  L_end_Delay_1us
  _Delay_1us
  L_end_Delay_10us
  _Delay_10us
  L_end_Delay_22us
  _Delay_22us
  L_end_Delay_50us
  _Delay_50us
  L_end_Delay_80us
  _Delay_80us
  L_end_Delay_500us
  _Delay_500us
  L_end_Delay_5500us
  _Delay_5500us
  L_end_Delay_1ms
  _Delay_1ms
  L_end_Delay_5ms
  _Delay_5ms
  L_end_Delay_8ms
  _Delay_8ms
  L_end_Delay_10ms
  _Delay_10ms
  L_end_Delay_100ms
  _Delay_100ms
  L_end_Delay_1sec
  _Delay_1sec
  L_end_boot16_Delay_5ms
  _boot16_Delay_5ms
  L_end_Delay_Cyc
  _Delay_Cyc
  L_end_VDelay_ms
  _VDelay_ms
  L__VDelay_ms38
  L__VDelay_ms39
  L__VDelay_ms40
  L_end_VDelay_Advanced_ms
  _VDelay_Advanced_ms
  L__VDelay_Advanced_ms42
  L__VDelay_Advanced_ms43
  L__VDelay_Advanced_ms44
  L_Lcd_Cmd0
  L_Lcd_Cmd1
  L_Lcd_Out_CP2
  L_Lcd_Out_CP3
  L_Lcd_Chr4
  L_Lcd_Chr5
  L_Lcd_Chr6
  L_Lcd_Chr7
  L_Lcd_Chr8
  L_Lcd_Chr9
  L_Lcd_Chr10
  L_Lcd_Out11
  L_Lcd_Out12
  L_Lcd_Out13
  L_Lcd_Out14
  L_Lcd_Out15
  L_Lcd_Out16
  L_Lcd_Out17
  L_Lcd_Out18
  L_Lcd_Out19
  L_end_Lcd_Cmd
  _Lcd_Cmd
  L__Lcd_Cmd21
  L__Lcd_Cmd22
  L__Lcd_Cmd23
  L__Lcd_Cmd24
  L__Lcd_Cmd25
  L__Lcd_Cmd26
  L__Lcd_Cmd27
  L__Lcd_Cmd28
  L__Lcd_Cmd29
  L__Lcd_Cmd30
  L__Lcd_Cmd31
  L__Lcd_Cmd32
  L__Lcd_Cmd33
  L__Lcd_Cmd34
  L__Lcd_Cmd35
  L__Lcd_Cmd36
  L__Lcd_Cmd37
  L__Lcd_Cmd38
  L__Lcd_Cmd39
  L__Lcd_Cmd40
  L_end_Lcd_Chr_CP
  _Lcd_Chr_CP
  L_end_Lcd_Out_CP
  _Lcd_Out_CP
  L_end_Lcd_Chr
  _Lcd_Chr
  L_end_Lcd_Init
  _Lcd_Init
  L_end_Lcd_Out
  _Lcd_Out
  L_loopCA2AWs
  L_CA2AWend
  _CCA2AW_Loop1
  L_loopCS2Ss
  L_CS2Send
  _CCS2S_Loop1
  L_CCS2Send
  L_loopFZinSWs
  L_FZinSend
  _CC2D_Loop1
  L_end_____DoICP
  _____DoICP
  L_end_____DoIFC
  _____DoIFC
  L_end___CA2AW
  ___CA2AW
  L_end___CCA2AW
  ___CCA2AW
  L_end___CS2S
  ___CS2S
  L_end___CCS2S
  ___CCS2S
  L_end___FZinS
  ___FZinS
  L_end___CC2DW
  ___CC2DW
  L_end_Swap
  _Swap
  L_UART1_Init0
  L_UART1_Init1
  L_UART1_Read2
  L_UART1_Write3
  L_UART1_Write4
  L_UART1_Write_Text5
  L_UART1_Write_Text6
  L_UART1_Read_Text7
  L_UART1_Read_Text8
  L_UART1_Read_Text9
  L_UART1_Read_Text10
  L_UART1_Read_Text11
  L_UART1_Read_Text12
  L_UART1_Read_Text13
  L_UART1_Read_Text14
  L_UART1_Read_Text15
  L_end_UART1_Init
  _UART1_Init
  L_end_UART1_Data_Ready
  _UART1_Data_Ready
  L_end_UART1_Read
  _UART1_Read
  L_end_UART1_Tx_Idle
  _UART1_Tx_Idle
  L_end_UART1_Write
  _UART1_Write
  L_end_UART1_Write_Text
  _UART1_Write_Text
  L_end_UART1_Read_Text
  _UART1_Read_Text
