0	1	mikroCPIC1618.exe -MSF -DBG -pP16F887 -GC -DL -O11111114 -fo8 -N"C:\Users\Andres\Desktop\El resto\Pogramas MikroC\programa 12\dxgfdgf.mcppi" -SP"C:\Users\Public\Documents\Mikroelektronika\mikroC PRO for PIC\Defs\" -SP"C:\Users\Public\Documents\Mikroelektronika\mikroC PRO for PIC\Uses\P16\" -SP"C:\Users\Andres\Desktop\El resto\Pogramas MikroC\programa 12\" "nuevo.c" "__Lib_DS1307.c" "__Lib_Math.mcl" "__Lib_MathDouble.mcl" "__Lib_System.mcl" "__Lib_Delays.mcl" "__Lib_I2C_c34.mcl"	 
hint: 0	1139	Available RAM: 352 [bytes], Available ROM: 8192 [bytes]	 
diagnostics: 0	122	Compilation Started	nuevo.c
diagnostics: 3	123	Compiled Successfully	nuevo.c
diagnostics: 0	122	Compilation Started	__Lib_DS1307.c
hint: 36	1163	Variable 'HV' has been declared, but not used	__Lib_DS1307.c
hint: 36	1163	Variable 'LV' has been declared, but not used	__Lib_DS1307.c
diagnostics: 241	123	Compiled Successfully	__Lib_DS1307.c
hint: 20	1164	Variable 'LV' has been eliminated by optimizer	__Lib_DS1307.c
hint: 20	1164	Variable 'HV' has been eliminated by optimizer	__Lib_DS1307.c
hint: 28	1164	Variable 'HV' has been eliminated by optimizer	__Lib_DS1307.c
hint: 28	1164	Variable 'LV' has been eliminated by optimizer	__Lib_DS1307.c
diagnostics: 0	127	All files Compiled in 156 ms	 
hint: 0	1144	Used RAM (bytes): 2 (1%)  Free RAM (bytes): 350 (99%)	Used RAM (bytes): 2 (1%)  Free RAM (bytes): 350 (99%)
hint: 0	1144	Used ROM (program words): 1 (1%)  Free ROM (program words): 8191 (99%)	Used ROM (program words): 1 (1%)  Free ROM (program words): 8191 (99%)
diagnostics: 0	125	Project Linked Successfully	dxgfdgf.mcppi
hint: 0	1004	COFF file successfully generated	COFF file successfully generated
diagnostics: 0	128	Linked in 297 ms	 
diagnostics: 0	129	Project 'dxgfdgf.mcppi' completed: 484 ms	 
diagnostics: 0	103	Finished successfully: 22 abr 2016, 10:15:29	dxgfdgf.mcppi
