;  LST file generated by mikroListExporter - v.2.0 
; Date/Time: 22/04/2016 10:19:27
;----------------------------------------------

;Address Opcode 	ASM
0x0000	0x2A9F      	GOTO       671
_I2C1_Is_Idle:
;__Lib_I2C_c34.c,13 :: 		
;__Lib_I2C_c34.c,14 :: 		
0x0003	0x1683      	BSF        STATUS, 5
0x0004	0x1303      	BCF        STATUS, 6
0x0005	0x1914      	BTFSC      SSPSTAT, 2
0x0006	0x2811      	GOTO       L_I2C1_Is_Idle0
;__Lib_I2C_c34.c,15 :: 		
0x0007	0x301F      	MOVLW      31
0x0008	0x0511      	ANDWF      SSPCON2, 0
0x0009	0x00F1      	MOVWF      R1
0x000A	0x0871      	MOVF       R1, 0
0x000B	0x3A00      	XORLW      0
0x000C	0x1D03      	BTFSS      STATUS, 2
0x000D	0x2811      	GOTO       L_I2C1_Is_Idle1
;__Lib_I2C_c34.c,16 :: 		
0x000E	0x3001      	MOVLW      1
0x000F	0x00F0      	MOVWF      R0
0x0010	0x2812      	GOTO       L_end_I2C1_Is_Idle
L_I2C1_Is_Idle1:
L_I2C1_Is_Idle0:
;__Lib_I2C_c34.c,17 :: 		
0x0011	0x01F0      	CLRF       R0
;__Lib_I2C_c34.c,18 :: 		
L_end_I2C1_Is_Idle:
0x0012	0x0008      	RETURN
; end of _I2C1_Is_Idle
_I2C1_Start:
;__Lib_I2C_c34.c,20 :: 		
;__Lib_I2C_c34.c,23 :: 		
0x0013	0x1283      	BCF        STATUS, 5
0x0014	0x1303      	BCF        STATUS, 6
0x0015	0x01EA      	CLRF       I2C1_Start_j_L0
0x0016	0x01EB      	CLRF       I2C1_Start_j_L0+1
L_I2C1_Start2:
0x0017	0x086B      	MOVF       I2C1_Start_j_L0+1, 0
0x0018	0x3C12      	SUBLW      18
0x0019	0x1D03      	BTFSS      STATUS, 2
0x001A	0x281D      	GOTO       L__I2C1_Start27
0x001B	0x086A      	MOVF       I2C1_Start_j_L0, 0
0x001C	0x3C8E      	SUBLW      142
L__I2C1_Start27:
0x001D	0x1C03      	BTFSS      STATUS, 0
0x001E	0x2829      	GOTO       L_I2C1_Start3
;__Lib_I2C_c34.c,24 :: 		
0x001F	0x2003      	CALL       _I2C1_Is_Idle
0x0020	0x0870      	MOVF       R0, 0
0x0021	0x1903      	BTFSC      STATUS, 2
0x0022	0x2824      	GOTO       L_I2C1_Start5
;__Lib_I2C_c34.c,25 :: 		
0x0023	0x2829      	GOTO       L_I2C1_Start3
L_I2C1_Start5:
;__Lib_I2C_c34.c,23 :: 		
0x0024	0x1283      	BCF        STATUS, 5
0x0025	0x0AEA      	INCF       I2C1_Start_j_L0, 1
0x0026	0x1903      	BTFSC      STATUS, 2
0x0027	0x0AEB      	INCF       I2C1_Start_j_L0+1, 1
;__Lib_I2C_c34.c,26 :: 		
0x0028	0x2817      	GOTO       L_I2C1_Start2
L_I2C1_Start3:
0x0029	0x1283      	BCF        STATUS, 5
;__Lib_I2C_c34.c,28 :: 		
0x002A	0x3012      	MOVLW      18
0x002B	0x026B      	SUBWF      I2C1_Start_j_L0+1, 0
0x002C	0x1D03      	BTFSS      STATUS, 2
0x002D	0x2830      	GOTO       L__I2C1_Start28
0x002E	0x308F      	MOVLW      143
0x002F	0x026A      	SUBWF      I2C1_Start_j_L0, 0
L__I2C1_Start28:
0x0030	0x1C03      	BTFSS      STATUS, 0
0x0031	0x2835      	GOTO       L_I2C1_Start6
;__Lib_I2C_c34.c,29 :: 		
0x0032	0x307B      	MOVLW      123
0x0033	0x00F0      	MOVWF      R0
0x0034	0x283B      	GOTO       L_end_I2C1_Start
L_I2C1_Start6:
;__Lib_I2C_c34.c,31 :: 		
0x0035	0x1683      	BSF        STATUS, 5
0x0036	0x1411      	BSF        SSPCON2, 0
;__Lib_I2C_c34.c,32 :: 		
L_I2C1_Start8:
0x0037	0x1C11      	BTFSS      SSPCON2, 0
0x0038	0x283A      	GOTO       L_I2C1_Start9
;__Lib_I2C_c34.c,33 :: 		
0x0039	0x2837      	GOTO       L_I2C1_Start8
L_I2C1_Start9:
;__Lib_I2C_c34.c,34 :: 		
0x003A	0x01F0      	CLRF       R0
;__Lib_I2C_c34.c,36 :: 		
L_end_I2C1_Start:
0x003B	0x0008      	RETURN
; end of _I2C1_Start
_I2C1_Wr:
;__Lib_I2C_c34.c,68 :: 		
;__Lib_I2C_c34.c,70 :: 		
0x003C	0x1283      	BCF        STATUS, 5
0x003D	0x1303      	BCF        STATUS, 6
0x003E	0x118C      	BCF        PIR1, 3
;__Lib_I2C_c34.c,71 :: 		
0x003F	0x086A      	MOVF       FARG_I2C1_Wr_data_, 0
0x0040	0x0093      	MOVWF      SSPBUF
;__Lib_I2C_c34.c,73 :: 		
L_I2C1_Wr18:
0x0041	0x1683      	BSF        STATUS, 5
0x0042	0x1D14      	BTFSS      SSPSTAT, 2
0x0043	0x2845      	GOTO       L_I2C1_Wr19
;__Lib_I2C_c34.c,74 :: 		
0x0044	0x2841      	GOTO       L_I2C1_Wr18
L_I2C1_Wr19:
;__Lib_I2C_c34.c,76 :: 		
L_I2C1_Wr20:
0x0045	0x1283      	BCF        STATUS, 5
0x0046	0x198C      	BTFSC      PIR1, 3
0x0047	0x2849      	GOTO       L_I2C1_Wr21
;__Lib_I2C_c34.c,77 :: 		
0x0048	0x2845      	GOTO       L_I2C1_Wr20
L_I2C1_Wr21:
;__Lib_I2C_c34.c,79 :: 		
0x0049	0x1683      	BSF        STATUS, 5
0x004A	0x1B11      	BTFSC      SSPCON2, 6
0x004B	0x284E      	GOTO       L_I2C1_Wr22
;__Lib_I2C_c34.c,80 :: 		
0x004C	0x01F0      	CLRF       R0
0x004D	0x2851      	GOTO       L_end_I2C1_Wr
;__Lib_I2C_c34.c,81 :: 		
L_I2C1_Wr22:
;__Lib_I2C_c34.c,83 :: 		
0x004E	0x1511      	BSF        SSPCON2, 2
;__Lib_I2C_c34.c,84 :: 		
0x004F	0x3002      	MOVLW      2
0x0050	0x00F0      	MOVWF      R0
;__Lib_I2C_c34.c,86 :: 		
L_end_I2C1_Wr:
0x0051	0x0008      	RETURN
; end of _I2C1_Wr
_Mul_8X8_U:
;__Lib_Math.c,103 :: 		
;__Lib_Math.c,108 :: 		
0x0052	0x1283      	BCF        STATUS, 5
;__Lib_Math.c,109 :: 		
0x0053	0x1303      	BCF        STATUS, 6
;__Lib_Math.c,110 :: 		
0x0054	0x0870      	MOVF       R0, 0
;__Lib_Math.c,111 :: 		
0x0055	0x00F1      	MOVWF      R1
;__Lib_Math.c,112 :: 		
0x0056	0x01F0      	CLRF       R0
;__Lib_Math.c,113 :: 		
0x0057	0x3008      	MOVLW      8
;__Lib_Math.c,114 :: 		
0x0058	0x00FC      	MOVWF      R12
;__Lib_Math.c,115 :: 		
0x0059	0x0871      	MOVF       R1, 0
;__Lib_Math.c,116 :: 		
0x005A	0x0CF4      	RRF        R4, 1
;__Lib_Math.c,117 :: 		
0x005B	0x1803      	BTFSC      STATUS, 0
;__Lib_Math.c,118 :: 		
0x005C	0x2861      	GOTO       $+5
;__Lib_Math.c,119 :: 		
0x005D	0x0BFC      	DECFSZ     R12, 1
;__Lib_Math.c,120 :: 		
0x005E	0x285A      	GOTO       $-4
;__Lib_Math.c,121 :: 		
0x005F	0x01F1      	CLRF       R1
;__Lib_Math.c,122 :: 		
0x0060	0x3400      	RETLW      0
;__Lib_Math.c,123 :: 		
0x0061	0x1003      	BCF        STATUS, 0
;__Lib_Math.c,124 :: 		
0x0062	0x2866      	GOTO       $+4
;__Lib_Math.c,125 :: 		
0x0063	0x0CF4      	RRF        R4, 1
;__Lib_Math.c,126 :: 		
0x0064	0x1803      	BTFSC      STATUS, 0
;__Lib_Math.c,127 :: 		
0x0065	0x07F1      	ADDWF      R1, 1
;__Lib_Math.c,128 :: 		
0x0066	0x0CF1      	RRF        R1, 1
;__Lib_Math.c,129 :: 		
0x0067	0x0CF0      	RRF        R0, 1
;__Lib_Math.c,130 :: 		
0x0068	0x0BFC      	DECFSZ     R12, 1
;__Lib_Math.c,131 :: 		
0x0069	0x2863      	GOTO       $-6
;__Lib_Math.c,133 :: 		
;__Lib_Math.c,134 :: 		
L_end_Mul_8X8_U:
0x006A	0x0008      	RETURN
; end of _Mul_8X8_U
_I2C1_Repeated_Start:
;__Lib_I2C_c34.c,38 :: 		
;__Lib_I2C_c34.c,39 :: 		
0x006B	0x1683      	BSF        STATUS, 5
0x006C	0x1303      	BCF        STATUS, 6
0x006D	0x1491      	BSF        SSPCON2, 1
;__Lib_I2C_c34.c,40 :: 		
L_I2C1_Repeated_Start10:
0x006E	0x1C91      	BTFSS      SSPCON2, 1
0x006F	0x2871      	GOTO       L_I2C1_Repeated_Start11
;__Lib_I2C_c34.c,41 :: 		
0x0070	0x286E      	GOTO       L_I2C1_Repeated_Start10
L_I2C1_Repeated_Start11:
;__Lib_I2C_c34.c,42 :: 		
L_end_I2C1_Repeated_Start:
0x0071	0x0008      	RETURN
; end of _I2C1_Repeated_Start
_BcdToShort:
;__Lib_DS1307.c,18 :: 		unsigned short BcdToShort( unsigned short bcd )
;__Lib_DS1307.c,21 :: 		LV = bcd&0x0F;
0x0072	0x300F      	MOVLW      15
0x0073	0x1283      	BCF        STATUS, 5
0x0074	0x1303      	BCF        STATUS, 6
0x0075	0x0568      	ANDWF      FARG_BcdToShort_bcd, 0
0x0076	0x00E9      	MOVWF      FLOC__BcdToShort
;__Lib_DS1307.c,22 :: 		HV = (bcd>>4)&0x0F;
0x0077	0x0868      	MOVF       FARG_BcdToShort_bcd, 0
0x0078	0x00F0      	MOVWF      R0
0x0079	0x0CF0      	RRF        R0, 1
0x007A	0x13F0      	BCF        R0, 7
0x007B	0x0CF0      	RRF        R0, 1
0x007C	0x13F0      	BCF        R0, 7
0x007D	0x0CF0      	RRF        R0, 1
0x007E	0x13F0      	BCF        R0, 7
0x007F	0x0CF0      	RRF        R0, 1
0x0080	0x13F0      	BCF        R0, 7
0x0081	0x300F      	MOVLW      15
0x0082	0x05F0      	ANDWF      R0, 1
;__Lib_DS1307.c,23 :: 		return LV + HV*10;
0x0083	0x300A      	MOVLW      10
0x0084	0x00F4      	MOVWF      R4
0x0085	0x2052      	CALL       _Mul_8X8_U
0x0086	0x0869      	MOVF       FLOC__BcdToShort, 0
0x0087	0x07F0      	ADDWF      R0, 1
;__Lib_DS1307.c,24 :: 		}
L_end_BcdToShort:
0x0088	0x0008      	RETURN
; end of _BcdToShort
_DS1307SetDir:
;__Lib_DS1307.c,11 :: 		void DS1307SetDir( unsigned short dir )
;__Lib_DS1307.c,13 :: 		I2C1_Start();
0x0089	0x2013      	CALL       _I2C1_Start
;__Lib_DS1307.c,14 :: 		I2C1_Wr(0xD0);
0x008A	0x30D0      	MOVLW      208
0x008B	0x1283      	BCF        STATUS, 5
0x008C	0x1303      	BCF        STATUS, 6
0x008D	0x00EA      	MOVWF      FARG_I2C1_Wr_data_
0x008E	0x203C      	CALL       _I2C1_Wr
;__Lib_DS1307.c,15 :: 		I2C1_Wr(dir);
0x008F	0x1283      	BCF        STATUS, 5
0x0090	0x0868      	MOVF       FARG_DS1307SetDir_dir, 0
0x0091	0x00EA      	MOVWF      FARG_I2C1_Wr_data_
0x0092	0x203C      	CALL       _I2C1_Wr
;__Lib_DS1307.c,16 :: 		}
L_end_DS1307SetDir:
0x0093	0x0008      	RETURN
; end of _DS1307SetDir
_I2C1_Rd:
;__Lib_I2C_c34.c,44 :: 		
;__Lib_I2C_c34.c,47 :: 		
0x0094	0x1283      	BCF        STATUS, 5
0x0095	0x1303      	BCF        STATUS, 6
0x0096	0x118C      	BCF        PIR1, 3
;__Lib_I2C_c34.c,48 :: 		
0x0097	0x1683      	BSF        STATUS, 5
0x0098	0x1591      	BSF        SSPCON2, 3
;__Lib_I2C_c34.c,50 :: 		
L_I2C1_Rd12:
0x0099	0x1283      	BCF        STATUS, 5
0x009A	0x198C      	BTFSC      PIR1, 3
0x009B	0x289D      	GOTO       L_I2C1_Rd13
;__Lib_I2C_c34.c,51 :: 		
0x009C	0x2899      	GOTO       L_I2C1_Rd12
L_I2C1_Rd13:
;__Lib_I2C_c34.c,53 :: 		
0x009D	0x0813      	MOVF       SSPBUF, 0
0x009E	0x00F1      	MOVWF      R1
;__Lib_I2C_c34.c,54 :: 		
0x009F	0x0868      	MOVF       FARG_I2C1_Rd_ack, 0
0x00A0	0x3A00      	XORLW      0
0x00A1	0x1D03      	BTFSS      STATUS, 2
0x00A2	0x28A6      	GOTO       L_I2C1_Rd14
;__Lib_I2C_c34.c,55 :: 		
0x00A3	0x1683      	BSF        STATUS, 5
0x00A4	0x1691      	BSF        SSPCON2, 5
0x00A5	0x28A8      	GOTO       L_I2C1_Rd15
L_I2C1_Rd14:
0x00A6	0x1683      	BSF        STATUS, 5
;__Lib_I2C_c34.c,57 :: 		
0x00A7	0x1291      	BCF        SSPCON2, 5
L_I2C1_Rd15:
;__Lib_I2C_c34.c,59 :: 		
0x00A8	0x1283      	BCF        STATUS, 5
0x00A9	0x118C      	BCF        PIR1, 3
;__Lib_I2C_c34.c,60 :: 		
0x00AA	0x1683      	BSF        STATUS, 5
0x00AB	0x1611      	BSF        SSPCON2, 4
;__Lib_I2C_c34.c,62 :: 		
L_I2C1_Rd16:
0x00AC	0x1283      	BCF        STATUS, 5
0x00AD	0x198C      	BTFSC      PIR1, 3
0x00AE	0x28B0      	GOTO       L_I2C1_Rd17
;__Lib_I2C_c34.c,63 :: 		
0x00AF	0x28AC      	GOTO       L_I2C1_Rd16
L_I2C1_Rd17:
;__Lib_I2C_c34.c,65 :: 		
0x00B0	0x0871      	MOVF       R1, 0
0x00B1	0x00F0      	MOVWF      R0
;__Lib_I2C_c34.c,66 :: 		
L_end_I2C1_Rd:
0x00B2	0x0008      	RETURN
; end of _I2C1_Rd
_I2C1_Stop:
;__Lib_I2C_c34.c,89 :: 		
;__Lib_I2C_c34.c,90 :: 		
0x00B3	0x1683      	BSF        STATUS, 5
0x00B4	0x1303      	BCF        STATUS, 6
0x00B5	0x1511      	BSF        SSPCON2, 2
;__Lib_I2C_c34.c,91 :: 		
L_end_I2C1_Stop:
0x00B6	0x0008      	RETURN
; end of _I2C1_Stop
_I2C1_Init:
;__Lib_I2C_c34.c,4 :: 		
;__Lib_I2C_c34.c,5 :: 		
0x00B7	0x1683      	BSF        STATUS, 5
0x00B8	0x1303      	BCF        STATUS, 6
0x00B9	0x1314      	BCF        SSPSTAT, 6
;__Lib_I2C_c34.c,6 :: 		
0x00BA	0x1394      	BCF        SSPSTAT, 7
;__Lib_I2C_c34.c,7 :: 		
0x00BB	0x1607      	BSF        TRISC4_bit, BitPos(TRISC4_bit+0)
;__Lib_I2C_c34.c,8 :: 		
0x00BC	0x1587      	BSF        TRISC3_bit, BitPos(TRISC3_bit+0)
;__Lib_I2C_c34.c,9 :: 		
0x00BD	0x3038      	MOVLW      56
0x00BE	0x1283      	BCF        STATUS, 5
0x00BF	0x0094      	MOVWF      SSPCON
;__Lib_I2C_c34.c,11 :: 		
L_end_I2C1_Init:
0x00C0	0x0008      	RETURN
; end of _I2C1_Init
_UART1_Write:
;__Lib_UART_c67.c,39 :: 		
;__Lib_UART_c67.c,40 :: 		
L_UART1_Write3:
0x00C1	0x1683      	BSF        STATUS, 5
0x00C2	0x1303      	BCF        STATUS, 6
0x00C3	0x1898      	BTFSC      TXSTA, 1
0x00C4	0x28C7      	GOTO       L_UART1_Write4
;__Lib_UART_c67.c,41 :: 		
0x00C5	0x0000      	NOP
0x00C6	0x28C1      	GOTO       L_UART1_Write3
L_UART1_Write4:
;__Lib_UART_c67.c,42 :: 		
0x00C7	0x1283      	BCF        STATUS, 5
0x00C8	0x0861      	MOVF       FARG_UART1_Write_data_, 0
0x00C9	0x0099      	MOVWF      TXREG
;__Lib_UART_c67.c,43 :: 		
L_end_UART1_Write:
0x00CA	0x0008      	RETURN
; end of _UART1_Write
_DS1307GetHora:
;__Lib_DS1307.c,101 :: 		Hora DS1307GetHora( void )
0x00CB	0x1283      	BCF        STATUS, 5
0x00CC	0x1303      	BCF        STATUS, 6
0x00CD	0x0870      	MOVF       R0, 0
0x00CE	0x00E1      	MOVWF      _DS1307GetHora_su_addr
;__Lib_DS1307.c,105 :: 		DS1307SetDir(0);
0x00CF	0x01E8      	CLRF       FARG_DS1307SetDir_dir
0x00D0	0x2089      	CALL       _DS1307SetDir
;__Lib_DS1307.c,106 :: 		I2C1_Repeated_Start();
0x00D1	0x206B      	CALL       _I2C1_Repeated_Start
;__Lib_DS1307.c,107 :: 		I2C1_Wr(0xD1);
0x00D2	0x30D1      	MOVLW      209
0x00D3	0x1283      	BCF        STATUS, 5
0x00D4	0x00EA      	MOVWF      FARG_I2C1_Wr_data_
0x00D5	0x203C      	CALL       _I2C1_Wr
;__Lib_DS1307.c,108 :: 		VAL[0] = I2C1_Rd(1);
0x00D6	0x3001      	MOVLW      1
0x00D7	0x1283      	BCF        STATUS, 5
0x00D8	0x00E8      	MOVWF      FARG_I2C1_Rd_ack
0x00D9	0x2094      	CALL       _I2C1_Rd
0x00DA	0x0870      	MOVF       R0, 0
0x00DB	0x00E5      	MOVWF      DS1307GetHora_VAL_L0
;__Lib_DS1307.c,109 :: 		VAL[1] = I2C1_Rd(1);
0x00DC	0x3001      	MOVLW      1
0x00DD	0x00E8      	MOVWF      FARG_I2C1_Rd_ack
0x00DE	0x2094      	CALL       _I2C1_Rd
0x00DF	0x0870      	MOVF       R0, 0
0x00E0	0x00E6      	MOVWF      DS1307GetHora_VAL_L0+1
;__Lib_DS1307.c,110 :: 		VAL[2] = I2C1_Rd(0);
0x00E1	0x01E8      	CLRF       FARG_I2C1_Rd_ack
0x00E2	0x2094      	CALL       _I2C1_Rd
0x00E3	0x0870      	MOVF       R0, 0
0x00E4	0x00E7      	MOVWF      DS1307GetHora_VAL_L0+2
;__Lib_DS1307.c,111 :: 		I2C1_Stop();
0x00E5	0x20B3      	CALL       _I2C1_Stop
;__Lib_DS1307.c,112 :: 		H.Seg = BcdToShort( VAL[0] );
0x00E6	0x1283      	BCF        STATUS, 5
0x00E7	0x0865      	MOVF       DS1307GetHora_VAL_L0, 0
0x00E8	0x00E8      	MOVWF      FARG_BcdToShort_bcd
0x00E9	0x2072      	CALL       _BcdToShort
0x00EA	0x0870      	MOVF       R0, 0
0x00EB	0x00E4      	MOVWF      DS1307GetHora_H_L0+2
;__Lib_DS1307.c,113 :: 		H.Min = BcdToShort( VAL[1] );
0x00EC	0x0866      	MOVF       DS1307GetHora_VAL_L0+1, 0
0x00ED	0x00E8      	MOVWF      FARG_BcdToShort_bcd
0x00EE	0x2072      	CALL       _BcdToShort
0x00EF	0x0870      	MOVF       R0, 0
0x00F0	0x00E3      	MOVWF      DS1307GetHora_H_L0+1
;__Lib_DS1307.c,114 :: 		H.Hor = BcdToShort( VAL[2] );
0x00F1	0x0867      	MOVF       DS1307GetHora_VAL_L0+2, 0
0x00F2	0x00E8      	MOVWF      FARG_BcdToShort_bcd
0x00F3	0x2072      	CALL       _BcdToShort
0x00F4	0x0870      	MOVF       R0, 0
0x00F5	0x00E2      	MOVWF      DS1307GetHora_H_L0
;__Lib_DS1307.c,115 :: 		return H;
0x00F6	0x3003      	MOVLW      3
0x00F7	0x00F3      	MOVWF      R3
0x00F8	0x0861      	MOVF       _DS1307GetHora_su_addr, 0
0x00F9	0x00F2      	MOVWF      R2
0x00FA	0x3062      	MOVLW      DS1307GetHora_H_L0
0x00FB	0x00F1      	MOVWF      R1
L_DS1307GetHora16:
0x00FC	0x0871      	MOVF       R1, 0
0x00FD	0x0084      	MOVWF      FSR
0x00FE	0x0800      	MOVF       INDF, 0
0x00FF	0x00F0      	MOVWF      R0
0x0100	0x0872      	MOVF       R2, 0
0x0101	0x0084      	MOVWF      FSR
0x0102	0x0870      	MOVF       R0, 0
0x0103	0x0080      	MOVWF      INDF
0x0104	0x0AF2      	INCF       R2, 1
0x0105	0x0AF1      	INCF       R1, 1
0x0106	0x03F3      	DECF       R3, 1
0x0107	0x1D03      	BTFSS      STATUS, 2
0x0108	0x28FC      	GOTO       L_DS1307GetHora16
;__Lib_DS1307.c,116 :: 		}
L_end_DS1307GetHora:
0x0109	0x0008      	RETURN
; end of _DS1307GetHora
_____DoICP:
;__Lib_System.c,6 :: 		
;__Lib_System.c,9 :: 		
0x010A	0x1283      	BCF        STATUS, 5
0x010B	0x1303      	BCF        STATUS, 6
0x010C	0x0825      	MOVF       ___DoICPAddr+1, 0
0x010D	0x008A      	MOVWF      PCLATH
;__Lib_System.c,10 :: 		
0x010E	0x0824      	MOVF       ___DoICPAddr, 0
0x010F	0x0082      	MOVWF      PCL
;__Lib_System.c,12 :: 		
L_end_____DoICP:
0x0110	0x0008      	RETURN
; end of _____DoICP
_Div_8X8_U:
;__Lib_Math.c,189 :: 		
;__Lib_Math.c,196 :: 		
0x0111	0x1283      	BCF        STATUS, 5
;__Lib_Math.c,197 :: 		
0x0112	0x1303      	BCF        STATUS, 6
;__Lib_Math.c,198 :: 		
0x0113	0x01F8      	CLRF       R8
;__Lib_Math.c,199 :: 		
0x0114	0x3008      	MOVLW      8
;__Lib_Math.c,200 :: 		
0x0115	0x00FC      	MOVWF      R12
;__Lib_Math.c,201 :: 		
0x0116	0x0D70      	RLF        R0, 0
;__Lib_Math.c,202 :: 		
0x0117	0x0DF8      	RLF        R8, 1
;__Lib_Math.c,203 :: 		
0x0118	0x0874      	MOVF       R4, 0
;__Lib_Math.c,204 :: 		
0x0119	0x02F8      	SUBWF      R8, 1
;__Lib_Math.c,205 :: 		
0x011A	0x1803      	BTFSC      STATUS, 0
;__Lib_Math.c,206 :: 		
0x011B	0x291E      	GOTO       $+3
;__Lib_Math.c,207 :: 		
0x011C	0x07F8      	ADDWF      R8, 1
;__Lib_Math.c,208 :: 		
0x011D	0x1003      	BCF        STATUS, 0
;__Lib_Math.c,209 :: 		
0x011E	0x0DF0      	RLF        R0, 1
;__Lib_Math.c,210 :: 		
0x011F	0x0BFC      	DECFSZ     R12, 1
;__Lib_Math.c,211 :: 		
0x0120	0x2916      	GOTO       $-10
;__Lib_Math.c,213 :: 		
L_end_Div_8X8_U:
0x0121	0x0008      	RETURN
; end of _Div_8X8_U
_UART1_Write_Text:
;__Lib_UART_c67.c,47 :: 		
;__Lib_UART_c67.c,48 :: 		
0x0122	0x1283      	BCF        STATUS, 5
0x0123	0x1303      	BCF        STATUS, 6
0x0124	0x01DB      	CLRF       UART1_Write_Text_counter_L0
;__Lib_UART_c67.c,50 :: 		
0x0125	0x0859      	MOVF       FARG_UART1_Write_Text_uart_text, 0
0x0126	0x0084      	MOVWF      FSR
0x0127	0x0800      	MOVF       INDF, 0
0x0128	0x00DA      	MOVWF      UART1_Write_Text_data__L0
;__Lib_UART_c67.c,51 :: 		
L_UART1_Write_Text5:
0x0129	0x085A      	MOVF       UART1_Write_Text_data__L0, 0
0x012A	0x3A00      	XORLW      0
0x012B	0x1903      	BTFSC      STATUS, 2
0x012C	0x2937      	GOTO       L_UART1_Write_Text6
;__Lib_UART_c67.c,52 :: 		
0x012D	0x085A      	MOVF       UART1_Write_Text_data__L0, 0
0x012E	0x00E1      	MOVWF      FARG_UART1_Write_data_
0x012F	0x20C1      	CALL       _UART1_Write
;__Lib_UART_c67.c,53 :: 		
0x0130	0x0ADB      	INCF       UART1_Write_Text_counter_L0, 1
;__Lib_UART_c67.c,54 :: 		
0x0131	0x085B      	MOVF       UART1_Write_Text_counter_L0, 0
0x0132	0x0759      	ADDWF      FARG_UART1_Write_Text_uart_text, 0
0x0133	0x0084      	MOVWF      FSR
0x0134	0x0800      	MOVF       INDF, 0
0x0135	0x00DA      	MOVWF      UART1_Write_Text_data__L0
;__Lib_UART_c67.c,55 :: 		
0x0136	0x2929      	GOTO       L_UART1_Write_Text5
L_UART1_Write_Text6:
;__Lib_UART_c67.c,56 :: 		
L_end_UART1_Write_Text:
0x0137	0x0008      	RETURN
; end of _UART1_Write_Text
_ByteToStr:
;__Lib_Conversions.c,66 :: 		
;__Lib_Conversions.c,69 :: 		
0x0138	0x1283      	BCF        STATUS, 5
0x0139	0x1303      	BCF        STATUS, 6
0x013A	0x01DB      	CLRF       ByteToStr_DigitPos_L0
L_ByteToStr0:
0x013B	0x3003      	MOVLW      3
0x013C	0x025B      	SUBWF      ByteToStr_DigitPos_L0, 0
0x013D	0x1803      	BTFSC      STATUS, 0
0x013E	0x2946      	GOTO       L_ByteToStr1
;__Lib_Conversions.c,70 :: 		
0x013F	0x085B      	MOVF       ByteToStr_DigitPos_L0, 0
0x0140	0x075A      	ADDWF      FARG_ByteToStr_output, 0
0x0141	0x0084      	MOVWF      FSR
0x0142	0x3020      	MOVLW      32
0x0143	0x0080      	MOVWF      INDF
;__Lib_Conversions.c,69 :: 		
0x0144	0x0ADB      	INCF       ByteToStr_DigitPos_L0, 1
;__Lib_Conversions.c,70 :: 		
0x0145	0x293B      	GOTO       L_ByteToStr0
L_ByteToStr1:
;__Lib_Conversions.c,72 :: 		
0x0146	0x085B      	MOVF       ByteToStr_DigitPos_L0, 0
0x0147	0x075A      	ADDWF      FARG_ByteToStr_output, 0
0x0148	0x0084      	MOVWF      FSR
0x0149	0x0180      	CLRF       INDF
0x014A	0x03DB      	DECF       ByteToStr_DigitPos_L0, 1
;__Lib_Conversions.c,74 :: 		
L_ByteToStr3:
;__Lib_Conversions.c,75 :: 		
0x014B	0x085B      	MOVF       ByteToStr_DigitPos_L0, 0
0x014C	0x075A      	ADDWF      FARG_ByteToStr_output, 0
0x014D	0x00DC      	MOVWF      FLOC__ByteToStr
0x014E	0x300A      	MOVLW      10
0x014F	0x00F4      	MOVWF      R4
0x0150	0x0859      	MOVF       FARG_ByteToStr_input, 0
0x0151	0x00F0      	MOVWF      R0
0x0152	0x2111      	CALL       _Div_8X8_U
0x0153	0x0878      	MOVF       R8, 0
0x0154	0x00F0      	MOVWF      R0
0x0155	0x3030      	MOVLW      48
0x0156	0x07F0      	ADDWF      R0, 1
0x0157	0x085C      	MOVF       FLOC__ByteToStr, 0
0x0158	0x0084      	MOVWF      FSR
0x0159	0x0870      	MOVF       R0, 0
0x015A	0x0080      	MOVWF      INDF
;__Lib_Conversions.c,76 :: 		
0x015B	0x300A      	MOVLW      10
0x015C	0x00F4      	MOVWF      R4
0x015D	0x0859      	MOVF       FARG_ByteToStr_input, 0
0x015E	0x00F0      	MOVWF      R0
0x015F	0x2111      	CALL       _Div_8X8_U
0x0160	0x0870      	MOVF       R0, 0
0x0161	0x00D9      	MOVWF      FARG_ByteToStr_input
;__Lib_Conversions.c,77 :: 		
0x0162	0x0870      	MOVF       R0, 0
0x0163	0x3A00      	XORLW      0
0x0164	0x1D03      	BTFSS      STATUS, 2
0x0165	0x2967      	GOTO       L_ByteToStr5
;__Lib_Conversions.c,78 :: 		
0x0166	0x2969      	GOTO       L_ByteToStr4
L_ByteToStr5:
;__Lib_Conversions.c,79 :: 		
0x0167	0x03DB      	DECF       ByteToStr_DigitPos_L0, 1
;__Lib_Conversions.c,80 :: 		
0x0168	0x294B      	GOTO       L_ByteToStr3
L_ByteToStr4:
;__Lib_Conversions.c,81 :: 		
L_end_ByteToStr:
0x0169	0x0008      	RETURN
; end of _ByteToStr
_DS1307GetMinutos:
;__Lib_DS1307.c,145 :: 		unsigned short DS1307GetMinutos( void )
;__Lib_DS1307.c,148 :: 		h=DS1307GetHora();
0x016A	0x305C      	MOVLW      FLOC__DS1307GetMinutos
0x016B	0x1283      	BCF        STATUS, 5
0x016C	0x1303      	BCF        STATUS, 6
0x016D	0x00F0      	MOVWF      R0
0x016E	0x20CB      	CALL       _DS1307GetHora
0x016F	0x3003      	MOVLW      3
0x0170	0x00F3      	MOVWF      R3
0x0171	0x3059      	MOVLW      DS1307GetMinutos_h_L0
0x0172	0x00F2      	MOVWF      R2
0x0173	0x305C      	MOVLW      FLOC__DS1307GetMinutos
0x0174	0x00F1      	MOVWF      R1
L_DS1307GetMinutos19:
0x0175	0x0871      	MOVF       R1, 0
0x0176	0x0084      	MOVWF      FSR
0x0177	0x0800      	MOVF       INDF, 0
0x0178	0x00F0      	MOVWF      R0
0x0179	0x0872      	MOVF       R2, 0
0x017A	0x0084      	MOVWF      FSR
0x017B	0x0870      	MOVF       R0, 0
0x017C	0x0080      	MOVWF      INDF
0x017D	0x0AF2      	INCF       R2, 1
0x017E	0x0AF1      	INCF       R1, 1
0x017F	0x03F3      	DECF       R3, 1
0x0180	0x1D03      	BTFSS      STATUS, 2
0x0181	0x2975      	GOTO       L_DS1307GetMinutos19
;__Lib_DS1307.c,149 :: 		return h.Min;
0x0182	0x085A      	MOVF       DS1307GetMinutos_h_L0+1, 0
0x0183	0x00F0      	MOVWF      R0
;__Lib_DS1307.c,150 :: 		}
L_end_DS1307GetMinutos:
0x0184	0x0008      	RETURN
; end of _DS1307GetMinutos
_DS1307GetSegundos:
;__Lib_DS1307.c,152 :: 		unsigned short DS1307GetSegundos( void )
;__Lib_DS1307.c,155 :: 		h=DS1307GetHora();
0x0185	0x305C      	MOVLW      FLOC__DS1307GetSegundos
0x0186	0x1283      	BCF        STATUS, 5
0x0187	0x1303      	BCF        STATUS, 6
0x0188	0x00F0      	MOVWF      R0
0x0189	0x20CB      	CALL       _DS1307GetHora
0x018A	0x3003      	MOVLW      3
0x018B	0x00F3      	MOVWF      R3
0x018C	0x3059      	MOVLW      DS1307GetSegundos_h_L0
0x018D	0x00F2      	MOVWF      R2
0x018E	0x305C      	MOVLW      FLOC__DS1307GetSegundos
0x018F	0x00F1      	MOVWF      R1
L_DS1307GetSegundos20:
0x0190	0x0871      	MOVF       R1, 0
0x0191	0x0084      	MOVWF      FSR
0x0192	0x0800      	MOVF       INDF, 0
0x0193	0x00F0      	MOVWF      R0
0x0194	0x0872      	MOVF       R2, 0
0x0195	0x0084      	MOVWF      FSR
0x0196	0x0870      	MOVF       R0, 0
0x0197	0x0080      	MOVWF      INDF
0x0198	0x0AF2      	INCF       R2, 1
0x0199	0x0AF1      	INCF       R1, 1
0x019A	0x03F3      	DECF       R3, 1
0x019B	0x1D03      	BTFSS      STATUS, 2
0x019C	0x2990      	GOTO       L_DS1307GetSegundos20
;__Lib_DS1307.c,156 :: 		return h.Seg;
0x019D	0x085B      	MOVF       DS1307GetSegundos_h_L0+2, 0
0x019E	0x00F0      	MOVWF      R0
;__Lib_DS1307.c,157 :: 		}
L_end_DS1307GetSegundos:
0x019F	0x0008      	RETURN
; end of _DS1307GetSegundos
_DS1307Inicio:
;__Lib_DS1307.c,34 :: 		void DS1307Inicio( void )
;__Lib_DS1307.c,37 :: 		I2C1_Init(100000); //Inicio del bus I2C.
0x01A0	0x300A      	MOVLW      10
0x01A1	0x1683      	BSF        STATUS, 5
0x01A2	0x1303      	BCF        STATUS, 6
0x01A3	0x0093      	MOVWF      SSPADD
0x01A4	0x20B7      	CALL       _I2C1_Init
;__Lib_DS1307.c,38 :: 		delay_ms(50); //Retardo.
0x01A5	0x3041      	MOVLW      65
0x01A6	0x00FC      	MOVWF      R12
0x01A7	0x30EE      	MOVLW      238
0x01A8	0x00FD      	MOVWF      R13
L_DS1307Inicio0:
0x01A9	0x0BFD      	DECFSZ     R13, 1
0x01AA	0x29A9      	GOTO       L_DS1307Inicio0
0x01AB	0x0BFC      	DECFSZ     R12, 1
0x01AC	0x29A9      	GOTO       L_DS1307Inicio0
0x01AD	0x0000      	NOP
;__Lib_DS1307.c,40 :: 		DS1307SetDir(0);
0x01AE	0x01E8      	CLRF       FARG_DS1307SetDir_dir
0x01AF	0x2089      	CALL       _DS1307SetDir
;__Lib_DS1307.c,41 :: 		I2C1_Repeated_Start();
0x01B0	0x206B      	CALL       _I2C1_Repeated_Start
;__Lib_DS1307.c,42 :: 		I2C1_Wr(0xD1);
0x01B1	0x30D1      	MOVLW      209
0x01B2	0x1283      	BCF        STATUS, 5
0x01B3	0x00EA      	MOVWF      FARG_I2C1_Wr_data_
0x01B4	0x203C      	CALL       _I2C1_Wr
;__Lib_DS1307.c,43 :: 		VAL[0] = I2C1_Rd(1);
0x01B5	0x3001      	MOVLW      1
0x01B6	0x1283      	BCF        STATUS, 5
0x01B7	0x00E8      	MOVWF      FARG_I2C1_Rd_ack
0x01B8	0x2094      	CALL       _I2C1_Rd
0x01B9	0x0870      	MOVF       R0, 0
0x01BA	0x00D9      	MOVWF      DS1307Inicio_VAL_L0
;__Lib_DS1307.c,44 :: 		VAL[1] = I2C1_Rd(1);
0x01BB	0x3001      	MOVLW      1
0x01BC	0x00E8      	MOVWF      FARG_I2C1_Rd_ack
0x01BD	0x2094      	CALL       _I2C1_Rd
0x01BE	0x0870      	MOVF       R0, 0
0x01BF	0x00DA      	MOVWF      DS1307Inicio_VAL_L0+1
;__Lib_DS1307.c,45 :: 		VAL[2] = I2C1_Rd(1);
0x01C0	0x3001      	MOVLW      1
0x01C1	0x00E8      	MOVWF      FARG_I2C1_Rd_ack
0x01C2	0x2094      	CALL       _I2C1_Rd
0x01C3	0x0870      	MOVF       R0, 0
0x01C4	0x00DB      	MOVWF      DS1307Inicio_VAL_L0+2
;__Lib_DS1307.c,46 :: 		VAL[3] = I2C1_Rd(1);
0x01C5	0x3001      	MOVLW      1
0x01C6	0x00E8      	MOVWF      FARG_I2C1_Rd_ack
0x01C7	0x2094      	CALL       _I2C1_Rd
0x01C8	0x0870      	MOVF       R0, 0
0x01C9	0x00DC      	MOVWF      DS1307Inicio_VAL_L0+3
;__Lib_DS1307.c,47 :: 		VAL[4] = I2C1_Rd(1);
0x01CA	0x3001      	MOVLW      1
0x01CB	0x00E8      	MOVWF      FARG_I2C1_Rd_ack
0x01CC	0x2094      	CALL       _I2C1_Rd
0x01CD	0x0870      	MOVF       R0, 0
0x01CE	0x00DD      	MOVWF      DS1307Inicio_VAL_L0+4
;__Lib_DS1307.c,48 :: 		VAL[5] = I2C1_Rd(1);
0x01CF	0x3001      	MOVLW      1
0x01D0	0x00E8      	MOVWF      FARG_I2C1_Rd_ack
0x01D1	0x2094      	CALL       _I2C1_Rd
0x01D2	0x0870      	MOVF       R0, 0
0x01D3	0x00DE      	MOVWF      DS1307Inicio_VAL_L0+5
;__Lib_DS1307.c,49 :: 		VAL[6] = I2C1_Rd(0);
0x01D4	0x01E8      	CLRF       FARG_I2C1_Rd_ack
0x01D5	0x2094      	CALL       _I2C1_Rd
0x01D6	0x0870      	MOVF       R0, 0
0x01D7	0x00DF      	MOVWF      DS1307Inicio_VAL_L0+6
;__Lib_DS1307.c,50 :: 		I2C1_Stop();
0x01D8	0x20B3      	CALL       _I2C1_Stop
;__Lib_DS1307.c,51 :: 		delay_ms(50); //Retardo.
0x01D9	0x3041      	MOVLW      65
0x01DA	0x00FC      	MOVWF      R12
0x01DB	0x30EE      	MOVLW      238
0x01DC	0x00FD      	MOVWF      R13
L_DS1307Inicio1:
0x01DD	0x0BFD      	DECFSZ     R13, 1
0x01DE	0x29DD      	GOTO       L_DS1307Inicio1
0x01DF	0x0BFC      	DECFSZ     R12, 1
0x01E0	0x29DD      	GOTO       L_DS1307Inicio1
0x01E1	0x0000      	NOP
;__Lib_DS1307.c,54 :: 		DATO = BcdToShort( VAL[0] );
0x01E2	0x1283      	BCF        STATUS, 5
0x01E3	0x0859      	MOVF       DS1307Inicio_VAL_L0, 0
0x01E4	0x00E8      	MOVWF      FARG_BcdToShort_bcd
0x01E5	0x2072      	CALL       _BcdToShort
0x01E6	0x0870      	MOVF       R0, 0
0x01E7	0x00E0      	MOVWF      DS1307Inicio_DATO_L0
;__Lib_DS1307.c,55 :: 		if( DATO > 59 )VAL[0]=0;
0x01E8	0x0870      	MOVF       R0, 0
0x01E9	0x3C3B      	SUBLW      59
0x01EA	0x1803      	BTFSC      STATUS, 0
0x01EB	0x29ED      	GOTO       L_DS1307Inicio2
0x01EC	0x01D9      	CLRF       DS1307Inicio_VAL_L0
L_DS1307Inicio2:
;__Lib_DS1307.c,56 :: 		DATO = BcdToShort( VAL[1] );
0x01ED	0x085A      	MOVF       DS1307Inicio_VAL_L0+1, 0
0x01EE	0x00E8      	MOVWF      FARG_BcdToShort_bcd
0x01EF	0x2072      	CALL       _BcdToShort
0x01F0	0x0870      	MOVF       R0, 0
0x01F1	0x00E0      	MOVWF      DS1307Inicio_DATO_L0
;__Lib_DS1307.c,57 :: 		if( DATO>59 )VAL[1]=0;
0x01F2	0x0870      	MOVF       R0, 0
0x01F3	0x3C3B      	SUBLW      59
0x01F4	0x1803      	BTFSC      STATUS, 0
0x01F5	0x29F7      	GOTO       L_DS1307Inicio3
0x01F6	0x01DA      	CLRF       DS1307Inicio_VAL_L0+1
L_DS1307Inicio3:
;__Lib_DS1307.c,58 :: 		DATO = BcdToShort( VAL[2] );
0x01F7	0x085B      	MOVF       DS1307Inicio_VAL_L0+2, 0
0x01F8	0x00E8      	MOVWF      FARG_BcdToShort_bcd
0x01F9	0x2072      	CALL       _BcdToShort
0x01FA	0x0870      	MOVF       R0, 0
0x01FB	0x00E0      	MOVWF      DS1307Inicio_DATO_L0
;__Lib_DS1307.c,59 :: 		if( DATO>23 )VAL[2]=0;
0x01FC	0x0870      	MOVF       R0, 0
0x01FD	0x3C17      	SUBLW      23
0x01FE	0x1803      	BTFSC      STATUS, 0
0x01FF	0x2A01      	GOTO       L_DS1307Inicio4
0x0200	0x01DB      	CLRF       DS1307Inicio_VAL_L0+2
L_DS1307Inicio4:
;__Lib_DS1307.c,60 :: 		DATO = BcdToShort( VAL[3] );
0x0201	0x085C      	MOVF       DS1307Inicio_VAL_L0+3, 0
0x0202	0x00E8      	MOVWF      FARG_BcdToShort_bcd
0x0203	0x2072      	CALL       _BcdToShort
0x0204	0x0870      	MOVF       R0, 0
0x0205	0x00E0      	MOVWF      DS1307Inicio_DATO_L0
;__Lib_DS1307.c,61 :: 		if( DATO>7 || DATO==0 )VAL[3]=1;
0x0206	0x0870      	MOVF       R0, 0
0x0207	0x3C07      	SUBLW      7
0x0208	0x1C03      	BTFSS      STATUS, 0
0x0209	0x2A0F      	GOTO       L__DS1307Inicio41
0x020A	0x0860      	MOVF       DS1307Inicio_DATO_L0, 0
0x020B	0x3A00      	XORLW      0
0x020C	0x1903      	BTFSC      STATUS, 2
0x020D	0x2A0F      	GOTO       L__DS1307Inicio41
0x020E	0x2A11      	GOTO       L_DS1307Inicio7
L__DS1307Inicio41:
0x020F	0x3001      	MOVLW      1
0x0210	0x00DC      	MOVWF      DS1307Inicio_VAL_L0+3
L_DS1307Inicio7:
;__Lib_DS1307.c,62 :: 		DATO = BcdToShort( VAL[4] );
0x0211	0x085D      	MOVF       DS1307Inicio_VAL_L0+4, 0
0x0212	0x00E8      	MOVWF      FARG_BcdToShort_bcd
0x0213	0x2072      	CALL       _BcdToShort
0x0214	0x0870      	MOVF       R0, 0
0x0215	0x00E0      	MOVWF      DS1307Inicio_DATO_L0
;__Lib_DS1307.c,63 :: 		if( DATO>31 || DATO==0 )VAL[4]=1;
0x0216	0x0870      	MOVF       R0, 0
0x0217	0x3C1F      	SUBLW      31
0x0218	0x1C03      	BTFSS      STATUS, 0
0x0219	0x2A1F      	GOTO       L__DS1307Inicio40
0x021A	0x0860      	MOVF       DS1307Inicio_DATO_L0, 0
0x021B	0x3A00      	XORLW      0
0x021C	0x1903      	BTFSC      STATUS, 2
0x021D	0x2A1F      	GOTO       L__DS1307Inicio40
0x021E	0x2A21      	GOTO       L_DS1307Inicio10
L__DS1307Inicio40:
0x021F	0x3001      	MOVLW      1
0x0220	0x00DD      	MOVWF      DS1307Inicio_VAL_L0+4
L_DS1307Inicio10:
;__Lib_DS1307.c,64 :: 		DATO = BcdToShort( VAL[5] );
0x0221	0x085E      	MOVF       DS1307Inicio_VAL_L0+5, 0
0x0222	0x00E8      	MOVWF      FARG_BcdToShort_bcd
0x0223	0x2072      	CALL       _BcdToShort
0x0224	0x0870      	MOVF       R0, 0
0x0225	0x00E0      	MOVWF      DS1307Inicio_DATO_L0
;__Lib_DS1307.c,65 :: 		if( DATO>12 || DATO==0 )VAL[5]=1;
0x0226	0x0870      	MOVF       R0, 0
0x0227	0x3C0C      	SUBLW      12
0x0228	0x1C03      	BTFSS      STATUS, 0
0x0229	0x2A2F      	GOTO       L__DS1307Inicio39
0x022A	0x0860      	MOVF       DS1307Inicio_DATO_L0, 0
0x022B	0x3A00      	XORLW      0
0x022C	0x1903      	BTFSC      STATUS, 2
0x022D	0x2A2F      	GOTO       L__DS1307Inicio39
0x022E	0x2A31      	GOTO       L_DS1307Inicio13
L__DS1307Inicio39:
0x022F	0x3001      	MOVLW      1
0x0230	0x00DE      	MOVWF      DS1307Inicio_VAL_L0+5
L_DS1307Inicio13:
;__Lib_DS1307.c,66 :: 		DATO = BcdToShort( VAL[6] );
0x0231	0x085F      	MOVF       DS1307Inicio_VAL_L0+6, 0
0x0232	0x00E8      	MOVWF      FARG_BcdToShort_bcd
0x0233	0x2072      	CALL       _BcdToShort
0x0234	0x0870      	MOVF       R0, 0
0x0235	0x00E0      	MOVWF      DS1307Inicio_DATO_L0
;__Lib_DS1307.c,67 :: 		if( DATO>99 )VAL[6]=0;
0x0236	0x0870      	MOVF       R0, 0
0x0237	0x3C63      	SUBLW      99
0x0238	0x1803      	BTFSC      STATUS, 0
0x0239	0x2A3B      	GOTO       L_DS1307Inicio14
0x023A	0x01DF      	CLRF       DS1307Inicio_VAL_L0+6
L_DS1307Inicio14:
;__Lib_DS1307.c,69 :: 		DS1307SetDir(0);
0x023B	0x01E8      	CLRF       FARG_DS1307SetDir_dir
0x023C	0x2089      	CALL       _DS1307SetDir
;__Lib_DS1307.c,70 :: 		I2C1_Wr(VAL[0]);
0x023D	0x1283      	BCF        STATUS, 5
0x023E	0x0859      	MOVF       DS1307Inicio_VAL_L0, 0
0x023F	0x00EA      	MOVWF      FARG_I2C1_Wr_data_
0x0240	0x203C      	CALL       _I2C1_Wr
;__Lib_DS1307.c,71 :: 		I2C1_Wr(VAL[1]);
0x0241	0x1283      	BCF        STATUS, 5
0x0242	0x085A      	MOVF       DS1307Inicio_VAL_L0+1, 0
0x0243	0x00EA      	MOVWF      FARG_I2C1_Wr_data_
0x0244	0x203C      	CALL       _I2C1_Wr
;__Lib_DS1307.c,72 :: 		I2C1_Wr(VAL[2]);
0x0245	0x1283      	BCF        STATUS, 5
0x0246	0x085B      	MOVF       DS1307Inicio_VAL_L0+2, 0
0x0247	0x00EA      	MOVWF      FARG_I2C1_Wr_data_
0x0248	0x203C      	CALL       _I2C1_Wr
;__Lib_DS1307.c,73 :: 		I2C1_Wr(VAL[3]);
0x0249	0x1283      	BCF        STATUS, 5
0x024A	0x085C      	MOVF       DS1307Inicio_VAL_L0+3, 0
0x024B	0x00EA      	MOVWF      FARG_I2C1_Wr_data_
0x024C	0x203C      	CALL       _I2C1_Wr
;__Lib_DS1307.c,74 :: 		I2C1_Wr(VAL[4]);
0x024D	0x1283      	BCF        STATUS, 5
0x024E	0x085D      	MOVF       DS1307Inicio_VAL_L0+4, 0
0x024F	0x00EA      	MOVWF      FARG_I2C1_Wr_data_
0x0250	0x203C      	CALL       _I2C1_Wr
;__Lib_DS1307.c,75 :: 		I2C1_Wr(VAL[5]);
0x0251	0x1283      	BCF        STATUS, 5
0x0252	0x085E      	MOVF       DS1307Inicio_VAL_L0+5, 0
0x0253	0x00EA      	MOVWF      FARG_I2C1_Wr_data_
0x0254	0x203C      	CALL       _I2C1_Wr
;__Lib_DS1307.c,76 :: 		I2C1_Wr(VAL[6]);
0x0255	0x1283      	BCF        STATUS, 5
0x0256	0x085F      	MOVF       DS1307Inicio_VAL_L0+6, 0
0x0257	0x00EA      	MOVWF      FARG_I2C1_Wr_data_
0x0258	0x203C      	CALL       _I2C1_Wr
;__Lib_DS1307.c,77 :: 		I2C1_Wr(0x10); //Se activa la salida oscilante 1Hz.
0x0259	0x3010      	MOVLW      16
0x025A	0x1283      	BCF        STATUS, 5
0x025B	0x00EA      	MOVWF      FARG_I2C1_Wr_data_
0x025C	0x203C      	CALL       _I2C1_Wr
;__Lib_DS1307.c,78 :: 		I2C1_Stop();
0x025D	0x20B3      	CALL       _I2C1_Stop
;__Lib_DS1307.c,79 :: 		delay_ms(50); //Retardo.
0x025E	0x3041      	MOVLW      65
0x025F	0x00FC      	MOVWF      R12
0x0260	0x30EE      	MOVLW      238
0x0261	0x00FD      	MOVWF      R13
L_DS1307Inicio15:
0x0262	0x0BFD      	DECFSZ     R13, 1
0x0263	0x2A62      	GOTO       L_DS1307Inicio15
0x0264	0x0BFC      	DECFSZ     R12, 1
0x0265	0x2A62      	GOTO       L_DS1307Inicio15
0x0266	0x0000      	NOP
;__Lib_DS1307.c,80 :: 		}
L_end_DS1307Inicio:
0x0267	0x0008      	RETURN
; end of _DS1307Inicio
_UART1_Init:
;__Lib_UART_c67.c,2 :: 		
;__Lib_UART_c67.c,5 :: 		
0x0268	0x1683      	BSF        STATUS, 5
0x0269	0x1303      	BCF        STATUS, 6
0x026A	0x1698      	BSF        TXSTA, 5
;__Lib_UART_c67.c,6 :: 		
0x026B	0x3090      	MOVLW      144
0x026C	0x1283      	BCF        STATUS, 5
0x026D	0x0098      	MOVWF      RCSTA
;__Lib_UART_c67.c,7 :: 		
0x026E	0x1683      	BSF        STATUS, 5
0x026F	0x1787      	BSF        TRISC7_bit, BitPos(TRISC7_bit+0)
;__Lib_UART_c67.c,8 :: 		
0x0270	0x1307      	BCF        TRISC6_bit, BitPos(TRISC6_bit+0)
;__Lib_UART_c67.c,10 :: 		
L_UART1_Init0:
0x0271	0x1283      	BCF        STATUS, 5
0x0272	0x1E8C      	BTFSS      PIR1, 5
0x0273	0x2A77      	GOTO       L_UART1_Init1
;__Lib_UART_c67.c,11 :: 		
0x0274	0x081A      	MOVF       RCREG, 0
0x0275	0x00F0      	MOVWF      R0
0x0276	0x2A71      	GOTO       L_UART1_Init0
L_UART1_Init1:
;__Lib_UART_c67.c,12 :: 		
L_end_UART1_Init:
0x0277	0x0008      	RETURN
; end of _UART1_Init
_DS1307GetHoras:
;__Lib_DS1307.c,138 :: 		unsigned short DS1307GetHoras( void )
;__Lib_DS1307.c,141 :: 		h=DS1307GetHora();
0x0278	0x305C      	MOVLW      FLOC__DS1307GetHoras
0x0279	0x1283      	BCF        STATUS, 5
0x027A	0x1303      	BCF        STATUS, 6
0x027B	0x00F0      	MOVWF      R0
0x027C	0x20CB      	CALL       _DS1307GetHora
0x027D	0x3003      	MOVLW      3
0x027E	0x00F3      	MOVWF      R3
0x027F	0x3059      	MOVLW      DS1307GetHoras_h_L0
0x0280	0x00F2      	MOVWF      R2
0x0281	0x305C      	MOVLW      FLOC__DS1307GetHoras
0x0282	0x00F1      	MOVWF      R1
L_DS1307GetHoras18:
0x0283	0x0871      	MOVF       R1, 0
0x0284	0x0084      	MOVWF      FSR
0x0285	0x0800      	MOVF       INDF, 0
0x0286	0x00F0      	MOVWF      R0
0x0287	0x0872      	MOVF       R2, 0
0x0288	0x0084      	MOVWF      FSR
0x0289	0x0870      	MOVF       R0, 0
0x028A	0x0080      	MOVWF      INDF
0x028B	0x0AF2      	INCF       R2, 1
0x028C	0x0AF1      	INCF       R1, 1
0x028D	0x03F3      	DECF       R3, 1
0x028E	0x1D03      	BTFSS      STATUS, 2
0x028F	0x2A83      	GOTO       L_DS1307GetHoras18
;__Lib_DS1307.c,142 :: 		return h.Hor;
0x0290	0x0859      	MOVF       DS1307GetHoras_h_L0, 0
0x0291	0x00F0      	MOVWF      R0
;__Lib_DS1307.c,143 :: 		}
L_end_DS1307GetHoras:
0x0292	0x0008      	RETURN
; end of _DS1307GetHoras
___CC2DW:
;__Lib_System.c,134 :: 		
;__Lib_System.c,137 :: 		
_CC2D_Loop1:
;__Lib_System.c,139 :: 		
0x0293	0x210A      	CALL       _____DoICP
0x0294	0x118A      	BCF        PCLATH, 3
0x0295	0x120A      	BCF        PCLATH, 4
;__Lib_System.c,141 :: 		
0x0296	0x0080      	MOVWF      INDF
;__Lib_System.c,142 :: 		
0x0297	0x0A84      	INCF       FSR, 1
;__Lib_System.c,143 :: 		
0x0298	0x0AA4      	INCF       ___DoICPAddr, 1
;__Lib_System.c,145 :: 		
0x0299	0x1903      	BTFSC      STATUS, 2
;__Lib_System.c,146 :: 		
0x029A	0x0AA5      	INCF       ___DoICPAddr+1, 1
;__Lib_System.c,147 :: 		
0x029B	0x03F0      	DECF       R0, 1
;__Lib_System.c,149 :: 		
0x029C	0x1D03      	BTFSS      STATUS, 2
;__Lib_System.c,150 :: 		
0x029D	0x2A93      	GOTO       _CC2D_Loop1
;__Lib_System.c,152 :: 		
L_end___CC2DW:
0x029E	0x0008      	RETURN
; end of ___CC2DW
_main:
0x029F	0x303A      	MOVLW      58
0x02A0	0x1283      	BCF        STATUS, 5
0x02A1	0x1303      	BCF        STATUS, 6
0x02A2	0x00A0      	MOVWF      ?lstr1_programa_12
0x02A3	0x01A1      	CLRF       33
0x02A4	0x303A      	MOVLW      58
0x02A5	0x00A2      	MOVWF      ?lstr2_programa_12
0x02A6	0x01A3      	CLRF       35
;programa_12.c,1 :: 		void main( void )
;programa_12.c,7 :: 		DS1307Inicio();
0x02A7	0x21A0      	CALL       _DS1307Inicio
;programa_12.c,9 :: 		UART1_Init(9600);
0x02A8	0x3019      	MOVLW      25
0x02A9	0x0099      	MOVWF      SPBRG
0x02AA	0x1518      	BSF        TXSTA, 2
0x02AB	0x2268      	CALL       _UART1_Init
;programa_12.c,11 :: 		DATO = DS1307GetSegundos();
0x02AC	0x2185      	CALL       _DS1307GetSegundos
0x02AD	0x0870      	MOVF       R0, 0
0x02AE	0x00D8      	MOVWF      main_DATO_L0
;programa_12.c,12 :: 		while(1) //Bucle infinito.
L_main0:
;programa_12.c,15 :: 		while( DATO == DS1307GetSegundos() )delay_ms(200);
L_main2:
0x02AF	0x2185      	CALL       _DS1307GetSegundos
0x02B0	0x0858      	MOVF       main_DATO_L0, 0
0x02B1	0x0670      	XORWF      R0, 0
0x02B2	0x1D03      	BTFSS      STATUS, 2
0x02B3	0x2AC2      	GOTO       L_main3
0x02B4	0x3002      	MOVLW      2
0x02B5	0x00FB      	MOVWF      R11
0x02B6	0x3004      	MOVLW      4
0x02B7	0x00FC      	MOVWF      R12
0x02B8	0x30BA      	MOVLW      186
0x02B9	0x00FD      	MOVWF      R13
L_main4:
0x02BA	0x0BFD      	DECFSZ     R13, 1
0x02BB	0x2ABA      	GOTO       L_main4
0x02BC	0x0BFC      	DECFSZ     R12, 1
0x02BD	0x2ABA      	GOTO       L_main4
0x02BE	0x0BFB      	DECFSZ     R11, 1
0x02BF	0x2ABA      	GOTO       L_main4
0x02C0	0x0000      	NOP
0x02C1	0x2AAF      	GOTO       L_main2
L_main3:
;programa_12.c,17 :: 		DATO = DS1307GetHoras();
0x02C2	0x2278      	CALL       _DS1307GetHoras
0x02C3	0x0870      	MOVF       R0, 0
0x02C4	0x00D8      	MOVWF      main_DATO_L0
;programa_12.c,18 :: 		ByteToStr( DATO, Text );
0x02C5	0x0870      	MOVF       R0, 0
0x02C6	0x00D9      	MOVWF      FARG_ByteToStr_input
0x02C7	0x3026      	MOVLW      main_Text_L0
0x02C8	0x00DA      	MOVWF      FARG_ByteToStr_output
0x02C9	0x2138      	CALL       _ByteToStr
;programa_12.c,19 :: 		UART1_Write_Text( Text ); UART1_Write_Text(":");
0x02CA	0x3026      	MOVLW      main_Text_L0
0x02CB	0x00D9      	MOVWF      FARG_UART1_Write_Text_uart_text
0x02CC	0x2122      	CALL       _UART1_Write_Text
0x02CD	0x3020      	MOVLW      ?lstr1_programa_12
0x02CE	0x00D9      	MOVWF      FARG_UART1_Write_Text_uart_text
0x02CF	0x2122      	CALL       _UART1_Write_Text
;programa_12.c,21 :: 		DATO = DS1307GetMinutos();
0x02D0	0x216A      	CALL       _DS1307GetMinutos
0x02D1	0x0870      	MOVF       R0, 0
0x02D2	0x00D8      	MOVWF      main_DATO_L0
;programa_12.c,22 :: 		ByteToStr( DATO, Text );
0x02D3	0x0870      	MOVF       R0, 0
0x02D4	0x00D9      	MOVWF      FARG_ByteToStr_input
0x02D5	0x3026      	MOVLW      main_Text_L0
0x02D6	0x00DA      	MOVWF      FARG_ByteToStr_output
0x02D7	0x2138      	CALL       _ByteToStr
;programa_12.c,23 :: 		UART1_Write_Text( Text ); UART1_Write_Text(":");
0x02D8	0x3026      	MOVLW      main_Text_L0
0x02D9	0x00D9      	MOVWF      FARG_UART1_Write_Text_uart_text
0x02DA	0x2122      	CALL       _UART1_Write_Text
0x02DB	0x3022      	MOVLW      ?lstr2_programa_12
0x02DC	0x00D9      	MOVWF      FARG_UART1_Write_Text_uart_text
0x02DD	0x2122      	CALL       _UART1_Write_Text
;programa_12.c,25 :: 		DATO = DS1307GetSegundos();
0x02DE	0x2185      	CALL       _DS1307GetSegundos
0x02DF	0x0870      	MOVF       R0, 0
0x02E0	0x00D8      	MOVWF      main_DATO_L0
;programa_12.c,26 :: 		ByteToStr( DATO, Text );
0x02E1	0x0870      	MOVF       R0, 0
0x02E2	0x00D9      	MOVWF      FARG_ByteToStr_input
0x02E3	0x3026      	MOVLW      main_Text_L0
0x02E4	0x00DA      	MOVWF      FARG_ByteToStr_output
0x02E5	0x2138      	CALL       _ByteToStr
;programa_12.c,27 :: 		UART1_Write_Text( Text ); UART1_Write(13); UART1_Write(10);
0x02E6	0x3026      	MOVLW      main_Text_L0
0x02E7	0x00D9      	MOVWF      FARG_UART1_Write_Text_uart_text
0x02E8	0x2122      	CALL       _UART1_Write_Text
0x02E9	0x300D      	MOVLW      13
0x02EA	0x00E1      	MOVWF      FARG_UART1_Write_data_
0x02EB	0x20C1      	CALL       _UART1_Write
0x02EC	0x300A      	MOVLW      10
0x02ED	0x00E1      	MOVWF      FARG_UART1_Write_data_
0x02EE	0x20C1      	CALL       _UART1_Write
;programa_12.c,28 :: 		}
0x02EF	0x2AAF      	GOTO       L_main0
;programa_12.c,29 :: 		}
L_end_main:
0x02F0	0x2AF0      	GOTO       $+0
; end of _main
Symbol List:
//** Routines locations **
//ADDRESS    SIZE    PROCEDURE
//----------------------------------------------
0x0003      [16]    _I2C1_Is_Idle
0x0013      [41]    _I2C1_Start
0x003C      [22]    _I2C1_Wr
0x0052      [25]    _Mul_8X8_U
0x006B       [7]    _I2C1_Repeated_Start
0x0072      [23]    _BcdToShort
0x0089      [11]    _DS1307SetDir
0x0094      [31]    _I2C1_Rd
0x00B3       [4]    _I2C1_Stop
0x00B7      [10]    _I2C1_Init
0x00C1      [10]    _UART1_Write
0x00CB      [63]    _DS1307GetHora
0x010A       [7]    _____DoICP
0x0111      [17]    _Div_8X8_U
0x0122      [22]    _UART1_Write_Text
0x0138      [50]    _ByteToStr
0x016A      [27]    _DS1307GetMinutos
0x0185      [27]    _DS1307GetSegundos
0x01A0     [200]    _DS1307Inicio
0x0268      [16]    _UART1_Init
0x0278      [27]    _DS1307GetHoras
0x0293      [12]    ___CC2DW
0x029F      [82]    _main
//** Variables locations ** 
//ADDRESS    SIZE    VARIABLE
//----------------------------------------------
0x0000       [1]    INDF
0x0002       [1]    PCL
0x0003       [1]    STATUS
0x0004       [1]    FSR
0x000A       [1]    PCLATH
0x000C       [1]    PIR1
0x0013       [1]    SSPBUF
0x0014       [1]    SSPCON
0x0018       [1]    RCSTA
0x0019       [1]    TXREG
0x001A       [1]    RCREG
0x0020       [2]    ?lstr1_programa_12
0x0022       [2]    ?lstr2_programa_12
0x0024       [2]    ___DoICPAddr
0x0026      [50]    main_Text_L0
0x0058       [1]    main_DATO_L0
0x0059       [1]    FARG_ByteToStr_input
0x0059       [7]    DS1307Inicio_VAL_L0
0x0059       [3]    DS1307GetSegundos_h_L0
0x0059       [1]    FARG_UART1_Write_Text_uart_text
0x0059       [3]    DS1307GetHoras_h_L0
0x0059       [3]    DS1307GetMinutos_h_L0
0x005A       [1]    UART1_Write_Text_data__L0
0x005A       [1]    FARG_ByteToStr_output
0x005B       [1]    ByteToStr_DigitPos_L0
0x005B       [1]    UART1_Write_Text_counter_L0
0x005C       [3]    FLOC__DS1307GetHoras
0x005C       [1]    FLOC__ByteToStr
0x005C       [3]    FLOC__DS1307GetSegundos
0x005C       [3]    FLOC__DS1307GetMinutos
0x0060       [1]    DS1307Inicio_DATO_L0
0x0061       [4]    FARG_I2C1_Init_clock
0x0061       [1]    FARG_UART1_Write_data_
0x0061       [1]    _DS1307GetHora_su_addr
0x0062       [3]    DS1307GetHora_H_L0
0x0065       [3]    DS1307GetHora_VAL_L0
0x0068       [1]    FARG_BcdToShort_bcd
0x0068       [1]    FARG_DS1307SetDir_dir
0x0068       [1]    FARG_I2C1_Rd_ack
0x0069       [1]    FLOC__BcdToShort
0x006A       [1]    FARG_I2C1_Wr_data_
0x006A       [2]    I2C1_Start_j_L0
0x0070       [1]    R0
0x0071       [1]    R1
0x0072       [1]    R2
0x0073       [1]    R3
0x0074       [1]    R4
0x0075       [1]    R5
0x0076       [1]    R6
0x0077       [1]    R7
0x0078       [1]    R8
0x0079       [1]    R9
0x007A       [1]    R10
0x007B       [1]    R11
0x007C       [1]    R12
0x007D       [1]    R13
0x007E       [1]    R14
0x007F       [1]    R15
0x0087       [0]    TRISC4_bit
0x0087       [0]    TRISC3_bit
0x0087       [0]    TRISC7_bit
0x0087       [0]    TRISC6_bit
0x0091       [1]    SSPCON2
0x0093       [1]    SSPADD
0x0094       [1]    SSPSTAT
0x0098       [1]    TXSTA
0x0099       [1]    SPBRG
0x009A       [1]    SPBRGH
//** Label List: ** 
//----------------------------------------------
  L_main0
  L_main1
  L_main2
  L_main3
  L_main4
  L_end_main
  _main
  L_ByteToStr0
  L_ByteToStr1
  L_ByteToStr2
  L_ByteToStr3
  L_ByteToStr4
  L_ByteToStr5
  L_WordToStr6
  L_WordToStr7
  L_WordToStr8
  L_WordToStr9
  L_WordToStr10
  L_WordToStr11
  L_WordToStrWithZeros12
  L_WordToStrWithZeros13
  L_WordToStrWithZeros14
  L_WordToStrWithZeros15
  L_WordToStrWithZeros16
  L_ShortToStr17
  L_ShortToStr18
  L_ShortToStr19
  L_ShortToStr20
  L_ShortToStr21
  L_ShortToStr22
  L_IntToStr23
  L_IntToStr24
  L_IntToStr25
  L_IntToStr26
  L_IntToStr27
  L_IntToStr28
  L_IntToStrWithZeros29
  L_IntToStrWithZeros30
  L_IntToStrWithZeros31
  L_IntToStrWithZeros32
  L_IntToStrWithZeros33
  L_IntToStrWithZeros34
  L_IntToStrWithZeros35
  L_IntToStrWithZeros36
  L_IntToStrWithZeros37
  L_LongWordToStr38
  L_LongWordToStr39
  L_LongWordToStr40
  L_LongWordToStr41
  L_LongWordToStr42
  L_LongWordToStr43
  L_LongWordToStrWithZeros44
  L_LongWordToStrWithZeros45
  L_LongWordToStrWithZeros46
  L_LongWordToStrWithZeros47
  L_LongWordToStrWithZeros48
  L_LongToStr49
  L_LongToStr50
  L_LongToStr51
  L_LongToStr52
  L_LongToStr53
  L_LongToStr54
  L_LongIntToStrWithZeros55
  L_LongIntToStrWithZeros56
  L_LongIntToStrWithZeros57
  L_LongIntToStrWithZeros58
  L_LongIntToStrWithZeros59
  L_LongIntToStrWithZeros60
  L_LongIntToStrWithZeros61
  L_LongIntToStrWithZeros62
  L_LongIntToStrWithZeros63
  L_Dec2Bcd64
  L_Dec2Bcd65
  L_Rtrim66
  L_Rtrim67
  L_Rtrim68
  L_Rtrim69
  L_Ltrim70
  L_Ltrim71
  L_Ltrim72
  L_Ltrim73
  L_Ltrim74
  L_Ltrim75
  L_FloatToStr76
  L_FloatToStr77
  L_FloatToStr78
  L_FloatToStr79
  L_FloatToStr80
  L_FloatToStr81
  L_FloatToStr82
  L_FloatToStr83
  L_FloatToStr84
  L_FloatToStr85
  L_FloatToStr86
  L_FloatToStr87
  L_FloatToStr88
  L_FloatToStr89
  L_FloatToStr90
  L_FloatToStr91
  L_FloatToStr92
  L_FloatToStr93
  L_FloatToStr94
  L_FloatToStr95
  L_FloatToStr96
  L_FloatToStr97
  L__Rtrim98
  L__Ltrim99
  L__FloatToStr100
  L_end_ByteToHex
  _ByteToHex
  L_end_ShortToHex
  _ShortToHex
  L_end_WordToHex
  _WordToHex
  L_end_IntToHex
  _IntToHex
  L_end_LongWordToHex
  _LongWordToHex
  L_end_LongIntToHex
  _LongIntToHex
  L_end_ByteToStr
  _ByteToStr
  L_end_WordToStr
  _WordToStr
  L__WordToStr109
  L_end_WordToStrWithZeros
  _WordToStrWithZeros
  L__WordToStrWithZeros111
  L_end_ShortToStr
  _ShortToStr
  L__ShortToStr113
  L_end_IntToStr
  _IntToStr
  L__IntToStr115
  L__IntToStr116
  L_end_IntToStrWithZeros
  _IntToStrWithZeros
  L__IntToStrWithZeros118
  L__IntToStrWithZeros119
  L__IntToStrWithZeros120
  L_end_LongWordToStr
  _LongWordToStr
  L__LongWordToStr122
  L__LongWordToStr123
  L_end_LongWordToStrWithZeros
  _LongWordToStrWithZeros
  L__LongWordToStrWithZeros125
  L_end_LongToStr
  _LongToStr
  L__LongToStr127
  L__LongToStr128
  L_end_LongIntToStrWithZeros
  _LongIntToStrWithZeros
  L__LongIntToStrWithZeros130
  L__LongIntToStrWithZeros131
  L__LongIntToStrWithZeros132
  L_end_Dec2Bcd
  _Dec2Bcd
  L_end_Bcd2Dec
  _Bcd2Dec
  L_end_Bcd2Dec16
  _Bcd2Dec16
  L__Bcd2Dec16136
  L__Bcd2Dec16137
  L_end_Dec2Bcd16
  _Dec2Bcd16
  L__Dec2Bcd16139
  L__Dec2Bcd16140
  L_end_Rtrim
  _Rtrim
  L_end_Ltrim
  _Ltrim
  L_end_FloatToStr
  _FloatToStr
  L__FloatToStr144
  L__FloatToStr145
  L__FloatToStr146
  L__FloatToStr147
  L__FloatToStr148
  L_DS1307Inicio0
  L_DS1307Inicio1
  L_DS1307Inicio2
  L_DS1307Inicio3
  L_DS1307Inicio4
  L_DS1307Inicio5
  L_DS1307Inicio6
  L_DS1307Inicio7
  L_DS1307Inicio8
  L_DS1307Inicio9
  L_DS1307Inicio10
  L_DS1307Inicio11
  L_DS1307Inicio12
  L_DS1307Inicio13
  L_DS1307Inicio14
  L_DS1307Inicio15
  L_DS1307GetHora16
  L_DS1307GetFecha17
  L_DS1307GetHoras18
  L_DS1307GetMinutos19
  L_DS1307GetSegundos20
  L_DS1307SetHoras21
  L_DS1307SetHoras22
  L_DS1307SetMinutos23
  L_DS1307SetMinutos24
  L_DS1307SetSegundos25
  L_DS1307SetSegundos26
  L_DS1307GetDias27
  L_DS1307GetFechas28
  L_DS1307GetMeses29
  L_DS1307GetAnos30
  L_DS1307SetDias31
  L_DS1307SetDias32
  L_DS1307SetFechas33
  L_DS1307SetFechas34
  L_DS1307SetMeses35
  L_DS1307SetMeses36
  L_DS1307SetAnos37
  L_DS1307SetAnos38
  L__DS1307Inicio39
  L__DS1307Inicio40
  L__DS1307Inicio41
  L_end_DS1307SetDir
  _DS1307SetDir
  L_end_BcdToShort
  _BcdToShort
  L_end_ShortToBcd
  _ShortToBcd
  L_end_DS1307Inicio
  _DS1307Inicio
  L_end_DS1307SetHora
  _DS1307SetHora
  L_end_DS1307SetFecha
  _DS1307SetFecha
  L_end_DS1307GetHora
  _DS1307GetHora
  L_end_DS1307GetFecha
  _DS1307GetFecha
  L_end_DS1307GetHoras
  _DS1307GetHoras
  L_end_DS1307GetMinutos
  _DS1307GetMinutos
  L_end_DS1307GetSegundos
  _DS1307GetSegundos
  L_end_DS1307SetHoras
  _DS1307SetHoras
  L_end_DS1307SetMinutos
  _DS1307SetMinutos
  L_end_DS1307SetSegundos
  _DS1307SetSegundos
  L_end_DS1307GetDias
  _DS1307GetDias
  L_end_DS1307GetFechas
  _DS1307GetFechas
  L_end_DS1307GetMeses
  _DS1307GetMeses
  L_end_DS1307GetAnos
  _DS1307GetAnos
  L_end_DS1307SetDias
  _DS1307SetDias
  L_end_DS1307SetFechas
  _DS1307SetFechas
  L_end_DS1307SetMeses
  _DS1307SetMeses
  L_end_DS1307SetAnos
  _DS1307SetAnos
  L_I2C1_Is_Idle0
  L_I2C1_Is_Idle1
  L_I2C1_Start2
  L_I2C1_Start3
  L_I2C1_Start4
  L_I2C1_Start5
  L_I2C1_Start6
  L_I2C1_Start7
  L_I2C1_Start8
  L_I2C1_Start9
  L_I2C1_Repeated_Start10
  L_I2C1_Repeated_Start11
  L_I2C1_Rd12
  L_I2C1_Rd13
  L_I2C1_Rd14
  L_I2C1_Rd15
  L_I2C1_Rd16
  L_I2C1_Rd17
  L_I2C1_Wr18
  L_I2C1_Wr19
  L_I2C1_Wr20
  L_I2C1_Wr21
  L_I2C1_Wr22
  L_I2C1_Wr23
  L_end_I2C1_Init
  _I2C1_Init
  L_end_I2C1_Is_Idle
  _I2C1_Is_Idle
  L_end_I2C1_Start
  _I2C1_Start
  L__I2C1_Start27
  L__I2C1_Start28
  L_end_I2C1_Repeated_Start
  _I2C1_Repeated_Start
  L_end_I2C1_Rd
  _I2C1_Rd
  L_end_I2C1_Wr
  _I2C1_Wr
  L_end_I2C1_Stop
  _I2C1_Stop
  L_Div_16x16_S0
  L_Div_16x16_S1
  LOOPS3232A
  SADD22LA
  SOK22LA
  SADD22L8
  SOK22L8
  LOOPS3232B
  SADD22LB
  SOK22LB
  SADD22L16
  SOK22L16
  LOOPS3232C
  SADD22LC
  SOK22LC
  SADD22L24
  SOK22L24
  LOOPS3232D
  SADD22LD
  SOK22LD
  SOK22L
  L_Div_32x32_S6
  L_Div_32x32_S7
  L_Div_32x32_S8
  L_Div_32x32_S9
  FXD3232S
  END_ALL
  CA3232S
  C3232SX
  C3232SX1
  C3232S
  C3232S2
  C3232SX4
  C3232SOK
  C3232SX3
  C3232SX2
  avoid_comfrem
  LOOPU3232A
  UADD22LA
  UOK22LA
  UADD22L8
  UOK22L8
  LOOPU3232B
  UADD22LB
  UOK22LB
  UADD22L16
  UOK22L16
  LOOPU3232C
  UADD22LC
  UOK22LC
  UADD22L24
  UOK22L24
  LOOPU3232D
  UADD22LD
  UOK22LD
  UOK22L
  _NEXT
  _EXIT2
  _LOOP
  _EXIT1
  _IF_FIRST
  _IF_SECOND
  _INVERCE_FIRST
  _MULT
  _INBERSE_SECOND
  _EXIT
  L_end_Mul_8X8_U
  _Mul_8X8_U
  L_end_Mul_16X16_U
  _Mul_16X16_U
  L_end_Div_8X8_U
  _Div_8X8_U
  L_end_Div_16X16_U
  _Div_16X16_U
  L_end_Mul_8X8_S
  _Mul_8X8_S
  L_end_Mul_16X16_S
  _Mul_16X16_S
  L_end_Div_16x16_S_L
  _Div_16x16_S_L
  L_end_Div_16x16_S
  _Div_16x16_S
  L_end_Div_8X8_S
  _Div_8X8_S
  L_end_SDIV3232L
  _SDIV3232L
  L_end_COMFREM
  _COMFREM
  L_end_Div_32x32_S
  _Div_32x32_S
  L_end_Div_32x32_U
  _Div_32x32_U
  L_end_Mul_32x32_U
  _Mul_32x32_U
  L_end_Mul_32x32_S
  _Mul_32x32_S
  L_loopCA2AWs
  L_CA2AWend
  _CCA2AW_Loop1
  L_loopCS2Ss
  L_CS2Send
  _CCS2S_Loop1
  L_CCS2Send
  L_loopFZinSWs
  L_FZinSend
  _CC2D_Loop1
  L_end_____DoICP
  _____DoICP
  L_end_____DoIFC
  _____DoIFC
  L_end___CA2AW
  ___CA2AW
  L_end___CCA2AW
  ___CCA2AW
  L_end___CS2S
  ___CS2S
  L_end___CCS2S
  ___CCS2S
  L_end___FZinS
  ___FZinS
  L_end___CC2DW
  ___CC2DW
  L_end_Swap
  _Swap
  L_UART1_Init0
  L_UART1_Init1
  L_UART1_Read2
  L_UART1_Write3
  L_UART1_Write4
  L_UART1_Write_Text5
  L_UART1_Write_Text6
  L_UART1_Read_Text7
  L_UART1_Read_Text8
  L_UART1_Read_Text9
  L_UART1_Read_Text10
  L_UART1_Read_Text11
  L_UART1_Read_Text12
  L_UART1_Read_Text13
  L_UART1_Read_Text14
  L_UART1_Read_Text15
  L_end_UART1_Init
  _UART1_Init
  L_end_UART1_Data_Ready
  _UART1_Data_Ready
  L_end_UART1_Read
  _UART1_Read
  L_end_UART1_Tx_Idle
  _UART1_Tx_Idle
  L_end_UART1_Write
  _UART1_Write
  L_end_UART1_Write_Text
  _UART1_Write_Text
  L_end_UART1_Read_Text
  _UART1_Read_Text
