;  LST file generated by mikroListExporter - v.2.0 
; Date/Time: 01/04/2016 11:00:42
;----------------------------------------------

;Address Opcode 	ASM
0x0000	0x2B2F      	GOTO       815
_SETFUN32:
;__Lib_MathDouble.c,138 :: 		
;__Lib_MathDouble.c,145 :: 		
0x0003	0x157B      	BSF        R11, 2
;__Lib_MathDouble.c,146 :: 		
0x0004	0x1FFB      	BTFSS      R11, 7
;__Lib_MathDouble.c,147 :: 		
0x0005	0x280D      	GOTO       SETFUN32EEE
;__Lib_MathDouble.c,148 :: 		
0x0006	0x3001      	MOVLW      1
;__Lib_MathDouble.c,149 :: 		
0x0007	0x00F3      	MOVWF      R3
;__Lib_MathDouble.c,150 :: 		
0x0008	0x01F2      	CLRF       R2
;__Lib_MathDouble.c,151 :: 		
0x0009	0x01F1      	CLRF       R1
;__Lib_MathDouble.c,152 :: 		
0x000A	0x01F0      	CLRF       R0
;__Lib_MathDouble.c,153 :: 		
0x000B	0x0DFA      	RLF        R10, 1
;__Lib_MathDouble.c,154 :: 		
0x000C	0x0CF2      	RRF        R2, 1
;__Lib_MathDouble.c,155 :: 		
SETFUN32EEE:
;__Lib_MathDouble.c,156 :: 		
0x000D	0x30FF      	MOVLW      255
;__Lib_MathDouble.c,158 :: 		
L_end_SETFUN32:
0x000E	0x0008      	RETURN
; end of _SETFUN32
_RES032:
;__Lib_MathDouble.c,123 :: 		
;__Lib_MathDouble.c,128 :: 		
0x000F	0x01F2      	CLRF       R2
;__Lib_MathDouble.c,129 :: 		
0x0010	0x01F1      	CLRF       R1
;__Lib_MathDouble.c,130 :: 		
0x0011	0x01F0      	CLRF       R0
;__Lib_MathDouble.c,131 :: 		
0x0012	0x01F8      	CLRF       R8
;__Lib_MathDouble.c,132 :: 		
0x0013	0x01F3      	CLRF       R3
;__Lib_MathDouble.c,133 :: 		
0x0014	0x3000      	MOVLW      0
;__Lib_MathDouble.c,135 :: 		
L_end_RES032:
0x0015	0x0008      	RETURN
; end of _RES032
_SETFOV32:
;__Lib_MathDouble.c,79 :: 		
;__Lib_MathDouble.c,86 :: 		
0x0016	0x14FB      	BSF        R11, 1
;__Lib_MathDouble.c,87 :: 		
0x0017	0x1FFB      	BTFSS      R11, 7
;__Lib_MathDouble.c,88 :: 		
0x0018	0x2820      	GOTO       SETFOV32EEE
;__Lib_MathDouble.c,89 :: 		
0x0019	0x30FF      	MOVLW      255
;__Lib_MathDouble.c,90 :: 		
0x001A	0x00F3      	MOVWF      R3
;__Lib_MathDouble.c,91 :: 		
0x001B	0x00F2      	MOVWF      R2
;__Lib_MathDouble.c,92 :: 		
0x001C	0x00F1      	MOVWF      R1
;__Lib_MathDouble.c,93 :: 		
0x001D	0x00F0      	MOVWF      R0
;__Lib_MathDouble.c,94 :: 		
0x001E	0x0DFA      	RLF        R10, 1
;__Lib_MathDouble.c,95 :: 		
0x001F	0x0CF2      	RRF        R2, 1
;__Lib_MathDouble.c,96 :: 		
SETFOV32EEE:
;__Lib_MathDouble.c,97 :: 		
0x0020	0x30FF      	MOVLW      255
;__Lib_MathDouble.c,99 :: 		
L_end_SETFOV32:
0x0021	0x0008      	RETURN
; end of _SETFOV32
_____DoICP:
;__Lib_System.c,6 :: 		
;__Lib_System.c,9 :: 		
0x0022	0x1283      	BCF        STATUS, 5
0x0023	0x1303      	BCF        STATUS, 6
0x0024	0x0838      	MOVF       ___DoICPAddr+1, 0
0x0025	0x008A      	MOVWF      PCLATH
;__Lib_System.c,10 :: 		
0x0026	0x0837      	MOVF       ___DoICPAddr, 0
0x0027	0x0082      	MOVWF      PCL
;__Lib_System.c,12 :: 		
L_end_____DoICP:
0x0028	0x0008      	RETURN
; end of _____DoICP
_strcpy:
;__Lib_CString.c,126 :: 		
;__Lib_CString.c,129 :: 		
0x0029	0x1283      	BCF        STATUS, 5
0x002A	0x1303      	BCF        STATUS, 6
0x002B	0x0857      	MOVF       FARG_strcpy_to, 0
0x002C	0x00F2      	MOVWF      R2
;__Lib_CString.c,130 :: 		
L_strcpy34:
0x002D	0x0872      	MOVF       R2, 0
0x002E	0x00F1      	MOVWF      R1
0x002F	0x0AF2      	INCF       R2, 1
0x0030	0x0858      	MOVF       FARG_strcpy_from, 0
0x0031	0x00F0      	MOVWF      R0
0x0032	0x0AD8      	INCF       FARG_strcpy_from, 1
0x0033	0x0870      	MOVF       R0, 0
0x0034	0x0084      	MOVWF      FSR
0x0035	0x0800      	MOVF       INDF, 0
0x0036	0x00F0      	MOVWF      R0
0x0037	0x0871      	MOVF       R1, 0
0x0038	0x0084      	MOVWF      FSR
0x0039	0x0870      	MOVF       R0, 0
0x003A	0x0080      	MOVWF      INDF
0x003B	0x0871      	MOVF       R1, 0
0x003C	0x0084      	MOVWF      FSR
0x003D	0x0800      	MOVF       INDF, 0
0x003E	0x1903      	BTFSC      STATUS, 2
0x003F	0x2841      	GOTO       L_strcpy35
;__Lib_CString.c,131 :: 		
0x0040	0x282D      	GOTO       L_strcpy34
L_strcpy35:
;__Lib_CString.c,132 :: 		
0x0041	0x0857      	MOVF       FARG_strcpy_to, 0
0x0042	0x00F0      	MOVWF      R0
;__Lib_CString.c,133 :: 		
L_end_strcpy:
0x0043	0x0008      	RETURN
; end of _strcpy
_Div_8X8_U:
;__Lib_Math.c,189 :: 		
;__Lib_Math.c,196 :: 		
0x0044	0x1283      	BCF        STATUS, 5
;__Lib_Math.c,197 :: 		
0x0045	0x1303      	BCF        STATUS, 6
;__Lib_Math.c,198 :: 		
0x0046	0x01F8      	CLRF       R8
;__Lib_Math.c,199 :: 		
0x0047	0x3008      	MOVLW      8
;__Lib_Math.c,200 :: 		
0x0048	0x00FC      	MOVWF      R12
;__Lib_Math.c,201 :: 		
0x0049	0x0D70      	RLF        R0, 0
;__Lib_Math.c,202 :: 		
0x004A	0x0DF8      	RLF        R8, 1
;__Lib_Math.c,203 :: 		
0x004B	0x0874      	MOVF       R4, 0
;__Lib_Math.c,204 :: 		
0x004C	0x02F8      	SUBWF      R8, 1
;__Lib_Math.c,205 :: 		
0x004D	0x1803      	BTFSC      STATUS, 0
;__Lib_Math.c,206 :: 		
0x004E	0x2851      	GOTO       $+3
;__Lib_Math.c,207 :: 		
0x004F	0x07F8      	ADDWF      R8, 1
;__Lib_Math.c,208 :: 		
0x0050	0x1003      	BCF        STATUS, 0
;__Lib_Math.c,209 :: 		
0x0051	0x0DF0      	RLF        R0, 1
;__Lib_Math.c,210 :: 		
0x0052	0x0BFC      	DECFSZ     R12, 1
;__Lib_Math.c,211 :: 		
0x0053	0x2849      	GOTO       $-10
;__Lib_Math.c,213 :: 		
L_end_Div_8X8_U:
0x0054	0x0008      	RETURN
; end of _Div_8X8_U
_Compare_Double:
;__Lib_MathDouble.c,2053 :: 		
;__Lib_MathDouble.c,2062 :: 		
;__Lib_MathDouble.c,2064 :: 		
0x0055	0x1283      	BCF        STATUS, 5
;__Lib_MathDouble.c,2065 :: 		
0x0056	0x1303      	BCF        STATUS, 6
;__Lib_MathDouble.c,2067 :: 		
0x0057	0x01FA      	CLRF       R10
;__Lib_MathDouble.c,2068 :: 		
0x0058	0x0873      	MOVF       R3, 0
;__Lib_MathDouble.c,2069 :: 		
0x0059	0x1D03      	BTFSS      STATUS, 2
;__Lib_MathDouble.c,2070 :: 		
0x005A	0x147A      	BSF        R10, 0
;__Lib_MathDouble.c,2071 :: 		
0x005B	0x0877      	MOVF       R7, 0
;__Lib_MathDouble.c,2072 :: 		
0x005C	0x1D03      	BTFSS      STATUS, 2
;__Lib_MathDouble.c,2073 :: 		
0x005D	0x14FA      	BSF        R10, 1
;__Lib_MathDouble.c,2075 :: 		
0x005E	0x087A      	MOVF       R10, 0
;__Lib_MathDouble.c,2076 :: 		
0x005F	0x1903      	BTFSC      STATUS, 2
;__Lib_MathDouble.c,2077 :: 		
0x0060	0x28A1      	GOTO       COMPARE_EQU
;__Lib_MathDouble.c,2078 :: 		
0x0061	0x3A03      	XORLW      3
;__Lib_MathDouble.c,2079 :: 		
0x0062	0x1903      	BTFSC      STATUS, 2
;__Lib_MathDouble.c,2080 :: 		
0x0063	0x286C      	GOTO       COMPARE_NOTZERO
;__Lib_MathDouble.c,2082 :: 		
0x0064	0x187A      	BTFSC      R10, 0
;__Lib_MathDouble.c,2083 :: 		
0x0065	0x2869      	GOTO       COMPARE_XNOTZERO
;__Lib_MathDouble.c,2085 :: 		
0x0066	0x1FF6      	BTFSS      R6, 7
;__Lib_MathDouble.c,2086 :: 		
0x0067	0x289F      	GOTO       COMPARE_LT
;__Lib_MathDouble.c,2087 :: 		
0x0068	0x289D      	GOTO       COMPARE_GT
;__Lib_MathDouble.c,2088 :: 		
COMPARE_XNOTZERO:
;__Lib_MathDouble.c,2089 :: 		
0x0069	0x1FF2      	BTFSS      R2, 7
;__Lib_MathDouble.c,2090 :: 		
0x006A	0x289D      	GOTO       COMPARE_GT
;__Lib_MathDouble.c,2091 :: 		
0x006B	0x289F      	GOTO       COMPARE_LT
;__Lib_MathDouble.c,2093 :: 		
COMPARE_NOTZERO:
;__Lib_MathDouble.c,2094 :: 		
0x006C	0x0872      	MOVF       R2, 0
;__Lib_MathDouble.c,2095 :: 		
0x006D	0x3980      	ANDLW      128
;__Lib_MathDouble.c,2096 :: 		
0x006E	0x00FA      	MOVWF      R10
;__Lib_MathDouble.c,2097 :: 		
0x006F	0x13F2      	BCF        R2, 7
;__Lib_MathDouble.c,2099 :: 		
0x0070	0x0876      	MOVF       R6, 0
;__Lib_MathDouble.c,2100 :: 		
0x0071	0x3980      	ANDLW      128
;__Lib_MathDouble.c,2101 :: 		
0x0072	0x13F6      	BCF        R6, 7
;__Lib_MathDouble.c,2103 :: 		
0x0073	0x067A      	XORWF      R10, 0
;__Lib_MathDouble.c,2104 :: 		
0x0074	0x1903      	BTFSC      STATUS, 2
;__Lib_MathDouble.c,2105 :: 		
0x0075	0x287A      	GOTO       COMPARE_TESTALL
;__Lib_MathDouble.c,2107 :: 		
0x0076	0x087A      	MOVF       R10, 0
;__Lib_MathDouble.c,2108 :: 		
0x0077	0x1903      	BTFSC      STATUS, 2
;__Lib_MathDouble.c,2109 :: 		
0x0078	0x289D      	GOTO       COMPARE_GT
;__Lib_MathDouble.c,2110 :: 		
0x0079	0x289F      	GOTO       COMPARE_LT
;__Lib_MathDouble.c,2112 :: 		
COMPARE_TESTALL:
;__Lib_MathDouble.c,2113 :: 		
0x007A	0x0877      	MOVF       R7, 0
;__Lib_MathDouble.c,2114 :: 		
0x007B	0x0273      	SUBWF      R3, 0
;__Lib_MathDouble.c,2115 :: 		
0x007C	0x1903      	BTFSC      STATUS, 2
;__Lib_MathDouble.c,2116 :: 		
0x007D	0x2881      	GOTO       COMPARE_C1
;__Lib_MathDouble.c,2117 :: 		
0x007E	0x1C03      	BTFSS      STATUS, 0
;__Lib_MathDouble.c,2118 :: 		
0x007F	0x2895      	GOTO       GT_FALSE
;__Lib_MathDouble.c,2119 :: 		
0x0080	0x2899      	GOTO       GT_TRUE
;__Lib_MathDouble.c,2120 :: 		
COMPARE_C1:
;__Lib_MathDouble.c,2121 :: 		
0x0081	0x0876      	MOVF       R6, 0
;__Lib_MathDouble.c,2122 :: 		
0x0082	0x0272      	SUBWF      R2, 0
;__Lib_MathDouble.c,2123 :: 		
0x0083	0x1903      	BTFSC      STATUS, 2
;__Lib_MathDouble.c,2124 :: 		
0x0084	0x2888      	GOTO       COMPARE_C2
;__Lib_MathDouble.c,2125 :: 		
0x0085	0x1C03      	BTFSS      STATUS, 0
;__Lib_MathDouble.c,2126 :: 		
0x0086	0x2895      	GOTO       GT_FALSE
;__Lib_MathDouble.c,2127 :: 		
0x0087	0x2899      	GOTO       GT_TRUE
;__Lib_MathDouble.c,2128 :: 		
COMPARE_C2:
;__Lib_MathDouble.c,2129 :: 		
0x0088	0x0875      	MOVF       R5, 0
;__Lib_MathDouble.c,2130 :: 		
0x0089	0x0271      	SUBWF      R1, 0
;__Lib_MathDouble.c,2131 :: 		
0x008A	0x1903      	BTFSC      STATUS, 2
;__Lib_MathDouble.c,2132 :: 		
0x008B	0x288F      	GOTO       COMPARE_C3
;__Lib_MathDouble.c,2133 :: 		
0x008C	0x1C03      	BTFSS      STATUS, 0
;__Lib_MathDouble.c,2134 :: 		
0x008D	0x2895      	GOTO       GT_FALSE
;__Lib_MathDouble.c,2135 :: 		
0x008E	0x2899      	GOTO       GT_TRUE
;__Lib_MathDouble.c,2136 :: 		
COMPARE_C3:
;__Lib_MathDouble.c,2137 :: 		
0x008F	0x0874      	MOVF       R4, 0
;__Lib_MathDouble.c,2138 :: 		
0x0090	0x0270      	SUBWF      R0, 0
;__Lib_MathDouble.c,2139 :: 		
0x0091	0x1903      	BTFSC      STATUS, 2
;__Lib_MathDouble.c,2140 :: 		
0x0092	0x28A1      	GOTO       COMPARE_EQU
;__Lib_MathDouble.c,2141 :: 		
0x0093	0x1803      	BTFSC      STATUS, 0
;__Lib_MathDouble.c,2142 :: 		
0x0094	0x2899      	GOTO       GT_TRUE
;__Lib_MathDouble.c,2144 :: 		
GT_FALSE:
;__Lib_MathDouble.c,2145 :: 		
0x0095	0x08FA      	MOVF       R10, 1
;__Lib_MathDouble.c,2146 :: 		
0x0096	0x1903      	BTFSC      STATUS, 2
;__Lib_MathDouble.c,2147 :: 		
0x0097	0x289F      	GOTO       COMPARE_LT
;__Lib_MathDouble.c,2148 :: 		
0x0098	0x289D      	GOTO       COMPARE_GT
;__Lib_MathDouble.c,2149 :: 		
GT_TRUE:
;__Lib_MathDouble.c,2150 :: 		
0x0099	0x08FA      	MOVF       R10, 1
;__Lib_MathDouble.c,2151 :: 		
0x009A	0x1903      	BTFSC      STATUS, 2
;__Lib_MathDouble.c,2152 :: 		
0x009B	0x289D      	GOTO       COMPARE_GT
;__Lib_MathDouble.c,2153 :: 		
0x009C	0x289F      	GOTO       COMPARE_LT
;__Lib_MathDouble.c,2155 :: 		
COMPARE_GT:
;__Lib_MathDouble.c,2158 :: 		
0x009D	0x1403      	BSF        STATUS, 0
;__Lib_MathDouble.c,2159 :: 		
0x009E	0x0008      	RETURN
;__Lib_MathDouble.c,2160 :: 		
COMPARE_LT:
;__Lib_MathDouble.c,2163 :: 		
0x009F	0x1003      	BCF        STATUS, 0
;__Lib_MathDouble.c,2164 :: 		
0x00A0	0x0008      	RETURN
;__Lib_MathDouble.c,2165 :: 		
COMPARE_EQU:
;__Lib_MathDouble.c,2168 :: 		
0x00A1	0x1403      	BSF        STATUS, 0
;__Lib_MathDouble.c,2169 :: 		
0x00A2	0x1503      	BSF        STATUS, 2
;__Lib_MathDouble.c,2170 :: 		
0x00A3	0x0008      	RETURN
;__Lib_MathDouble.c,2172 :: 		
L_end_Compare_Double:
0x00A4	0x0008      	RETURN
; end of _Compare_Double
_Mul_32x32_FP:
;__Lib_MathDouble.c,610 :: 		
;__Lib_MathDouble.c,622 :: 		
;__Lib_MathDouble.c,624 :: 		
0x00A5	0x1283      	BCF        STATUS, 5
;__Lib_MathDouble.c,625 :: 		
0x00A6	0x1303      	BCF        STATUS, 6
;__Lib_MathDouble.c,627 :: 		
0x00A7	0x01FB      	CLRF       R11
;__Lib_MathDouble.c,628 :: 		
0x00A8	0x0873      	MOVF       R3, 0
;__Lib_MathDouble.c,629 :: 		
0x00A9	0x1D03      	BTFSS      STATUS, 2
;__Lib_MathDouble.c,630 :: 		
0x00AA	0x0877      	MOVF       R7, 0
;__Lib_MathDouble.c,631 :: 		
0x00AB	0x1903      	BTFSC      STATUS, 2
;__Lib_MathDouble.c,632 :: 		
0x00AC	0x28FC      	GOTO       JPMRES032
;__Lib_MathDouble.c,634 :: 		
0x00AD	0x0872      	MOVF       R2, 0
;__Lib_MathDouble.c,635 :: 		
0x00AE	0x0676      	XORWF      R6, 0
;__Lib_MathDouble.c,636 :: 		
0x00AF	0x00FA      	MOVWF      R10
;__Lib_MathDouble.c,637 :: 		
0x00B0	0x0877      	MOVF       R7, 0
;__Lib_MathDouble.c,638 :: 		
0x00B1	0x07F3      	ADDWF      R3, 1
;__Lib_MathDouble.c,639 :: 		
0x00B2	0x307E      	MOVLW      126
;__Lib_MathDouble.c,640 :: 		
0x00B3	0x1C03      	BTFSS      STATUS, 0
;__Lib_MathDouble.c,641 :: 		
0x00B4	0x28B9      	GOTO       MTUN32
;__Lib_MathDouble.c,642 :: 		
0x00B5	0x02F3      	SUBWF      R3, 1
;__Lib_MathDouble.c,643 :: 		
0x00B6	0x1803      	BTFSC      STATUS, 0
;__Lib_MathDouble.c,644 :: 		
0x00B7	0x28FF      	GOTO       JPMSETFOV32
;__Lib_MathDouble.c,645 :: 		
0x00B8	0x28BC      	GOTO       MOK32
;__Lib_MathDouble.c,646 :: 		
MTUN32:
;__Lib_MathDouble.c,647 :: 		
0x00B9	0x02F3      	SUBWF      R3, 1
;__Lib_MathDouble.c,648 :: 		
0x00BA	0x1C03      	BTFSS      STATUS, 0
;__Lib_MathDouble.c,649 :: 		
0x00BB	0x2902      	GOTO       JPMSETFUN32
;__Lib_MathDouble.c,650 :: 		
MOK32:
;__Lib_MathDouble.c,651 :: 		
0x00BC	0x0872      	MOVF       R2, 0
;__Lib_MathDouble.c,652 :: 		
0x00BD	0x00F8      	MOVWF      R8
;__Lib_MathDouble.c,653 :: 		
0x00BE	0x0871      	MOVF       R1, 0
;__Lib_MathDouble.c,654 :: 		
0x00BF	0x00FC      	MOVWF      R12
;__Lib_MathDouble.c,655 :: 		
0x00C0	0x0870      	MOVF       R0, 0
;__Lib_MathDouble.c,656 :: 		
0x00C1	0x00FD      	MOVWF      R13
;__Lib_MathDouble.c,657 :: 		
0x00C2	0x17F8      	BSF        R8, 7
;__Lib_MathDouble.c,658 :: 		
0x00C3	0x17F6      	BSF        R6, 7
;__Lib_MathDouble.c,659 :: 		
0x00C4	0x1003      	BCF        STATUS, 0
;__Lib_MathDouble.c,660 :: 		
0x00C5	0x01F2      	CLRF       R2
;__Lib_MathDouble.c,661 :: 		
0x00C6	0x01F1      	CLRF       R1
;__Lib_MathDouble.c,662 :: 		
0x00C7	0x01F0      	CLRF       R0
;__Lib_MathDouble.c,663 :: 		
0x00C8	0x3018      	MOVLW      24
;__Lib_MathDouble.c,664 :: 		
0x00C9	0x00A0      	MOVWF      __math_tempbD
;__Lib_MathDouble.c,665 :: 		
MLOOP32:
;__Lib_MathDouble.c,666 :: 		
0x00CA	0x1C7D      	BTFSS      R13, 0
;__Lib_MathDouble.c,667 :: 		
0x00CB	0x28D6      	GOTO       MNOADD32
;__Lib_MathDouble.c,669 :: 		
0x00CC	0x0874      	MOVF       R4, 0
;__Lib_MathDouble.c,670 :: 		
0x00CD	0x07F0      	ADDWF      R0, 1
;__Lib_MathDouble.c,671 :: 		
0x00CE	0x0875      	MOVF       R5, 0
;__Lib_MathDouble.c,672 :: 		
0x00CF	0x1803      	BTFSC      STATUS, 0
;__Lib_MathDouble.c,673 :: 		
0x00D0	0x0F75      	INCFSZ     R5, 0
;__Lib_MathDouble.c,674 :: 		
0x00D1	0x07F1      	ADDWF      R1, 1
;__Lib_MathDouble.c,675 :: 		
0x00D2	0x0876      	MOVF       R6, 0
;__Lib_MathDouble.c,676 :: 		
0x00D3	0x1803      	BTFSC      STATUS, 0
;__Lib_MathDouble.c,677 :: 		
0x00D4	0x0F76      	INCFSZ     R6, 0
;__Lib_MathDouble.c,678 :: 		
0x00D5	0x07F2      	ADDWF      R2, 1
;__Lib_MathDouble.c,679 :: 		
MNOADD32:
;__Lib_MathDouble.c,680 :: 		
0x00D6	0x0CF2      	RRF        R2, 1
;__Lib_MathDouble.c,681 :: 		
0x00D7	0x0CF1      	RRF        R1, 1
;__Lib_MathDouble.c,682 :: 		
0x00D8	0x0CF0      	RRF        R0, 1
;__Lib_MathDouble.c,683 :: 		
0x00D9	0x0CF8      	RRF        R8, 1
;__Lib_MathDouble.c,684 :: 		
0x00DA	0x0CFC      	RRF        R12, 1
;__Lib_MathDouble.c,685 :: 		
0x00DB	0x0CFD      	RRF        R13, 1
;__Lib_MathDouble.c,686 :: 		
0x00DC	0x1003      	BCF        STATUS, 0
;__Lib_MathDouble.c,687 :: 		
0x00DD	0x0BA0      	DECFSZ     __math_tempbD, 1
;__Lib_MathDouble.c,688 :: 		
0x00DE	0x28CA      	GOTO       MLOOP32
;__Lib_MathDouble.c,689 :: 		
0x00DF	0x1BF2      	BTFSC      R2, 7
;__Lib_MathDouble.c,690 :: 		
0x00E0	0x28E6      	GOTO       MROUND32
;__Lib_MathDouble.c,691 :: 		
0x00E1	0x0DF8      	RLF        R8, 1
;__Lib_MathDouble.c,692 :: 		
0x00E2	0x0DF0      	RLF        R0, 1
;__Lib_MathDouble.c,693 :: 		
0x00E3	0x0DF1      	RLF        R1, 1
;__Lib_MathDouble.c,694 :: 		
0x00E4	0x0DF2      	RLF        R2, 1
;__Lib_MathDouble.c,695 :: 		
0x00E5	0x03F3      	DECF       R3, 1
;__Lib_MathDouble.c,696 :: 		
MROUND32:
;__Lib_MathDouble.c,697 :: 		
0x00E6	0x1B7B      	BTFSC      R11, 6
;__Lib_MathDouble.c,698 :: 		
0x00E7	0x1C70      	BTFSS      R0, 0
;__Lib_MathDouble.c,699 :: 		
0x00E8	0x28F8      	GOTO       MUL32OK
;__Lib_MathDouble.c,700 :: 		
0x00E9	0x1FF8      	BTFSS      R8, 7
;__Lib_MathDouble.c,701 :: 		
0x00EA	0x28F8      	GOTO       MUL32OK
;__Lib_MathDouble.c,702 :: 		
0x00EB	0x0AF0      	INCF       R0, 1
;__Lib_MathDouble.c,703 :: 		
0x00EC	0x1903      	BTFSC      STATUS, 2
;__Lib_MathDouble.c,704 :: 		
0x00ED	0x0AF1      	INCF       R1, 1
;__Lib_MathDouble.c,705 :: 		
0x00EE	0x1903      	BTFSC      STATUS, 2
;__Lib_MathDouble.c,706 :: 		
0x00EF	0x0AF2      	INCF       R2, 1
;__Lib_MathDouble.c,707 :: 		
0x00F0	0x1D03      	BTFSS      STATUS, 2
;__Lib_MathDouble.c,708 :: 		
0x00F1	0x28F8      	GOTO       MUL32OK
;__Lib_MathDouble.c,709 :: 		
0x00F2	0x0CF2      	RRF        R2, 1
;__Lib_MathDouble.c,710 :: 		
0x00F3	0x0CF1      	RRF        R1, 1
;__Lib_MathDouble.c,711 :: 		
0x00F4	0x0CF0      	RRF        R0, 1
;__Lib_MathDouble.c,712 :: 		
0x00F5	0x0AF3      	INCF       R3, 1
;__Lib_MathDouble.c,713 :: 		
0x00F6	0x1903      	BTFSC      STATUS, 2
;__Lib_MathDouble.c,714 :: 		
0x00F7	0x28FF      	GOTO       JPMSETFOV32
;__Lib_MathDouble.c,715 :: 		
MUL32OK:
;__Lib_MathDouble.c,716 :: 		
0x00F8	0x1FFA      	BTFSS      R10, 7
;__Lib_MathDouble.c,717 :: 		
0x00F9	0x13F2      	BCF        R2, 7
;__Lib_MathDouble.c,718 :: 		
0x00FA	0x3000      	MOVLW      0
;__Lib_MathDouble.c,720 :: 		
0x00FB	0x2904      	GOTO       MUL32EEE
;__Lib_MathDouble.c,721 :: 		
JPMRES032:
;__Lib_MathDouble.c,722 :: 		
0x00FC	0x3001      	MOVLW      1
;__Lib_MathDouble.c,725 :: 		
0x00FD	0x200F      	CALL       _RES032
;__Lib_MathDouble.c,727 :: 		
0x00FE	0x2904      	GOTO       MUL32EEE
;__Lib_MathDouble.c,728 :: 		
JPMSETFOV32:
;__Lib_MathDouble.c,729 :: 		
0x00FF	0x3002      	MOVLW      2
;__Lib_MathDouble.c,732 :: 		
0x0100	0x2016      	CALL       _SETFOV32
;__Lib_MathDouble.c,734 :: 		
0x0101	0x2904      	GOTO       MUL32EEE
;__Lib_MathDouble.c,735 :: 		
JPMSETFUN32:
;__Lib_MathDouble.c,736 :: 		
0x0102	0x3004      	MOVLW      4
;__Lib_MathDouble.c,739 :: 		
0x0103	0x2003      	CALL       _SETFUN32
;__Lib_MathDouble.c,741 :: 		
MUL32EEE:
;__Lib_MathDouble.c,742 :: 		
0x0104	0x0000      	NOP
;__Lib_MathDouble.c,749 :: 		
L_end_Mul_32x32_FP:
0x0105	0x0008      	RETURN
; end of _Mul_32x32_FP
_desplegar:
;Display_de_7_segmentos.c,9 :: 		void desplegar(void){
;Display_de_7_segmentos.c,10 :: 		barrido=0x01;
0x0106	0x3001      	MOVLW      1
0x0107	0x1283      	BCF        STATUS, 5
0x0108	0x1303      	BCF        STATUS, 6
0x0109	0x00B9      	MOVWF      _barrido
;Display_de_7_segmentos.c,11 :: 		for (i=0;i<6;i++)
0x010A	0x01C9      	CLRF       _i
L_desplegar0:
0x010B	0x3006      	MOVLW      6
0x010C	0x0249      	SUBWF      _i, 0
0x010D	0x1803      	BTFSC      STATUS, 0
0x010E	0x2928      	GOTO       L_desplegar1
;Display_de_7_segmentos.c,13 :: 		PORTC=0;
0x010F	0x0187      	CLRF       PORTC
;Display_de_7_segmentos.c,14 :: 		PORTB=TablaCA[display[i]];
0x0110	0x0849      	MOVF       _i, 0
0x0111	0x3E2B      	ADDLW      _display
0x0112	0x0084      	MOVWF      FSR
0x0113	0x0800      	MOVF       INDF, 0
0x0114	0x3E63      	ADDLW      _TablaCA
0x0115	0x00F0      	MOVWF      R0
0x0116	0x3003      	MOVLW      hi_addr(_TablaCA)
0x0117	0x1803      	BTFSC      STATUS, 0
0x0118	0x3E01      	ADDLW      1
0x0119	0x00F1      	MOVWF      R0+1
0x011A	0x0870      	MOVF       R0, 0
0x011B	0x00B7      	MOVWF      ___DoICPAddr
0x011C	0x0871      	MOVF       R0+1, 0
0x011D	0x00B8      	MOVWF      ___DoICPAddr+1
0x011E	0x2022      	CALL       _____DoICP
0x011F	0x118A      	BCF        PCLATH, 3
0x0120	0x120A      	BCF        PCLATH, 4
0x0121	0x0086      	MOVWF      PORTB
;Display_de_7_segmentos.c,15 :: 		PORTC=barrido;
0x0122	0x0839      	MOVF       _barrido, 0
0x0123	0x0087      	MOVWF      PORTC
;Display_de_7_segmentos.c,16 :: 		barrido=barrido<<1;
0x0124	0x0DB9      	RLF        _barrido, 1
0x0125	0x1039      	BCF        _barrido, 0
;Display_de_7_segmentos.c,11 :: 		for (i=0;i<6;i++)
0x0126	0x0AC9      	INCF       _i, 1
;Display_de_7_segmentos.c,17 :: 		}
0x0127	0x290B      	GOTO       L_desplegar0
L_desplegar1:
;Display_de_7_segmentos.c,18 :: 		}
L_end_desplegar:
0x0128	0x0008      	RETURN
; end of _desplegar
_FloatToStr:
;__Lib_Conversions.c,472 :: 		
;__Lib_Conversions.c,474 :: 		
0x0129	0x1283      	BCF        STATUS, 5
0x012A	0x1303      	BCF        STATUS, 6
0x012B	0x01D5      	CLRF       FloatToStr_bpoint_L0
0x012C	0x01D6      	CLRF       FloatToStr_dexpon_L0
;__Lib_Conversions.c,479 :: 		
0x012D	0x084A      	MOVF       FARG_FloatToStr_fnum, 0
0x012E	0x00D1      	MOVWF      FloatToStr_un_L0
0x012F	0x084B      	MOVF       FARG_FloatToStr_fnum+1, 0
0x0130	0x00D2      	MOVWF      FloatToStr_un_L0+1
0x0131	0x084C      	MOVF       FARG_FloatToStr_fnum+2, 0
0x0132	0x00D3      	MOVWF      FloatToStr_un_L0+2
0x0133	0x084D      	MOVF       FARG_FloatToStr_fnum+3, 0
0x0134	0x00D4      	MOVWF      FloatToStr_un_L0+3
;__Lib_Conversions.c,480 :: 		
0x0135	0x0854      	MOVF       FloatToStr_un_L0+3, 0
0x0136	0x3AFF      	XORLW      255
0x0137	0x1D03      	BTFSS      STATUS, 2
0x0138	0x2943      	GOTO       L__FloatToStr144
0x0139	0x0853      	MOVF       FloatToStr_un_L0+2, 0
0x013A	0x3AFF      	XORLW      255
0x013B	0x1D03      	BTFSS      STATUS, 2
0x013C	0x2943      	GOTO       L__FloatToStr144
0x013D	0x0852      	MOVF       FloatToStr_un_L0+1, 0
0x013E	0x3AFF      	XORLW      255
0x013F	0x1D03      	BTFSS      STATUS, 2
0x0140	0x2943      	GOTO       L__FloatToStr144
0x0141	0x0851      	MOVF       FloatToStr_un_L0, 0
0x0142	0x3AFF      	XORLW      255
L__FloatToStr144:
0x0143	0x1D03      	BTFSS      STATUS, 2
0x0144	0x294D      	GOTO       L_FloatToStr76
;__Lib_Conversions.c,481 :: 		
0x0145	0x084E      	MOVF       FARG_FloatToStr_str, 0
0x0146	0x00D7      	MOVWF      FARG_strcpy_to
0x0147	0x3021      	MOVLW      ?lstr1___Lib_Conversions
0x0148	0x00D8      	MOVWF      FARG_strcpy_from
0x0149	0x2029      	CALL       _strcpy
;__Lib_Conversions.c,482 :: 		
0x014A	0x3003      	MOVLW      3
0x014B	0x00F0      	MOVWF      R0
0x014C	0x2B22      	GOTO       L_end_FloatToStr
;__Lib_Conversions.c,483 :: 		
L_FloatToStr76:
;__Lib_Conversions.c,484 :: 		
0x014D	0x3001      	MOVLW      1
0x014E	0x00CF      	MOVWF      FloatToStr_i_L0
;__Lib_Conversions.c,485 :: 		
0x014F	0x1FD3      	BTFSS      FloatToStr_un_L0+2, 7
0x0150	0x295C      	GOTO       L_FloatToStr77
;__Lib_Conversions.c,486 :: 		
0x0151	0x3080      	MOVLW      128
0x0152	0x0653      	XORWF      FloatToStr_un_L0+2, 0
0x0153	0x00F0      	MOVWF      R0
0x0154	0x0870      	MOVF       R0, 0
0x0155	0x00D3      	MOVWF      FloatToStr_un_L0+2
;__Lib_Conversions.c,487 :: 		
0x0156	0x0ACF      	INCF       FloatToStr_i_L0, 1
;__Lib_Conversions.c,488 :: 		
0x0157	0x084E      	MOVF       FARG_FloatToStr_str, 0
0x0158	0x0084      	MOVWF      FSR
0x0159	0x302D      	MOVLW      45
0x015A	0x0080      	MOVWF      INDF
0x015B	0x0ACE      	INCF       FARG_FloatToStr_str, 1
;__Lib_Conversions.c,489 :: 		
L_FloatToStr77:
;__Lib_Conversions.c,490 :: 		
0x015C	0x3000      	MOVLW      0
0x015D	0x00F0      	MOVWF      R0
0x015E	0x0654      	XORWF      FloatToStr_un_L0+3, 0
0x015F	0x1D03      	BTFSS      STATUS, 2
0x0160	0x296B      	GOTO       L__FloatToStr145
0x0161	0x0870      	MOVF       R0, 0
0x0162	0x0653      	XORWF      FloatToStr_un_L0+2, 0
0x0163	0x1D03      	BTFSS      STATUS, 2
0x0164	0x296B      	GOTO       L__FloatToStr145
0x0165	0x0870      	MOVF       R0, 0
0x0166	0x0652      	XORWF      FloatToStr_un_L0+1, 0
0x0167	0x1D03      	BTFSS      STATUS, 2
0x0168	0x296B      	GOTO       L__FloatToStr145
0x0169	0x0851      	MOVF       FloatToStr_un_L0, 0
0x016A	0x3A00      	XORLW      0
L__FloatToStr145:
0x016B	0x1D03      	BTFSS      STATUS, 2
0x016C	0x2974      	GOTO       L_FloatToStr78
;__Lib_Conversions.c,491 :: 		
0x016D	0x084E      	MOVF       FARG_FloatToStr_str, 0
0x016E	0x00D7      	MOVWF      FARG_strcpy_to
0x016F	0x3025      	MOVLW      ?lstr2___Lib_Conversions
0x0170	0x00D8      	MOVWF      FARG_strcpy_from
0x0171	0x2029      	CALL       _strcpy
;__Lib_Conversions.c,492 :: 		
0x0172	0x01F0      	CLRF       R0
0x0173	0x2B22      	GOTO       L_end_FloatToStr
;__Lib_Conversions.c,493 :: 		
L_FloatToStr78:
;__Lib_Conversions.c,494 :: 		
0x0174	0x0854      	MOVF       FloatToStr_un_L0+3, 0
0x0175	0x3AFF      	XORLW      255
0x0176	0x1D03      	BTFSS      STATUS, 2
0x0177	0x2982      	GOTO       L__FloatToStr146
0x0178	0x0853      	MOVF       FloatToStr_un_L0+2, 0
0x0179	0x3A00      	XORLW      0
0x017A	0x1D03      	BTFSS      STATUS, 2
0x017B	0x2982      	GOTO       L__FloatToStr146
0x017C	0x0852      	MOVF       FloatToStr_un_L0+1, 0
0x017D	0x3A00      	XORLW      0
0x017E	0x1D03      	BTFSS      STATUS, 2
0x017F	0x2982      	GOTO       L__FloatToStr146
0x0180	0x0851      	MOVF       FloatToStr_un_L0, 0
0x0181	0x3A00      	XORLW      0
L__FloatToStr146:
0x0182	0x1D03      	BTFSS      STATUS, 2
0x0183	0x298C      	GOTO       L_FloatToStr79
;__Lib_Conversions.c,495 :: 		
0x0184	0x084E      	MOVF       FARG_FloatToStr_str, 0
0x0185	0x00D7      	MOVWF      FARG_strcpy_to
0x0186	0x3027      	MOVLW      ?lstr3___Lib_Conversions
0x0187	0x00D8      	MOVWF      FARG_strcpy_from
0x0188	0x2029      	CALL       _strcpy
;__Lib_Conversions.c,496 :: 		
0x0189	0x084F      	MOVF       FloatToStr_i_L0, 0
0x018A	0x00F0      	MOVWF      R0
0x018B	0x2B22      	GOTO       L_end_FloatToStr
;__Lib_Conversions.c,497 :: 		
L_FloatToStr79:
;__Lib_Conversions.c,505 :: 		
L_FloatToStr80:
0x018C	0x3000      	MOVLW      0
0x018D	0x00F4      	MOVWF      R4
0x018E	0x3000      	MOVLW      0
0x018F	0x00F5      	MOVWF      R4+1
0x0190	0x3000      	MOVLW      0
0x0191	0x00F6      	MOVWF      R4+2
0x0192	0x307F      	MOVLW      127
0x0193	0x00F7      	MOVWF      R4+3
0x0194	0x0851      	MOVF       FloatToStr_un_L0, 0
0x0195	0x00F0      	MOVWF      R0
0x0196	0x0852      	MOVF       FloatToStr_un_L0+1, 0
0x0197	0x00F1      	MOVWF      R0+1
0x0198	0x0853      	MOVF       FloatToStr_un_L0+2, 0
0x0199	0x00F2      	MOVWF      R0+2
0x019A	0x0854      	MOVF       FloatToStr_un_L0+3, 0
0x019B	0x00F3      	MOVWF      R0+3
0x019C	0x2055      	CALL       _Compare_Double
0x019D	0x3001      	MOVLW      1
0x019E	0x1803      	BTFSC      STATUS, 0
0x019F	0x3000      	MOVLW      0
0x01A0	0x00F0      	MOVWF      R0
0x01A1	0x0870      	MOVF       R0, 0
0x01A2	0x1903      	BTFSC      STATUS, 2
0x01A3	0x29BF      	GOTO       L_FloatToStr81
;__Lib_Conversions.c,506 :: 		
0x01A4	0x0851      	MOVF       FloatToStr_un_L0, 0
0x01A5	0x00F0      	MOVWF      R0
0x01A6	0x0852      	MOVF       FloatToStr_un_L0+1, 0
0x01A7	0x00F1      	MOVWF      R0+1
0x01A8	0x0853      	MOVF       FloatToStr_un_L0+2, 0
0x01A9	0x00F2      	MOVWF      R0+2
0x01AA	0x0854      	MOVF       FloatToStr_un_L0+3, 0
0x01AB	0x00F3      	MOVWF      R0+3
0x01AC	0x3000      	MOVLW      0
0x01AD	0x00F4      	MOVWF      R4
0x01AE	0x3000      	MOVLW      0
0x01AF	0x00F5      	MOVWF      R4+1
0x01B0	0x3020      	MOVLW      32
0x01B1	0x00F6      	MOVWF      R4+2
0x01B2	0x3082      	MOVLW      130
0x01B3	0x00F7      	MOVWF      R4+3
0x01B4	0x20A5      	CALL       _Mul_32x32_FP
0x01B5	0x0870      	MOVF       R0, 0
0x01B6	0x00D1      	MOVWF      FloatToStr_un_L0
0x01B7	0x0871      	MOVF       R0+1, 0
0x01B8	0x00D2      	MOVWF      FloatToStr_un_L0+1
0x01B9	0x0872      	MOVF       R0+2, 0
0x01BA	0x00D3      	MOVWF      FloatToStr_un_L0+2
0x01BB	0x0873      	MOVF       R0+3, 0
0x01BC	0x00D4      	MOVWF      FloatToStr_un_L0+3
;__Lib_Conversions.c,507 :: 		
0x01BD	0x03D6      	DECF       FloatToStr_dexpon_L0, 1
;__Lib_Conversions.c,508 :: 		
0x01BE	0x298C      	GOTO       L_FloatToStr80
L_FloatToStr81:
;__Lib_Conversions.c,513 :: 		
L_FloatToStr82:
0x01BF	0x3000      	MOVLW      0
0x01C0	0x00F4      	MOVWF      R4
0x01C1	0x3000      	MOVLW      0
0x01C2	0x00F5      	MOVWF      R4+1
0x01C3	0x3020      	MOVLW      32
0x01C4	0x00F6      	MOVWF      R4+2
0x01C5	0x3082      	MOVLW      130
0x01C6	0x00F7      	MOVWF      R4+3
0x01C7	0x0851      	MOVF       FloatToStr_un_L0, 0
0x01C8	0x00F0      	MOVWF      R0
0x01C9	0x0852      	MOVF       FloatToStr_un_L0+1, 0
0x01CA	0x00F1      	MOVWF      R0+1
0x01CB	0x0853      	MOVF       FloatToStr_un_L0+2, 0
0x01CC	0x00F2      	MOVWF      R0+2
0x01CD	0x0854      	MOVF       FloatToStr_un_L0+3, 0
0x01CE	0x00F3      	MOVWF      R0+3
0x01CF	0x2055      	CALL       _Compare_Double
0x01D0	0x3001      	MOVLW      1
0x01D1	0x1C03      	BTFSS      STATUS, 0
0x01D2	0x3000      	MOVLW      0
0x01D3	0x00F0      	MOVWF      R0
0x01D4	0x0870      	MOVF       R0, 0
0x01D5	0x1903      	BTFSC      STATUS, 2
0x01D6	0x29F2      	GOTO       L_FloatToStr83
;__Lib_Conversions.c,514 :: 		
0x01D7	0x0851      	MOVF       FloatToStr_un_L0, 0
0x01D8	0x00F0      	MOVWF      R0
0x01D9	0x0852      	MOVF       FloatToStr_un_L0+1, 0
0x01DA	0x00F1      	MOVWF      R0+1
0x01DB	0x0853      	MOVF       FloatToStr_un_L0+2, 0
0x01DC	0x00F2      	MOVWF      R0+2
0x01DD	0x0854      	MOVF       FloatToStr_un_L0+3, 0
0x01DE	0x00F3      	MOVWF      R0+3
0x01DF	0x30CD      	MOVLW      205
0x01E0	0x00F4      	MOVWF      R4
0x01E1	0x30CC      	MOVLW      204
0x01E2	0x00F5      	MOVWF      R4+1
0x01E3	0x304C      	MOVLW      76
0x01E4	0x00F6      	MOVWF      R4+2
0x01E5	0x307B      	MOVLW      123
0x01E6	0x00F7      	MOVWF      R4+3
0x01E7	0x20A5      	CALL       _Mul_32x32_FP
0x01E8	0x0870      	MOVF       R0, 0
0x01E9	0x00D1      	MOVWF      FloatToStr_un_L0
0x01EA	0x0871      	MOVF       R0+1, 0
0x01EB	0x00D2      	MOVWF      FloatToStr_un_L0+1
0x01EC	0x0872      	MOVF       R0+2, 0
0x01ED	0x00D3      	MOVWF      FloatToStr_un_L0+2
0x01EE	0x0873      	MOVF       R0+3, 0
0x01EF	0x00D4      	MOVWF      FloatToStr_un_L0+3
;__Lib_Conversions.c,515 :: 		
0x01F0	0x0AD6      	INCF       FloatToStr_dexpon_L0, 1
;__Lib_Conversions.c,516 :: 		
0x01F1	0x29BF      	GOTO       L_FloatToStr82
L_FloatToStr83:
;__Lib_Conversions.c,525 :: 		
0x01F2	0x30FF      	MOVLW      255
0x01F3	0x0551      	ANDWF      FloatToStr_un_L0, 0
0x01F4	0x00F8      	MOVWF      R8
0x01F5	0x30FF      	MOVLW      255
0x01F6	0x0552      	ANDWF      FloatToStr_un_L0+1, 0
0x01F7	0x00F9      	MOVWF      R8+1
0x01F8	0x307F      	MOVLW      127
0x01F9	0x0553      	ANDWF      FloatToStr_un_L0+2, 0
0x01FA	0x00FA      	MOVWF      R8+2
0x01FB	0x3000      	MOVLW      0
0x01FC	0x0554      	ANDWF      FloatToStr_un_L0+3, 0
0x01FD	0x00FB      	MOVWF      R8+3
;__Lib_Conversions.c,526 :: 		
0x01FE	0x0878      	MOVF       R8, 0
0x01FF	0x00F4      	MOVWF      R4
0x0200	0x0879      	MOVF       R8+1, 0
0x0201	0x00F5      	MOVWF      R4+1
0x0202	0x087A      	MOVF       R8+2, 0
0x0203	0x00F6      	MOVWF      R4+2
0x0204	0x087B      	MOVF       R8+3, 0
0x0205	0x00F7      	MOVWF      R4+3
0x0206	0x0DF4      	RLF        R4, 1
0x0207	0x0DF5      	RLF        R4+1, 1
0x0208	0x0DF6      	RLF        R4+2, 1
0x0209	0x0DF7      	RLF        R4+3, 1
0x020A	0x1074      	BCF        R4, 0
;__Lib_Conversions.c,527 :: 		
0x020B	0x3000      	MOVLW      0
0x020C	0x0551      	ANDWF      FloatToStr_un_L0, 0
0x020D	0x00F0      	MOVWF      R0
0x020E	0x3000      	MOVLW      0
0x020F	0x0552      	ANDWF      FloatToStr_un_L0+1, 0
0x0210	0x00F1      	MOVWF      R0+1
0x0211	0x3000      	MOVLW      0
0x0212	0x0553      	ANDWF      FloatToStr_un_L0+2, 0
0x0213	0x00F2      	MOVWF      R0+2
0x0214	0x30FF      	MOVLW      255
0x0215	0x0554      	ANDWF      FloatToStr_un_L0+3, 0
0x0216	0x00F3      	MOVWF      R0+3
0x0217	0x0870      	MOVF       R0, 0
0x0218	0x00D1      	MOVWF      FloatToStr_un_L0
0x0219	0x0871      	MOVF       R0+1, 0
0x021A	0x00D2      	MOVWF      FloatToStr_un_L0+1
0x021B	0x0872      	MOVF       R0+2, 0
0x021C	0x00D3      	MOVWF      FloatToStr_un_L0+2
0x021D	0x0873      	MOVF       R0+3, 0
0x021E	0x00D4      	MOVWF      FloatToStr_un_L0+3
;__Lib_Conversions.c,528 :: 		
0x021F	0x0874      	MOVF       R4, 0
0x0220	0x0451      	IORWF      FloatToStr_un_L0, 0
0x0221	0x00F0      	MOVWF      R0
0x0222	0x0875      	MOVF       R4+1, 0
0x0223	0x0452      	IORWF      FloatToStr_un_L0+1, 0
0x0224	0x00F1      	MOVWF      R0+1
0x0225	0x0876      	MOVF       R4+2, 0
0x0226	0x0453      	IORWF      FloatToStr_un_L0+2, 0
0x0227	0x00F2      	MOVWF      R0+2
0x0228	0x0877      	MOVF       R4+3, 0
0x0229	0x0454      	IORWF      FloatToStr_un_L0+3, 0
0x022A	0x00F3      	MOVWF      R0+3
0x022B	0x0870      	MOVF       R0, 0
0x022C	0x00D1      	MOVWF      FloatToStr_un_L0
0x022D	0x0871      	MOVF       R0+1, 0
0x022E	0x00D2      	MOVWF      FloatToStr_un_L0+1
0x022F	0x0872      	MOVF       R0+2, 0
0x0230	0x00D3      	MOVWF      FloatToStr_un_L0+2
0x0231	0x0873      	MOVF       R0+3, 0
0x0232	0x00D4      	MOVWF      FloatToStr_un_L0+3
;__Lib_Conversions.c,530 :: 		
0x0233	0x307F      	MOVLW      127
0x0234	0x0254      	SUBWF      FloatToStr_un_L0+3, 0
0x0235	0x00F0      	MOVWF      R0
0x0236	0x0870      	MOVF       R0, 0
0x0237	0x00D0      	MOVWF      FloatToStr_d_L0
;__Lib_Conversions.c,533 :: 		
0x0238	0x3001      	MOVLW      1
0x0239	0x00D4      	MOVWF      FloatToStr_un_L0+3
;__Lib_Conversions.c,534 :: 		
0x023A	0x0870      	MOVF       R0, 0
0x023B	0x00F4      	MOVWF      R4
0x023C	0x0851      	MOVF       FloatToStr_un_L0, 0
0x023D	0x00F0      	MOVWF      R0
0x023E	0x0852      	MOVF       FloatToStr_un_L0+1, 0
0x023F	0x00F1      	MOVWF      R0+1
0x0240	0x0853      	MOVF       FloatToStr_un_L0+2, 0
0x0241	0x00F2      	MOVWF      R0+2
0x0242	0x0854      	MOVF       FloatToStr_un_L0+3, 0
0x0243	0x00F3      	MOVWF      R0+3
0x0244	0x0874      	MOVF       R4, 0
L__FloatToStr147:
0x0245	0x1903      	BTFSC      STATUS, 2
0x0246	0x2A4E      	GOTO       L__FloatToStr148
0x0247	0x0DF0      	RLF        R0, 1
0x0248	0x0DF1      	RLF        R0+1, 1
0x0249	0x0DF2      	RLF        R0+2, 1
0x024A	0x0DF3      	RLF        R0+3, 1
0x024B	0x1070      	BCF        R0, 0
0x024C	0x3EFF      	ADDLW      255
0x024D	0x2A45      	GOTO       L__FloatToStr147
L__FloatToStr148:
0x024E	0x0870      	MOVF       R0, 0
0x024F	0x00D1      	MOVWF      FloatToStr_un_L0
0x0250	0x0871      	MOVF       R0+1, 0
0x0251	0x00D2      	MOVWF      FloatToStr_un_L0+1
0x0252	0x0872      	MOVF       R0+2, 0
0x0253	0x00D3      	MOVWF      FloatToStr_un_L0+2
0x0254	0x0873      	MOVF       R0+3, 0
0x0255	0x00D4      	MOVWF      FloatToStr_un_L0+3
;__Lib_Conversions.c,535 :: 		
0x0256	0x0854      	MOVF       FloatToStr_un_L0+3, 0
0x0257	0x3E30      	ADDLW      48
0x0258	0x00F0      	MOVWF      R0
0x0259	0x084E      	MOVF       FARG_FloatToStr_str, 0
0x025A	0x0084      	MOVWF      FSR
0x025B	0x0870      	MOVF       R0, 0
0x025C	0x0080      	MOVWF      INDF
0x025D	0x0ACE      	INCF       FARG_FloatToStr_str, 1
;__Lib_Conversions.c,536 :: 		
0x025E	0x3080      	MOVLW      128
0x025F	0x0656      	XORWF      FloatToStr_dexpon_L0, 0
0x0260	0x00F0      	MOVWF      R0
0x0261	0x3080      	MOVLW      128
0x0262	0x3A01      	XORLW      1
0x0263	0x0270      	SUBWF      R0, 0
0x0264	0x1C03      	BTFSS      STATUS, 0
0x0265	0x2A6F      	GOTO       L__FloatToStr100
0x0266	0x3080      	MOVLW      128
0x0267	0x3A06      	XORLW      6
0x0268	0x00F0      	MOVWF      R0
0x0269	0x3080      	MOVLW      128
0x026A	0x0656      	XORWF      FloatToStr_dexpon_L0, 0
0x026B	0x0270      	SUBWF      R0, 0
0x026C	0x1C03      	BTFSS      STATUS, 0
0x026D	0x2A6F      	GOTO       L__FloatToStr100
0x026E	0x2A76      	GOTO       L_FloatToStr86
L__FloatToStr100:
;__Lib_Conversions.c,537 :: 		
0x026F	0x084E      	MOVF       FARG_FloatToStr_str, 0
0x0270	0x0084      	MOVWF      FSR
0x0271	0x302E      	MOVLW      46
0x0272	0x0080      	MOVWF      INDF
0x0273	0x0ACE      	INCF       FARG_FloatToStr_str, 1
;__Lib_Conversions.c,538 :: 		
0x0274	0x3001      	MOVLW      1
0x0275	0x00D5      	MOVWF      FloatToStr_bpoint_L0
;__Lib_Conversions.c,539 :: 		
L_FloatToStr86:
;__Lib_Conversions.c,540 :: 		
0x0276	0x3006      	MOVLW      6
0x0277	0x00D0      	MOVWF      FloatToStr_d_L0
L_FloatToStr87:
0x0278	0x0850      	MOVF       FloatToStr_d_L0, 0
0x0279	0x3A00      	XORLW      0
0x027A	0x1903      	BTFSC      STATUS, 2
0x027B	0x2AD4      	GOTO       L_FloatToStr88
;__Lib_Conversions.c,541 :: 		
0x027C	0x01D4      	CLRF       FloatToStr_un_L0+3
;__Lib_Conversions.c,542 :: 		
0x027D	0x0851      	MOVF       FloatToStr_un_L0, 0
0x027E	0x00F0      	MOVWF      R0
0x027F	0x0852      	MOVF       FloatToStr_un_L0+1, 0
0x0280	0x00F1      	MOVWF      R0+1
0x0281	0x0853      	MOVF       FloatToStr_un_L0+2, 0
0x0282	0x00F2      	MOVWF      R0+2
0x0283	0x0854      	MOVF       FloatToStr_un_L0+3, 0
0x0284	0x00F3      	MOVWF      R0+3
0x0285	0x0DF0      	RLF        R0, 1
0x0286	0x0DF1      	RLF        R0+1, 1
0x0287	0x0DF2      	RLF        R0+2, 1
0x0288	0x0DF3      	RLF        R0+3, 1
0x0289	0x1070      	BCF        R0, 0
0x028A	0x0DF0      	RLF        R0, 1
0x028B	0x0DF1      	RLF        R0+1, 1
0x028C	0x0DF2      	RLF        R0+2, 1
0x028D	0x0DF3      	RLF        R0+3, 1
0x028E	0x1070      	BCF        R0, 0
0x028F	0x0851      	MOVF       FloatToStr_un_L0, 0
0x0290	0x07F0      	ADDWF      R0, 1
0x0291	0x0852      	MOVF       FloatToStr_un_L0+1, 0
0x0292	0x1803      	BTFSC      STATUS, 0
0x0293	0x0F52      	INCFSZ     FloatToStr_un_L0+1, 0
0x0294	0x07F1      	ADDWF      R0+1, 1
0x0295	0x0853      	MOVF       FloatToStr_un_L0+2, 0
0x0296	0x1803      	BTFSC      STATUS, 0
0x0297	0x0F53      	INCFSZ     FloatToStr_un_L0+2, 0
0x0298	0x07F2      	ADDWF      R0+2, 1
0x0299	0x0854      	MOVF       FloatToStr_un_L0+3, 0
0x029A	0x1803      	BTFSC      STATUS, 0
0x029B	0x0F54      	INCFSZ     FloatToStr_un_L0+3, 0
0x029C	0x07F3      	ADDWF      R0+3, 1
0x029D	0x0870      	MOVF       R0, 0
0x029E	0x00D1      	MOVWF      FloatToStr_un_L0
0x029F	0x0871      	MOVF       R0+1, 0
0x02A0	0x00D2      	MOVWF      FloatToStr_un_L0+1
0x02A1	0x0872      	MOVF       R0+2, 0
0x02A2	0x00D3      	MOVWF      FloatToStr_un_L0+2
0x02A3	0x0873      	MOVF       R0+3, 0
0x02A4	0x00D4      	MOVWF      FloatToStr_un_L0+3
;__Lib_Conversions.c,543 :: 		
0x02A5	0x0851      	MOVF       FloatToStr_un_L0, 0
0x02A6	0x00F0      	MOVWF      R0
0x02A7	0x0852      	MOVF       FloatToStr_un_L0+1, 0
0x02A8	0x00F1      	MOVWF      R0+1
0x02A9	0x0853      	MOVF       FloatToStr_un_L0+2, 0
0x02AA	0x00F2      	MOVWF      R0+2
0x02AB	0x0854      	MOVF       FloatToStr_un_L0+3, 0
0x02AC	0x00F3      	MOVWF      R0+3
0x02AD	0x0DF0      	RLF        R0, 1
0x02AE	0x0DF1      	RLF        R0+1, 1
0x02AF	0x0DF2      	RLF        R0+2, 1
0x02B0	0x0DF3      	RLF        R0+3, 1
0x02B1	0x1070      	BCF        R0, 0
0x02B2	0x0870      	MOVF       R0, 0
0x02B3	0x00D1      	MOVWF      FloatToStr_un_L0
0x02B4	0x0871      	MOVF       R0+1, 0
0x02B5	0x00D2      	MOVWF      FloatToStr_un_L0+1
0x02B6	0x0872      	MOVF       R0+2, 0
0x02B7	0x00D3      	MOVWF      FloatToStr_un_L0+2
0x02B8	0x0873      	MOVF       R0+3, 0
0x02B9	0x00D4      	MOVWF      FloatToStr_un_L0+3
;__Lib_Conversions.c,544 :: 		
0x02BA	0x0854      	MOVF       FloatToStr_un_L0+3, 0
0x02BB	0x3E30      	ADDLW      48
0x02BC	0x00F0      	MOVWF      R0
0x02BD	0x084E      	MOVF       FARG_FloatToStr_str, 0
0x02BE	0x0084      	MOVWF      FSR
0x02BF	0x0870      	MOVF       R0, 0
0x02C0	0x0080      	MOVWF      INDF
0x02C1	0x0ACE      	INCF       FARG_FloatToStr_str, 1
;__Lib_Conversions.c,545 :: 		
0x02C2	0x0855      	MOVF       FloatToStr_bpoint_L0, 0
0x02C3	0x3A00      	XORLW      0
0x02C4	0x1D03      	BTFSS      STATUS, 2
0x02C5	0x2AD2      	GOTO       L_FloatToStr90
;__Lib_Conversions.c,546 :: 		
0x02C6	0x03D6      	DECF       FloatToStr_dexpon_L0, 1
0x02C7	0x0856      	MOVF       FloatToStr_dexpon_L0, 0
0x02C8	0x3A00      	XORLW      0
0x02C9	0x1D03      	BTFSS      STATUS, 2
0x02CA	0x2AD2      	GOTO       L_FloatToStr91
;__Lib_Conversions.c,547 :: 		
0x02CB	0x084E      	MOVF       FARG_FloatToStr_str, 0
0x02CC	0x0084      	MOVWF      FSR
0x02CD	0x302E      	MOVLW      46
0x02CE	0x0080      	MOVWF      INDF
0x02CF	0x0ACE      	INCF       FARG_FloatToStr_str, 1
;__Lib_Conversions.c,548 :: 		
0x02D0	0x3001      	MOVLW      1
0x02D1	0x00D5      	MOVWF      FloatToStr_bpoint_L0
;__Lib_Conversions.c,549 :: 		
L_FloatToStr91:
L_FloatToStr90:
;__Lib_Conversions.c,540 :: 		
0x02D2	0x03D0      	DECF       FloatToStr_d_L0, 1
;__Lib_Conversions.c,550 :: 		
0x02D3	0x2A78      	GOTO       L_FloatToStr87
L_FloatToStr88:
;__Lib_Conversions.c,551 :: 		
L_FloatToStr92:
0x02D4	0x30FF      	MOVLW      255
0x02D5	0x074E      	ADDWF      FARG_FloatToStr_str, 0
0x02D6	0x0084      	MOVWF      FSR
0x02D7	0x0800      	MOVF       INDF, 0
0x02D8	0x3A30      	XORLW      48
0x02D9	0x1D03      	BTFSS      STATUS, 2
0x02DA	0x2ADD      	GOTO       L_FloatToStr93
;__Lib_Conversions.c,552 :: 		
0x02DB	0x03CE      	DECF       FARG_FloatToStr_str, 1
0x02DC	0x2AD4      	GOTO       L_FloatToStr92
L_FloatToStr93:
;__Lib_Conversions.c,553 :: 		
0x02DD	0x30FF      	MOVLW      255
0x02DE	0x074E      	ADDWF      FARG_FloatToStr_str, 0
0x02DF	0x0084      	MOVWF      FSR
0x02E0	0x0800      	MOVF       INDF, 0
0x02E1	0x3A2E      	XORLW      46
0x02E2	0x1D03      	BTFSS      STATUS, 2
0x02E3	0x2AE5      	GOTO       L_FloatToStr94
;__Lib_Conversions.c,554 :: 		
0x02E4	0x03CE      	DECF       FARG_FloatToStr_str, 1
L_FloatToStr94:
;__Lib_Conversions.c,555 :: 		
0x02E5	0x0856      	MOVF       FloatToStr_dexpon_L0, 0
0x02E6	0x3A00      	XORLW      0
0x02E7	0x1903      	BTFSC      STATUS, 2
0x02E8	0x2B1E      	GOTO       L_FloatToStr95
;__Lib_Conversions.c,556 :: 		
0x02E9	0x084E      	MOVF       FARG_FloatToStr_str, 0
0x02EA	0x0084      	MOVWF      FSR
0x02EB	0x3065      	MOVLW      101
0x02EC	0x0080      	MOVWF      INDF
0x02ED	0x0ACE      	INCF       FARG_FloatToStr_str, 1
;__Lib_Conversions.c,557 :: 		
0x02EE	0x3080      	MOVLW      128
0x02EF	0x0656      	XORWF      FloatToStr_dexpon_L0, 0
0x02F0	0x00F0      	MOVWF      R0
0x02F1	0x3080      	MOVLW      128
0x02F2	0x3A00      	XORLW      0
0x02F3	0x0270      	SUBWF      R0, 0
0x02F4	0x1803      	BTFSC      STATUS, 0
0x02F5	0x2AFE      	GOTO       L_FloatToStr96
;__Lib_Conversions.c,558 :: 		
0x02F6	0x084E      	MOVF       FARG_FloatToStr_str, 0
0x02F7	0x0084      	MOVWF      FSR
0x02F8	0x302D      	MOVLW      45
0x02F9	0x0080      	MOVWF      INDF
0x02FA	0x0ACE      	INCF       FARG_FloatToStr_str, 1
;__Lib_Conversions.c,559 :: 		
0x02FB	0x0856      	MOVF       FloatToStr_dexpon_L0, 0
0x02FC	0x3C00      	SUBLW      0
0x02FD	0x00D6      	MOVWF      FloatToStr_dexpon_L0
;__Lib_Conversions.c,560 :: 		
L_FloatToStr96:
;__Lib_Conversions.c,561 :: 		
0x02FE	0x0856      	MOVF       FloatToStr_dexpon_L0, 0
0x02FF	0x00D0      	MOVWF      FloatToStr_d_L0
;__Lib_Conversions.c,562 :: 		
0x0300	0x0856      	MOVF       FloatToStr_dexpon_L0, 0
0x0301	0x3C09      	SUBLW      9
0x0302	0x1803      	BTFSC      STATUS, 0
0x0303	0x2B10      	GOTO       L_FloatToStr97
;__Lib_Conversions.c,563 :: 		
0x0304	0x300A      	MOVLW      10
0x0305	0x00F4      	MOVWF      R4
0x0306	0x0850      	MOVF       FloatToStr_d_L0, 0
0x0307	0x00F0      	MOVWF      R0
0x0308	0x2044      	CALL       _Div_8X8_U
0x0309	0x3030      	MOVLW      48
0x030A	0x07F0      	ADDWF      R0, 1
0x030B	0x084E      	MOVF       FARG_FloatToStr_str, 0
0x030C	0x0084      	MOVWF      FSR
0x030D	0x0870      	MOVF       R0, 0
0x030E	0x0080      	MOVWF      INDF
0x030F	0x0ACE      	INCF       FARG_FloatToStr_str, 1
L_FloatToStr97:
;__Lib_Conversions.c,564 :: 		
0x0310	0x300A      	MOVLW      10
0x0311	0x00F4      	MOVWF      R4
0x0312	0x0850      	MOVF       FloatToStr_d_L0, 0
0x0313	0x00F0      	MOVWF      R0
0x0314	0x2044      	CALL       _Div_8X8_U
0x0315	0x0878      	MOVF       R8, 0
0x0316	0x00F0      	MOVWF      R0
0x0317	0x3030      	MOVLW      48
0x0318	0x07F0      	ADDWF      R0, 1
0x0319	0x084E      	MOVF       FARG_FloatToStr_str, 0
0x031A	0x0084      	MOVWF      FSR
0x031B	0x0870      	MOVF       R0, 0
0x031C	0x0080      	MOVWF      INDF
0x031D	0x0ACE      	INCF       FARG_FloatToStr_str, 1
;__Lib_Conversions.c,565 :: 		
L_FloatToStr95:
;__Lib_Conversions.c,566 :: 		
0x031E	0x084E      	MOVF       FARG_FloatToStr_str, 0
0x031F	0x0084      	MOVWF      FSR
0x0320	0x0180      	CLRF       INDF
;__Lib_Conversions.c,567 :: 		
0x0321	0x01F0      	CLRF       R0
;__Lib_Conversions.c,568 :: 		
L_end_FloatToStr:
0x0322	0x0008      	RETURN
; end of _FloatToStr
___CC2DW:
;__Lib_System.c,134 :: 		
;__Lib_System.c,137 :: 		
_CC2D_Loop1:
;__Lib_System.c,139 :: 		
0x0323	0x2022      	CALL       _____DoICP
0x0324	0x118A      	BCF        PCLATH, 3
0x0325	0x120A      	BCF        PCLATH, 4
;__Lib_System.c,141 :: 		
0x0326	0x0080      	MOVWF      INDF
;__Lib_System.c,142 :: 		
0x0327	0x0A84      	INCF       FSR, 1
;__Lib_System.c,143 :: 		
0x0328	0x0AB7      	INCF       ___DoICPAddr, 1
;__Lib_System.c,145 :: 		
0x0329	0x1903      	BTFSC      STATUS, 2
;__Lib_System.c,146 :: 		
0x032A	0x0AB8      	INCF       ___DoICPAddr+1, 1
;__Lib_System.c,147 :: 		
0x032B	0x03F0      	DECF       R0, 1
;__Lib_System.c,149 :: 		
0x032C	0x1D03      	BTFSS      STATUS, 2
;__Lib_System.c,150 :: 		
0x032D	0x2B23      	GOTO       _CC2D_Loop1
;__Lib_System.c,152 :: 		
L_end___CC2DW:
0x032E	0x0008      	RETURN
; end of ___CC2DW
_main:
0x032F	0x2374      	CALL       884
;Display_de_7_segmentos.c,19 :: 		void main() {
;Display_de_7_segmentos.c,20 :: 		TRISB=0;
0x0330	0x1683      	BSF        STATUS, 5
0x0331	0x1303      	BCF        STATUS, 6
0x0332	0x0186      	CLRF       TRISB
;Display_de_7_segmentos.c,21 :: 		TRISC=0;
0x0333	0x0187      	CLRF       TRISC
;Display_de_7_segmentos.c,22 :: 		ANSELH=0;
0x0334	0x1703      	BSF        STATUS, 6
0x0335	0x0189      	CLRF       ANSELH
;Display_de_7_segmentos.c,23 :: 		PORTB=0;
0x0336	0x1283      	BCF        STATUS, 5
0x0337	0x1303      	BCF        STATUS, 6
0x0338	0x0186      	CLRF       PORTB
;Display_de_7_segmentos.c,24 :: 		PORTC=0;
0x0339	0x0187      	CLRF       PORTC
;Display_de_7_segmentos.c,25 :: 		while(1){
L_main3:
;Display_de_7_segmentos.c,26 :: 		desplegar();
0x033A	0x2106      	CALL       _desplegar
;Display_de_7_segmentos.c,27 :: 		FloatToStr(ff1, txt);  // txt is "-374.2"
0x033B	0x0833      	MOVF       _ff1, 0
0x033C	0x00CA      	MOVWF      FARG_FloatToStr_fnum
0x033D	0x0834      	MOVF       _ff1+1, 0
0x033E	0x00CB      	MOVWF      FARG_FloatToStr_fnum+1
0x033F	0x0835      	MOVF       _ff1+2, 0
0x0340	0x00CC      	MOVWF      FARG_FloatToStr_fnum+2
0x0341	0x0836      	MOVF       _ff1+3, 0
0x0342	0x00CD      	MOVWF      FARG_FloatToStr_fnum+3
0x0343	0x303A      	MOVLW      _txt
0x0344	0x00CE      	MOVWF      FARG_FloatToStr_str
0x0345	0x2129      	CALL       _FloatToStr
;Display_de_7_segmentos.c,28 :: 		}
0x0346	0x2B3A      	GOTO       L_main3
;Display_de_7_segmentos.c,29 :: 		}
L_end_main:
0x0347	0x2B47      	GOTO       $+0
; end of _main
0x0374	0x3021      	MOVLW      33
0x0375	0x0084      	MOVWF      FSR
0x0376	0x3016      	MOVLW      22
0x0377	0x1283      	BCF        STATUS, 5
0x0378	0x1303      	BCF        STATUS, 6
0x0379	0x00F0      	MOVWF      R0
0x037A	0x304D      	MOVLW      77
0x037B	0x00B7      	MOVWF      ___DoICPAddr
0x037C	0x3003      	MOVLW      3
0x037D	0x00B8      	MOVWF      56
0x037E	0x2323      	CALL       803
0x037F	0x0008      	RETURN
;__Lib_Conversions.c,0 :: ?ICS?lstr1___Lib_Conversions
0x034D	0x344E ;?ICS?lstr1___Lib_Conversions+0
0x034E	0x3461 ;?ICS?lstr1___Lib_Conversions+1
0x034F	0x344E ;?ICS?lstr1___Lib_Conversions+2
0x0350	0x3400 ;?ICS?lstr1___Lib_Conversions+3
; end of ?ICS?lstr1___Lib_Conversions
;__Lib_Conversions.c,0 :: ?ICS?lstr2___Lib_Conversions
0x0351	0x3430 ;?ICS?lstr2___Lib_Conversions+0
0x0352	0x3400 ;?ICS?lstr2___Lib_Conversions+1
; end of ?ICS?lstr2___Lib_Conversions
;__Lib_Conversions.c,0 :: ?ICS?lstr3___Lib_Conversions
0x0353	0x3449 ;?ICS?lstr3___Lib_Conversions+0
0x0354	0x344E ;?ICS?lstr3___Lib_Conversions+1
0x0355	0x3446 ;?ICS?lstr3___Lib_Conversions+2
0x0356	0x3400 ;?ICS?lstr3___Lib_Conversions+3
; end of ?ICS?lstr3___Lib_Conversions
;Display_de_7_segmentos.c,0 :: ?ICS_display
0x0357	0x3401 ;?ICS_display+0
0x0358	0x3402 ;?ICS_display+1
0x0359	0x340A ;?ICS_display+2
0x035A	0x3407 ;?ICS_display+3
0x035B	0x3400 ;?ICS_display+4
0x035C	0x3400 ;?ICS_display+5
0x035D	0x3400 ;?ICS_display+6
0x035E	0x3400 ;?ICS_display+7
; end of ?ICS_display
;Display_de_7_segmentos.c,0 :: ?ICS_ff1
0x035F	0x3400 ;?ICS_ff1+0
0x0360	0x34E0 ;?ICS_ff1+1
0x0361	0x34E9 ;?ICS_ff1+2
0x0362	0x348A ;?ICS_ff1+3
; end of ?ICS_ff1
;Display_de_7_segmentos.c,3 :: _TablaCA
0x0363	0x34C0 ;_TablaCA+0
0x0364	0x34F9 ;_TablaCA+1
0x0365	0x34A4 ;_TablaCA+2
0x0366	0x34B0 ;_TablaCA+3
0x0367	0x3499 ;_TablaCA+4
0x0368	0x3492 ;_TablaCA+5
0x0369	0x3482 ;_TablaCA+6
0x036A	0x34F8 ;_TablaCA+7
0x036B	0x3480 ;_TablaCA+8
0x036C	0x3490 ;_TablaCA+9
0x036D	0x3488 ;_TablaCA+10
0x036E	0x3483 ;_TablaCA+11
0x036F	0x34C6 ;_TablaCA+12
0x0370	0x34A1 ;_TablaCA+13
0x0371	0x3486 ;_TablaCA+14
0x0372	0x348E ;_TablaCA+15
; end of _TablaCA
Symbol List:
//** Routines locations **
//ADDRESS    SIZE    PROCEDURE
//----------------------------------------------
0x0003      [12]    _SETFUN32
0x000F       [7]    _RES032
0x0016      [12]    _SETFOV32
0x0022       [7]    _____DoICP
0x0029      [27]    _strcpy
0x0044      [17]    _Div_8X8_U
0x0055      [80]    _Compare_Double
0x00A5      [97]    _Mul_32x32_FP
0x0106      [35]    _desplegar
0x0129     [506]    _FloatToStr
0x0323      [12]    ___CC2DW
0x032F      [24]    _main
//** Variables locations ** 
//ADDRESS    SIZE    VARIABLE
//----------------------------------------------
0x0000       [1]    INDF
0x0002       [1]    PCL
0x0003       [1]    STATUS
0x0004       [1]    FSR
0x0006       [1]    PORTB
0x0007       [1]    PORTC
0x000A       [1]    PCLATH
0x0020       [1]    __math_tempbD
0x0021       [4]    ?lstr1___Lib_Conversions
0x0025       [2]    ?lstr2___Lib_Conversions
0x0027       [4]    ?lstr3___Lib_Conversions
0x002B       [8]    _display
0x0033       [4]    _ff1
0x0037       [2]    ___DoICPAddr
0x0039       [1]    _barrido
0x003A      [15]    _txt
0x0049       [1]    _i
0x004A       [4]    FARG_FloatToStr_fnum
0x004E       [1]    FARG_FloatToStr_str
0x004F       [1]    FloatToStr_i_L0
0x0050       [1]    FloatToStr_d_L0
0x0051       [4]    FloatToStr_un_L0
0x0055       [1]    FloatToStr_bpoint_L0
0x0056       [1]    FloatToStr_dexpon_L0
0x0057       [1]    FARG_strcpy_to
0x0058       [1]    FARG_strcpy_from
0x0070       [1]    R0
0x0071       [1]    R1
0x0072       [1]    R2
0x0073       [1]    R3
0x0074       [1]    R4
0x0075       [1]    R5
0x0076       [1]    R6
0x0077       [1]    R7
0x0078       [1]    R8
0x0079       [1]    R9
0x007A       [1]    R10
0x007B       [1]    R11
0x007C       [1]    R12
0x007D       [1]    R13
0x007E       [1]    R14
0x007F       [1]    R15
0x0086       [1]    TRISB
0x0087       [1]    TRISC
0x0189       [1]    ANSELH
//** Constants locations ** 
//ADDRESS    SIZE    CONSTANT
//----------------------------------------------
0x034D       [4]    ?ICS?lstr1___Lib_Conversions
0x0351       [2]    ?ICS?lstr2___Lib_Conversions
0x0353       [4]    ?ICS?lstr3___Lib_Conversions
0x0357       [8]    ?ICS_display
0x035F       [4]    ?ICS_ff1
0x0363      [16]    _TablaCA
//** Label List: ** 
//----------------------------------------------
  L_desplegar0
  L_desplegar1
  L_desplegar2
  L_main3
  L_main4
  L_end_desplegar
  _desplegar
  L_end_main
  _main
  L_ByteToStr0
  L_ByteToStr1
  L_ByteToStr2
  L_ByteToStr3
  L_ByteToStr4
  L_ByteToStr5
  L_WordToStr6
  L_WordToStr7
  L_WordToStr8
  L_WordToStr9
  L_WordToStr10
  L_WordToStr11
  L_WordToStrWithZeros12
  L_WordToStrWithZeros13
  L_WordToStrWithZeros14
  L_WordToStrWithZeros15
  L_WordToStrWithZeros16
  L_ShortToStr17
  L_ShortToStr18
  L_ShortToStr19
  L_ShortToStr20
  L_ShortToStr21
  L_ShortToStr22
  L_IntToStr23
  L_IntToStr24
  L_IntToStr25
  L_IntToStr26
  L_IntToStr27
  L_IntToStr28
  L_IntToStrWithZeros29
  L_IntToStrWithZeros30
  L_IntToStrWithZeros31
  L_IntToStrWithZeros32
  L_IntToStrWithZeros33
  L_IntToStrWithZeros34
  L_IntToStrWithZeros35
  L_IntToStrWithZeros36
  L_IntToStrWithZeros37
  L_LongWordToStr38
  L_LongWordToStr39
  L_LongWordToStr40
  L_LongWordToStr41
  L_LongWordToStr42
  L_LongWordToStr43
  L_LongWordToStrWithZeros44
  L_LongWordToStrWithZeros45
  L_LongWordToStrWithZeros46
  L_LongWordToStrWithZeros47
  L_LongWordToStrWithZeros48
  L_LongToStr49
  L_LongToStr50
  L_LongToStr51
  L_LongToStr52
  L_LongToStr53
  L_LongToStr54
  L_LongIntToStrWithZeros55
  L_LongIntToStrWithZeros56
  L_LongIntToStrWithZeros57
  L_LongIntToStrWithZeros58
  L_LongIntToStrWithZeros59
  L_LongIntToStrWithZeros60
  L_LongIntToStrWithZeros61
  L_LongIntToStrWithZeros62
  L_LongIntToStrWithZeros63
  L_Dec2Bcd64
  L_Dec2Bcd65
  L_Rtrim66
  L_Rtrim67
  L_Rtrim68
  L_Rtrim69
  L_Ltrim70
  L_Ltrim71
  L_Ltrim72
  L_Ltrim73
  L_Ltrim74
  L_Ltrim75
  L_FloatToStr76
  L_FloatToStr77
  L_FloatToStr78
  L_FloatToStr79
  L_FloatToStr80
  L_FloatToStr81
  L_FloatToStr82
  L_FloatToStr83
  L_FloatToStr84
  L_FloatToStr85
  L_FloatToStr86
  L_FloatToStr87
  L_FloatToStr88
  L_FloatToStr89
  L_FloatToStr90
  L_FloatToStr91
  L_FloatToStr92
  L_FloatToStr93
  L_FloatToStr94
  L_FloatToStr95
  L_FloatToStr96
  L_FloatToStr97
  L__Rtrim98
  L__Ltrim99
  L__FloatToStr100
  L_end_ByteToHex
  _ByteToHex
  L_end_ShortToHex
  _ShortToHex
  L_end_WordToHex
  _WordToHex
  L_end_IntToHex
  _IntToHex
  L_end_LongWordToHex
  _LongWordToHex
  L_end_LongIntToHex
  _LongIntToHex
  L_end_ByteToStr
  _ByteToStr
  L_end_WordToStr
  _WordToStr
  L__WordToStr109
  L_end_WordToStrWithZeros
  _WordToStrWithZeros
  L__WordToStrWithZeros111
  L_end_ShortToStr
  _ShortToStr
  L__ShortToStr113
  L_end_IntToStr
  _IntToStr
  L__IntToStr115
  L__IntToStr116
  L_end_IntToStrWithZeros
  _IntToStrWithZeros
  L__IntToStrWithZeros118
  L__IntToStrWithZeros119
  L__IntToStrWithZeros120
  L_end_LongWordToStr
  _LongWordToStr
  L__LongWordToStr122
  L__LongWordToStr123
  L_end_LongWordToStrWithZeros
  _LongWordToStrWithZeros
  L__LongWordToStrWithZeros125
  L_end_LongToStr
  _LongToStr
  L__LongToStr127
  L__LongToStr128
  L_end_LongIntToStrWithZeros
  _LongIntToStrWithZeros
  L__LongIntToStrWithZeros130
  L__LongIntToStrWithZeros131
  L__LongIntToStrWithZeros132
  L_end_Dec2Bcd
  _Dec2Bcd
  L_end_Bcd2Dec
  _Bcd2Dec
  L_end_Bcd2Dec16
  _Bcd2Dec16
  L__Bcd2Dec16136
  L__Bcd2Dec16137
  L_end_Dec2Bcd16
  _Dec2Bcd16
  L__Dec2Bcd16139
  L__Dec2Bcd16140
  L_end_Rtrim
  _Rtrim
  L_end_Ltrim
  _Ltrim
  L_end_FloatToStr
  _FloatToStr
  L__FloatToStr144
  L__FloatToStr145
  L__FloatToStr146
  L__FloatToStr147
  L__FloatToStr148
  L_memchr0
  L_memchr1
  L_memchr2
  L_memchr3
  L_memcmp4
  L_memcmp5
  L_memcmp6
  L_memcpy7
  L_memcpy8
  L_memmove9
  L_memmove10
  L_memmove11
  L_memmove12
  L_memmove13
  L_memmove14
  L_memmove15
  L_memmove16
  L_memmove17
  L_memmove18
  L_memmove19
  L_memset20
  L_memset21
  L_strcat22
  L_strcat23
  L_strcat24
  L_strcat25
  L_strchr26
  L_strchr27
  L_strchr28
  L_strchr29
  L_strcmp30
  L_strcmp31
  L_strcmp32
  L_strcmp33
  L_strcpy34
  L_strcpy35
  L_strlen36
  L_strlen37
  L_strncat38
  L_strncat39
  L_strncat40
  L_strncat41
  L_strncat42
  L_strncat43
  L_strncat44
  L_strncpy45
  L_strncpy46
  L_strncpy47
  L_strncpy48
  L_strncpy49
  L_strspn50
  L_strspn51
  L_strspn52
  L_strspn53
  L_strcspn54
  L_strcspn55
  L_strcspn56
  L_strcspn57
  L_strncmp58
  L_strncmp59
  L_strncmp60
  L_strncmp61
  L_strncmp62
  L_strpbrk63
  L_strpbrk64
  L_strpbrk65
  L_strrchr66
  L_strrchr67
  L_strrchr68
  L_strrchr69
  L_strstr70
  L_strstr71
  L_strstr72
  L_strstr73
  L_strstr74
  L_strtok75
  L_strtok76
  L_strtok77
  L_strtok78
  L_strtok79
  L__memmove80
  L__strcmp81
  L__strncat82
  L__strspn83
  L__strcspn84
  L__strncmp85
  L__strstr86
  L_end_memchr
  _memchr
  L_end_memcmp
  _memcmp
  L__memcmp89
  L_end_memcpy
  _memcpy
  L_end_memmove
  _memmove
  L_end_memset
  _memset
  L_end_strcat
  _strcat
  L_end_strchr
  _strchr
  L_end_strcmp
  _strcmp
  L_end_strcpy
  _strcpy
  L_end_strlen
  _strlen
  L_end_strncat
  _strncat
  L__strncat99
  L_end_strncpy
  _strncpy
  L_end_strspn
  _strspn
  L_end_strcspn
  _strcspn
  L_end_strncmp
  _strncmp
  L_end_strpbrk
  _strpbrk
  L_end_strrchr
  _strrchr
  L_end_strstr
  _strstr
  L__strstr107
  L_end_strtok
  _strtok
  L_Div_16x16_S0
  L_Div_16x16_S1
  LOOPS3232A
  SADD22LA
  SOK22LA
  SADD22L8
  SOK22L8
  LOOPS3232B
  SADD22LB
  SOK22LB
  SADD22L16
  SOK22L16
  LOOPS3232C
  SADD22LC
  SOK22LC
  SADD22L24
  SOK22L24
  LOOPS3232D
  SADD22LD
  SOK22LD
  SOK22L
  L_Div_32x32_S6
  L_Div_32x32_S7
  L_Div_32x32_S8
  L_Div_32x32_S9
  FXD3232S
  END_ALL
  CA3232S
  C3232SX
  C3232SX1
  C3232S
  C3232S2
  C3232SX4
  C3232SOK
  C3232SX3
  C3232SX2
  avoid_comfrem
  LOOPU3232A
  UADD22LA
  UOK22LA
  UADD22L8
  UOK22L8
  LOOPU3232B
  UADD22LB
  UOK22LB
  UADD22L16
  UOK22L16
  LOOPU3232C
  UADD22LC
  UOK22LC
  UADD22L24
  UOK22L24
  LOOPU3232D
  UADD22LD
  UOK22LD
  UOK22L
  _NEXT
  _EXIT2
  _LOOP
  _EXIT1
  _IF_FIRST
  _IF_SECOND
  _INVERCE_FIRST
  _MULT
  _INBERSE_SECOND
  _EXIT
  L_end_Mul_8X8_U
  _Mul_8X8_U
  L_end_Mul_16X16_U
  _Mul_16X16_U
  L_end_Div_8X8_U
  _Div_8X8_U
  L_end_Div_16X16_U
  _Div_16X16_U
  L_end_Mul_8X8_S
  _Mul_8X8_S
  L_end_Mul_16X16_S
  _Mul_16X16_S
  L_end_Div_16x16_S_L
  _Div_16x16_S_L
  L_end_Div_16x16_S
  _Div_16x16_S
  L_end_Div_8X8_S
  _Div_8X8_S
  L_end_SDIV3232L
  _SDIV3232L
  L_end_COMFREM
  _COMFREM
  L_end_Div_32x32_S
  _Div_32x32_S
  L_end_Div_32x32_U
  _Div_32x32_U
  L_end_Mul_32x32_U
  _Mul_32x32_U
  L_end_Mul_32x32_S
  _Mul_32x32_S
  SETFOV32EEE
  SETFUN32EEE
  NORM3232
  JPNRES032
  JPNSETFUN32
  NORM3232A
  JMPNFIXSIGN32
  NORM32EEE
  NRMRND4032
  NRM4032
  JMPSETFOV32
  NORM4032
  JMPRES032
  JMPSETFUN32
  NORM4032A
  JMPFIXSIGN32
  NRM4032EEE
  USEA32
  JMPEEE
  ALIGNED32
  ALIGNB32
  ALOOPB32
  AOK32
  ACOMP32
  JMPNRMRND4032
  ADD_JMPSETFOV32
  JMPNRM4032
  JMPNRM32
  ADD32EEE
  FPM32
  JPMRES032
  M32BNE0
  MTUN32
  JPMSETFOV32
  MOK32
  JPMSETFUN32
  MLOOP32
  MNOADD32
  MADD32
  MROUND32
  MUL32OK
  MUL32EEE
  L_Div_32x32_FP7
  L_Div_32x32_FP8
  L_Div_32x32_FP9
  L_Div_32x32_FP10
  FPD32
  JPDSETFDZ32
  JPDRES032
  D32BNE0
  TALIGN32
  TS1ALIGN32
  TS2ALIGN32
  DALIGN32OK
  ALTB32
  AGEB32
  JPDSETFOV32
  DARGOK32
  JPDSETFUN32
  DLOOP32
  DS132
  DS232
  DREST32
  DOK32
  DAREST32
  DROUND32
  DIV32OK
  DIV32EEE
  SETIOV3224EEE
  INT3232U
  INT3232UEOK
  SETEXP32U
  SETIOV32U
  TSHIFT3232U
  SHIFT3232UOK
  SHIFT3232U
  INT3232UOK
  JPLSETIOV3224
  IRES032U
  INT3232UEER
  INT3232UEEE
  L_Double2Longword_0
  INT3232
  INT3232EOK
  SETIOV32
  TSHIFT3232
  SHIFT3232OK
  SHIFT3232
  INT3232OK
  JPISETIOV3224
  IRES032
  INT3232EER
  INT3232EEE
  L_Double2Longint_0
  INT3216
  IRES016
  SETIOV16
  TSHIFT3216
  SHIFT3216OK
  SHIFT3216
  INT3216OK
  JPJSETIOV3224
  INT3216EOK
  INT3216EER
  INT3216EEE
  L_Double2Int_0
  INT3216U
  IRES016U
  SETEXP16U
  SETIOV16U
  TSHIFT3216U
  SHIFT3216UOK
  SHIFT3216U
  INT3216UOK
  JPKSETIOV3224
  INT3216UEOK
  INT3216UEER
  INT3216UEEE
  L_Double2Word_0
  INT32U08
  IRES008
  SETEXP08
  SETIOV08
  TSHIFT3208
  SHIFT3208OK
  SHIFT3208
  INT3208OK
  D2B_JPKSETIOV3224
  INT3208EOK
  INT3208EER
  INT3208EEE
  L_Double2Byte_0
  FLO08U32
  FLO1632
  FLO1632EEE
  FLO16U32
  FLO3232
  FLO3232EEE
  FLO32U32
  EQU_FALSE
  COMPARE_EQU
  COMPARE_NOTZERO
  COMPARE_XNOTZERO
  COMPARE_YNOTZERO
  COMPARE_LT
  COMPARE_GT
  COMPARE_TESTALL
  COMPARE_C1
  GT_FALSE
  GT_TRUE
  COMPARE_C2
  COMPARE_C3
  L_end_SETFOV32
  _SETFOV32
  L_end_SETFDZ32
  _SETFDZ32
  L_end_FIXSIGN32
  _FIXSIGN32
  L_end_RES032
  _RES032
  L_end_SETFUN32
  _SETFUN32
  L_end_NRM3232
  _NRM3232
  L_end_NRM4032
  _NRM4032
  L_end_Add_32x32_FP
  _Add_32x32_FP
  L_end_Sub_32x32_FP
  _Sub_32x32_FP
  L_end_Mul_32x32_FP
  _Mul_32x32_FP
  L_end_Div_32x32_FP
  _Div_32x32_FP
  L_end_SETIOV3224
  _SETIOV3224
  L_end_double2longword
  _double2longword
  L_end_double2longint
  _double2longint
  L_end_double2int
  _double2int
  L_end_double2word
  _double2word
  L_end_double2byte
  _double2byte
  L_end_byte2double
  _byte2double
  L_end_int2double
  _int2double
  L_end_word2double
  _word2double
  L_end_longint2double
  _longint2double
  L_end_longword2double
  _longword2double
  L_end_Equals_Double
  _Equals_Double
  L_end_Compare_Double
  _Compare_Double
  L_loopCA2AWs
  L_CA2AWend
  _CCA2AW_Loop1
  L_loopCS2Ss
  L_CS2Send
  _CCS2S_Loop1
  L_CCS2Send
  L_loopFZinSWs
  L_FZinSend
  _CC2D_Loop1
  L_end_____DoICP
  _____DoICP
  L_end_____DoIFC
  _____DoIFC
  L_end___CA2AW
  ___CA2AW
  L_end___CCA2AW
  ___CCA2AW
  L_end___CS2S
  ___CS2S
  L_end___CCS2S
  ___CCS2S
  L_end___FZinS
  ___FZinS
  L_end___CC2DW
  ___CC2DW
  L_end_Swap
  _Swap
