MPASM  5.51                    PROGRAMA04.ASM   3-29-2016  8:28:34         PAGE  1


LOC  OBJECT CODE     LINE SOURCE TEXT
  VALUE

                      00001 ;;;;;;;;;;;;;;;;;;;;;;;;;;;;;;;;;;;;;;;;;;;;;;;;;;;;;;;;;;;;;;;;;;;;;;;;;;;;;;;;;;;;;;;;;;;;;;;;;;;;;
                      00002 ;;;;;;;;;;;;;;;;;;;;;;;;;;;;;;;;;;;;;;;;;;;;;;;;;;;;;;;;;;;;;;;;;;;;;;;;;;;;;;;;;;;;;;;;;;;;;;;;;;;;;
                      00003 ;NOMBRE:
                      00004 ;DESCRIPCION DEL PROGRAMA:
                      00005 ;
                      00006 ;
                      00007 ;
                      00008 ;
                      00009 ;
                      00010 ;;;;;;;;;;;;;;;;;;;;;;;;;;;;;;;;;;;;;;;;;;;;;;;;;;;;;;;;;;;;;;;;;;;;;;;;;;;;;;;;;;;;;;;;;;;;;;;;;;;;;
                      00011 ;;;;;;;;;;;;;;;;;;;;;;;;;;;;;;;;;;;;;;;;;;;;;;;;;;;;;;;;;;;;;;;;;;;;;;;;;;;;;;;;;;;;;;;;;;;;;;;;;;;;;
                      00012                                 INCLUDE <p16f887.inc>
                      00001         LIST
                      00002 
                      00003 ;==========================================================================
                      00004 ;  MPASM PIC16F887 processor include
                      00005 ; 
                      00006 ;  (c) Copyright 1999-2013 Microchip Technology, All rights reserved
                      00007 ;==========================================================================
                      00008 
                      00809         LIST
                      00013 
Warning[205]: Found directive in column 1. (__CONFIG)
2007   3FF4           00014 __CONFIG    _CONFIG1,_FOSC_INTRC_NOCLKOUT&_WDTE_OFF&_PWRTE_OFF&_MCLRE_ON
Warning[205]: Found directive in column 1. (__CONFIG)
2008   3FFF           00015 __CONFIG    _CONFIG2,_BOR40V
                      00016 
Warning[205]: Found directive in column 1. (EXTERN)
  0000                00017 EXTERN DISPLAY,HEX2BCD
                      00018 
  00000000            00019 W                       EQU 0           ;EQUIVALENTE ACUMULADOR
  00000001            00020 F                       EQU 1           ;EQUIVALENTE REGISTRO
                      00021 ;;;;;;;;;;;;;;;;;;;;;;;;;;;;;;;;;;;;;;;;;;;;;;;;;;;;;;;;;;;;;;;;;;;;;;;;;;;;;;;;;;;;;;;;;;;;;;;;;;;;;
                      00022 ;       DATOS DE USUARIO
                      00023 ;;;;;;;;;;;;;;;;;;;;;;;;;;;;;;;;;;;;;;;;;;;;;;;;;;;;;;;;;;;;;;;;;;;;;;;;;;;;;;;;;;;;;;;;;;;;;;;;;;;;;
                      00024 
Warning[205]: Found directive in column 1. (UDATA)
                      00025 UDATA
                      00026 
                      00027 
0000                  00028 ___saveSTATUS   RES 1;  SALVA STATUS
0001                  00029 ___savePCLATH   RES 1;  SALVA PCLATCH
0002                  00030 ___saveW                RES 1;  SALVA ACUMULADOR
0003                  00031 auxiliar RES 1
                      00032 
                      00033 ;;;;;;;;;;;;;;;;;;;;;;;;;;;;;;;;;;;;;;;;;;;;;;;;;;;;;;;;;;;;;;;;;;;;;;;;;;;;;;;;;;;;;;;;;;;;;;;;;;;;;
                      00034 ;       VECTOR DE RESET
                      00035 ;;;;;;;;;;;;;;;;;;;;;;;;;;;;;;;;;;;;;;;;;;;;;;;;;;;;;;;;;;;;;;;;;;;;;;;;;;;;;;;;;;;;;;;;;;;;;;;;;;;;;
                      00036 VEC_RESET       CODE 0X0
Warning[205]: Found directive in column 1. (PAGESEL)
0000   ???? ????      00037 PAGESEL INICIO
Warning[203]: Found opcode in column 1. (goto)
0002   2???           00038 goto    INICIO          ;Etiqueta de inicio del programa
MPASM  5.51                    PROGRAMA04.ASM   3-29-2016  8:28:34         PAGE  2


LOC  OBJECT CODE     LINE SOURCE TEXT
  VALUE

                      00039 
                      00040 ;;;;;;;;;;;;;;;;;;;;;;;;;;;;;;;;;;;;;;;;;;;;;;;;;;;;;;;;;;;;;;;;;;;;;;;;;;;;;;;;;;;;;;;;;;;;;;;;;;;;;
                      00041 ;       VECTOR DE INTERRUPCION
                      00042 ;;;;;;;;;;;;;;;;;;;;;;;;;;;;;;;;;;;;;;;;;;;;;;;;;;;;;;;;;;;;;;;;;;;;;;;;;;;;;;;;;;;;;;;;;;;;;;;;;;;;;
                      00043 VEC_INT CODE 0X04
Warning[205]: Found directive in column 1. (PAGESEL)
0004   ???? ????      00044 PAGESEL INTERRUPCION
0006   2???           00045                         goto    INTERRUPCION            ;Etiqueta de inicio del programa
                      00046 
                      00047 
Warning[205]: Found directive in column 1. (CODE)
                      00048 CODE
                      00049 ;;;;;;;;;;;;;;;;;;;;;;;;;;;;;;;;;;;;;;;;;;;;;;;;;;;;;;;;;;;;;;;;;;;;;;;;;;;;;;;;;;;;
                      00050 ;;;;;;;;;;;;;;;;;;;;;;;;;;;;;;;;;;;;;;;;;;;;;;;;;;;;;;;;;;;;;;;;;;;;;;;;;;;;;;;;;;;;
                      00051 ;       PROGRAMA PRINCIPAL
                      00052 ;;;;;;;;;;;;;;;;;;;;;;;;;;;;;;;;;;;;;;;;;;;;;;;;;;;;;;;;;;;;;;;;;;;;;;;;;;;;;;;;;;;
                      00053 ;;;;;;;;;;;;;;;;;;;;;;;;;;;;;;;;;;;;;;;;;;;;;;;;;;;;;;;;;;;;;;;;;;;;;;;;;;;;;;;;;;;;
                      00054 
                      00055 
                      00056 
0000                  00057 INICIO:
                      00058 ;;;;;;;;;;;;;;;;;;;;;;;;;;;;;;;;;;;;;;;;;;;;;;;;;;;;;;;;;;;;;;;;;;;;;;;;;;;;;;;;;;;;
                      00059 ;       CONFIGURACIONES
                      00060 ;;;;;;;;;;;;;;;;;;;;;;;;;;;;;;;;;;;;;;;;;;;;;;;;;;;;;;;;;;;;;;;;;;;;;;;;;;;;;;;;;;;
Warning[205]: Found directive in column 1. (banksel)
0000   ???? ????      00061 banksel auxiliar
Warning[203]: Found opcode in column 1. (clrf)
0002   01??           00062 clrf    auxiliar
0003   1683 1703      00063         banksel ANSELH
Message[302]: Register in operand not in bank 0.  Ensure that bank bits are correct.
0005   0189           00064         clrf    ANSELH
0006   1683 1303      00065         banksel TRISB
Message[302]: Register in operand not in bank 0.  Ensure that bank bits are correct.
0008   0186           00066         clrf    TRISB
Message[302]: Register in operand not in bank 0.  Ensure that bank bits are correct.
0009   1507           00067         bsf     TRISC,2                 ;ccp1 en RC2
Message[302]: Register in operand not in bank 0.  Ensure that bank bits are correct.
000A   0188           00068         clrf    TRISD
000B   1283 1303      00069         banksel PORTB
000D   0186           00070         clrf    PORTB
000E   0187           00071         clrf    PORTC
000F   0188           00072         clrf    PORTD
                      00073         
                      00074 ;CONFIGURACIONES:       CCP1CON P1M1 P1M0 DC1B1 DC1B0 CCP1M3 CCP1M2 CCP1M1 CCP1M0 
                      00075 ;                                       CM2CON1 T1GSS
                      00076 ;                                       INTCON GIE PEIE
                      00077 ;                                       PIE1 CCP1IE TMR1IE 
                      00078 ;                                       PIR1 CCP1IF  TMR1IF 
                      00079 ;                                       T1CON T1GINV TMR1GE T1CKPS1 T1CKPS0 T1OSCEN T1SYNC TMR1CS TMR1ON
                      00080 ;                                       TRISC TRISC2 TRISC1 
                      00081 
0010   1283 1303      00082         BANKSEL CCP1CON
0012   3004           00083         movlw b'00000100'
MPASM  5.51                    PROGRAMA04.ASM   3-29-2016  8:28:34         PAGE  3


LOC  OBJECT CODE     LINE SOURCE TEXT
  VALUE

0013   0097           00084         movwf   CCP1CON
0014   178B           00085         bsf     INTCON,GIE
0015   170B           00086         bsf     INTCON,PEIE
                      00087         
0016   1683 1303      00088         BANKSEL PIE1
Message[302]: Register in operand not in bank 0.  Ensure that bank bits are correct.
0018   150C           00089         bsf PIE1,CCP1IE
Message[302]: Register in operand not in bank 0.  Ensure that bank bits are correct.
0019   140C           00090         bsf PIE1,TMR1IE
001A   1283 1303      00091         BANKSEL T1CON
001C   3001           00092         movlw b'00000001'
001D   0090           00093         movwf T1CON
                      00094         
                      00095 
001E   3000           00096         movlw 0x00
001F   00B8           00097         movwf   0x38   ;0x00 anodo comun
                      00098 
0020   3008           00099         movlw 0x08
0021   00B9           00100         movwf   0x39    ;puerto de datos  A->0x05 _ E->0x09
                      00101 
0022   3006           00102         movlw 0x06
0023   00BA           00103         movwf   0x3A    ;puerto de activacion
                      00104 
0024   3080           00105         movlw 0x80              
0025   00BB           00106         movwf   0x3B    ;posicion del punto en el puerto
                      00107 
0026   3008           00108         movlw 0x08              
0027   00BC           00109         movwf   0x3C    ;puerto del punto
                      00110 
0028   3004           00111         movlw 0x04              
0029   00BD           00112         movwf   0x3D    ;posicion del punto
                      00113 
                      00114 
002A   3010           00115         movlw 0x10
002B   00B0           00116         movwf   0x30
                      00117 
002C   3010           00118         movlw 0x10
002D   00B1           00119         movwf   0x31
                      00120 
002E   3010           00121         movlw 0x10
002F   00B2           00122         movwf   0x32
                      00123 
0030   3010           00124         movlw 0x10
0031   00B3           00125         movwf   0x33
                      00126 
0032   3010           00127         movlw 0x10
0033   00B4           00128         movwf   0x34
                      00129 
0034   3010           00130         movlw 0x10
0035   00B5           00131         movwf   0x35
                      00132 
0036   3010           00133         movlw 0x10
0037   00B6           00134         movwf   0x36
MPASM  5.51                    PROGRAMA04.ASM   3-29-2016  8:28:34         PAGE  4


LOC  OBJECT CODE     LINE SOURCE TEXT
  VALUE

                      00135 
0038   3010           00136         movlw 0x10
0039   00B7           00137         movwf   0x37
                      00138 
                      00139 ;;;;;;;;;;;;;;;;;;;;;;;;;;;;;;;;;;;;;;;;;;;;;;;;;;;;;;;;;;;;;;;;;;;;;;;;;;;;;;;;;;;;
                      00140 ;       BUCLE PRINCIPAL
                      00141 ;;;;;;;;;;;;;;;;;;;;;;;;;;;;;;;;;;;;;;;;;;;;;;;;;;;;;;;;;;;;;;;;;;;;;;;;;;;;;;;;;;;
                      00142 
003A                  00143 bucle:
                      00144 
003A   1283 1303      00145         BANKSEL CCPR1L
                      00146 
Warning[203]: Found opcode in column 1. (swapf)
003C   0E??           00147 swapf   auxiliar,w
Warning[203]: Found opcode in column 1. (andlw)
003D   39F0           00148 andlw   0xf0
Warning[203]: Found opcode in column 1. (movwf)
003E   00C3           00149 movwf   0x43    ;datos binarios alto H
                      00150 
003F   0E16           00151         swapf   CCPR1H,w
0040   390F           00152         andlw   0x0f
Message[305]: Using default destination of 1 (file).
0041   06C3           00153         xorwf   0x43    ;datos binarios alto L
                      00154 
Warning[203]: Found opcode in column 1. (swapf)
0042   0E16           00155 swapf   CCPR1H,w
Warning[203]: Found opcode in column 1. (andlw)
0043   39F0           00156 andlw   0xf0
Warning[203]: Found opcode in column 1. (movwf)
0044   00C4           00157 movwf   0x44    ;datos binarios bajo H
                      00158 
0045   0E15           00159         swapf   CCPR1L,w
0046   390F           00160         andlw   0x0f
Message[305]: Using default destination of 1 (file).
0047   06C4           00161         xorwf   0x44    ;datos binarios bajo L
                      00162 
Warning[203]: Found opcode in column 1. (swapf)
0048   0E15           00163 swapf   CCPR1L,w
Warning[203]: Found opcode in column 1. (andlw)
0049   39F0           00164 andlw   0xf0
Warning[203]: Found opcode in column 1. (movwf)
004A   00C5           00165 movwf   0x45    ;datos binarios bajo bajo H
                      00166 
004B   ???? ????      00167         PAGESEL HEX2BCD
004D   2???           00168         call    HEX2BCD
                      00169         
004E   0840           00170         movf    0x40,w
004F   390F           00171         andlw   0x0F
0050   00B2           00172         movwf   0x32
                      00173         
0051   0E40           00174         swapf   0x40,w
0052   390F           00175         andlw   0x0F
0053   00B3           00176         movwf   0x33
MPASM  5.51                    PROGRAMA04.ASM   3-29-2016  8:28:34         PAGE  5


LOC  OBJECT CODE     LINE SOURCE TEXT
  VALUE

                      00177         
0054   0841           00178         movf    0x41,w
0055   390F           00179         andlw   0x0F
0056   00B4           00180         movwf   0x34
                      00181 
0057   0E41           00182         swapf   0x41,w
0058   390F           00183         andlw   0x0F
0059   00B5           00184         movwf   0x35
                      00185 
005A   0842           00186         movf    0x42,w
005B   390F           00187         andlw   0x0F
005C   00B6           00188         movwf   0x36
                      00189 
                      00190 ;banksel        auxiliar
                      00191 ;movf   auxiliar,w
                      00192 ;andlw  0x0F
                      00193 ;movwf  0x37
                      00194 
005D   ???? ????      00195         PAGESEL DISPLAY
005F   2???           00196         call    DISPLAY
                      00197 
0060   2???           00198          goto bucle       
                      00199         
                      00200 ;;;;;;;;;;;;;;;;;;;;;;;;;;;;;;;;;;;;;;;;;;;;;;;;;;;;;;;;;;;;;;;;;;;;;;;;;;;;;;;;;;;;
                      00201 ;;;;;;;;;;;;;;;;;;;;;;;;;;;;;;;;;;;;;;;;;;;;;;;;;;;;;;;;;;;;;;;;;;;;;;;;;;;;;;;;;;;;
                      00202 ;       INTERRUPCIONES
                      00203 ;;;;;;;;;;;;;;;;;;;;;;;;;;;;;;;;;;;;;;;;;;;;;;;;;;;;;;;;;;;;;;;;;;;;;;;;;;;;;;;;;;;
                      00204 ;;;;;;;;;;;;;;;;;;;;;;;;;;;;;;;;;;;;;;;;;;;;;;;;;;;;;;;;;;;;;;;;;;;;;;;;;;;;;;;;;;;;
                      00205 
0061                  00206 INTERRUPCION:
                      00207 
                      00208 ;;;;;;;;;;;;;;;;;;;;;;;;;;;;;;;;;;;;;;;;;;;;;;;;;;;;;;;;;;;;;;;;;;;;;;;;;;;;;;;;;;;;;;;;;;;;;;;;;;;;;;;;
                            ;;
                      00209 ;       Rutina de salvatage del estado de operación del microcontrolador antes de la llamada a interrupc
                            ión
                      00210 ;;;;;;;;;;;;;;;;;;;;;;;;;;;;;;;;;;;;;;;;;;;;;;;;;;;;;;;;;;;;;;;;;;;;;;;;;;;;;;;;;;;;;;;;;;;;;;;;;;;;;;;;
                            ;;
                      00211 
                      00212 
0061   00??           00213         movwf      ___saveW
0062   0E03           00214         swapf      STATUS,W
0063   0183           00215         clrf       STATUS
0064   00??           00216         movwf      ___saveSTATUS
0065   080A           00217         movf       PCLATH,W
0066   00??           00218         movwf      ___savePCLATH
0067   018A           00219         clrf       PCLATH
                      00220 
                      00221 ;;;;;;;;;;;;;;;;;;;;;;;;;;;;;;;;;;;;;;;;;;;;;;;;;;;;;;;;;;;;;;;;;;;;;;;;;;;;;;;;;;;;;;;;;;;;;;;;;;;;;;;;
                            ;;
                      00222 ;       Atención de la interrupción, 
                      00223 ;;;;;;;;;;;;;;;;;;;;;;;;;;;;;;;;;;;;;;;;;;;;;;;;;;;;;;;;;;;;;;;;;;;;;;;;;;;;;;;;;;;;;;;;;;;;;;;;;;;;;;;;
                            ;;
0068   1283 1303      00224         BANKSEL PIR1
MPASM  5.51                    PROGRAMA04.ASM   3-29-2016  8:28:34         PAGE  6


LOC  OBJECT CODE     LINE SOURCE TEXT
  VALUE

                      00225 
Warning[203]: Found opcode in column 1. (btfss)
006A   1C0C           00226 btfss   PIR1,TMR1IF
Warning[203]: Found opcode in column 1. (goto)
006B   2???           00227 goto    $+9
Warning[203]: Found opcode in column 1. (bcf)
006C   100C           00228 bcf     PIR1,TMR1IF
Warning[205]: Found directive in column 1. (banksel)
006D   ???? ????      00229 banksel auxiliar
Warning[203]: Found opcode in column 1. (incf)
Message[305]: Using default destination of 1 (file).
006F   0A??           00230 incf    auxiliar
                      00231 
Warning[203]: Found opcode in column 1. (swapf)
0070   0E??           00232 swapf   auxiliar,w
Warning[203]: Found opcode in column 1. (andlw)
0071   39F0           00233 andlw   0xf0
Warning[203]: Found opcode in column 1. (movwf)
0072   00C3           00234 movwf   0x43    ;datos binarios alto H
                      00235 
Warning[203]: Found opcode in column 1. (goto)
0073   2???           00236 goto    SALIDA
                      00237 
0074   110C           00238         bcf     PIR1,CCP1IF             ;encerado de las banderas
0075   1283 1303      00239         BANKSEL TMR1H
0077   018F           00240         clrf    TMR1H           ;encerado del timer
0078   018E           00241         clrf    TMR1L
                      00242 ;banksel        auxiliar
                      00243 ;clrf   auxiliar        
                      00244 
                      00245 ;       bcf     PIR1,TMR1IF             ;encerado de las banderas del timer 1
                      00246 
                      00247         ;movf   CCPR1L,W        ;solo capturo los 4 menos significativos
                      00248         ;andlw  0x0F
                      00249         ;movwf  0x35
                      00250 
                      00251         ;swapf  CCPR1L,W        ;cambia el mas signifi con el menos signif
                      00252         ;andlw  0x0F
                      00253         ;movwf  0x34
                      00254 
                      00255 
                      00256         ;movf   CCPR1H,W
                      00257         ;andlw  0x0F
                      00258         ;movwf  0x33
                      00259 
                      00260         ;swapf  CCPR1H,W
                      00261         ;andlw  0x0F
                      00262         ;movwf  0x32    
                      00263 
                      00264         
                      00265 ;;;;;;;;;;;;;;;;;;;;;;;;;;;;;;;;;;;;;;;;;;;;;;;;;;;;;;;;;;;;;;;;;;;;;;;;;;;;;;;;;;;;;;;;;;;;;;;;;;;;;;;;
                            ;;
                      00266 ;       Rutina de recuperación del estado de operación del microcontrolador antes del retorno desde la i
MPASM  5.51                    PROGRAMA04.ASM   3-29-2016  8:28:34         PAGE  7


LOC  OBJECT CODE     LINE SOURCE TEXT
  VALUE

                            nterrupción
                      00267 ;;;;;;;;;;;;;;;;;;;;;;;;;;;;;;;;;;;;;;;;;;;;;;;;;;;;;;;;;;;;;;;;;;;;;;;;;;;;;;;;;;;;;;;;;;;;;;;;;;;;;;;;
                            ;;
                      00268 
0079                  00269 SALIDA:
0079   08??           00270         movf       ___savePCLATH,W
007A   008A           00271         movwf      PCLATH
007B   0E??           00272         swapf      ___saveSTATUS,W
007C   0083           00273         movwf      STATUS
007D   0E??           00274         swapf      ___saveW,F
007E   0E??           00275         swapf      ___saveW,W
007F   0009           00276         retfie
                      00277 
                      00278 ;;;;;;;;;;;;;;;;;;;;;;;;;;;;;;;;;;;;;;;;;;;;;;;;;;;;;;;;;;;;;;;;;;;;;;;;;;;;;;;;;;;;
                      00279 ;;;;;;;;;;;;;;;;;;;;;;;;;;;;;;;;;;;;;;;;;;;;;;;;;;;;;;;;;;;;;;;;;;;;;;;;;;;;;;;;;;;;
                      00280 ;       SUBRUTINAS LOCALES
                      00281 ;;;;;;;;;;;;;;;;;;;;;;;;;;;;;;;;;;;;;;;;;;;;;;;;;;;;;;;;;;;;;;;;;;;;;;;;;;;;;;;;;;;
                      00282 ;;;;;;;;;;;;;;;;;;;;;;;;;;;;;;;;;;;;;;;;;;;;;;;;;;;;;;;;;;;;;;;;;;;;;;;;;;;;;;;;;;;;
                      00283 
                      00284 
                      00285 
                      00286 ;;;;;;;;;;;;;;;;;;;;;;;;;;;;;;;;;;;;;;;;;;;;;;;;;;;;;;;;;;;;;;;;;;;;;;;;;;;;;;;;;;;;
                      00287 ;;;;;;;;;;;;;;;;;;;;;;;;;;;;;;;;;;;;;;;;;;;;;;;;;;;;;;;;;;;;;;;;;;;;;;;;;;;;;;;;;;;;
                      00288 ;       TABLAS
                      00289 ;;;;;;;;;;;;;;;;;;;;;;;;;;;;;;;;;;;;;;;;;;;;;;;;;;;;;;;;;;;;;;;;;;;;;;;;;;;;;;;;;;;
                      00290 ;;;;;;;;;;;;;;;;;;;;;;;;;;;;;;;;;;;;;;;;;;;;;;;;;;;;;;;;;;;;;;;;;;;;;;;;;;;;;;;;;;;;
                      00291 
                      00292 
                      00293 
                      00294 
3FF4 3FFF             00295                 END
MPASM  5.51                    PROGRAMA04.ASM   3-29-2016  8:28:34         PAGE  8


SYMBOL TABLE
  LABEL                             VALUE 

ABDEN                             00000000
ABDOVF                            00000007
ACKDT                             00000005
ACKEN                             00000004
ACKSTAT                           00000006
ADCON0                            0000001F
ADCON1                            0000009F
ADCS0                             00000006
ADCS1                             00000007
ADDEN                             00000003
ADFM                              00000007
ADIE                              00000006
ADIF                              00000006
ADON                              00000000
ADRESH                            0000001E
ADRESL                            0000009E
ANS0                              00000000
ANS1                              00000001
ANS10                             00000002
ANS11                             00000003
ANS12                             00000004
ANS13                             00000005
ANS2                              00000002
ANS3                              00000003
ANS4                              00000004
ANS5                              00000005
ANS6                              00000006
ANS7                              00000007
ANS8                              00000000
ANS9                              00000001
ANSEL                             00000188
ANSELH                            00000189
BAUDCTL                           00000187
BCLIE                             00000003
BCLIF                             00000003
BF                                00000000
BRG0                              00000000
BRG1                              00000001
BRG10                             00000002
BRG11                             00000003
BRG12                             00000004
BRG13                             00000005
BRG14                             00000006
BRG15                             00000007
BRG16                             00000003
BRG2                              00000002
BRG3                              00000003
BRG4                              00000004
BRG5                              00000005
BRG6                              00000006
BRG7                              00000007
BRG8                              00000000
BRG9                              00000001
MPASM  5.51                    PROGRAMA04.ASM   3-29-2016  8:28:34         PAGE  9


SYMBOL TABLE
  LABEL                             VALUE 

BRGH                              00000002
C                                 00000000
C1CH0                             00000000
C1CH1                             00000001
C1IE                              00000005
C1IF                              00000005
C1OE                              00000005
C1ON                              00000007
C1OUT                             00000006
C1POL                             00000004
C1R                               00000002
C1RSEL                            00000005
C1SEN                             00000005
C2CH0                             00000000
C2CH1                             00000001
C2IE                              00000006
C2IF                              00000006
C2OE                              00000005
C2ON                              00000007
C2OUT                             00000006
C2POL                             00000004
C2R                               00000002
C2REN                             00000004
C2RSEL                            00000004
C2SYNC                            00000000
CCP1CON                           00000017
CCP1IE                            00000002
CCP1IF                            00000002
CCP1M0                            00000000
CCP1M1                            00000001
CCP1M2                            00000002
CCP1M3                            00000003
CCP1X                             00000005
CCP1Y                             00000004
CCP2CON                           0000001D
CCP2IE                            00000000
CCP2IF                            00000000
CCP2M0                            00000000
CCP2M1                            00000001
CCP2M2                            00000002
CCP2M3                            00000003
CCP2X                             00000005
CCP2Y                             00000004
CCPR1                             00000015
CCPR1H                            00000016
CCPR1L                            00000015
CCPR2                             0000001B
CCPR2H                            0000001C
CCPR2L                            0000001B
CHS0                              00000002
CHS1                              00000003
CHS2                              00000004
CHS3                              00000005
MPASM  5.51                    PROGRAMA04.ASM   3-29-2016  8:28:34         PAGE 10


SYMBOL TABLE
  LABEL                             VALUE 

CKE                               00000006
CKP                               00000004
CM1CON0                           00000107
CM2CON0                           00000108
CM2CON1                           00000109
CREN                              00000004
CSRC                              00000007
D                                 00000005
DATA_ADDRESS                      00000005
DC                                00000001
DC1B0                             00000004
DC1B1                             00000005
DC2B0                             00000004
DC2B1                             00000005
DISPLAY                           00000000
D_A                               00000005
D_NOT_A                           00000005
ECCPAS                            0000009C
ECCPAS0                           00000004
ECCPAS1                           00000005
ECCPAS2                           00000006
ECCPASE                           00000007
EEADR                             0000010D
EEADRH                            0000010F
EECON1                            0000018C
EECON2                            0000018D
EEDAT                             0000010C
EEDATA                            0000010C
EEDATH                            0000010E
EEIE                              00000004
EEIF                              00000004
EEPGD                             00000007
F                                 00000001
FERR                              00000002
FSR                               00000004
FVREN                             00000000
GCEN                              00000007
GIE                               00000007
GO                                00000001
GO_DONE                           00000001
GO_NOT_DONE                       00000001
HEX2BCD                           00000000
HTS                               00000002
I2C_DATA                          00000005
I2C_READ                          00000002
I2C_START                         00000003
I2C_STOP                          00000004
INDF                              00000000
INICIO                            00000000
INTCON                            0000000B
INTE                              00000004
INTEDG                            00000006
INTERRUPCION                      00000061
MPASM  5.51                    PROGRAMA04.ASM   3-29-2016  8:28:34         PAGE 11


SYMBOL TABLE
  LABEL                             VALUE 

INTF                              00000001
IOCB                              00000096
IOCB0                             00000000
IOCB1                             00000001
IOCB2                             00000002
IOCB3                             00000003
IOCB4                             00000004
IOCB5                             00000005
IOCB6                             00000006
IOCB7                             00000007
IRCF0                             00000004
IRCF1                             00000005
IRCF2                             00000006
IRP                               00000007
LTS                               00000001
MC1OUT                            00000007
MC2OUT                            00000006
MSK                               00000093
MSK0                              00000000
MSK1                              00000001
MSK2                              00000002
MSK3                              00000003
MSK4                              00000004
MSK5                              00000005
MSK6                              00000006
MSK7                              00000007
NOT_A                             00000005
NOT_ADDRESS                       00000005
NOT_BO                            00000000
NOT_BOR                           00000000
NOT_DONE                          00000001
NOT_PD                            00000003
NOT_POR                           00000001
NOT_RBPU                          00000007
NOT_RC8                           00000006
NOT_T1SYNC                        00000002
NOT_TO                            00000004
NOT_TX8                           00000006
NOT_W                             00000002
NOT_WRITE                         00000002
OERR                              00000001
OPTION_REG                        00000081
OSCCON                            0000008F
OSCTUNE                           00000090
OSFIE                             00000007
OSFIF                             00000007
OSTS                              00000003
P                                 00000004
P1M0                              00000006
P1M1                              00000007
PCL                               00000002
PCLATH                            0000000A
PCON                              0000008E
MPASM  5.51                    PROGRAMA04.ASM   3-29-2016  8:28:34         PAGE 12


SYMBOL TABLE
  LABEL                             VALUE 

PDC0                              00000000
PDC1                              00000001
PDC2                              00000002
PDC3                              00000003
PDC4                              00000004
PDC5                              00000005
PDC6                              00000006
PEIE                              00000006
PEN                               00000002
PIE1                              0000008C
PIE2                              0000008D
PIR1                              0000000C
PIR2                              0000000D
PORTA                             00000005
PORTB                             00000006
PORTC                             00000007
PORTD                             00000008
PORTE                             00000009
PR2                               00000092
PRSEN                             00000007
PS0                               00000000
PS1                               00000001
PS2                               00000002
PSA                               00000003
PSSAC0                            00000002
PSSAC1                            00000003
PSSBD0                            00000000
PSSBD1                            00000001
PSTRCON                           0000009D
PULSR                             00000002
PULSS                             00000003
PWM1CON                           0000009B
R                                 00000002
RA0                               00000000
RA1                               00000001
RA2                               00000002
RA3                               00000003
RA4                               00000004
RA5                               00000005
RA6                               00000006
RA7                               00000007
RB0                               00000000
RB1                               00000001
RB2                               00000002
RB3                               00000003
RB4                               00000004
RB5                               00000005
RB6                               00000006
RB7                               00000007
RBIE                              00000003
RBIF                              00000000
RC0                               00000000
RC1                               00000001
MPASM  5.51                    PROGRAMA04.ASM   3-29-2016  8:28:34         PAGE 13


SYMBOL TABLE
  LABEL                             VALUE 

RC2                               00000002
RC3                               00000003
RC4                               00000004
RC5                               00000005
RC6                               00000006
RC7                               00000007
RC8_9                             00000006
RC9                               00000006
RCD8                              00000000
RCEN                              00000003
RCIDL                             00000006
RCIE                              00000005
RCIF                              00000005
RCREG                             0000001A
RCSTA                             00000018
RD                                00000000
RD0                               00000000
RD1                               00000001
RD2                               00000002
RD3                               00000003
RD4                               00000004
RD5                               00000005
RD6                               00000006
RD7                               00000007
RE0                               00000000
RE1                               00000001
RE2                               00000002
RE3                               00000003
READ_WRITE                        00000002
RP0                               00000005
RP1                               00000006
RSEN                              00000001
RX9                               00000006
RX9D                              00000000
R_NOT_W                           00000002
R_W                               00000002
S                                 00000003
SALIDA                            00000079
SBOREN                            00000004
SCKP                              00000004
SCS                               00000000
SEN                               00000000
SENDB                             00000003
SMP                               00000007
SPBRG                             00000099
SPBRGH                            0000009A
SPEN                              00000007
SR0                               00000006
SR1                               00000007
SRCON                             00000185
SREN                              00000005
SSPADD                            00000093
SSPBUF                            00000013
MPASM  5.51                    PROGRAMA04.ASM   3-29-2016  8:28:34         PAGE 14


SYMBOL TABLE
  LABEL                             VALUE 

SSPCON                            00000014
SSPCON2                           00000091
SSPEN                             00000005
SSPIE                             00000003
SSPIF                             00000003
SSPM0                             00000000
SSPM1                             00000001
SSPM2                             00000002
SSPM3                             00000003
SSPMSK                            00000093
SSPOV                             00000006
SSPSTAT                           00000094
STATUS                            00000003
STRA                              00000000
STRB                              00000001
STRC                              00000002
STRD                              00000003
STRSYNC                           00000004
SWDTEN                            00000000
SYNC                              00000004
T0CS                              00000005
T0IE                              00000005
T0IF                              00000002
T0SE                              00000004
T1CKPS0                           00000004
T1CKPS1                           00000005
T1CON                             00000010
T1GINV                            00000007
T1GIV                             00000007
T1GSS                             00000001
T1INSYNC                          00000002
T1OSCEN                           00000003
T1SYNC                            00000002
T2CKPS0                           00000000
T2CKPS1                           00000001
T2CON                             00000012
TMR0                              00000001
TMR0IE                            00000005
TMR0IF                            00000002
TMR1                              0000000E
TMR1CS                            00000001
TMR1GE                            00000006
TMR1H                             0000000F
TMR1IE                            00000000
TMR1IF                            00000000
TMR1L                             0000000E
TMR1ON                            00000000
TMR2                              00000011
TMR2IE                            00000001
TMR2IF                            00000001
TMR2ON                            00000002
TOUTPS0                           00000003
TOUTPS1                           00000004
MPASM  5.51                    PROGRAMA04.ASM   3-29-2016  8:28:34         PAGE 15


SYMBOL TABLE
  LABEL                             VALUE 

TOUTPS2                           00000005
TOUTPS3                           00000006
TRISA                             00000085
TRISA0                            00000000
TRISA1                            00000001
TRISA2                            00000002
TRISA3                            00000003
TRISA4                            00000004
TRISA5                            00000005
TRISA6                            00000006
TRISA7                            00000007
TRISB                             00000086
TRISB0                            00000000
TRISB1                            00000001
TRISB2                            00000002
TRISB3                            00000003
TRISB4                            00000004
TRISB5                            00000005
TRISB6                            00000006
TRISB7                            00000007
TRISC                             00000087
TRISC0                            00000000
TRISC1                            00000001
TRISC2                            00000002
TRISC3                            00000003
TRISC4                            00000004
TRISC5                            00000005
TRISC6                            00000006
TRISC7                            00000007
TRISD                             00000088
TRISD0                            00000000
TRISD1                            00000001
TRISD2                            00000002
TRISD3                            00000003
TRISD4                            00000004
TRISD5                            00000005
TRISD6                            00000006
TRISD7                            00000007
TRISE                             00000089
TRISE0                            00000000
TRISE1                            00000001
TRISE2                            00000002
TRISE3                            00000003
TRMT                              00000001
TUN0                              00000000
TUN1                              00000001
TUN2                              00000002
TUN3                              00000003
TUN4                              00000004
TX8_9                             00000006
TX9                               00000006
TX9D                              00000000
TXD8                              00000000
MPASM  5.51                    PROGRAMA04.ASM   3-29-2016  8:28:34         PAGE 16


SYMBOL TABLE
  LABEL                             VALUE 

TXEN                              00000005
TXIE                              00000004
TXIF                              00000004
TXREG                             00000019
TXSTA                             00000098
UA                                00000001
ULPWUE                            00000005
ULPWUIE                           00000002
ULPWUIF                           00000002
VCFG0                             00000004
VCFG1                             00000005
VR0                               00000000
VR1                               00000001
VR2                               00000002
VR3                               00000003
VRCON                             00000097
VREN                              00000007
VROE                              00000006
VRR                               00000005
VRSS                              00000004
W                                 00000000
WCOL                              00000007
WDTCON                            00000105
WDTPS0                            00000001
WDTPS1                            00000002
WDTPS2                            00000003
WDTPS3                            00000004
WPUB                              00000095
WPUB0                             00000000
WPUB1                             00000001
WPUB2                             00000002
WPUB3                             00000003
WPUB4                             00000004
WPUB5                             00000005
WPUB6                             00000006
WPUB7                             00000007
WR                                00000001
WREN                              00000002
WRERR                             00000003
WUE                               00000001
Z                                 00000002
_.code_006B                       0000006B
_BOR21V                           00003EFF
_BOR40V                           00003FFF
_BOR4V_BOR21V                     00003EFF
_BOR4V_BOR40V                     00003FFF
_BOREN_NSLEEP                     00003EFF
_BOREN_OFF                        00003CFF
_BOREN_ON                         00003FFF
_BOREN_SBODEN                     00003DFF
_BOR_NSLEEP                       00003EFF
_BOR_OFF                          00003CFF
_BOR_ON                           00003FFF
MPASM  5.51                    PROGRAMA04.ASM   3-29-2016  8:28:34         PAGE 17


SYMBOL TABLE
  LABEL                             VALUE 

_BOR_SBODEN                       00003DFF
_CONFIG1                          00002007
_CONFIG2                          00002008
_CPD_OFF                          00003FFF
_CPD_ON                           00003F7F
_CP_OFF                           00003FFF
_CP_ON                            00003FBF
_DEBUG_OFF                        00003FFF
_DEBUG_ON                         00001FFF
_DEVID1                           00002006
_EC_OSC                           00003FFB
_EXTRC                            00003FFF
_EXTRCIO                          00003FFE
_EXTRC_OSC_CLKOUT                 00003FFF
_EXTRC_OSC_NOCLKOUT               00003FFE
_FCMEN_OFF                        000037FF
_FCMEN_ON                         00003FFF
_FOSC_EC                          00003FFB
_FOSC_EXTRC_CLKOUT                00003FFF
_FOSC_EXTRC_NOCLKOUT              00003FFE
_FOSC_HS                          00003FFA
_FOSC_INTRC_CLKOUT                00003FFD
_FOSC_INTRC_NOCLKOUT              00003FFC
_FOSC_LP                          00003FF8
_FOSC_XT                          00003FF9
_HS_OSC                           00003FFA
_IDLOC0                           00002000
_IDLOC1                           00002001
_IDLOC2                           00002002
_IDLOC3                           00002003
_IESO_OFF                         00003BFF
_IESO_ON                          00003FFF
_INTOSC                           00003FFD
_INTOSCIO                         00003FFC
_INTRC_OSC_CLKOUT                 00003FFD
_INTRC_OSC_NOCLKOUT               00003FFC
_LP_OSC                           00003FF8
_LVP_OFF                          00002FFF
_LVP_ON                           00003FFF
_MCLRE_OFF                        00003FDF
_MCLRE_ON                         00003FFF
_PWRTE_OFF                        00003FFF
_PWRTE_ON                         00003FEF
_WDTE_OFF                         00003FF7
_WDTE_ON                          00003FFF
_WDT_OFF                          00003FF7
_WDT_ON                           00003FFF
_WRT_1FOURTH                      00003BFF
_WRT_256                          00003DFF
_WRT_HALF                         000039FF
_WRT_OFF                          00003FFF
_XT_OSC                           00003FF9
__16F887                          00000001
MPASM  5.51                    PROGRAMA04.ASM   3-29-2016  8:28:34         PAGE 18


SYMBOL TABLE
  LABEL                             VALUE 

__DEBUG                           1
___savePCLATH                     00000001
___saveSTATUS                     00000000
___saveW                          00000002
auxiliar                          00000003
bucle                             0000003A

Errors   :     0
Warnings :    28 reported,     0 suppressed
Messages :     9 reported,     0 suppressed

