Warning[205] C:\USERS\ANDRES\DESKTOP\EL RESTO\PROGRAMA 05\PROGRAMA 05.ASM 14 : Found directive in column 1. (__CONFIG)
Warning[205] C:\USERS\ANDRES\DESKTOP\EL RESTO\PROGRAMA 05\PROGRAMA 05.ASM 15 : Found directive in column 1. (__CONFIG)
Warning[205] C:\USERS\ANDRES\DESKTOP\EL RESTO\PROGRAMA 05\PROGRAMA 05.ASM 17 : Found directive in column 1. (EXTERN)
Warning[205] C:\USERS\ANDRES\DESKTOP\EL RESTO\PROGRAMA 05\PROGRAMA 05.ASM 18 : Found directive in column 1. (EXTERN)
Warning[205] C:\USERS\ANDRES\DESKTOP\EL RESTO\PROGRAMA 05\PROGRAMA 05.ASM 37 : Found directive in column 1. (UDATA)
Warning[205] C:\USERS\ANDRES\DESKTOP\EL RESTO\PROGRAMA 05\PROGRAMA 05.ASM 51 : Found directive in column 1. (PAGESEL)
Warning[203] C:\USERS\ANDRES\DESKTOP\EL RESTO\PROGRAMA 05\PROGRAMA 05.ASM 52 : Found opcode in column 1. (goto)
Warning[205] C:\USERS\ANDRES\DESKTOP\EL RESTO\PROGRAMA 05\PROGRAMA 05.ASM 59 : Found directive in column 1. (PAGESEL)
Warning[203] C:\USERS\ANDRES\DESKTOP\EL RESTO\PROGRAMA 05\PROGRAMA 05.ASM 60 : Found opcode in column 1. (goto)
Warning[205] C:\USERS\ANDRES\DESKTOP\EL RESTO\PROGRAMA 05\PROGRAMA 05.ASM 62 : Found directive in column 1. (CODE)
Message[302] C:\USERS\ANDRES\DESKTOP\EL RESTO\PROGRAMA 05\PROGRAMA 05.ASM 75 : Register in operand not in bank 0.  Ensure that bank bits are correct.
Message[302] C:\USERS\ANDRES\DESKTOP\EL RESTO\PROGRAMA 05\PROGRAMA 05.ASM 77 : Register in operand not in bank 0.  Ensure that bank bits are correct.
Message[302] C:\USERS\ANDRES\DESKTOP\EL RESTO\PROGRAMA 05\PROGRAMA 05.ASM 78 : Register in operand not in bank 0.  Ensure that bank bits are correct.
Message[302] C:\USERS\ANDRES\DESKTOP\EL RESTO\PROGRAMA 05\PROGRAMA 05.ASM 79 : Register in operand not in bank 0.  Ensure that bank bits are correct.
Message[302] C:\USERS\ANDRES\DESKTOP\EL RESTO\PROGRAMA 05\PROGRAMA 05.ASM 94 : Register in operand not in bank 0.  Ensure that bank bits are correct.
Warning[205] C:\USERS\ANDRES\DESKTOP\EL RESTO\PROGRAMA 05\PROGRAMA 05.ASM 161 : Found directive in column 1. (banksel)
Warning[204] C:\USERS\ANDRES\DESKTOP\EL RESTO\PROGRAMA 05\PROGRAMA 05.ASM 162 : Found pseudo-op in column 1. (movfw)
Warning[205] C:\USERS\ANDRES\DESKTOP\EL RESTO\PROGRAMA 05\PROGRAMA 05.ASM 163 : Found directive in column 1. (banksel)
Warning[203] C:\USERS\ANDRES\DESKTOP\EL RESTO\PROGRAMA 05\PROGRAMA 05.ASM 164 : Found opcode in column 1. (movwf)
Warning[203] C:\USERS\ANDRES\DESKTOP\EL RESTO\PROGRAMA 05\PROGRAMA 05.ASM 165 : Found opcode in column 1. (clrf)
Warning[203] C:\USERS\ANDRES\DESKTOP\EL RESTO\PROGRAMA 05\PROGRAMA 05.ASM 170 : Found opcode in column 1. (swapf)
Warning[203] C:\USERS\ANDRES\DESKTOP\EL RESTO\PROGRAMA 05\PROGRAMA 05.ASM 171 : Found opcode in column 1. (andlw)
Warning[203] C:\USERS\ANDRES\DESKTOP\EL RESTO\PROGRAMA 05\PROGRAMA 05.ASM 172 : Found opcode in column 1. (movwf)
Warning[204] C:\USERS\ANDRES\DESKTOP\EL RESTO\PROGRAMA 05\PROGRAMA 05.ASM 173 : Found pseudo-op in column 1. (movfw)
Warning[203] C:\USERS\ANDRES\DESKTOP\EL RESTO\PROGRAMA 05\PROGRAMA 05.ASM 174 : Found opcode in column 1. (andlw)
Warning[203] C:\USERS\ANDRES\DESKTOP\EL RESTO\PROGRAMA 05\PROGRAMA 05.ASM 175 : Found opcode in column 1. (movwf)
Warning[205] C:\USERS\ANDRES\DESKTOP\EL RESTO\PROGRAMA 05\PROGRAMA 05.ASM 177 : Found directive in column 1. (banksel)
Warning[204] C:\USERS\ANDRES\DESKTOP\EL RESTO\PROGRAMA 05\PROGRAMA 05.ASM 178 : Found pseudo-op in column 1. (movfw)
Warning[205] C:\USERS\ANDRES\DESKTOP\EL RESTO\PROGRAMA 05\PROGRAMA 05.ASM 179 : Found directive in column 1. (banksel)
Warning[203] C:\USERS\ANDRES\DESKTOP\EL RESTO\PROGRAMA 05\PROGRAMA 05.ASM 180 : Found opcode in column 1. (movwf)
Warning[203] C:\USERS\ANDRES\DESKTOP\EL RESTO\PROGRAMA 05\PROGRAMA 05.ASM 181 : Found opcode in column 1. (clrf)
Warning[203] C:\USERS\ANDRES\DESKTOP\EL RESTO\PROGRAMA 05\PROGRAMA 05.ASM 186 : Found opcode in column 1. (swapf)
Warning[203] C:\USERS\ANDRES\DESKTOP\EL RESTO\PROGRAMA 05\PROGRAMA 05.ASM 187 : Found opcode in column 1. (andlw)
Warning[203] C:\USERS\ANDRES\DESKTOP\EL RESTO\PROGRAMA 05\PROGRAMA 05.ASM 188 : Found opcode in column 1. (movwf)
Warning[204] C:\USERS\ANDRES\DESKTOP\EL RESTO\PROGRAMA 05\PROGRAMA 05.ASM 189 : Found pseudo-op in column 1. (movfw)
Warning[203] C:\USERS\ANDRES\DESKTOP\EL RESTO\PROGRAMA 05\PROGRAMA 05.ASM 190 : Found opcode in column 1. (andlw)
Warning[203] C:\USERS\ANDRES\DESKTOP\EL RESTO\PROGRAMA 05\PROGRAMA 05.ASM 191 : Found opcode in column 1. (movwf)
Warning[205] C:\USERS\ANDRES\DESKTOP\EL RESTO\PROGRAMA 05\PROGRAMA 05.ASM 193 : Found directive in column 1. (banksel)
Warning[204] C:\USERS\ANDRES\DESKTOP\EL RESTO\PROGRAMA 05\PROGRAMA 05.ASM 194 : Found pseudo-op in column 1. (movfw)
Warning[205] C:\USERS\ANDRES\DESKTOP\EL RESTO\PROGRAMA 05\PROGRAMA 05.ASM 195 : Found directive in column 1. (banksel)
Warning[203] C:\USERS\ANDRES\DESKTOP\EL RESTO\PROGRAMA 05\PROGRAMA 05.ASM 196 : Found opcode in column 1. (movwf)
Warning[203] C:\USERS\ANDRES\DESKTOP\EL RESTO\PROGRAMA 05\PROGRAMA 05.ASM 197 : Found opcode in column 1. (clrf)
Warning[203] C:\USERS\ANDRES\DESKTOP\EL RESTO\PROGRAMA 05\PROGRAMA 05.ASM 202 : Found opcode in column 1. (swapf)
Warning[203] C:\USERS\ANDRES\DESKTOP\EL RESTO\PROGRAMA 05\PROGRAMA 05.ASM 203 : Found opcode in column 1. (andlw)
Warning[203] C:\USERS\ANDRES\DESKTOP\EL RESTO\PROGRAMA 05\PROGRAMA 05.ASM 204 : Found opcode in column 1. (movwf)
Warning[204] C:\USERS\ANDRES\DESKTOP\EL RESTO\PROGRAMA 05\PROGRAMA 05.ASM 205 : Found pseudo-op in column 1. (movfw)
Warning[203] C:\USERS\ANDRES\DESKTOP\EL RESTO\PROGRAMA 05\PROGRAMA 05.ASM 206 : Found opcode in column 1. (andlw)
Warning[203] C:\USERS\ANDRES\DESKTOP\EL RESTO\PROGRAMA 05\PROGRAMA 05.ASM 207 : Found opcode in column 1. (movwf)
