MPASM  5.51                   PROGRAMA 05.ASM   3-28-2016  21:52:50         PAGE  1


LOC  OBJECT CODE     LINE SOURCE TEXT
  VALUE

                      00001 ;;;;;;;;;;;;;;;;;;;;;;;;;;;;;;;;;;;;;;;;;;;;;;;;;;;;;;;;;;;;;;;;;;;;;;;;;;;;;;;;;;;;;;;;;;;;;;;;;;;;;
                      00002 ;;;;;;;;;;;;;;;;;;;;;;;;;;;;;;;;;;;;;;;;;;;;;;;;;;;;;;;;;;;;;;;;;;;;;;;;;;;;;;;;;;;;;;;;;;;;;;;;;;;;;
                      00003 ;NOMBRE:
                      00004 ;DESCRIPCION DEL PROGRAMA:
                      00005 ;
                      00006 ;
                      00007 ;
                      00008 ;
                      00009 ;
                      00010 ;;;;;;;;;;;;;;;;;;;;;;;;;;;;;;;;;;;;;;;;;;;;;;;;;;;;;;;;;;;;;;;;;;;;;;;;;;;;;;;;;;;;;;;;;;;;;;;;;;;;;
                      00011 ;;;;;;;;;;;;;;;;;;;;;;;;;;;;;;;;;;;;;;;;;;;;;;;;;;;;;;;;;;;;;;;;;;;;;;;;;;;;;;;;;;;;;;;;;;;;;;;;;;;;;
                      00012                                 INCLUDE <p16f887.inc>
                      00001         LIST
                      00002 
                      00003 ;==========================================================================
                      00004 ;  MPASM PIC16F887 processor include
                      00005 ; 
                      00006 ;  (c) Copyright 1999-2013 Microchip Technology, All rights reserved
                      00007 ;==========================================================================
                      00008 
                      00809         LIST
                      00013 
Warning[205]: Found directive in column 1. (__CONFIG)
2007   3FF4           00014 __CONFIG    _CONFIG1,_FOSC_INTRC_NOCLKOUT&_WDTE_OFF&_PWRTE_OFF&_MCLRE_ON
Warning[205]: Found directive in column 1. (__CONFIG)
2008   3FFF           00015 __CONFIG    _CONFIG2,_BOR40V
                      00016 
Warning[205]: Found directive in column 1. (EXTERN)
  0000                00017 EXTERN  DISPLAY
Warning[205]: Found directive in column 1. (EXTERN)
  0000                00018 EXTERN  HEX2BCD
                      00019 
  00000000            00020 W                       EQU 0           ;EQUIVALENTE ACUMULADOR
  00000001            00021 F                       EQU 1           ;EQUIVALENTE REGISTRO
  00000030            00022 display1        EQU 0x30        ;posición de memoria para direccionar el display.
  00000031            00023 display2        EQU 0x31
  00000032            00024 display3        EQU 0x32
  00000033            00025 display4        EQU 0x33
  00000034            00026 display5        EQU 0x34
  00000035            00027 display6        EQU 0x35
  00000036            00028 display7        EQU 0x36
  00000037            00029 display8        EQU 0x37
  00000040            00030 decena_unidad           EQU     0x40    ;registros decimales
  00000041            00031 unidadmil_centena       EQU     0x41
  00000042            00032 decenamil                       EQU     0x42
                      00033 ;;;;;;;;;;;;;;;;;;;;;;;;;;;;;;;;;;;;;;;;;;;;;;;;;;;;;;;;;;;;;;;;;;;;;;;;;;;;;;;;;;;;;;;;;;;;;;;;;;;;;
                      00034 ;       DATOS DE USUARIO
                      00035 ;;;;;;;;;;;;;;;;;;;;;;;;;;;;;;;;;;;;;;;;;;;;;;;;;;;;;;;;;;;;;;;;;;;;;;;;;;;;;;;;;;;;;;;;;;;;;;;;;;;;;
                      00036 
Warning[205]: Found directive in column 1. (UDATA)
                      00037 UDATA
                      00038 
0000                  00039 ___saveSTATUS   RES 1;  SALVA STATUS
MPASM  5.51                   PROGRAMA 05.ASM   3-28-2016  21:52:50         PAGE  2


LOC  OBJECT CODE     LINE SOURCE TEXT
  VALUE

0001                  00040 ___savePCLATH   RES 1;  SALVA PCLATCH
0002                  00041 ___saveW                RES 1;  SALVA ACUMULADOR
0003                  00042 milisegundos    RES     1
0004                  00043 segundos        RES 1
0005                  00044 minutos         RES     1
0006                  00045 horas           RES     1
                      00046 
                      00047 ;;;;;;;;;;;;;;;;;;;;;;;;;;;;;;;;;;;;;;;;;;;;;;;;;;;;;;;;;;;;;;;;;;;;;;;;;;;;;;;;;;;;;;;;;;;;;;;;;;;;;
                      00048 ;       VECTOR DE RESET
                      00049 ;;;;;;;;;;;;;;;;;;;;;;;;;;;;;;;;;;;;;;;;;;;;;;;;;;;;;;;;;;;;;;;;;;;;;;;;;;;;;;;;;;;;;;;;;;;;;;;;;;;;;
                      00050 VEC_RESET       CODE 0X0
Warning[205]: Found directive in column 1. (PAGESEL)
0000   ???? ????      00051 PAGESEL INICIO
Warning[203]: Found opcode in column 1. (goto)
0002   2???           00052 goto    INICIO          ;Etiqueta de inicio del programa
                      00053 
                      00054 ;;;;;;;;;;;;;;;;;;;;;;;;;;;;;;;;;;;;;;;;;;;;;;;;;;;;;;;;;;;;;;;;;;;;;;;;;;;;;;;;;;;;;;;;;;;;;;;;;;;;;
                      00055 ;       VECTOR DE INTERRUPCION
                      00056 ;;;;;;;;;;;;;;;;;;;;;;;;;;;;;;;;;;;;;;;;;;;;;;;;;;;;;;;;;;;;;;;;;;;;;;;;;;;;;;;;;;;;;;;;;;;;;;;;;;;;;
                      00057 VEC_INT CODE 0X04
                      00058 
Warning[205]: Found directive in column 1. (PAGESEL)
0004   ???? ????      00059 PAGESEL INTERRUPCION
Warning[203]: Found opcode in column 1. (goto)
0006   2???           00060 goto    INTERRUPCION            ;Etiqueta de inicio del programa
                      00061 
Warning[205]: Found directive in column 1. (CODE)
                      00062 CODE
                      00063 ;;;;;;;;;;;;;;;;;;;;;;;;;;;;;;;;;;;;;;;;;;;;;;;;;;;;;;;;;;;;;;;;;;;;;;;;;;;;;;;;;;;;
                      00064 ;;;;;;;;;;;;;;;;;;;;;;;;;;;;;;;;;;;;;;;;;;;;;;;;;;;;;;;;;;;;;;;;;;;;;;;;;;;;;;;;;;;;
                      00065 ;       PROGRAMA PRINCIPAL
                      00066 ;;;;;;;;;;;;;;;;;;;;;;;;;;;;;;;;;;;;;;;;;;;;;;;;;;;;;;;;;;;;;;;;;;;;;;;;;;;;;;;;;;;
                      00067 ;;;;;;;;;;;;;;;;;;;;;;;;;;;;;;;;;;;;;;;;;;;;;;;;;;;;;;;;;;;;;;;;;;;;;;;;;;;;;;;;;;;;
                      00068 
0000                  00069 INICIO:
                      00070 ;;;;;;;;;;;;;;;;;;;;;;;;;;;;;;;;;;;;;;;;;;;;;;;;;;;;;;;;;;;;;;;;;;;;;;;;;;;;;;;;;;;;
                      00071 ;       CONFIGURACIONES
                      00072 ;;;;;;;;;;;;;;;;;;;;;;;;;;;;;;;;;;;;;;;;;;;;;;;;;;;;;;;;;;;;;;;;;;;;;;;;;;;;;;;;;;;
                      00073 
0000   1683 1703      00074         banksel ANSELH
Message[302]: Register in operand not in bank 0.  Ensure that bank bits are correct.
0002   0189           00075         clrf    ANSELH
0003   1683 1303      00076         banksel TRISB
Message[302]: Register in operand not in bank 0.  Ensure that bank bits are correct.
0005   0186           00077         clrf    TRISB
Message[302]: Register in operand not in bank 0.  Ensure that bank bits are correct.
0006   1507           00078         bsf     TRISC,2
Message[302]: Register in operand not in bank 0.  Ensure that bank bits are correct.
0007   0188           00079         clrf    TRISD
0008   1283 1303      00080         banksel PORTB
000A   0186           00081         clrf    PORTB
000B   0187           00082         clrf    PORTC
000C   0188           00083         clrf    PORTD
MPASM  5.51                   PROGRAMA 05.ASM   3-28-2016  21:52:50         PAGE  3


LOC  OBJECT CODE     LINE SOURCE TEXT
  VALUE

                      00084         
                      00085 ;coNFIGURACIONES:       CCP1CON P1M1 P1M0 DC1B1 DC1B0 CCP1M3 CCP1M2 CCP1M1 CCP1M0 
                      00086 ;                                       CM2CON1 T1GSS
                      00087 ;                                       INTCON GIE PEIE
                      00088 ;                                       PIE1 CCP1IE TMR1IE 
                      00089 ;                                       PIR1 CCP1IF  TMR1IF 
                      00090 ;                                       T1CON T1GINV TMR1GE T1CKPS1 T1CKPS0 T1OSCEN T1SYNC TMR1CS TMR1ON
                      00091 ;                                       TRISC TRISC2 TRISC1 
                      00092 
000D   1683 1303      00093         BANKSEL PIE1
Message[302]: Register in operand not in bank 0.  Ensure that bank bits are correct.
000F   150C           00094         bsf PIE1,CCP1IE
0010   1283 1303      00095         BANKSEL T1CON
0012   3001           00096         movlw b'00000001'
0013   0090           00097         movwf T1CON
                      00098 
0014   1283 1303      00099         BANKSEL CCPR1H
0016   30C3           00100         movlw 0xc3
0017   0096           00101         movwf CCPR1H
0018   3050           00102         movlw 0x50
0019   0095           00103         movwf CCPR1L    ;una interrupcion cada 50ms
                      00104         
001A   1283 1303      00105         BANKSEL TMR1H
001C   018F           00106         clrf TMR1H
001D   018E           00107         clrf TMR1L
                      00108 
001E   1283 1303      00109         BANKSEL CCP1CON
0020   300A           00110         movlw b'00001010'       ;Compare mode, generate software interrupt on match 
0021   0097           00111         movwf   CCP1CON
0022   178B           00112         bsf     INTCON,GIE
0023   170B           00113         bsf     INTCON,PEIE
                      00114 
0024   3000           00115         movlw 0x00              ;display de anodo comun
0025   00B8           00116         movwf   0x38
                      00117 
0026   3008           00118         movlw 0x08              ;digitos por el puerto d
0027   00B9           00119         movwf   0x39
                      00120 
0028   3006           00121         movlw 0x06              ;multiplexacion por el puerto b
0029   00BA           00122         movwf   0x3A
                      00123 
                      00124 ;inicio en cero todos los digitos del display
002A   3000           00125         movlw 0x00
002B   00B0           00126         movwf   0x30
                      00127 
002C   3000           00128         movlw 0x00
002D   00B1           00129         movwf   0x31
                      00130 
002E   3000           00131         movlw 0x00
002F   00B2           00132         movwf   0x32
                      00133 
0030   3000           00134         movlw 0x00
0031   00B3           00135         movwf   0x33
MPASM  5.51                   PROGRAMA 05.ASM   3-28-2016  21:52:50         PAGE  4


LOC  OBJECT CODE     LINE SOURCE TEXT
  VALUE

                      00136 
0032   3000           00137         movlw 0x00
0033   00B4           00138         movwf   0x34
                      00139 
0034   3000           00140         movlw 0x00
0035   00B5           00141         movwf   0x35
                      00142 
0036   3000           00143         movlw 0x00
0037   00B6           00144         movwf   0x36
                      00145 
0038   3000           00146         movlw 0x00
0039   00B7           00147         movwf   0x37
                      00148 
003A   ???? ????      00149         banksel segundos
003C   01??           00150         clrf    segundos
003D   ???? ????      00151         banksel minutos
003F   01??           00152         clrf    minutos
0040   ???? ????      00153         banksel horas
0042   01??           00154         clrf    horas
                      00155 
                      00156 ;;;;;;;;;;;;;;;;;;;;;;;;;;;;;;;;;;;;;;;;;;;;;;;;;;;;;;;;;;;;;;;;;;;;;;;;;;;;;;;;;;;;
                      00157 ;       BUCLE PRINCIPAL
                      00158 ;;;;;;;;;;;;;;;;;;;;;;;;;;;;;;;;;;;;;;;;;;;;;;;;;;;;;;;;;;;;;;;;;;;;;;;;;;;;;;;;;;;
                      00159 
0043                  00160 bucle:
Warning[205]: Found directive in column 1. (banksel)
0043   ???? ????      00161 banksel segundos
Warning[204]: Found pseudo-op in column 1. (movfw)
0045   08??           00162 movfw   segundos
Warning[205]: Found directive in column 1. (banksel)
0046   1283 1303      00163 banksel 0x43
Warning[203]: Found opcode in column 1. (movwf)
0048   00C4           00164 movwf   0x44
Warning[203]: Found opcode in column 1. (clrf)
0049   01C3           00165 clrf    0x43
                      00166 
004A   ???? ????      00167         PAGESEL HEX2BCD
004C   2???           00168         call    HEX2BCD
                      00169 
Warning[203]: Found opcode in column 1. (swapf)
004D   0E40           00170 swapf   decena_unidad,w
Warning[203]: Found opcode in column 1. (andlw)
004E   390F           00171 andlw   0x0f
Warning[203]: Found opcode in column 1. (movwf)
004F   00B3           00172 movwf   display4
Warning[204]: Found pseudo-op in column 1. (movfw)
0050   0840           00173 movfw   decena_unidad
Warning[203]: Found opcode in column 1. (andlw)
0051   390F           00174 andlw   0x0f
Warning[203]: Found opcode in column 1. (movwf)
0052   00B2           00175 movwf   display3
                      00176 
Warning[205]: Found directive in column 1. (banksel)
MPASM  5.51                   PROGRAMA 05.ASM   3-28-2016  21:52:50         PAGE  5


LOC  OBJECT CODE     LINE SOURCE TEXT
  VALUE

0053   ???? ????      00177 banksel minutos
Warning[204]: Found pseudo-op in column 1. (movfw)
0055   08??           00178 movfw   minutos
Warning[205]: Found directive in column 1. (banksel)
0056   1283 1303      00179 banksel 0x43
Warning[203]: Found opcode in column 1. (movwf)
0058   00C4           00180 movwf   0x44
Warning[203]: Found opcode in column 1. (clrf)
0059   01C3           00181 clrf    0x43
                      00182 
005A   ???? ????      00183         PAGESEL HEX2BCD
005C   2???           00184         call    HEX2BCD
                      00185 
Warning[203]: Found opcode in column 1. (swapf)
005D   0E40           00186 swapf   decena_unidad,w
Warning[203]: Found opcode in column 1. (andlw)
005E   390F           00187 andlw   0x0f
Warning[203]: Found opcode in column 1. (movwf)
005F   00B5           00188 movwf   display6
Warning[204]: Found pseudo-op in column 1. (movfw)
0060   0840           00189 movfw   decena_unidad
Warning[203]: Found opcode in column 1. (andlw)
0061   390F           00190 andlw   0x0f
Warning[203]: Found opcode in column 1. (movwf)
0062   00B4           00191 movwf   display5
                      00192 
Warning[205]: Found directive in column 1. (banksel)
0063   ???? ????      00193 banksel horas
Warning[204]: Found pseudo-op in column 1. (movfw)
0065   08??           00194 movfw   horas
Warning[205]: Found directive in column 1. (banksel)
0066   1283 1303      00195 banksel 0x43
Warning[203]: Found opcode in column 1. (movwf)
0068   00C4           00196 movwf   0x44
Warning[203]: Found opcode in column 1. (clrf)
0069   01C3           00197 clrf    0x43
                      00198 
006A   ???? ????      00199         PAGESEL HEX2BCD
006C   2???           00200         call    HEX2BCD
                      00201 
Warning[203]: Found opcode in column 1. (swapf)
006D   0E40           00202 swapf   decena_unidad,w
Warning[203]: Found opcode in column 1. (andlw)
006E   390F           00203 andlw   0x0f
Warning[203]: Found opcode in column 1. (movwf)
006F   00B7           00204 movwf   display8
Warning[204]: Found pseudo-op in column 1. (movfw)
0070   0840           00205 movfw   decena_unidad
Warning[203]: Found opcode in column 1. (andlw)
0071   390F           00206 andlw   0x0f
Warning[203]: Found opcode in column 1. (movwf)
0072   00B6           00207 movwf   display7
                      00208 
MPASM  5.51                   PROGRAMA 05.ASM   3-28-2016  21:52:50         PAGE  6


LOC  OBJECT CODE     LINE SOURCE TEXT
  VALUE

0073   ???? ????      00209         PAGESEL DISPLAY
0075   2???           00210         call    DISPLAY
                      00211 
0076   2???           00212         goto bucle       
                      00213 
                      00214 ;;;;;;;;;;;;;;;;;;;;;;;;;;;;;;;;;;;;;;;;;;;;;;;;;;;;;;;;;;;;;;;;;;;;;;;;;;;;;;;;;;;;
                      00215 ;;;;;;;;;;;;;;;;;;;;;;;;;;;;;;;;;;;;;;;;;;;;;;;;;;;;;;;;;;;;;;;;;;;;;;;;;;;;;;;;;;;;
                      00216 ;       INTERRUPCIONES
                      00217 ;;;;;;;;;;;;;;;;;;;;;;;;;;;;;;;;;;;;;;;;;;;;;;;;;;;;;;;;;;;;;;;;;;;;;;;;;;;;;;;;;;;
                      00218 ;;;;;;;;;;;;;;;;;;;;;;;;;;;;;;;;;;;;;;;;;;;;;;;;;;;;;;;;;;;;;;;;;;;;;;;;;;;;;;;;;;;;
                      00219 
0077                  00220 INTERRUPCION:
                      00221 
                      00222 ;;;;;;;;;;;;;;;;;;;;;;;;;;;;;;;;;;;;;;;;;;;;;;;;;;;;;;;;;;;;;;;;;;;;;;;;;;;;;;;;;;;;;;;;;;;;;;;;;;;;;;;;
                            ;;
                      00223 ;       Rutina de salvatage del estado de operación del microcontrolador antes de la llamada a interrupc
                            ión
                      00224 ;;;;;;;;;;;;;;;;;;;;;;;;;;;;;;;;;;;;;;;;;;;;;;;;;;;;;;;;;;;;;;;;;;;;;;;;;;;;;;;;;;;;;;;;;;;;;;;;;;;;;;;;
                            ;;
                      00225 
0077   00??           00226         movwf      ___saveW
0078   0E03           00227         swapf      STATUS,W
0079   0183           00228         clrf       STATUS
007A   00??           00229         movwf      ___saveSTATUS
007B   080A           00230         movf       PCLATH,W
007C   00??           00231         movwf      ___savePCLATH
007D   018A           00232         clrf       PCLATH
                      00233 
                      00234 ;;;;;;;;;;;;;;;;;;;;;;;;;;;;;;;;;;;;;;;;;;;;;;;;;;;;;;;;;;;;;;;;;;;;;;;;;;;;;;;;;;;;;;;;;;;;;;;;;;;;;;;;
                            ;;
                      00235 ;       Atención de la interrupción, 
                      00236 ;;;;;;;;;;;;;;;;;;;;;;;;;;;;;;;;;;;;;;;;;;;;;;;;;;;;;;;;;;;;;;;;;;;;;;;;;;;;;;;;;;;;;;;;;;;;;;;;;;;;;;;;
                            ;;
007E   1283 1303      00237         BANKSEL PIR1
                      00238 
0080   110C           00239         bcf     PIR1,CCP1IF
                      00240 
0081   1283 1303      00241         BANKSEL TMR1H
0083   018F           00242         clrf TMR1H
0084   018E           00243         clrf TMR1L
                      00244 
0085   ???? ????      00245         BANKSEL milisegundos
0087   0A??           00246         incf    milisegundos,f
0088   3014           00247         movlw   0x14    ;14 veces 50ms = 1s
0089   06??           00248         xorwf   milisegundos,W
008A   1D03           00249         btfss   STATUS,Z
008B   2???           00250         goto SALIDA
008C   01??           00251         clrf    milisegundos
                      00252 
008D   ???? ????      00253         BANKSEL segundos
008F   0A??           00254         incf    segundos,f
0090   303C           00255         movlw   0x3c
0091   06??           00256         xorwf   segundos,W
MPASM  5.51                   PROGRAMA 05.ASM   3-28-2016  21:52:50         PAGE  7


LOC  OBJECT CODE     LINE SOURCE TEXT
  VALUE

0092   1D03           00257         btfss   STATUS,Z
0093   2???           00258         goto SALIDA
0094   01??           00259         clrf    segundos
                      00260 
0095   ???? ????      00261         BANKSEL minutos
0097   0A??           00262         incf    minutos,f
0098   303C           00263         movlw   0x3c
0099   06??           00264         xorwf   minutos,W
009A   1D03           00265         btfss   STATUS,Z
009B   2???           00266         goto SALIDA
009C   01??           00267         clrf    minutos
                      00268 
009D   ???? ????      00269         BANKSEL horas
009F   0A??           00270         incf    horas,f
00A0   3018           00271         movlw   0x18
00A1   06??           00272         xorwf   horas,W
00A2   1D03           00273         btfss   STATUS,Z
00A3   2???           00274         goto SALIDA
00A4   01??           00275         clrf    horas
                      00276 
                      00277 ;       clrf    0x31
                      00278 ;       incf    0x32
                      00279 ;       movlw   0x0A
                      00280 ;       xorwf   0x32,W
                      00281 ;       btfss   STATUS,Z
                      00282 ;       goto SALIDA
                      00283 ;       clrf    0x32
                      00284 ;       incf    0x33
                      00285 ;       movlw   0x0A
                      00286 ;       xorwf   0x33,W
                      00287 ;       btfss   STATUS,Z
                      00288 ;       goto SALIDA
                      00289 ;       clrf    0x33
                      00290 ;       incf    0x34
                      00291 ;       movlw   0x06
                      00292 ;       xorwf   0x34,W
                      00293 ;       btfss   STATUS,Z
                      00294 ;       goto SALIDA
                      00295 ;       clrf    0x34    
                      00296 ;       incf    0x35
                      00297 ;       movlw   0x0A
                      00298 ;       xorwf   0x33,W
                      00299 ;       btfss   STATUS,Z
                      00300 ;       goto SALIDA
                      00301 ;       clrf    0x35
                      00302 ;       incf    0x36
                      00303 ;       movlw   0x06
                      00304 ;       xorwf   0x36,W
                      00305 ;       btfss   STATUS,Z
                      00306 ;       goto SALIDA
                      00307 ;       clrf    0x36
                      00308 
                      00309         
MPASM  5.51                   PROGRAMA 05.ASM   3-28-2016  21:52:50         PAGE  8


LOC  OBJECT CODE     LINE SOURCE TEXT
  VALUE

                      00310 ;;;;;;;;;;;;;;;;;;;;;;;;;;;;;;;;;;;;;;;;;;;;;;;;;;;;;;;;;;;;;;;;;;;;;;;;;;;;;;;;;;;;;;;;;;;;;;;;;;;;;;;;
                            ;;
                      00311 ;       Rutina de recuperación del estado de operación del microcontrolador antes del retorno desde la i
                            nterrupción
                      00312 ;;;;;;;;;;;;;;;;;;;;;;;;;;;;;;;;;;;;;;;;;;;;;;;;;;;;;;;;;;;;;;;;;;;;;;;;;;;;;;;;;;;;;;;;;;;;;;;;;;;;;;;;
                            ;;
                      00313 
00A5                  00314 SALIDA:
00A5   08??           00315         movf       ___savePCLATH,W
00A6   008A           00316         movwf      PCLATH
00A7   0E??           00317         swapf      ___saveSTATUS,W
00A8   0083           00318         movwf      STATUS
00A9   0E??           00319         swapf      ___saveW,F
00AA   0E??           00320         swapf      ___saveW,W
00AB   0009           00321         retfie
                      00322 
                      00323 ;;;;;;;;;;;;;;;;;;;;;;;;;;;;;;;;;;;;;;;;;;;;;;;;;;;;;;;;;;;;;;;;;;;;;;;;;;;;;;;;;;;;
                      00324 ;;;;;;;;;;;;;;;;;;;;;;;;;;;;;;;;;;;;;;;;;;;;;;;;;;;;;;;;;;;;;;;;;;;;;;;;;;;;;;;;;;;;
                      00325 ;       SUBRUTINAS LOCALES
                      00326 ;;;;;;;;;;;;;;;;;;;;;;;;;;;;;;;;;;;;;;;;;;;;;;;;;;;;;;;;;;;;;;;;;;;;;;;;;;;;;;;;;;;
                      00327 ;;;;;;;;;;;;;;;;;;;;;;;;;;;;;;;;;;;;;;;;;;;;;;;;;;;;;;;;;;;;;;;;;;;;;;;;;;;;;;;;;;;;
                      00328 
                      00329 
                      00330 
                      00331 ;;;;;;;;;;;;;;;;;;;;;;;;;;;;;;;;;;;;;;;;;;;;;;;;;;;;;;;;;;;;;;;;;;;;;;;;;;;;;;;;;;;;
                      00332 ;;;;;;;;;;;;;;;;;;;;;;;;;;;;;;;;;;;;;;;;;;;;;;;;;;;;;;;;;;;;;;;;;;;;;;;;;;;;;;;;;;;;
                      00333 ;       TABLAS
                      00334 ;;;;;;;;;;;;;;;;;;;;;;;;;;;;;;;;;;;;;;;;;;;;;;;;;;;;;;;;;;;;;;;;;;;;;;;;;;;;;;;;;;;
                      00335 ;;;;;;;;;;;;;;;;;;;;;;;;;;;;;;;;;;;;;;;;;;;;;;;;;;;;;;;;;;;;;;;;;;;;;;;;;;;;;;;;;;;;
                      00336 
                      00337 
                      00338 
                      00339 
3FF4 3FFF             00340                 END
MPASM  5.51                   PROGRAMA 05.ASM   3-28-2016  21:52:50         PAGE  9


SYMBOL TABLE
  LABEL                             VALUE 

ABDEN                             00000000
ABDOVF                            00000007
ACKDT                             00000005
ACKEN                             00000004
ACKSTAT                           00000006
ADCON0                            0000001F
ADCON1                            0000009F
ADCS0                             00000006
ADCS1                             00000007
ADDEN                             00000003
ADFM                              00000007
ADIE                              00000006
ADIF                              00000006
ADON                              00000000
ADRESH                            0000001E
ADRESL                            0000009E
ANS0                              00000000
ANS1                              00000001
ANS10                             00000002
ANS11                             00000003
ANS12                             00000004
ANS13                             00000005
ANS2                              00000002
ANS3                              00000003
ANS4                              00000004
ANS5                              00000005
ANS6                              00000006
ANS7                              00000007
ANS8                              00000000
ANS9                              00000001
ANSEL                             00000188
ANSELH                            00000189
BAUDCTL                           00000187
BCLIE                             00000003
BCLIF                             00000003
BF                                00000000
BRG0                              00000000
BRG1                              00000001
BRG10                             00000002
BRG11                             00000003
BRG12                             00000004
BRG13                             00000005
BRG14                             00000006
BRG15                             00000007
BRG16                             00000003
BRG2                              00000002
BRG3                              00000003
BRG4                              00000004
BRG5                              00000005
BRG6                              00000006
BRG7                              00000007
BRG8                              00000000
BRG9                              00000001
MPASM  5.51                   PROGRAMA 05.ASM   3-28-2016  21:52:50         PAGE 10


SYMBOL TABLE
  LABEL                             VALUE 

BRGH                              00000002
C                                 00000000
C1CH0                             00000000
C1CH1                             00000001
C1IE                              00000005
C1IF                              00000005
C1OE                              00000005
C1ON                              00000007
C1OUT                             00000006
C1POL                             00000004
C1R                               00000002
C1RSEL                            00000005
C1SEN                             00000005
C2CH0                             00000000
C2CH1                             00000001
C2IE                              00000006
C2IF                              00000006
C2OE                              00000005
C2ON                              00000007
C2OUT                             00000006
C2POL                             00000004
C2R                               00000002
C2REN                             00000004
C2RSEL                            00000004
C2SYNC                            00000000
CCP1CON                           00000017
CCP1IE                            00000002
CCP1IF                            00000002
CCP1M0                            00000000
CCP1M1                            00000001
CCP1M2                            00000002
CCP1M3                            00000003
CCP1X                             00000005
CCP1Y                             00000004
CCP2CON                           0000001D
CCP2IE                            00000000
CCP2IF                            00000000
CCP2M0                            00000000
CCP2M1                            00000001
CCP2M2                            00000002
CCP2M3                            00000003
CCP2X                             00000005
CCP2Y                             00000004
CCPR1                             00000015
CCPR1H                            00000016
CCPR1L                            00000015
CCPR2                             0000001B
CCPR2H                            0000001C
CCPR2L                            0000001B
CHS0                              00000002
CHS1                              00000003
CHS2                              00000004
CHS3                              00000005
MPASM  5.51                   PROGRAMA 05.ASM   3-28-2016  21:52:50         PAGE 11


SYMBOL TABLE
  LABEL                             VALUE 

CKE                               00000006
CKP                               00000004
CM1CON0                           00000107
CM2CON0                           00000108
CM2CON1                           00000109
CREN                              00000004
CSRC                              00000007
D                                 00000005
DATA_ADDRESS                      00000005
DC                                00000001
DC1B0                             00000004
DC1B1                             00000005
DC2B0                             00000004
DC2B1                             00000005
DISPLAY                           00000000
D_A                               00000005
D_NOT_A                           00000005
ECCPAS                            0000009C
ECCPAS0                           00000004
ECCPAS1                           00000005
ECCPAS2                           00000006
ECCPASE                           00000007
EEADR                             0000010D
EEADRH                            0000010F
EECON1                            0000018C
EECON2                            0000018D
EEDAT                             0000010C
EEDATA                            0000010C
EEDATH                            0000010E
EEIE                              00000004
EEIF                              00000004
EEPGD                             00000007
F                                 00000001
FERR                              00000002
FSR                               00000004
FVREN                             00000000
GCEN                              00000007
GIE                               00000007
GO                                00000001
GO_DONE                           00000001
GO_NOT_DONE                       00000001
HEX2BCD                           00000000
HTS                               00000002
I2C_DATA                          00000005
I2C_READ                          00000002
I2C_START                         00000003
I2C_STOP                          00000004
INDF                              00000000
INICIO                            00000000
INTCON                            0000000B
INTE                              00000004
INTEDG                            00000006
INTERRUPCION                      00000077
MPASM  5.51                   PROGRAMA 05.ASM   3-28-2016  21:52:50         PAGE 12


SYMBOL TABLE
  LABEL                             VALUE 

INTF                              00000001
IOCB                              00000096
IOCB0                             00000000
IOCB1                             00000001
IOCB2                             00000002
IOCB3                             00000003
IOCB4                             00000004
IOCB5                             00000005
IOCB6                             00000006
IOCB7                             00000007
IRCF0                             00000004
IRCF1                             00000005
IRCF2                             00000006
IRP                               00000007
LTS                               00000001
MC1OUT                            00000007
MC2OUT                            00000006
MSK                               00000093
MSK0                              00000000
MSK1                              00000001
MSK2                              00000002
MSK3                              00000003
MSK4                              00000004
MSK5                              00000005
MSK6                              00000006
MSK7                              00000007
NOT_A                             00000005
NOT_ADDRESS                       00000005
NOT_BO                            00000000
NOT_BOR                           00000000
NOT_DONE                          00000001
NOT_PD                            00000003
NOT_POR                           00000001
NOT_RBPU                          00000007
NOT_RC8                           00000006
NOT_T1SYNC                        00000002
NOT_TO                            00000004
NOT_TX8                           00000006
NOT_W                             00000002
NOT_WRITE                         00000002
OERR                              00000001
OPTION_REG                        00000081
OSCCON                            0000008F
OSCTUNE                           00000090
OSFIE                             00000007
OSFIF                             00000007
OSTS                              00000003
P                                 00000004
P1M0                              00000006
P1M1                              00000007
PCL                               00000002
PCLATH                            0000000A
PCON                              0000008E
MPASM  5.51                   PROGRAMA 05.ASM   3-28-2016  21:52:50         PAGE 13


SYMBOL TABLE
  LABEL                             VALUE 

PDC0                              00000000
PDC1                              00000001
PDC2                              00000002
PDC3                              00000003
PDC4                              00000004
PDC5                              00000005
PDC6                              00000006
PEIE                              00000006
PEN                               00000002
PIE1                              0000008C
PIE2                              0000008D
PIR1                              0000000C
PIR2                              0000000D
PORTA                             00000005
PORTB                             00000006
PORTC                             00000007
PORTD                             00000008
PORTE                             00000009
PR2                               00000092
PRSEN                             00000007
PS0                               00000000
PS1                               00000001
PS2                               00000002
PSA                               00000003
PSSAC0                            00000002
PSSAC1                            00000003
PSSBD0                            00000000
PSSBD1                            00000001
PSTRCON                           0000009D
PULSR                             00000002
PULSS                             00000003
PWM1CON                           0000009B
R                                 00000002
RA0                               00000000
RA1                               00000001
RA2                               00000002
RA3                               00000003
RA4                               00000004
RA5                               00000005
RA6                               00000006
RA7                               00000007
RB0                               00000000
RB1                               00000001
RB2                               00000002
RB3                               00000003
RB4                               00000004
RB5                               00000005
RB6                               00000006
RB7                               00000007
RBIE                              00000003
RBIF                              00000000
RC0                               00000000
RC1                               00000001
MPASM  5.51                   PROGRAMA 05.ASM   3-28-2016  21:52:50         PAGE 14


SYMBOL TABLE
  LABEL                             VALUE 

RC2                               00000002
RC3                               00000003
RC4                               00000004
RC5                               00000005
RC6                               00000006
RC7                               00000007
RC8_9                             00000006
RC9                               00000006
RCD8                              00000000
RCEN                              00000003
RCIDL                             00000006
RCIE                              00000005
RCIF                              00000005
RCREG                             0000001A
RCSTA                             00000018
RD                                00000000
RD0                               00000000
RD1                               00000001
RD2                               00000002
RD3                               00000003
RD4                               00000004
RD5                               00000005
RD6                               00000006
RD7                               00000007
RE0                               00000000
RE1                               00000001
RE2                               00000002
RE3                               00000003
READ_WRITE                        00000002
RP0                               00000005
RP1                               00000006
RSEN                              00000001
RX9                               00000006
RX9D                              00000000
R_NOT_W                           00000002
R_W                               00000002
S                                 00000003
SALIDA                            000000A5
SBOREN                            00000004
SCKP                              00000004
SCS                               00000000
SEN                               00000000
SENDB                             00000003
SMP                               00000007
SPBRG                             00000099
SPBRGH                            0000009A
SPEN                              00000007
SR0                               00000006
SR1                               00000007
SRCON                             00000185
SREN                              00000005
SSPADD                            00000093
SSPBUF                            00000013
MPASM  5.51                   PROGRAMA 05.ASM   3-28-2016  21:52:50         PAGE 15


SYMBOL TABLE
  LABEL                             VALUE 

SSPCON                            00000014
SSPCON2                           00000091
SSPEN                             00000005
SSPIE                             00000003
SSPIF                             00000003
SSPM0                             00000000
SSPM1                             00000001
SSPM2                             00000002
SSPM3                             00000003
SSPMSK                            00000093
SSPOV                             00000006
SSPSTAT                           00000094
STATUS                            00000003
STRA                              00000000
STRB                              00000001
STRC                              00000002
STRD                              00000003
STRSYNC                           00000004
SWDTEN                            00000000
SYNC                              00000004
T0CS                              00000005
T0IE                              00000005
T0IF                              00000002
T0SE                              00000004
T1CKPS0                           00000004
T1CKPS1                           00000005
T1CON                             00000010
T1GINV                            00000007
T1GIV                             00000007
T1GSS                             00000001
T1INSYNC                          00000002
T1OSCEN                           00000003
T1SYNC                            00000002
T2CKPS0                           00000000
T2CKPS1                           00000001
T2CON                             00000012
TMR0                              00000001
TMR0IE                            00000005
TMR0IF                            00000002
TMR1                              0000000E
TMR1CS                            00000001
TMR1GE                            00000006
TMR1H                             0000000F
TMR1IE                            00000000
TMR1IF                            00000000
TMR1L                             0000000E
TMR1ON                            00000000
TMR2                              00000011
TMR2IE                            00000001
TMR2IF                            00000001
TMR2ON                            00000002
TOUTPS0                           00000003
TOUTPS1                           00000004
MPASM  5.51                   PROGRAMA 05.ASM   3-28-2016  21:52:50         PAGE 16


SYMBOL TABLE
  LABEL                             VALUE 

TOUTPS2                           00000005
TOUTPS3                           00000006
TRISA                             00000085
TRISA0                            00000000
TRISA1                            00000001
TRISA2                            00000002
TRISA3                            00000003
TRISA4                            00000004
TRISA5                            00000005
TRISA6                            00000006
TRISA7                            00000007
TRISB                             00000086
TRISB0                            00000000
TRISB1                            00000001
TRISB2                            00000002
TRISB3                            00000003
TRISB4                            00000004
TRISB5                            00000005
TRISB6                            00000006
TRISB7                            00000007
TRISC                             00000087
TRISC0                            00000000
TRISC1                            00000001
TRISC2                            00000002
TRISC3                            00000003
TRISC4                            00000004
TRISC5                            00000005
TRISC6                            00000006
TRISC7                            00000007
TRISD                             00000088
TRISD0                            00000000
TRISD1                            00000001
TRISD2                            00000002
TRISD3                            00000003
TRISD4                            00000004
TRISD5                            00000005
TRISD6                            00000006
TRISD7                            00000007
TRISE                             00000089
TRISE0                            00000000
TRISE1                            00000001
TRISE2                            00000002
TRISE3                            00000003
TRMT                              00000001
TUN0                              00000000
TUN1                              00000001
TUN2                              00000002
TUN3                              00000003
TUN4                              00000004
TX8_9                             00000006
TX9                               00000006
TX9D                              00000000
TXD8                              00000000
MPASM  5.51                   PROGRAMA 05.ASM   3-28-2016  21:52:50         PAGE 17


SYMBOL TABLE
  LABEL                             VALUE 

TXEN                              00000005
TXIE                              00000004
TXIF                              00000004
TXREG                             00000019
TXSTA                             00000098
UA                                00000001
ULPWUE                            00000005
ULPWUIE                           00000002
ULPWUIF                           00000002
VCFG0                             00000004
VCFG1                             00000005
VR0                               00000000
VR1                               00000001
VR2                               00000002
VR3                               00000003
VRCON                             00000097
VREN                              00000007
VROE                              00000006
VRR                               00000005
VRSS                              00000004
W                                 00000000
WCOL                              00000007
WDTCON                            00000105
WDTPS0                            00000001
WDTPS1                            00000002
WDTPS2                            00000003
WDTPS3                            00000004
WPUB                              00000095
WPUB0                             00000000
WPUB1                             00000001
WPUB2                             00000002
WPUB3                             00000003
WPUB4                             00000004
WPUB5                             00000005
WPUB6                             00000006
WPUB7                             00000007
WR                                00000001
WREN                              00000002
WRERR                             00000003
WUE                               00000001
Z                                 00000002
_BOR21V                           00003EFF
_BOR40V                           00003FFF
_BOR4V_BOR21V                     00003EFF
_BOR4V_BOR40V                     00003FFF
_BOREN_NSLEEP                     00003EFF
_BOREN_OFF                        00003CFF
_BOREN_ON                         00003FFF
_BOREN_SBODEN                     00003DFF
_BOR_NSLEEP                       00003EFF
_BOR_OFF                          00003CFF
_BOR_ON                           00003FFF
_BOR_SBODEN                       00003DFF
MPASM  5.51                   PROGRAMA 05.ASM   3-28-2016  21:52:50         PAGE 18


SYMBOL TABLE
  LABEL                             VALUE 

_CONFIG1                          00002007
_CONFIG2                          00002008
_CPD_OFF                          00003FFF
_CPD_ON                           00003F7F
_CP_OFF                           00003FFF
_CP_ON                            00003FBF
_DEBUG_OFF                        00003FFF
_DEBUG_ON                         00001FFF
_DEVID1                           00002006
_EC_OSC                           00003FFB
_EXTRC                            00003FFF
_EXTRCIO                          00003FFE
_EXTRC_OSC_CLKOUT                 00003FFF
_EXTRC_OSC_NOCLKOUT               00003FFE
_FCMEN_OFF                        000037FF
_FCMEN_ON                         00003FFF
_FOSC_EC                          00003FFB
_FOSC_EXTRC_CLKOUT                00003FFF
_FOSC_EXTRC_NOCLKOUT              00003FFE
_FOSC_HS                          00003FFA
_FOSC_INTRC_CLKOUT                00003FFD
_FOSC_INTRC_NOCLKOUT              00003FFC
_FOSC_LP                          00003FF8
_FOSC_XT                          00003FF9
_HS_OSC                           00003FFA
_IDLOC0                           00002000
_IDLOC1                           00002001
_IDLOC2                           00002002
_IDLOC3                           00002003
_IESO_OFF                         00003BFF
_IESO_ON                          00003FFF
_INTOSC                           00003FFD
_INTOSCIO                         00003FFC
_INTRC_OSC_CLKOUT                 00003FFD
_INTRC_OSC_NOCLKOUT               00003FFC
_LP_OSC                           00003FF8
_LVP_OFF                          00002FFF
_LVP_ON                           00003FFF
_MCLRE_OFF                        00003FDF
_MCLRE_ON                         00003FFF
_PWRTE_OFF                        00003FFF
_PWRTE_ON                         00003FEF
_WDTE_OFF                         00003FF7
_WDTE_ON                          00003FFF
_WDT_OFF                          00003FF7
_WDT_ON                           00003FFF
_WRT_1FOURTH                      00003BFF
_WRT_256                          00003DFF
_WRT_HALF                         000039FF
_WRT_OFF                          00003FFF
_XT_OSC                           00003FF9
__16F887                          00000001
__DEBUG                           1
MPASM  5.51                   PROGRAMA 05.ASM   3-28-2016  21:52:50         PAGE 19


SYMBOL TABLE
  LABEL                             VALUE 

___savePCLATH                     00000001
___saveSTATUS                     00000000
___saveW                          00000002
bucle                             00000043
decena_unidad                     00000040
decenamil                         00000042
display1                          00000030
display2                          00000031
display3                          00000032
display4                          00000033
display5                          00000034
display6                          00000035
display7                          00000036
display8                          00000037
horas                             00000006
milisegundos                      00000003
minutos                           00000005
segundos                          00000004
unidadmil_centena                 00000041

Errors   :     0
Warnings :    43 reported,     0 suppressed
Messages :     5 reported,     0 suppressed

