Warning[205] C:\USERS\ANDRES\DESKTOP\EL RESTO\PROGRAMA 05\DISPLAY.ASM 12 : Found directive in column 1. (GLOBAL)
Warning[205] C:\USERS\ANDRES\DESKTOP\EL RESTO\PROGRAMA 05\DISPLAY.ASM 26 : Found directive in column 1. (UDATA)
Warning[205] C:\USERS\ANDRES\DESKTOP\EL RESTO\PROGRAMA 05\DISPLAY.ASM 33 : Found directive in column 1. (CODE)
Warning[205] C:\USERS\ANDRES\DESKTOP\EL RESTO\PROGRAMA 05\DISPLAY.ASM 66 : Found directive in column 1. (banksel)
Warning[203] C:\USERS\ANDRES\DESKTOP\EL RESTO\PROGRAMA 05\DISPLAY.ASM 67 : Found opcode in column 1. (movf)
Warning[203] C:\USERS\ANDRES\DESKTOP\EL RESTO\PROGRAMA 05\DISPLAY.ASM 68 : Found opcode in column 1. (xorlw)
Warning[203] C:\USERS\ANDRES\DESKTOP\EL RESTO\PROGRAMA 05\DISPLAY.ASM 69 : Found opcode in column 1. (btfss)
Warning[203] C:\USERS\ANDRES\DESKTOP\EL RESTO\PROGRAMA 05\DISPLAY.ASM 70 : Found opcode in column 1. (goto)
Warning[205] C:\USERS\ANDRES\DESKTOP\EL RESTO\PROGRAMA 05\DISPLAY.ASM 71 : Found directive in column 1. (banksel)
Warning[203] C:\USERS\ANDRES\DESKTOP\EL RESTO\PROGRAMA 05\DISPLAY.ASM 72 : Found opcode in column 1. (btfss)
Warning[203] C:\USERS\ANDRES\DESKTOP\EL RESTO\PROGRAMA 05\DISPLAY.ASM 73 : Found opcode in column 1. (goto)
Warning[203] C:\USERS\ANDRES\DESKTOP\EL RESTO\PROGRAMA 05\DISPLAY.ASM 74 : Found opcode in column 1. (bsf)
Warning[203] C:\USERS\ANDRES\DESKTOP\EL RESTO\PROGRAMA 05\DISPLAY.ASM 75 : Found opcode in column 1. (goto)
Warning[203] C:\USERS\ANDRES\DESKTOP\EL RESTO\PROGRAMA 05\DISPLAY.ASM 76 : Found opcode in column 1. (bcf)
Warning[205] C:\USERS\ANDRES\DESKTOP\EL RESTO\PROGRAMA 05\DISPLAY.ASM 78 : Found directive in column 1. (banksel)
Warning[203] C:\USERS\ANDRES\DESKTOP\EL RESTO\PROGRAMA 05\DISPLAY.ASM 79 : Found opcode in column 1. (movf)
Warning[203] C:\USERS\ANDRES\DESKTOP\EL RESTO\PROGRAMA 05\DISPLAY.ASM 80 : Found opcode in column 1. (xorlw)
Warning[203] C:\USERS\ANDRES\DESKTOP\EL RESTO\PROGRAMA 05\DISPLAY.ASM 81 : Found opcode in column 1. (btfss)
Warning[203] C:\USERS\ANDRES\DESKTOP\EL RESTO\PROGRAMA 05\DISPLAY.ASM 82 : Found opcode in column 1. (goto)
Warning[205] C:\USERS\ANDRES\DESKTOP\EL RESTO\PROGRAMA 05\DISPLAY.ASM 83 : Found directive in column 1. (banksel)
Warning[203] C:\USERS\ANDRES\DESKTOP\EL RESTO\PROGRAMA 05\DISPLAY.ASM 84 : Found opcode in column 1. (btfss)
Warning[203] C:\USERS\ANDRES\DESKTOP\EL RESTO\PROGRAMA 05\DISPLAY.ASM 85 : Found opcode in column 1. (goto)
Warning[203] C:\USERS\ANDRES\DESKTOP\EL RESTO\PROGRAMA 05\DISPLAY.ASM 86 : Found opcode in column 1. (bsf)
Warning[203] C:\USERS\ANDRES\DESKTOP\EL RESTO\PROGRAMA 05\DISPLAY.ASM 87 : Found opcode in column 1. (goto)
Warning[203] C:\USERS\ANDRES\DESKTOP\EL RESTO\PROGRAMA 05\DISPLAY.ASM 88 : Found opcode in column 1. (bcf)
Warning[203] C:\USERS\ANDRES\DESKTOP\EL RESTO\PROGRAMA 05\DISPLAY.ASM 102 : Found opcode in column 1. (movwf)
