MPASM  5.51                       HEX2BSD.ASM   3-27-2016  11:52:46         PAGE  1


LOC  OBJECT CODE     LINE SOURCE TEXT
  VALUE

                      00001 ;Libreria para convertir digitos hexadecimales a bsd, cada digito se almacena
                      00002 ;en un cuarteto de byte (2 digitos bcd por byte)
                      00003 ;el numero a transformar debe ser colocado en las posociones 0x43 la parte
                      00004 ;más significativa y en 0x44 la parte menos significativa del número 
                      00005 ;hexadecimal
                      00006 ;las respuestas de guardan en
                      00007 ;decena_unidad          EQU     0x40    ;registros decimales
                      00008 ;unidadmil_centena      EQU     0x41
                      00009 ;decenamil                      EQU     0x42
                      00010 
                      00011 
                      00012         LIST P = 16F887 ;Indicamos el modelo de PIC a utilizar
                      00013         INCLUDE <p16f887.inc>
                      00001         LIST
                      00002 
                      00003 ;==========================================================================
                      00004 ;  MPASM PIC16F887 processor include
                      00005 ; 
                      00006 ;  (c) Copyright 1999-2013 Microchip Technology, All rights reserved
                      00007 ;==========================================================================
                      00008 
                      00809         LIST
                      00014 
Warning[205]: Found directive in column 1. (GLOBAL)
  0000                00015 GLOBAL  HEX2BCD
                      00016 
  00000040            00017 bcd10   EQU     0x40    ;registros decimales
  00000041            00018 bcd32   EQU     0x41
  00000042            00019 bcd4    EQU     0x42
  00000043            00020 hexH    EQU     0x43    ;registro a transformar
  00000044            00021 hexL    EQU     0x44
                      00022 
Warning[205]: Found directive in column 1. (UDATA)
                      00023 UDATA
0000                  00024 contador        RES     1       ;detiene el algoritmo
                      00025 
Warning[205]: Found directive in column 1. (CODE)
                      00026 CODE
0000                  00027 HEX2BCD:
0000   300F           00028         movlw   0x0f    ;numero para detener el algoritmo
0001   ???? ????      00029         banksel contador
0003   00??           00030         movwf   contador
0004   01C0           00031         clrf    bcd10   ;inicio en cero los registros decimales
0005   01C1           00032         clrf    bcd32
0006   01C2           00033         clrf    bcd4
0007                  00034 Paso_2:
                      00035 ;Colocar el bit más significativo del registro binario en la 
                      00036 ;posición del bit menos significativo del registro decimal
0007   1283 1303      00037         banksel hexH
0009   1FC3           00038         btfss   hexH,7
000A   2???           00039         goto    $+2
000B   2???           00040         goto    $+3
000C   1040           00041         bcf             bcd10,0
MPASM  5.51                       HEX2BSD.ASM   3-27-2016  11:52:46         PAGE  2


LOC  OBJECT CODE     LINE SOURCE TEXT
  VALUE

000D   2???           00042         goto    $+2
000E   1440           00043         bsf             bcd10,0
                      00044 
                      00045 ;Revisar para cada digito del registro decimal si excede el 
                      00046 ;número cuatro (0100), es decir, es igual o mayor a cinco, 
                      00047 ;de ser así, le sumaremos tres (0011), en caso contrario, no hacer nada
000F   0EC0           00048         swapf   bcd10,f ;para no afectar con acarreos a la parte baja
0010   3040           00049         movlw   bcd10
0011   0084           00050         movwf   FSR
0012   2???           00051         call    Paso3
0013   0EC0           00052         swapf   bcd10,f ;para regresar al numero original
0014   2???           00053         call    Paso3
                      00054 ;segundo registro
Message[305]: Using default destination of 1 (file).
0015   0A84           00055         incf    FSR
0016   0E80           00056         swapf   INDF,f  ;para no afectar con acarreos a la parte baja
0017   2???           00057         call    Paso3
0018   0E80           00058         swapf   INDF,f  ;para regresar al numero original
0019   2???           00059         call    Paso3
                      00060 ;tercer registro
Message[305]: Using default destination of 1 (file).
001A   0A84           00061         incf    FSR
001B   0E80           00062         swapf   INDF,f  ;para no afectar con acarreos a la parte baja
001C   2???           00063         call    Paso3
001D   0E80           00064         swapf   INDF,f  ;para regresar al numero original
                      00065 
                      00066 ;Realizar un corrimiento a la izquierda, sin importar el bit que
                      00067 ;obtengamos a la derecha pues luego se llenará con la siguiente 
                      00068 ;iteración. Despreciar el bit excedente a la izquierda. Repetir 
                      00069 ;desde el paso 2 el número de bits del registro binario menos un veces.
                      00070 ;rotar numero hexadecimal
001E   0DC3           00071         rlf             hexH,f
                      00072         ;bcf            hexH,0
001F   1FC4           00073         btfss   hexL,7
0020   2???           00074         goto    $+2
0021   2???           00075         goto    $+3
0022   1043           00076         bcf             hexH,0
0023   2???           00077         goto    $+2
0024   1443           00078         bsf             hexH,0
0025   0DC4           00079         rlf             hexL,f
                      00080 
                      00081 ;rotar numero decimal
0026   0DC2           00082         rlf             bcd4,f
                      00083         ;bcf            bcd4,0
0027   1FC1           00084         btfss   bcd32,7
0028   2???           00085         goto    $+2
0029   2???           00086         goto    $+3
002A   1042           00087         bcf             bcd4,0
002B   2???           00088         goto    $+2
002C   1442           00089         bsf             bcd4,0
                      00090 
002D   0DC1           00091         rlf             bcd32,f
                      00092         ;bcf            bcd32,0
MPASM  5.51                       HEX2BSD.ASM   3-27-2016  11:52:46         PAGE  3


LOC  OBJECT CODE     LINE SOURCE TEXT
  VALUE

002E   1FC0           00093         btfss   bcd10,7
002F   2???           00094         goto    $+2
0030   2???           00095         goto    $+3
0031   1041           00096         bcf             bcd32,0
0032   2???           00097         goto    $+2
0033   1441           00098         bsf             bcd32,0
                      00099 
0034   0DC0           00100         rlf             bcd10,f
                      00101 ;Realizar el paso 2 nuevamente
0035   ???? ????      00102         banksel contador
0037   03??           00103         decf    contador,f
0038   1D03           00104         btfss   STATUS,Z
0039   2???           00105         goto    Paso_2
                      00106 ;paso 2 extra
003A   1FC3           00107         btfss   hexH,7
003B   2???           00108         goto    $+2
003C   2???           00109         goto    $+3
003D   1040           00110         bcf             bcd10,0
003E   2???           00111         goto    $+2
003F   1440           00112         bsf             bcd10,0
0040   0008           00113         return
                      00114 
0041                  00115 Paso3:
0041   0800           00116         movfw   INDF
0042   39F0           00117         andlw   0xf0
0043   3EB0           00118         addlw   0xB0    
0044   1C03           00119         btfss   STATUS,C        ;si el carrier es 1 se suma 3
0045   2???           00120         goto    $+3
0046   3030           00121         movlw   0x30
0047   0780           00122         addwf   INDF,f
0048   0008           00123         return
                      00124 
Warning[205]: Found directive in column 1. (end)
                      00125 end
MPASM  5.51                       HEX2BSD.ASM   3-27-2016  11:52:46         PAGE  4


SYMBOL TABLE
  LABEL                             VALUE 

ABDEN                             00000000
ABDOVF                            00000007
ACKDT                             00000005
ACKEN                             00000004
ACKSTAT                           00000006
ADCON0                            0000001F
ADCON1                            0000009F
ADCS0                             00000006
ADCS1                             00000007
ADDEN                             00000003
ADFM                              00000007
ADIE                              00000006
ADIF                              00000006
ADON                              00000000
ADRESH                            0000001E
ADRESL                            0000009E
ANS0                              00000000
ANS1                              00000001
ANS10                             00000002
ANS11                             00000003
ANS12                             00000004
ANS13                             00000005
ANS2                              00000002
ANS3                              00000003
ANS4                              00000004
ANS5                              00000005
ANS6                              00000006
ANS7                              00000007
ANS8                              00000000
ANS9                              00000001
ANSEL                             00000188
ANSELH                            00000189
BAUDCTL                           00000187
BCLIE                             00000003
BCLIF                             00000003
BF                                00000000
BRG0                              00000000
BRG1                              00000001
BRG10                             00000002
BRG11                             00000003
BRG12                             00000004
BRG13                             00000005
BRG14                             00000006
BRG15                             00000007
BRG16                             00000003
BRG2                              00000002
BRG3                              00000003
BRG4                              00000004
BRG5                              00000005
BRG6                              00000006
BRG7                              00000007
BRG8                              00000000
BRG9                              00000001
MPASM  5.51                       HEX2BSD.ASM   3-27-2016  11:52:46         PAGE  5


SYMBOL TABLE
  LABEL                             VALUE 

BRGH                              00000002
C                                 00000000
C1CH0                             00000000
C1CH1                             00000001
C1IE                              00000005
C1IF                              00000005
C1OE                              00000005
C1ON                              00000007
C1OUT                             00000006
C1POL                             00000004
C1R                               00000002
C1RSEL                            00000005
C1SEN                             00000005
C2CH0                             00000000
C2CH1                             00000001
C2IE                              00000006
C2IF                              00000006
C2OE                              00000005
C2ON                              00000007
C2OUT                             00000006
C2POL                             00000004
C2R                               00000002
C2REN                             00000004
C2RSEL                            00000004
C2SYNC                            00000000
CCP1CON                           00000017
CCP1IE                            00000002
CCP1IF                            00000002
CCP1M0                            00000000
CCP1M1                            00000001
CCP1M2                            00000002
CCP1M3                            00000003
CCP1X                             00000005
CCP1Y                             00000004
CCP2CON                           0000001D
CCP2IE                            00000000
CCP2IF                            00000000
CCP2M0                            00000000
CCP2M1                            00000001
CCP2M2                            00000002
CCP2M3                            00000003
CCP2X                             00000005
CCP2Y                             00000004
CCPR1                             00000015
CCPR1H                            00000016
CCPR1L                            00000015
CCPR2                             0000001B
CCPR2H                            0000001C
CCPR2L                            0000001B
CHS0                              00000002
CHS1                              00000003
CHS2                              00000004
CHS3                              00000005
MPASM  5.51                       HEX2BSD.ASM   3-27-2016  11:52:46         PAGE  6


SYMBOL TABLE
  LABEL                             VALUE 

CKE                               00000006
CKP                               00000004
CM1CON0                           00000107
CM2CON0                           00000108
CM2CON1                           00000109
CREN                              00000004
CSRC                              00000007
D                                 00000005
DATA_ADDRESS                      00000005
DC                                00000001
DC1B0                             00000004
DC1B1                             00000005
DC2B0                             00000004
DC2B1                             00000005
D_A                               00000005
D_NOT_A                           00000005
ECCPAS                            0000009C
ECCPAS0                           00000004
ECCPAS1                           00000005
ECCPAS2                           00000006
ECCPASE                           00000007
EEADR                             0000010D
EEADRH                            0000010F
EECON1                            0000018C
EECON2                            0000018D
EEDAT                             0000010C
EEDATA                            0000010C
EEDATH                            0000010E
EEIE                              00000004
EEIF                              00000004
EEPGD                             00000007
F                                 00000001
FERR                              00000002
FSR                               00000004
FVREN                             00000000
GCEN                              00000007
GIE                               00000007
GO                                00000001
GO_DONE                           00000001
GO_NOT_DONE                       00000001
HEX2BCD                           00000000
HTS                               00000002
I2C_DATA                          00000005
I2C_READ                          00000002
I2C_START                         00000003
I2C_STOP                          00000004
INDF                              00000000
INTCON                            0000000B
INTE                              00000004
INTEDG                            00000006
INTF                              00000001
IOCB                              00000096
IOCB0                             00000000
MPASM  5.51                       HEX2BSD.ASM   3-27-2016  11:52:46         PAGE  7


SYMBOL TABLE
  LABEL                             VALUE 

IOCB1                             00000001
IOCB2                             00000002
IOCB3                             00000003
IOCB4                             00000004
IOCB5                             00000005
IOCB6                             00000006
IOCB7                             00000007
IRCF0                             00000004
IRCF1                             00000005
IRCF2                             00000006
IRP                               00000007
LTS                               00000001
MC1OUT                            00000007
MC2OUT                            00000006
MSK                               00000093
MSK0                              00000000
MSK1                              00000001
MSK2                              00000002
MSK3                              00000003
MSK4                              00000004
MSK5                              00000005
MSK6                              00000006
MSK7                              00000007
NOT_A                             00000005
NOT_ADDRESS                       00000005
NOT_BO                            00000000
NOT_BOR                           00000000
NOT_DONE                          00000001
NOT_PD                            00000003
NOT_POR                           00000001
NOT_RBPU                          00000007
NOT_RC8                           00000006
NOT_T1SYNC                        00000002
NOT_TO                            00000004
NOT_TX8                           00000006
NOT_W                             00000002
NOT_WRITE                         00000002
OERR                              00000001
OPTION_REG                        00000081
OSCCON                            0000008F
OSCTUNE                           00000090
OSFIE                             00000007
OSFIF                             00000007
OSTS                              00000003
P                                 00000004
P1M0                              00000006
P1M1                              00000007
PCL                               00000002
PCLATH                            0000000A
PCON                              0000008E
PDC0                              00000000
PDC1                              00000001
PDC2                              00000002
MPASM  5.51                       HEX2BSD.ASM   3-27-2016  11:52:46         PAGE  8


SYMBOL TABLE
  LABEL                             VALUE 

PDC3                              00000003
PDC4                              00000004
PDC5                              00000005
PDC6                              00000006
PEIE                              00000006
PEN                               00000002
PIE1                              0000008C
PIE2                              0000008D
PIR1                              0000000C
PIR2                              0000000D
PORTA                             00000005
PORTB                             00000006
PORTC                             00000007
PORTD                             00000008
PORTE                             00000009
PR2                               00000092
PRSEN                             00000007
PS0                               00000000
PS1                               00000001
PS2                               00000002
PSA                               00000003
PSSAC0                            00000002
PSSAC1                            00000003
PSSBD0                            00000000
PSSBD1                            00000001
PSTRCON                           0000009D
PULSR                             00000002
PULSS                             00000003
PWM1CON                           0000009B
Paso3                             00000041
Paso_2                            00000007
R                                 00000002
RA0                               00000000
RA1                               00000001
RA2                               00000002
RA3                               00000003
RA4                               00000004
RA5                               00000005
RA6                               00000006
RA7                               00000007
RB0                               00000000
RB1                               00000001
RB2                               00000002
RB3                               00000003
RB4                               00000004
RB5                               00000005
RB6                               00000006
RB7                               00000007
RBIE                              00000003
RBIF                              00000000
RC0                               00000000
RC1                               00000001
RC2                               00000002
MPASM  5.51                       HEX2BSD.ASM   3-27-2016  11:52:46         PAGE  9


SYMBOL TABLE
  LABEL                             VALUE 

RC3                               00000003
RC4                               00000004
RC5                               00000005
RC6                               00000006
RC7                               00000007
RC8_9                             00000006
RC9                               00000006
RCD8                              00000000
RCEN                              00000003
RCIDL                             00000006
RCIE                              00000005
RCIF                              00000005
RCREG                             0000001A
RCSTA                             00000018
RD                                00000000
RD0                               00000000
RD1                               00000001
RD2                               00000002
RD3                               00000003
RD4                               00000004
RD5                               00000005
RD6                               00000006
RD7                               00000007
RE0                               00000000
RE1                               00000001
RE2                               00000002
RE3                               00000003
READ_WRITE                        00000002
RP0                               00000005
RP1                               00000006
RSEN                              00000001
RX9                               00000006
RX9D                              00000000
R_NOT_W                           00000002
R_W                               00000002
S                                 00000003
SBOREN                            00000004
SCKP                              00000004
SCS                               00000000
SEN                               00000000
SENDB                             00000003
SMP                               00000007
SPBRG                             00000099
SPBRGH                            0000009A
SPEN                              00000007
SR0                               00000006
SR1                               00000007
SRCON                             00000185
SREN                              00000005
SSPADD                            00000093
SSPBUF                            00000013
SSPCON                            00000014
SSPCON2                           00000091
MPASM  5.51                       HEX2BSD.ASM   3-27-2016  11:52:46         PAGE 10


SYMBOL TABLE
  LABEL                             VALUE 

SSPEN                             00000005
SSPIE                             00000003
SSPIF                             00000003
SSPM0                             00000000
SSPM1                             00000001
SSPM2                             00000002
SSPM3                             00000003
SSPMSK                            00000093
SSPOV                             00000006
SSPSTAT                           00000094
STATUS                            00000003
STRA                              00000000
STRB                              00000001
STRC                              00000002
STRD                              00000003
STRSYNC                           00000004
SWDTEN                            00000000
SYNC                              00000004
T0CS                              00000005
T0IE                              00000005
T0IF                              00000002
T0SE                              00000004
T1CKPS0                           00000004
T1CKPS1                           00000005
T1CON                             00000010
T1GINV                            00000007
T1GIV                             00000007
T1GSS                             00000001
T1INSYNC                          00000002
T1OSCEN                           00000003
T1SYNC                            00000002
T2CKPS0                           00000000
T2CKPS1                           00000001
T2CON                             00000012
TMR0                              00000001
TMR0IE                            00000005
TMR0IF                            00000002
TMR1                              0000000E
TMR1CS                            00000001
TMR1GE                            00000006
TMR1H                             0000000F
TMR1IE                            00000000
TMR1IF                            00000000
TMR1L                             0000000E
TMR1ON                            00000000
TMR2                              00000011
TMR2IE                            00000001
TMR2IF                            00000001
TMR2ON                            00000002
TOUTPS0                           00000003
TOUTPS1                           00000004
TOUTPS2                           00000005
TOUTPS3                           00000006
MPASM  5.51                       HEX2BSD.ASM   3-27-2016  11:52:46         PAGE 11


SYMBOL TABLE
  LABEL                             VALUE 

TRISA                             00000085
TRISA0                            00000000
TRISA1                            00000001
TRISA2                            00000002
TRISA3                            00000003
TRISA4                            00000004
TRISA5                            00000005
TRISA6                            00000006
TRISA7                            00000007
TRISB                             00000086
TRISB0                            00000000
TRISB1                            00000001
TRISB2                            00000002
TRISB3                            00000003
TRISB4                            00000004
TRISB5                            00000005
TRISB6                            00000006
TRISB7                            00000007
TRISC                             00000087
TRISC0                            00000000
TRISC1                            00000001
TRISC2                            00000002
TRISC3                            00000003
TRISC4                            00000004
TRISC5                            00000005
TRISC6                            00000006
TRISC7                            00000007
TRISD                             00000088
TRISD0                            00000000
TRISD1                            00000001
TRISD2                            00000002
TRISD3                            00000003
TRISD4                            00000004
TRISD5                            00000005
TRISD6                            00000006
TRISD7                            00000007
TRISE                             00000089
TRISE0                            00000000
TRISE1                            00000001
TRISE2                            00000002
TRISE3                            00000003
TRMT                              00000001
TUN0                              00000000
TUN1                              00000001
TUN2                              00000002
TUN3                              00000003
TUN4                              00000004
TX8_9                             00000006
TX9                               00000006
TX9D                              00000000
TXD8                              00000000
TXEN                              00000005
TXIE                              00000004
MPASM  5.51                       HEX2BSD.ASM   3-27-2016  11:52:46         PAGE 12


SYMBOL TABLE
  LABEL                             VALUE 

TXIF                              00000004
TXREG                             00000019
TXSTA                             00000098
UA                                00000001
ULPWUE                            00000005
ULPWUIE                           00000002
ULPWUIF                           00000002
VCFG0                             00000004
VCFG1                             00000005
VR0                               00000000
VR1                               00000001
VR2                               00000002
VR3                               00000003
VRCON                             00000097
VREN                              00000007
VROE                              00000006
VRR                               00000005
VRSS                              00000004
W                                 00000000
WCOL                              00000007
WDTCON                            00000105
WDTPS0                            00000001
WDTPS1                            00000002
WDTPS2                            00000003
WDTPS3                            00000004
WPUB                              00000095
WPUB0                             00000000
WPUB1                             00000001
WPUB2                             00000002
WPUB3                             00000003
WPUB4                             00000004
WPUB5                             00000005
WPUB6                             00000006
WPUB7                             00000007
WR                                00000001
WREN                              00000002
WRERR                             00000003
WUE                               00000001
Z                                 00000002
_.code_000A                       0000000A
_.code_000B                       0000000B
_.code_000D                       0000000D
_.code_0020                       00000020
_.code_0021                       00000021
_.code_0023                       00000023
_.code_0028                       00000028
_.code_0029                       00000029
_.code_002B                       0000002B
_.code_002F                       0000002F
_.code_0030                       00000030
_.code_0032                       00000032
_.code_003B                       0000003B
_.code_003C                       0000003C
MPASM  5.51                       HEX2BSD.ASM   3-27-2016  11:52:46         PAGE 13


SYMBOL TABLE
  LABEL                             VALUE 

_.code_003E                       0000003E
_.code_0045                       00000045
_BOR21V                           00003EFF
_BOR40V                           00003FFF
_BOR4V_BOR21V                     00003EFF
_BOR4V_BOR40V                     00003FFF
_BOREN_NSLEEP                     00003EFF
_BOREN_OFF                        00003CFF
_BOREN_ON                         00003FFF
_BOREN_SBODEN                     00003DFF
_BOR_NSLEEP                       00003EFF
_BOR_OFF                          00003CFF
_BOR_ON                           00003FFF
_BOR_SBODEN                       00003DFF
_CONFIG1                          00002007
_CONFIG2                          00002008
_CPD_OFF                          00003FFF
_CPD_ON                           00003F7F
_CP_OFF                           00003FFF
_CP_ON                            00003FBF
_DEBUG_OFF                        00003FFF
_DEBUG_ON                         00001FFF
_DEVID1                           00002006
_EC_OSC                           00003FFB
_EXTRC                            00003FFF
_EXTRCIO                          00003FFE
_EXTRC_OSC_CLKOUT                 00003FFF
_EXTRC_OSC_NOCLKOUT               00003FFE
_FCMEN_OFF                        000037FF
_FCMEN_ON                         00003FFF
_FOSC_EC                          00003FFB
_FOSC_EXTRC_CLKOUT                00003FFF
_FOSC_EXTRC_NOCLKOUT              00003FFE
_FOSC_HS                          00003FFA
_FOSC_INTRC_CLKOUT                00003FFD
_FOSC_INTRC_NOCLKOUT              00003FFC
_FOSC_LP                          00003FF8
_FOSC_XT                          00003FF9
_HS_OSC                           00003FFA
_IDLOC0                           00002000
_IDLOC1                           00002001
_IDLOC2                           00002002
_IDLOC3                           00002003
_IESO_OFF                         00003BFF
_IESO_ON                          00003FFF
_INTOSC                           00003FFD
_INTOSCIO                         00003FFC
_INTRC_OSC_CLKOUT                 00003FFD
_INTRC_OSC_NOCLKOUT               00003FFC
_LP_OSC                           00003FF8
_LVP_OFF                          00002FFF
_LVP_ON                           00003FFF
_MCLRE_OFF                        00003FDF
MPASM  5.51                       HEX2BSD.ASM   3-27-2016  11:52:46         PAGE 14


SYMBOL TABLE
  LABEL                             VALUE 

_MCLRE_ON                         00003FFF
_PWRTE_OFF                        00003FFF
_PWRTE_ON                         00003FEF
_WDTE_OFF                         00003FF7
_WDTE_ON                          00003FFF
_WDT_OFF                          00003FF7
_WDT_ON                           00003FFF
_WRT_1FOURTH                      00003BFF
_WRT_256                          00003DFF
_WRT_HALF                         000039FF
_WRT_OFF                          00003FFF
_XT_OSC                           00003FF9
__16F887                          00000001
__DEBUG                           1
bcd10                             00000040
bcd32                             00000041
bcd4                              00000042
contador                          00000000
hexH                              00000043
hexL                              00000044

Errors   :     0
Warnings :     4 reported,     0 suppressed
Messages :     2 reported,     0 suppressed

