;  LST file generated by mikroListExporter - v.2.0 
; Date/Time: 03/07/2013 8:20:44
;----------------------------------------------

;Address Opcode 	ASM
0x0000	0x000000040A66  	GOTO	_main
0x0004	0x000000  	0
0x0006	0x000000  	0
0x0008	0x000000  	0
0x000A	0x000000  	0
0x000C	0x000000  	0
0x000E	0x000000  	0
0x0010	0x000000  	0
0x0012	0x000000  	0
0x0014	0x000000  	0
0x0016	0x000000  	0
0x0018	0x000000  	0
0x001A	0x000000  	0
0x001C	0x000000  	0
0x001E	0x000000  	0
0x0020	0x000000  	0
0x0022	0x000000  	0
0x0024	0x000000  	0
0x0026	0x000000  	0
0x0028	0x000000  	0
0x002A	0x000000  	0
0x002C	0x000000  	0
0x002E	0x000000  	0
0x0030	0x000000  	0
0x0032	0x000000  	0
0x0034	0x000000  	0
0x0036	0x000000  	0
0x0038	0x000000  	0
0x003A	0x000000  	0
0x003C	0x000000  	0
0x003E	0x000000  	0
0x0040	0x000000  	0
0x0042	0x000000  	0
0x0044	0x000000  	0
0x0046	0x000000  	0
0x0048	0x000000  	0
0x004A	0x000000  	0
0x004C	0x000000  	0
0x004E	0x000000  	0
0x0050	0x000000  	0
0x0052	0x000000  	0
0x0054	0x000000  	0
0x0056	0x000000  	0
0x0058	0x000000  	0
0x005A	0x000000  	0
0x005C	0x000000  	0
0x005E	0x000000  	0
0x0060	0x000000  	0
0x0062	0x000000  	0
0x0064	0x000000  	0
0x0066	0x000000  	0
0x0068	0x000000  	0
0x006A	0x000000  	0
0x006C	0x000000  	0
0x006E	0x000000  	0
0x0070	0x000000  	0
0x0072	0x000000  	0
0x0074	0x000000  	0
0x0076	0x000000  	0
0x0078	0x000000  	0
0x007A	0x000000  	0
0x007C	0x000000  	0
0x007E	0x000000  	0
0x0080	0x000000  	0
0x0082	0x000000  	0
0x0084	0x000000  	0
0x0086	0x000000  	0
0x0088	0x000000  	0
0x008A	0x000000  	0
0x008C	0x000000  	0
0x008E	0x000000  	0
0x0090	0x000000  	0
0x0092	0x000000  	0
0x0094	0x000000  	0
0x0096	0x000000  	0
0x0098	0x000000  	0
0x009A	0x000000  	0
0x009C	0x000000  	0
0x009E	0x000000  	0
0x00A0	0x000000  	0
0x00A2	0x000000  	0
0x00A4	0x000000  	0
0x00A6	0x000000  	0
0x00A8	0x000000  	0
0x00AA	0x000000  	0
0x00AC	0x000000  	0
0x00AE	0x000000  	0
0x00B0	0x000000  	0
0x00B2	0x000000  	0
0x00B4	0x000000  	0
0x00B6	0x000000  	0
0x00B8	0x000000  	0
0x00BA	0x000000  	0
0x00BC	0x000000  	0
0x00BE	0x000000  	0
0x00C0	0x000000  	0
0x00C2	0x000000  	0
0x00C4	0x000000  	0
0x00C6	0x000000  	0
0x00C8	0x000000  	0
0x00CA	0x000000  	0
0x00CC	0x000000  	0
0x00CE	0x000000  	0
0x00D0	0x000000  	0
0x00D2	0x000000  	0
0x00D4	0x000000  	0
0x00D6	0x000000  	0
0x00D8	0x000000  	0
0x00DA	0x000000  	0
0x00DC	0x000000  	0
0x00DE	0x000000  	0
0x00E0	0x000000  	0
0x00E2	0x000000  	0
0x00E4	0x000000  	0
0x00E6	0x000000  	0
0x00E8	0x000000  	0
0x00EA	0x000000  	0
0x00EC	0x000000  	0
0x00EE	0x000000  	0
0x00F0	0x000000  	0
0x00F2	0x000000  	0
0x00F4	0x000000  	0
0x00F6	0x000000  	0
0x00F8	0x000000  	0
0x00FA	0x000000  	0
0x00FC	0x000000  	0
0x00FE	0x000000  	0
0x0100	0x000000  	0
0x0102	0x000000  	0
0x0104	0x000000  	0
0x0106	0x000000  	0
0x0108	0x000000  	0
0x010A	0x000000  	0
0x010C	0x000000  	0
0x010E	0x000000  	0
0x0110	0x000000  	0
0x0112	0x000000  	0
0x0114	0x000000  	0
0x0116	0x000000  	0
0x0118	0x000000  	0
0x011A	0x000000  	0
0x011C	0x000000  	0
0x011E	0x000000  	0
0x0120	0x000000  	0
0x0122	0x000000  	0
0x0124	0x000000  	0
0x0126	0x000000  	0
0x0128	0x000000  	0
0x012A	0x000000  	0
0x012C	0x000000  	0
0x012E	0x000000  	0
0x0130	0x000000  	0
0x0132	0x000000  	0
0x0134	0x000000  	0
0x0136	0x000000  	0
0x0138	0x000000  	0
0x013A	0x000000  	0
0x013C	0x000000  	0
0x013E	0x000000  	0
0x0140	0x000000  	0
0x0142	0x000000  	0
0x0144	0x000000  	0
0x0146	0x000000  	0
0x0148	0x000000  	0
0x014A	0x000000  	0
0x014C	0x000000  	0
0x014E	0x000000  	0
0x0150	0x000000  	0
0x0152	0x000000  	0
0x0154	0x000000  	0
0x0156	0x000000  	0
0x0158	0x000000  	0
0x015A	0x000000  	0
0x015C	0x000000  	0
0x015E	0x000000  	0
0x0160	0x000000  	0
0x0162	0x000000  	0
0x0164	0x000000  	0
0x0166	0x000000  	0
0x0168	0x000000  	0
0x016A	0x000000  	0
0x016C	0x000000  	0
0x016E	0x000000  	0
0x0170	0x000000  	0
0x0172	0x000000  	0
0x0174	0x000000  	0
0x0176	0x000000  	0
0x0178	0x000000  	0
0x017A	0x000000  	0
0x017C	0x000000  	0
0x017E	0x000000  	0
0x0180	0x000000  	0
0x0182	0x000000  	0
0x0184	0x000000  	0
0x0186	0x000000  	0
0x0188	0x000000  	0
0x018A	0x000000  	0
0x018C	0x000000  	0
0x018E	0x000000  	0
0x0190	0x000000  	0
0x0192	0x000000  	0
0x0194	0x000000  	0
0x0196	0x000000  	0
0x0198	0x000000  	0
0x019A	0x000000  	0
0x019C	0x000000  	0
0x019E	0x000000  	0
0x01A0	0x000000  	0
0x01A2	0x000000  	0
0x01A4	0x000000  	0
0x01A6	0x000000  	0
0x01A8	0x000000  	0
0x01AA	0x000000  	0
0x01AC	0x000000  	0
0x01AE	0x000000  	0
0x01B0	0x000000  	0
0x01B2	0x000000  	0
0x01B4	0x000000  	0
0x01B6	0x000000  	0
0x01B8	0x000000  	0
0x01BA	0x000000  	0
0x01BC	0x000000  	0
0x01BE	0x000000  	0
0x01C0	0x000000  	0
0x01C2	0x000000  	0
0x01C4	0x000000  	0
0x01C6	0x000000  	0
0x01C8	0x000000  	0
0x01CA	0x000000  	0
0x01CC	0x000000  	0
0x01CE	0x000000  	0
0x01D0	0x000000  	0
0x01D2	0x000000  	0
0x01D4	0x000000  	0
0x01D6	0x000000  	0
0x01D8	0x000000  	0
0x01DA	0x000000  	0
0x01DC	0x000000  	0
0x01DE	0x000000  	0
0x01E0	0x000000  	0
0x01E2	0x000000  	0
0x01E4	0x000000  	0
0x01E6	0x000000  	0
0x01E8	0x000000  	0
0x01EA	0x000000  	0
0x01EC	0x000000  	0
0x01EE	0x000000  	0
0x01F0	0x000000  	0
0x01F2	0x000000  	0
0x01F4	0x000000  	0
0x01F6	0x000000  	0
0x01F8	0x000000  	0
0x01FA	0x000000  	0
0x01FC	0x000000  	0
0x01FE	0x000000  	0
_main:
0x0A66	0x20848F  	MOV	#2120, W15
0x0A68	0x20BFF0  	MOV	#3071, W0
0x0A6A	0xB7A020  	MOV	WREG, SPLIM
0x0A6C	0x200000  	MOV	#0, W0
0x0A6E	0xB7A034  	MOV	WREG, PSVPAG
0x0A70	0x200040  	MOV	#4, W0
0x0A72	0xB72044  	IOR	CORCON
0x0A74	0x000000020B62  	CALL	2914
;programa27.c,29 :: 		void main(){
;programa27.c,30 :: 		RPINR18=0xFF07;
0x0A78	0x781F8A  	PUSH	W10
0x0A7A	0x781F8B  	PUSH	W11
0x0A7C	0x781F8C  	PUSH	W12
0x0A7E	0x2FF070  	MOV	#65287, W0
0x0A80	0xB7A6A4  	MOV	WREG, RPINR18
;programa27.c,31 :: 		RPOR3=0x0003;
0x0A82	0x200030  	MOV	#3, W0
0x0A84	0xB7A6C6  	MOV	WREG, RPOR3
;programa27.c,32 :: 		ADPCFG = 0xFFFF;                   // Configure AN pins as digital I/O
0x0A86	0x2FFFF0  	MOV	#65535, W0
0x0A88	0xB7A32C  	MOV	WREG, ADPCFG
;programa27.c,34 :: 		Lcd_Init();                        // Initialize LCD
0x0A8A	0x07FD2E  	RCALL	_Lcd_Init
;programa27.c,36 :: 		Lcd_Cmd(_LCD_CLEAR);               // Clear display
0x0A8C	0xB3C01A  	MOV.B	#1, W10
0x0A8E	0x07FF09  	RCALL	_Lcd_Cmd
;programa27.c,37 :: 		Lcd_Cmd(_LCD_CURSOR_OFF);          // Cursor off
0x0A90	0xB3C0CA  	MOV.B	#12, W10
0x0A92	0x07FF07  	RCALL	_Lcd_Cmd
;programa27.c,38 :: 		Lcd_Out(1,6,txt3);                 // Write text in first row
0x0A94	0x20800C  	MOV	#lo_addr(_txt3), W12
0x0A96	0x20006B  	MOV	#6, W11
0x0A98	0x20001A  	MOV	#1, W10
0x0A9A	0x07FFB8  	RCALL	_Lcd_Out
;programa27.c,40 :: 		Lcd_Out(2,6,txt4);                 // Write text in second row
0x0A9C	0x20825C  	MOV	#lo_addr(_txt4), W12
0x0A9E	0x20006B  	MOV	#6, W11
0x0AA0	0x20002A  	MOV	#2, W10
0x0AA2	0x07FFB4  	RCALL	_Lcd_Out
;programa27.c,41 :: 		Delay_ms(2000);
0x0AA4	0x200338  	MOV	#51, W8
0x0AA6	0x2DCE57  	MOV	#56549, W7
L_main2:
0x0AA8	0xED200E  	DEC	W7
0x0AAA	0x3AFFFE  	BRA NZ	L_main2
0x0AAC	0xED2010  	DEC	W8
0x0AAE	0x3AFFFC  	BRA NZ	L_main2
;programa27.c,42 :: 		Lcd_Cmd(_LCD_CLEAR);               // Clear display
0x0AB0	0xB3C01A  	MOV.B	#1, W10
0x0AB2	0x07FEF7  	RCALL	_Lcd_Cmd
;programa27.c,44 :: 		Lcd_Out(1,1,txt1);                 // Write text in first row
0x0AB4	0x20808C  	MOV	#lo_addr(_txt1), W12
0x0AB6	0x20001B  	MOV	#1, W11
0x0AB8	0x20001A  	MOV	#1, W10
0x0ABA	0x07FFA8  	RCALL	_Lcd_Out
;programa27.c,45 :: 		Lcd_Out(2,5,txt2);                 // Write text in second row
0x0ABC	0x20819C  	MOV	#lo_addr(_txt2), W12
0x0ABE	0x20005B  	MOV	#5, W11
0x0AC0	0x20002A  	MOV	#2, W10
0x0AC2	0x07FFA4  	RCALL	_Lcd_Out
;programa27.c,46 :: 		UART1_Init(9600);               // Initialize UART module at 9600 bps
0x0AC4	0x22580A  	MOV	#9600, W10
0x0AC6	0x20000B  	MOV	#0, W11
0x0AC8	0x07FF22  	RCALL	_UART1_Init
;programa27.c,47 :: 		Delay_ms(1000);
0x0ACA	0x2001A8  	MOV	#26, W8
0x0ACC	0x26E727  	MOV	#28274, W7
L_main4:
0x0ACE	0xED200E  	DEC	W7
0x0AD0	0x3AFFFE  	BRA NZ	L_main4
0x0AD2	0xED2010  	DEC	W8
0x0AD4	0x3AFFFC  	BRA NZ	L_main4
;programa27.c,50 :: 		AD1PCFGL = 0xFFFE;        //1th channel is sampled and coverted
0x0AD6	0x2FFFE0  	MOV	#65534, W0
0x0AD8	0xB7A32C  	MOV	WREG, AD1PCFGL
;programa27.c,51 :: 		AD1CON1 = 0x0040;        //ADC off, output_format=INTEGER
0x0ADA	0x200400  	MOV	#64, W0
0x0ADC	0xB7A320  	MOV	WREG, AD1CON1
;programa27.c,54 :: 		AD1CHS0  = 0x0000;          //
0x0ADE	0xEF2328  	CLR	AD1CHS0
;programa27.c,55 :: 		AD1CSSL = 0;               //No scan
0x0AE0	0xEF2330  	CLR	AD1CSSL
;programa27.c,56 :: 		AD1CON3 = 0x0F00;        //TAD = internalTCY
0x0AE2	0x20F000  	MOV	#3840, W0
0x0AE4	0xB7A324  	MOV	WREG, AD1CON3
;programa27.c,65 :: 		TMR3   = 0;             //Reset TIMER3 counter
0x0AE6	0xEF210A  	CLR	TMR3
;programa27.c,66 :: 		PR3    = 0x3FFF;        //PR3, number of TIMER3 clocks between two conversions start
0x0AE8	0x23FFF0  	MOV	#16383, W0
0x0AEA	0xB7A10E  	MOV	WREG, PR3
;programa27.c,67 :: 		T3CON  = 0x8010;        //TIMER3 ON, prescale 1:1
0x0AEC	0x280100  	MOV	#32784, W0
0x0AEE	0xB7A112  	MOV	WREG, T3CON
;programa27.c,69 :: 		AD1CON1.F15 = 1;         //ADC on
0x0AF0	0xA8E321  	BSET	AD1CON1, #15
;programa27.c,70 :: 		AD1CON1.F2  = 1;         //ASAM=1, start sampling after conversion ends
0x0AF2	0xA84320  	BSET	AD1CON1, #2
;programa27.c,77 :: 		while(1) {                         // Endless loop
L_main6:
;programa27.c,81 :: 		SAMP_bit = 1;                  //SAMP=1, start sampling
0x0AF4	0xA82320  	BSET	SAMP_bit, BitPos(SAMP_bit+0)
;programa27.c,83 :: 		while (DONE_bit)
L_main8:
0x0AF6	0xAE0320  	BTSS	DONE_bit, BitPos(DONE_bit+0)
0x0AF8	0x370002  	BRA	L_main9
;programa27.c,84 :: 		asm nop;                         //Wait for DONE bit in ADCON1
0x0AFA	0x000000  	NOP
0x0AFC	0x37FFFC  	BRA	L_main8
L_main9:
;programa27.c,85 :: 		conversion=ADC1BUF0;
0x0AFE	0xBF8300  	MOV	ADC1BUF0, WREG
0x0B00	0xEB0080  	CLR	W1
0x0B02	0x07FD2C  	RCALL	__Long2Float
0x0B04	0x8841C0  	MOV	W0, _conversion
0x0B06	0x8841D1  	MOV	W1, _conversion+2
;programa27.c,86 :: 		FloatToStr(conversion, texto);
0x0B08	0x8041EC  	MOV	_texto, W12
0x0B0A	0xBE0500  	MOV.D	W0, W10
0x0B0C	0x07FDA8  	RCALL	_FloatToStr
;programa27.c,88 :: 		Lcd_Cmd(_LCD_CLEAR);
0x0B0E	0xB3C01A  	MOV.B	#1, W10
0x0B10	0x07FEC8  	RCALL	_Lcd_Cmd
;programa27.c,89 :: 		UART_Write(ADC1BUF0);
0x0B12	0x80180A  	MOV	ADC1BUF0, W10
0x0B14	0x07FD1E  	RCALL	_UART_Write
;programa27.c,90 :: 		Lcd_chr(1,1,ADC1BUF0);
0x0B16	0x80180C  	MOV	ADC1BUF0, W12
0x0B18	0x20001B  	MOV	#1, W11
0x0B1A	0x20001A  	MOV	#1, W10
0x0B1C	0x07FD7A  	RCALL	_Lcd_Chr
;programa27.c,91 :: 		Lcd_Out(2,1,texto);
0x0B1E	0x8041EC  	MOV	_texto, W12
0x0B20	0x20001B  	MOV	#1, W11
0x0B22	0x20002A  	MOV	#2, W10
0x0B24	0x07FF73  	RCALL	_Lcd_Out
;programa27.c,93 :: 		}
0x0B26	0x37FFE6  	BRA	L_main6
;programa27.c,95 :: 		}
L_end_main:
L__main_end_loop:
0x0B28	0x37FFFF  	BRA	L__main_end_loop
; end of _main
_Lcd_Init:
0x04E8	0xFA0000  	LNK	#0
;__Lib_Lcd.c,105 :: 		
;__Lib_Lcd.c,107 :: 		
0x04EA	0x07FFEC  	RCALL	_Delay_8ms
0x04EC	0x07FFEB  	RCALL	_Delay_8ms
;__Lib_Lcd.c,109 :: 		
0x04EE	0xA9A2C8  	BCLR	LCD_EN_Direction, BitPos(LCD_EN_Direction+0)
;__Lib_Lcd.c,110 :: 		
0x04F0	0xA982C8  	BCLR	LCD_RS_Direction, BitPos(LCD_RS_Direction+0)
;__Lib_Lcd.c,111 :: 		
0x04F2	0xA902C8  	BCLR	LCD_D4_Direction, BitPos(LCD_D4_Direction+0)
;__Lib_Lcd.c,112 :: 		
0x04F4	0xA922C8  	BCLR	LCD_D5_Direction, BitPos(LCD_D5_Direction+0)
;__Lib_Lcd.c,113 :: 		
0x04F6	0xA942C8  	BCLR	LCD_D6_Direction, BitPos(LCD_D6_Direction+0)
;__Lib_Lcd.c,114 :: 		
0x04F8	0xA962C8  	BCLR	LCD_D7_Direction, BitPos(LCD_D7_Direction+0)
;__Lib_Lcd.c,116 :: 		
0x04FA	0xA9A2CC  	BCLR	LCD_EN, BitPos(LCD_EN+0)
;__Lib_Lcd.c,117 :: 		
0x04FC	0xA982CC  	BCLR	LCD_RS, BitPos(LCD_RS+0)
;__Lib_Lcd.c,118 :: 		
0x04FE	0xA962CC  	BCLR	LCD_D7, BitPos(LCD_D7+0)
;__Lib_Lcd.c,119 :: 		
0x0500	0xA942CC  	BCLR	LCD_D6, BitPos(LCD_D6+0)
;__Lib_Lcd.c,120 :: 		
0x0502	0xA922CC  	BCLR	LCD_D5, BitPos(LCD_D5+0)
;__Lib_Lcd.c,121 :: 		
0x0504	0xA902CC  	BCLR	LCD_D4, BitPos(LCD_D4+0)
;__Lib_Lcd.c,130 :: 		
0x0506	0xA822CC  	BSET	LCD_D5, BitPos(LCD_D5+0)
;__Lib_Lcd.c,131 :: 		
0x0508	0xA802CC  	BSET	LCD_D4, BitPos(LCD_D4+0)
;__Lib_Lcd.c,132 :: 		
0x050A	0x07FFD5  	RCALL	__Lib_Lcd_Strobe
;__Lib_Lcd.c,133 :: 		
0x050C	0x07FFCE  	RCALL	_Delay_5500us
;__Lib_Lcd.c,136 :: 		
0x050E	0x07FFD3  	RCALL	__Lib_Lcd_Strobe
;__Lib_Lcd.c,137 :: 		
0x0510	0x07FFCC  	RCALL	_Delay_5500us
;__Lib_Lcd.c,140 :: 		
0x0512	0x07FFD1  	RCALL	__Lib_Lcd_Strobe
;__Lib_Lcd.c,141 :: 		
0x0514	0x07FFCA  	RCALL	_Delay_5500us
;__Lib_Lcd.c,144 :: 		
0x0516	0xA902CC  	BCLR	LCD_D4, BitPos(LCD_D4+0)
;__Lib_Lcd.c,145 :: 		
0x0518	0x07FFCE  	RCALL	__Lib_Lcd_Strobe
;__Lib_Lcd.c,146 :: 		
0x051A	0x07FFC7  	RCALL	_Delay_5500us
;__Lib_Lcd.c,149 :: 		
0x051C	0x07FFCC  	RCALL	__Lib_Lcd_Strobe
;__Lib_Lcd.c,151 :: 		
0x051E	0xA922CC  	BCLR	LCD_D5, BitPos(LCD_D5+0)
;__Lib_Lcd.c,152 :: 		
0x0520	0xA862CC  	BSET	LCD_D7, BitPos(LCD_D7+0)
;__Lib_Lcd.c,153 :: 		
0x0522	0x07FFC9  	RCALL	__Lib_Lcd_Strobe
;__Lib_Lcd.c,154 :: 		
0x0524	0x07FFC2  	RCALL	_Delay_5500us
;__Lib_Lcd.c,157 :: 		
0x0526	0xA962CC  	BCLR	LCD_D7, BitPos(LCD_D7+0)
;__Lib_Lcd.c,158 :: 		
0x0528	0xA802CC  	BSET	LCD_D4, BitPos(LCD_D4+0)
;__Lib_Lcd.c,159 :: 		
0x052A	0x07FFC5  	RCALL	__Lib_Lcd_Strobe
;__Lib_Lcd.c,161 :: 		
0x052C	0xA902CC  	BCLR	LCD_D4, BitPos(LCD_D4+0)
;__Lib_Lcd.c,162 :: 		
0x052E	0x07FFC3  	RCALL	__Lib_Lcd_Strobe
;__Lib_Lcd.c,163 :: 		
0x0530	0x07FFBC  	RCALL	_Delay_5500us
;__Lib_Lcd.c,166 :: 		
0x0532	0x07FFC1  	RCALL	__Lib_Lcd_Strobe
;__Lib_Lcd.c,168 :: 		
0x0534	0xA802CC  	BSET	LCD_D4, BitPos(LCD_D4+0)
;__Lib_Lcd.c,169 :: 		
0x0536	0x07FFBF  	RCALL	__Lib_Lcd_Strobe
;__Lib_Lcd.c,170 :: 		
0x0538	0x07FFB8  	RCALL	_Delay_5500us
;__Lib_Lcd.c,173 :: 		
0x053A	0xA902CC  	BCLR	LCD_D4, BitPos(LCD_D4+0)
;__Lib_Lcd.c,174 :: 		
0x053C	0x07FFBC  	RCALL	__Lib_Lcd_Strobe
;__Lib_Lcd.c,176 :: 		
0x053E	0xA862CC  	BSET	LCD_D7, BitPos(LCD_D7+0)
;__Lib_Lcd.c,177 :: 		
0x0540	0xA842CC  	BSET	LCD_D6, BitPos(LCD_D6+0)
;__Lib_Lcd.c,178 :: 		
0x0542	0xA822CC  	BSET	LCD_D5, BitPos(LCD_D5+0)
;__Lib_Lcd.c,179 :: 		
0x0544	0xA802CC  	BSET	LCD_D4, BitPos(LCD_D4+0)
;__Lib_Lcd.c,180 :: 		
0x0546	0x07FFB7  	RCALL	__Lib_Lcd_Strobe
;__Lib_Lcd.c,181 :: 		
0x0548	0x07FFB0  	RCALL	_Delay_5500us
;__Lib_Lcd.c,183 :: 		
0x054A	0x208460  	MOV	#lo_addr(__Lib_Lcd_cmd_status), W0
0x054C	0xA00010  	BSET	[W0], BitPos(__Lib_Lcd_cmd_status+0)
;__Lib_Lcd.c,184 :: 		
L_end_Lcd_Init:
0x054E	0xFA8000  	ULNK
0x0550	0x060000  	RETURN
; end of _Lcd_Init
_Delay_8ms:
;__Lib_Delays.c,614 :: 		void Delay_8ms()
;__Lib_Delays.c,616 :: 		Delay_ms(8);
0x04C4	0x234157  	MOV	#13333, W7
L_Delay_8ms27:
0x04C6	0xED200E  	DEC	W7
0x04C8	0x3AFFFE  	BRA NZ	L_Delay_8ms27
0x04CA	0x000000  	NOP
;__Lib_Delays.c,617 :: 		}
L_end_Delay_8ms:
0x04CC	0x060000  	RETURN
; end of _Delay_8ms
__Lib_Lcd_Strobe:
0x04B6	0xFA0000  	LNK	#0
;__Lib_Lcd.c,26 :: 		
;__Lib_Lcd.c,27 :: 		
0x04B8	0xA8A2CC  	BSET	LCD_EN, BitPos(LCD_EN+0)
;__Lib_Lcd.c,28 :: 		
0x04BA	0x07FEDB  	RCALL	_Delay_1us
;__Lib_Lcd.c,29 :: 		
0x04BC	0xA9A2CC  	BCLR	LCD_EN, BitPos(LCD_EN+0)
;__Lib_Lcd.c,30 :: 		
0x04BE	0x07FED9  	RCALL	_Delay_1us
;__Lib_Lcd.c,31 :: 		
L_end_Strobe:
0x04C0	0xFA8000  	ULNK
0x04C2	0x060000  	RETURN
; end of __Lib_Lcd_Strobe
_Delay_1us:
;__Lib_Delays.c,380 :: 		void Delay_1us()
;__Lib_Delays.c,382 :: 		Delay_us(1);
0x0272	0x000000  	NOP
0x0274	0x000000  	NOP
0x0276	0x000000  	NOP
0x0278	0x000000  	NOP
0x027A	0x000000  	NOP
;__Lib_Delays.c,383 :: 		}
L_end_Delay_1us:
0x027C	0x060000  	RETURN
; end of _Delay_1us
_Delay_5500us:
;__Lib_Delays.c,536 :: 		void Delay_5500us()
;__Lib_Delays.c,538 :: 		Delay_us(5500);
0x04AA	0x223CE7  	MOV	#9166, W7
L_Delay_5500us21:
0x04AC	0xED200E  	DEC	W7
0x04AE	0x3AFFFE  	BRA NZ	L_Delay_5500us21
0x04B0	0x000000  	NOP
0x04B2	0x000000  	NOP
;__Lib_Delays.c,539 :: 		}
L_end_Delay_5500us:
0x04B4	0x060000  	RETURN
; end of _Delay_5500us
_Lcd_Cmd:
0x08A2	0xFA0000  	LNK	#0
;__Lib_Lcd.c,38 :: 		
;__Lib_Lcd.c,40 :: 		
; loc_word start address is: 2 (W1)
0x08A4	0xFB808A  	ZE	W10, W1
;__Lib_Lcd.c,42 :: 		
0x08A6	0xAEE002  	BTSS	W1, #7
0x08A8	0xA962CC  	BCLR	LCD_D7, BitPos(LCD_D7+0)
0x08AA	0xAFE002  	BTSC	W1, #7
0x08AC	0xA862CC  	BSET	LCD_D7, BitPos(LCD_D7+0)
;__Lib_Lcd.c,43 :: 		
0x08AE	0xAEC002  	BTSS	W1, #6
0x08B0	0xA942CC  	BCLR	LCD_D6, BitPos(LCD_D6+0)
0x08B2	0xAFC002  	BTSC	W1, #6
0x08B4	0xA842CC  	BSET	LCD_D6, BitPos(LCD_D6+0)
;__Lib_Lcd.c,44 :: 		
0x08B6	0xAEA002  	BTSS	W1, #5
0x08B8	0xA922CC  	BCLR	LCD_D5, BitPos(LCD_D5+0)
0x08BA	0xAFA002  	BTSC	W1, #5
0x08BC	0xA822CC  	BSET	LCD_D5, BitPos(LCD_D5+0)
;__Lib_Lcd.c,45 :: 		
0x08BE	0xAE8002  	BTSS	W1, #4
0x08C0	0xA902CC  	BCLR	LCD_D4, BitPos(LCD_D4+0)
0x08C2	0xAF8002  	BTSC	W1, #4
0x08C4	0xA802CC  	BSET	LCD_D4, BitPos(LCD_D4+0)
;__Lib_Lcd.c,47 :: 		
0x08C6	0x208460  	MOV	#lo_addr(__Lib_Lcd_cmd_status), W0
0x08C8	0xA60010  	BTSS	[W0], BitPos(__Lib_Lcd_cmd_status+0)
0x08CA	0xA882CC  	BSET	LCD_RS, BitPos(LCD_RS+0)
0x08CC	0xA70010  	BTSC	[W0], BitPos(__Lib_Lcd_cmd_status+0)
0x08CE	0xA982CC  	BCLR	LCD_RS, BitPos(LCD_RS+0)
;__Lib_Lcd.c,49 :: 		
0x08D0	0x07FDF2  	RCALL	__Lib_Lcd_Strobe
;__Lib_Lcd.c,51 :: 		
0x08D2	0xAE6002  	BTSS	W1, #3
0x08D4	0xA962CC  	BCLR	LCD_D7, BitPos(LCD_D7+0)
0x08D6	0xAF6002  	BTSC	W1, #3
0x08D8	0xA862CC  	BSET	LCD_D7, BitPos(LCD_D7+0)
;__Lib_Lcd.c,52 :: 		
0x08DA	0xAE4002  	BTSS	W1, #2
0x08DC	0xA942CC  	BCLR	LCD_D6, BitPos(LCD_D6+0)
0x08DE	0xAF4002  	BTSC	W1, #2
0x08E0	0xA842CC  	BSET	LCD_D6, BitPos(LCD_D6+0)
;__Lib_Lcd.c,53 :: 		
0x08E2	0xAE2002  	BTSS	W1, #1
0x08E4	0xA922CC  	BCLR	LCD_D5, BitPos(LCD_D5+0)
0x08E6	0xAF2002  	BTSC	W1, #1
0x08E8	0xA822CC  	BSET	LCD_D5, BitPos(LCD_D5+0)
;__Lib_Lcd.c,54 :: 		
0x08EA	0xAE0002  	BTSS	W1, #0
0x08EC	0xA902CC  	BCLR	LCD_D4, BitPos(LCD_D4+0)
0x08EE	0xAF0002  	BTSC	W1, #0
0x08F0	0xA802CC  	BSET	LCD_D4, BitPos(LCD_D4+0)
; loc_word end address is: 2 (W1)
;__Lib_Lcd.c,56 :: 		
0x08F2	0x208460  	MOV	#lo_addr(__Lib_Lcd_cmd_status), W0
0x08F4	0xA60010  	BTSS	[W0], BitPos(__Lib_Lcd_cmd_status+0)
0x08F6	0xA882CC  	BSET	LCD_RS, BitPos(LCD_RS+0)
0x08F8	0xA70010  	BTSC	[W0], BitPos(__Lib_Lcd_cmd_status+0)
0x08FA	0xA982CC  	BCLR	LCD_RS, BitPos(LCD_RS+0)
;__Lib_Lcd.c,58 :: 		
0x08FC	0x07FDDC  	RCALL	__Lib_Lcd_Strobe
;__Lib_Lcd.c,60 :: 		
0x08FE	0x208460  	MOV	#lo_addr(__Lib_Lcd_cmd_status), W0
0x0900	0xA60010  	BTSS	[W0], BitPos(__Lib_Lcd_cmd_status+0)
0x0902	0x370002  	BRA	L_Lcd_Cmd0
;__Lib_Lcd.c,61 :: 		
0x0904	0x07FDD2  	RCALL	_Delay_5500us
0x0906	0x370001  	BRA	L_Lcd_Cmd1
L_Lcd_Cmd0:
;__Lib_Lcd.c,63 :: 		
0x0908	0x07FDE2  	RCALL	_Delay_50us
L_Lcd_Cmd1:
;__Lib_Lcd.c,64 :: 		
L_end_Lcd_Cmd:
0x090A	0xFA8000  	ULNK
0x090C	0x060000  	RETURN
; end of _Lcd_Cmd
_Delay_50us:
;__Lib_Delays.c,458 :: 		void Delay_50us()
;__Lib_Delays.c,460 :: 		Delay_us(50);
0x04CE	0x200537  	MOV	#83, W7
L_Delay_50us15:
0x04D0	0xED200E  	DEC	W7
0x04D2	0x3AFFFE  	BRA NZ	L_Delay_50us15
0x04D4	0x000000  	NOP
;__Lib_Delays.c,461 :: 		}
L_end_Delay_50us:
0x04D6	0x060000  	RETURN
; end of _Delay_50us
_Lcd_Out:
0x0A0C	0xFA0000  	LNK	#0
;__Lib_Lcd.c,187 :: 		
;__Lib_Lcd.c,190 :: 		
0x0A0E	0x781F8A  	PUSH	W10
0x0A10	0x37000A  	BRA	L_Lcd_Out11
;__Lib_Lcd.c,191 :: 		
L_Lcd_Out13:
0x0A12	0x20080A  	MOV	#128, W10
0x0A14	0x370011  	BRA	L_Lcd_Out12
;__Lib_Lcd.c,192 :: 		
L_Lcd_Out14:
0x0A16	0x200C0A  	MOV	#192, W10
0x0A18	0x37000F  	BRA	L_Lcd_Out12
;__Lib_Lcd.c,193 :: 		
L_Lcd_Out15:
0x0A1A	0x20094A  	MOV	#148, W10
0x0A1C	0x37000D  	BRA	L_Lcd_Out12
;__Lib_Lcd.c,194 :: 		
L_Lcd_Out16:
0x0A1E	0x200D4A  	MOV	#212, W10
0x0A20	0x37000B  	BRA	L_Lcd_Out12
;__Lib_Lcd.c,195 :: 		
L_Lcd_Out17:
0x0A22	0x20080A  	MOV	#128, W10
;__Lib_Lcd.c,196 :: 		
0x0A24	0x370009  	BRA	L_Lcd_Out12
L_Lcd_Out11:
0x0A26	0xE15061  	CP	W10, #1
0x0A28	0x32FFF4  	BRA Z	L_Lcd_Out13
L__Lcd_Out32:
0x0A2A	0xE15062  	CP	W10, #2
0x0A2C	0x32FFF4  	BRA Z	L_Lcd_Out14
L__Lcd_Out33:
0x0A2E	0xE15063  	CP	W10, #3
0x0A30	0x32FFF4  	BRA Z	L_Lcd_Out15
L__Lcd_Out34:
0x0A32	0xE15064  	CP	W10, #4
0x0A34	0x32FFF4  	BRA Z	L_Lcd_Out16
L__Lcd_Out35:
0x0A36	0x37FFF5  	BRA	L_Lcd_Out17
L_Lcd_Out12:
;__Lib_Lcd.c,199 :: 		
0x0A38	0x558061  	SUB	W11, #1, W0
0x0A3A	0x450000  	ADD	W10, W0, W0
0x0A3C	0x780500  	MOV	W0, W10
;__Lib_Lcd.c,201 :: 		
0x0A3E	0x784500  	MOV.B	W0, W10
0x0A40	0x07FF30  	RCALL	_Lcd_Cmd
;__Lib_Lcd.c,202 :: 		
0x0A42	0x208460  	MOV	#lo_addr(__Lib_Lcd_cmd_status), W0
0x0A44	0xA10010  	BCLR	[W0], BitPos(__Lib_Lcd_cmd_status+0)
;__Lib_Lcd.c,203 :: 		
; i start address is: 4 (W2)
0x0A46	0xEF2004  	CLR	W2
; i end address is: 4 (W2)
;__Lib_Lcd.c,204 :: 		
L_Lcd_Out18:
; i start address is: 4 (W2)
0x0A48	0x460002  	ADD	W12, W2, W0
0x0A4A	0xE00410  	CP0.B	[W0]
0x0A4C	0x320007  	BRA Z	L_Lcd_Out19
L__Lcd_Out36:
;__Lib_Lcd.c,205 :: 		
0x0A4E	0x460002  	ADD	W12, W2, W0
0x0A50	0x781F8A  	PUSH	W10
0x0A52	0x784510  	MOV.B	[W0], W10
0x0A54	0x07FD41  	RCALL	_Lcd_Chr_CP
0x0A56	0x78054F  	POP	W10
0x0A58	0xEC2004  	INC	W2
; i end address is: 4 (W2)
0x0A5A	0x37FFF6  	BRA	L_Lcd_Out18
L_Lcd_Out19:
;__Lib_Lcd.c,206 :: 		
0x0A5C	0x208460  	MOV	#lo_addr(__Lib_Lcd_cmd_status), W0
0x0A5E	0xA00010  	BSET	[W0], BitPos(__Lib_Lcd_cmd_status+0)
;__Lib_Lcd.c,207 :: 		
L_end_Lcd_Out:
0x0A60	0x78054F  	POP	W10
0x0A62	0xFA8000  	ULNK
0x0A64	0x060000  	RETURN
; end of _Lcd_Out
_Lcd_Chr_CP:
0x04D8	0xFA0000  	LNK	#0
;__Lib_Lcd.c,67 :: 		
;__Lib_Lcd.c,69 :: 		
0x04DA	0x208460  	MOV	#lo_addr(__Lib_Lcd_cmd_status), W0
0x04DC	0xA10010  	BCLR	[W0], BitPos(__Lib_Lcd_cmd_status+0)
;__Lib_Lcd.c,70 :: 		
0x04DE	0x0701E1  	RCALL	_Lcd_Cmd
;__Lib_Lcd.c,71 :: 		
0x04E0	0x208460  	MOV	#lo_addr(__Lib_Lcd_cmd_status), W0
0x04E2	0xA00010  	BSET	[W0], BitPos(__Lib_Lcd_cmd_status+0)
;__Lib_Lcd.c,72 :: 		
L_end_Lcd_Chr_CP:
0x04E4	0xFA8000  	ULNK
0x04E6	0x060000  	RETURN
; end of _Lcd_Chr_CP
_UART1_Init:
0x090E	0xFA0008  	LNK	#8
;__Lib_UART_1_p24_p33.c,118 :: 		
;__Lib_UART_1_p24_p33.c,121 :: 		
0x0910	0x204820  	MOV	#lo_addr(_UART1_Write), W0
0x0912	0x884220  	MOV	W0, _UART_Wr_Ptr
;__Lib_UART_1_p24_p33.c,122 :: 		
0x0914	0x2FFFF0  	MOV	#lo_addr(_UART1_Read), W0
0x0916	0x884210  	MOV	W0, _UART_Rd_Ptr
;__Lib_UART_1_p24_p33.c,123 :: 		
0x0918	0x2FFFF0  	MOV	#lo_addr(_UART1_Data_Ready), W0
0x091A	0x884200  	MOV	W0, _UART_Rdy_Ptr
;__Lib_UART_1_p24_p33.c,124 :: 		
0x091C	0x2FFFF0  	MOV	#lo_addr(_UART1_Tx_Idle), W0
0x091E	0x8841F0  	MOV	W0, _UART_Tx_Idle_Ptr
;__Lib_UART_1_p24_p33.c,129 :: 		
0x0920	0xEF2220  	CLR	U1MODE
;__Lib_UART_1_p24_p33.c,130 :: 		
0x0922	0x280000  	MOV	#32768, W0
0x0924	0xB7A222  	MOV	WREG, U1STA
;__Lib_UART_1_p24_p33.c,134 :: 		
0x0926	0xA96220  	BCLR	U1MODE, #3
;__Lib_UART_1_p24_p33.c,135 :: 		
0x0928	0x07FDBD  	RCALL	_Get_Fosc_kHz
; tmp start address is: 4 (W2)
0x092A	0xBE0100  	MOV.D	W0, W2
;__Lib_UART_1_p24_p33.c,137 :: 		
0x092C	0x203E80  	MOV	#1000, W0
0x092E	0x200001  	MOV	#0, W1
0x0930	0x07FCD7  	RCALL	__Multiply_32x32
0x0932	0xBE0100  	MOV.D	W0, W2
;__Lib_UART_1_p24_p33.c,139 :: 		
0x0934	0x200051  	MOV	#5, W1
0x0936	0x470060  	ADD	W14, #0, W0
0x0938	0xBE880A  	MOV.D	W10, [W0]
L__UART1_Init54:
0x093A	0xE90081  	DEC	W1, W1
0x093C	0x350003  	BRA LT	L__UART1_Init55
0x093E	0xD01810  	SL	[W0], [W0++]
0x0940	0xD29010  	RLC	[W0], [W0--]
0x0942	0x37FFFB  	BRA	L__UART1_Init54
L__UART1_Init55:
;__Lib_UART_1_p24_p33.c,141 :: 		
0x0944	0xBE9F82  	PUSH.D	W2
0x0946	0xBE9F8A  	PUSH.D	W10
0x0948	0xBE0002  	MOV.D	W2, W0
0x094A	0x90010E  	MOV	[W14+0], W2
0x094C	0x90019E  	MOV	[W14+2], W3
0x094E	0xEB0200  	CLR	W4
0x0950	0x07FCD0  	RCALL	__Modulus_32x32
0x0952	0xBE054F  	POP.D	W10
0x0954	0xBE014F  	POP.D	W2
0x0956	0x980720  	MOV	W0, [W14+4]
0x0958	0x980731  	MOV	W1, [W14+6]
;__Lib_UART_1_p24_p33.c,142 :: 		
0x095A	0xBE9F8A  	PUSH.D	W10
; tmp end address is: 4 (W2)
0x095C	0xBE0002  	MOV.D	W2, W0
0x095E	0x90010E  	MOV	[W14+0], W2
0x0960	0x90019E  	MOV	[W14+2], W3
0x0962	0xEB0200  	CLR	W4
0x0964	0x07FC8C  	RCALL	__Divide_32x32
0x0966	0xBE054F  	POP.D	W10
; tmp start address is: 6 (W3)
0x0968	0x780180  	MOV	W0, W3
0x096A	0x780201  	MOV	W1, W4
;__Lib_UART_1_p24_p33.c,144 :: 		
0x096C	0x470060  	ADD	W14, #0, W0
0x096E	0x7800B0  	MOV	[W0++], W1
0x0970	0x780120  	MOV	[W0--], W2
0x0972	0xD10102  	LSR	W2, W2
0x0974	0xD38081  	RRC	W1, W1
0x0976	0x470064  	ADD	W14, #4, W0
0x0978	0xE10830  	CP	W1, [W0++]
0x097A	0xE19020  	CPB	W2, [W0--]
0x097C	0x310007  	BRA GEU	L__UART1_Init37
L__UART1_Init56:
;__Lib_UART_1_p24_p33.c,145 :: 		
0x097E	0x418061  	ADD	W3, #1, W0
0x0980	0x4A00E0  	ADDC	W4, #0, W1
; tmp end address is: 6 (W3)
; tmp start address is: 10 (W5)
0x0982	0x780280  	MOV	W0, W5
0x0984	0x780301  	MOV	W1, W6
; tmp end address is: 10 (W5)
0x0986	0x780105  	MOV	W5, W2
0x0988	0x780186  	MOV	W6, W3
0x098A	0x370002  	BRA	L_UART1_Init13
L__UART1_Init37:
;__Lib_UART_1_p24_p33.c,144 :: 		
0x098C	0x780103  	MOV	W3, W2
0x098E	0x780184  	MOV	W4, W3
;__Lib_UART_1_p24_p33.c,145 :: 		
L_UART1_Init13:
;__Lib_UART_1_p24_p33.c,148 :: 		
; tmp start address is: 4 (W2)
0x0990	0x718002  	IOR	W3, W2, W0
0x0992	0x3A0032  	BRA NZ	L__UART1_Init39
L__UART1_Init57:
; tmp end address is: 4 (W2)
;__Lib_UART_1_p24_p33.c,150 :: 		
0x0994	0x07FD87  	RCALL	_Get_Fosc_kHz
; tmp start address is: 4 (W2)
0x0996	0xBE0100  	MOV.D	W0, W2
;__Lib_UART_1_p24_p33.c,152 :: 		
0x0998	0x203E80  	MOV	#1000, W0
0x099A	0x200001  	MOV	#0, W1
0x099C	0x07FCA1  	RCALL	__Multiply_32x32
0x099E	0xBE0100  	MOV.D	W0, W2
;__Lib_UART_1_p24_p33.c,154 :: 		
0x09A0	0x200031  	MOV	#3, W1
0x09A2	0x470060  	ADD	W14, #0, W0
0x09A4	0xBE880A  	MOV.D	W10, [W0]
L__UART1_Init58:
0x09A6	0xE90081  	DEC	W1, W1
0x09A8	0x350003  	BRA LT	L__UART1_Init59
0x09AA	0xD01810  	SL	[W0], [W0++]
0x09AC	0xD29010  	RLC	[W0], [W0--]
0x09AE	0x37FFFB  	BRA	L__UART1_Init58
L__UART1_Init59:
;__Lib_UART_1_p24_p33.c,156 :: 		
0x09B0	0xBE9F82  	PUSH.D	W2
0x09B2	0xBE0002  	MOV.D	W2, W0
0x09B4	0x90010E  	MOV	[W14+0], W2
0x09B6	0x90019E  	MOV	[W14+2], W3
0x09B8	0xEB0200  	CLR	W4
0x09BA	0x07FC9B  	RCALL	__Modulus_32x32
0x09BC	0xBE014F  	POP.D	W2
0x09BE	0x980720  	MOV	W0, [W14+4]
0x09C0	0x980731  	MOV	W1, [W14+6]
;__Lib_UART_1_p24_p33.c,157 :: 		
0x09C2	0xBE0002  	MOV.D	W2, W0
0x09C4	0x90010E  	MOV	[W14+0], W2
0x09C6	0x90019E  	MOV	[W14+2], W3
0x09C8	0xEB0200  	CLR	W4
0x09CA	0x07FC59  	RCALL	__Divide_32x32
; tmp end address is: 4 (W2)
; tmp start address is: 6 (W3)
0x09CC	0x780180  	MOV	W0, W3
0x09CE	0x780201  	MOV	W1, W4
;__Lib_UART_1_p24_p33.c,159 :: 		
0x09D0	0x470060  	ADD	W14, #0, W0
0x09D2	0x7800B0  	MOV	[W0++], W1
0x09D4	0x780120  	MOV	[W0--], W2
0x09D6	0xD10102  	LSR	W2, W2
0x09D8	0xD38081  	RRC	W1, W1
0x09DA	0x470064  	ADD	W14, #4, W0
0x09DC	0xE10830  	CP	W1, [W0++]
0x09DE	0xE19020  	CPB	W2, [W0--]
0x09E0	0x310007  	BRA GEU	L__UART1_Init38
L__UART1_Init60:
;__Lib_UART_1_p24_p33.c,160 :: 		
0x09E2	0x418061  	ADD	W3, #1, W0
0x09E4	0x4A00E0  	ADDC	W4, #0, W1
; tmp end address is: 6 (W3)
; tmp start address is: 10 (W5)
0x09E6	0x780280  	MOV	W0, W5
0x09E8	0x780301  	MOV	W1, W6
; tmp end address is: 10 (W5)
0x09EA	0x780105  	MOV	W5, W2
0x09EC	0x780186  	MOV	W6, W3
0x09EE	0x370002  	BRA	L_UART1_Init15
L__UART1_Init38:
;__Lib_UART_1_p24_p33.c,159 :: 		
0x09F0	0x780103  	MOV	W3, W2
0x09F2	0x780184  	MOV	W4, W3
;__Lib_UART_1_p24_p33.c,160 :: 		
L_UART1_Init15:
;__Lib_UART_1_p24_p33.c,162 :: 		
; tmp start address is: 4 (W2)
0x09F4	0xA86220  	BSET	U1MODE, #3
; tmp end address is: 4 (W2)
;__Lib_UART_1_p24_p33.c,163 :: 		
0x09F6	0x370000  	BRA	L_UART1_Init14
L__UART1_Init39:
;__Lib_UART_1_p24_p33.c,148 :: 		
;__Lib_UART_1_p24_p33.c,163 :: 		
L_UART1_Init14:
;__Lib_UART_1_p24_p33.c,165 :: 		
; tmp start address is: 4 (W2)
0x09F8	0x510061  	SUB	W2, #1, W0
0x09FA	0x5980E0  	SUBB	W3, #0, W1
; tmp end address is: 4 (W2)
; tmp start address is: 0 (W0)
0x09FC	0x881140  	MOV	W0, U1BRG
; tmp end address is: 0 (W0)
;__Lib_UART_1_p24_p33.c,168 :: 		
0x09FE	0xA92222  	BCLR	U1STA, #1
;__Lib_UART_1_p24_p33.c,170 :: 		
0x0A00	0xA8E221  	BSET	U1MODE, #15
;__Lib_UART_1_p24_p33.c,171 :: 		
0x0A02	0xA84223  	BSET	U1STA, #10
;__Lib_UART_1_p24_p33.c,173 :: 		
0x0A04	0x07FC65  	RCALL	_Delay_100ms
0x0A06	0x07FC64  	RCALL	_Delay_100ms
;__Lib_UART_1_p24_p33.c,175 :: 		
L_end_UART1_Init:
0x0A08	0xFA8000  	ULNK
0x0A0A	0x060000  	RETURN
; end of _UART1_Init
_Get_Fosc_kHz:
;__Lib_Delays.c,38 :: 		unsigned long Get_Fosc_kHz() {
;__Lib_Delays.c,39 :: 		return Clock_kHz();
0x04A4	0x227100  	MOV	#10000, W0
0x04A6	0x200001  	MOV	#0, W1
;__Lib_Delays.c,40 :: 		}
L_end_Get_Fosc_kHz:
0x04A8	0x060000  	RETURN
; end of _Get_Fosc_kHz
_Delay_100ms:
;__Lib_Delays.c,666 :: 		void Delay_100ms()
;__Lib_Delays.c,668 :: 		Delay_ms(100);
0x02D0	0x200038  	MOV	#3, W8
0x02D2	0x28B0A7  	MOV	#35594, W7
L_Delay_100ms31:
0x02D4	0xED200E  	DEC	W7
0x02D6	0x3AFFFE  	BRA NZ	L_Delay_100ms31
0x02D8	0xED2010  	DEC	W8
0x02DA	0x3AFFFC  	BRA NZ	L_Delay_100ms31
0x02DC	0x000000  	NOP
;__Lib_Delays.c,669 :: 		}
L_end_Delay_100ms:
0x02DE	0x060000  	RETURN
; end of _Delay_100ms
__Multiply_32x32:
0x02E0	0xFA0000  	LNK	#0
;__Lib_Math.c,43 :: 		
;__Lib_Math.c,46 :: 		
0x02E2	0xB80A02  	MUL.UU	W1, W2, W4
;__Lib_Math.c,47 :: 		
0x02E4	0x880050  	MOV	W0, W5
;__Lib_Math.c,48 :: 		
0x02E6	0xB80002  	MUL.UU	W0, W2, W0
;__Lib_Math.c,49 :: 		
0x02E8	0x420081  	ADD	W4, W1, W1
;__Lib_Math.c,50 :: 		
0x02EA	0xB82A03  	MUL.UU	W5, W3, W4
;__Lib_Math.c,51 :: 		
0x02EC	0x420081  	ADD	W4, W1, W1
;__Lib_Math.c,54 :: 		
L_end__Multiply_32x32:
0x02EE	0xFA8000  	ULNK
0x02F0	0x060000  	RETURN
; end of __Multiply_32x32
__Modulus_32x32:
0x02F2	0xFA0000  	LNK	#0
;__Lib_Math.c,162 :: 		
;__Lib_Math.c,164 :: 		
0x02F4	0x070002  	RCALL	Modulus_32x32___testsus
;__Lib_Math.c,166 :: 		
0x02F6	0x000000040346  	GOTO	the_end_Modulus_32x32
;__Lib_Math.c,171 :: 		
Modulus_32x32___testsus:
;__Lib_Math.c,172 :: 		
0x02FA	0xE20008  	CP0	W4
;__Lib_Math.c,173 :: 		
0x02FC	0x3A0002  	BRA NZ	Modulus_32x32___modsi3
;__Lib_Math.c,175 :: 		
0x02FE	0x070010  	RCALL	Modulus_32x32___umodsi3
;__Lib_Math.c,176 :: 		
0x0300	0x060000  	RETURN
;__Lib_Math.c,178 :: 		
Modulus_32x32___modsi3:
;__Lib_Math.c,179 :: 		
0x0302	0x781F81  	MOV	W1, [W15++]
;__Lib_Math.c,180 :: 		
0x0304	0xE20002  	CP0	W1
;__Lib_Math.c,181 :: 		
0x0306	0x3D0002  	BRA GE	Modulus_32x32_modtestb
;__Lib_Math.c,182 :: 		
0x0308	0x100060  	SUBR	W0, #0, W0
;__Lib_Math.c,183 :: 		
0x030A	0x1880E0  	SUBBR	W1, #0, W1
;__Lib_Math.c,184 :: 		
Modulus_32x32_modtestb:
;__Lib_Math.c,185 :: 		
0x030C	0xE20006  	CP0	W3
;__Lib_Math.c,186 :: 		
0x030E	0x3D0002  	BRA GE	Modulus_32x32_calcrem
;__Lib_Math.c,187 :: 		
0x0310	0x110160  	SUBR	W2, #0, W2
;__Lib_Math.c,188 :: 		
0x0312	0x1981E0  	SUBBR	W3, #0, W3
;__Lib_Math.c,189 :: 		
Modulus_32x32_calcrem:
;__Lib_Math.c,190 :: 		
0x0314	0x070005  	RCALL	Modulus_32x32___umodsi3
;__Lib_Math.c,191 :: 		
0x0316	0xE0004F  	CP0	[--W15]
;__Lib_Math.c,192 :: 		
0x0318	0x3B0002  	BRA NN	Modulus_32x32_exitr
;__Lib_Math.c,193 :: 		
0x031A	0x100060  	SUBR	W0, #0, W0
;__Lib_Math.c,194 :: 		
0x031C	0x1880E0  	SUBBR	W1, #0, W1
;__Lib_Math.c,195 :: 		
Modulus_32x32_exitr:
;__Lib_Math.c,196 :: 		
0x031E	0x060000  	RETURN
;__Lib_Math.c,197 :: 		
Modulus_32x32___umodsi3:
;__Lib_Math.c,198 :: 		
0x0320	0x070002  	RCALL	Modulus_32x32___udivsi3
;__Lib_Math.c,199 :: 		
0x0322	0xBE8004  	MOV.D	W4, W0
;__Lib_Math.c,200 :: 		
0x0324	0x060000  	RETURN
;__Lib_Math.c,201 :: 		
Modulus_32x32___udivsi3:
;__Lib_Math.c,202 :: 		
0x0326	0xB82260  	MUL.UU	W4, #0, W4
;__Lib_Math.c,203 :: 		
0x0328	0x200206  	MOV	#32, W6
;__Lib_Math.c,204 :: 		
Modulus_32x32_nextbit:
;__Lib_Math.c,205 :: 		
0x032A	0xD00000  	SL	W0, W0
;__Lib_Math.c,206 :: 		
0x032C	0xD28081  	RLC	W1, W1
;__Lib_Math.c,207 :: 		
0x032E	0xD28204  	RLC	W4, W4
;__Lib_Math.c,208 :: 		
0x0330	0xD28285  	RLC	W5, W5
;__Lib_Math.c,209 :: 		
0x0332	0xA80000  	BSET	W0, #0
;__Lib_Math.c,210 :: 		
0x0334	0x520202  	SUB	W4, W2, W4
;__Lib_Math.c,211 :: 		
0x0336	0x5A8283  	SUBB	W5, W3, W5
;__Lib_Math.c,212 :: 		
0x0338	0x3B0003  	BRA NN	Modulus_32x32_iterate
;__Lib_Math.c,213 :: 		
0x033A	0x420202  	ADD	W4, W2, W4
;__Lib_Math.c,214 :: 		
0x033C	0x4A8283  	ADDC	W5, W3, W5
;__Lib_Math.c,215 :: 		
0x033E	0xA10000  	BCLR	W0, #0
;__Lib_Math.c,216 :: 		
Modulus_32x32_iterate:
;__Lib_Math.c,217 :: 		
0x0340	0xE90306  	DEC	W6, W6
;__Lib_Math.c,218 :: 		
0x0342	0x3AFFF3  	BRA NZ	Modulus_32x32_nextbit
;__Lib_Math.c,219 :: 		
0x0344	0x060000  	RETURN
;__Lib_Math.c,222 :: 		
the_end_Modulus_32x32:
;__Lib_Math.c,225 :: 		
L_end__Modulus_32x32:
0x0346	0xFA8000  	ULNK
0x0348	0x060000  	RETURN
; end of __Modulus_32x32
__Divide_32x32:
0x027E	0xFA0000  	LNK	#0
;__Lib_Math.c,78 :: 		
;__Lib_Math.c,81 :: 		
0x0280	0x070002  	RCALL	Divide_32x32___testsus
;__Lib_Math.c,83 :: 		
0x0282	0x0000000402CC  	GOTO	the_end_Divide_32x32
;__Lib_Math.c,88 :: 		
Divide_32x32___testsus:
;__Lib_Math.c,89 :: 		
0x0286	0xE20008  	CP0	W4
;__Lib_Math.c,90 :: 		
0x0288	0x3A0002  	BRA NZ	Divide_32x32___divsi3
;__Lib_Math.c,92 :: 		
0x028A	0x070010  	RCALL	Divide_32x32___udivsi3
;__Lib_Math.c,93 :: 		
0x028C	0x060000  	RETURN
;__Lib_Math.c,95 :: 		
Divide_32x32___divsi3:
;__Lib_Math.c,96 :: 		
0x028E	0x689F83  	XOR	W1, W3, [W15++]
;__Lib_Math.c,97 :: 		
0x0290	0xE20002  	CP0	W1
;__Lib_Math.c,98 :: 		
0x0292	0x3D0002  	BRA GE	Divide_32x32_divtestb
;__Lib_Math.c,99 :: 		
0x0294	0x100060  	SUBR	W0, #0, W0
;__Lib_Math.c,100 :: 		
0x0296	0x1880E0  	SUBBR	W1, #0, W1
;__Lib_Math.c,101 :: 		
Divide_32x32_divtestb:
;__Lib_Math.c,102 :: 		
0x0298	0xE20006  	CP0	W3
;__Lib_Math.c,103 :: 		
0x029A	0x3D0002  	BRA GE	Divide_32x32_calcquot
;__Lib_Math.c,104 :: 		
0x029C	0x110160  	SUBR	W2, #0, W2
;__Lib_Math.c,105 :: 		
0x029E	0x1981E0  	SUBBR	W3, #0, W3
;__Lib_Math.c,106 :: 		
Divide_32x32_calcquot:
;__Lib_Math.c,107 :: 		
0x02A0	0x070005  	RCALL	Divide_32x32___udivsi3
;__Lib_Math.c,108 :: 		
0x02A2	0xE0004F  	CP0	[--W15]
;__Lib_Math.c,109 :: 		
0x02A4	0x3B0002  	BRA NN	Divide_32x32_returnq
;__Lib_Math.c,110 :: 		
0x02A6	0x100060  	SUBR	W0, #0, W0
;__Lib_Math.c,111 :: 		
0x02A8	0x1880E0  	SUBBR	W1, #0, W1
;__Lib_Math.c,112 :: 		
Divide_32x32_returnq:
;__Lib_Math.c,113 :: 		
0x02AA	0x060000  	RETURN
;__Lib_Math.c,114 :: 		
Divide_32x32___udivsi3:
;__Lib_Math.c,115 :: 		
0x02AC	0xB82260  	MUL.UU	W4, #0, W4
;__Lib_Math.c,116 :: 		
0x02AE	0x200206  	MOV	#32, W6
;__Lib_Math.c,117 :: 		
Divide_32x32_nextbit:
;__Lib_Math.c,118 :: 		
0x02B0	0xD00000  	SL	W0, W0
;__Lib_Math.c,119 :: 		
0x02B2	0xD28081  	RLC	W1, W1
;__Lib_Math.c,120 :: 		
0x02B4	0xD28204  	RLC	W4, W4
;__Lib_Math.c,121 :: 		
0x02B6	0xD28285  	RLC	W5, W5
;__Lib_Math.c,122 :: 		
0x02B8	0xA80000  	BSET	W0, #0
;__Lib_Math.c,123 :: 		
0x02BA	0x520202  	SUB	W4, W2, W4
;__Lib_Math.c,124 :: 		
0x02BC	0x5A8283  	SUBB	W5, W3, W5
;__Lib_Math.c,125 :: 		
0x02BE	0x3B0003  	BRA NN	Divide_32x32_iterate
;__Lib_Math.c,126 :: 		
0x02C0	0x420202  	ADD	W4, W2, W4
;__Lib_Math.c,127 :: 		
0x02C2	0x4A8283  	ADDC	W5, W3, W5
;__Lib_Math.c,128 :: 		
0x02C4	0xA10000  	BCLR	W0, #0
;__Lib_Math.c,129 :: 		
Divide_32x32_iterate:
;__Lib_Math.c,130 :: 		
0x02C6	0xE90306  	DEC	W6, W6
;__Lib_Math.c,131 :: 		
0x02C8	0x3AFFF3  	BRA NZ	Divide_32x32_nextbit
;__Lib_Math.c,132 :: 		
0x02CA	0x060000  	RETURN
;__Lib_Math.c,135 :: 		
the_end_Divide_32x32:
;__Lib_Math.c,138 :: 		
L_end__Divide_32x32:
0x02CC	0xFA8000  	ULNK
0x02CE	0x060000  	RETURN
; end of __Divide_32x32
_FloatToStr:
0x065E	0xFA0006  	LNK	#6
;__Lib_Conversions.c,472 :: 		
;__Lib_Conversions.c,474 :: 		
0x0660	0x781F8A  	PUSH	W10
0x0662	0x781F8B  	PUSH	W11
; bpoint start address is: 8 (W4)
0x0664	0xEF2008  	CLR	W4
;__Lib_Conversions.c,476 :: 		
0x0666	0x200000  	MOV	#0, W0
0x0668	0x984740  	MOV.B	W0, [W14+4]
;__Lib_Conversions.c,479 :: 		
0x066A	0x98070A  	MOV	W10, [W14+0]
0x066C	0x98071B  	MOV	W11, [W14+2]
;__Lib_Conversions.c,480 :: 		
0x066E	0x90010E  	MOV	[W14+0], W2
0x0670	0x90019E  	MOV	[W14+2], W3
0x0672	0x2FFFF0  	MOV	#65535, W0
0x0674	0x2FFFF1  	MOV	#65535, W1
0x0676	0xE11000  	CP	W2, W0
0x0678	0xE19801  	CPB	W3, W1
0x067A	0x3A0005  	BRA NZ	L_FloatToStr76
L__FloatToStr175:
; bpoint end address is: 8 (W4)
;__Lib_Conversions.c,481 :: 		
0x067C	0x20833B  	MOV	#lo_addr(?lstr1___Lib_Conversions), W11
0x067E	0x78050C  	MOV	W12, W10
0x0680	0x07FE64  	RCALL	_strcpy
;__Lib_Conversions.c,482 :: 		
0x0682	0xB3C030  	MOV.B	#3, W0
0x0684	0x37010A  	BRA	L_end_FloatToStr
;__Lib_Conversions.c,483 :: 		
L_FloatToStr76:
;__Lib_Conversions.c,484 :: 		
; bpoint start address is: 8 (W4)
; i start address is: 10 (W5)
0x0686	0xB3C015  	MOV.B	#1, W5
;__Lib_Conversions.c,485 :: 		
0x0688	0x470060  	ADD	W14, #0, W0
0x068A	0x400063  	ADD	W0, #3, W0
0x068C	0x784010  	MOV.B	[W0], W0
0x068E	0xAEE000  	BTSS	W0, #7
0x0690	0x37000C  	BRA	L__FloatToStr111
;__Lib_Conversions.c,486 :: 		
0x0692	0x470060  	ADD	W14, #0, W0
0x0694	0x400163  	ADD	W0, #3, W2
0x0696	0xFB8092  	ZE	[W2], W1
0x0698	0x200800  	MOV	#128, W0
0x069A	0x688000  	XOR	W1, W0, W0
0x069C	0x784900  	MOV.B	W0, [W2]
;__Lib_Conversions.c,487 :: 		
0x069E	0xEC600A  	INC.B	W5
;__Lib_Conversions.c,488 :: 		
0x06A0	0xB3C2D0  	MOV.B	#45, W0
0x06A2	0x784E00  	MOV.B	W0, [W12]
0x06A4	0x460061  	ADD	W12, #1, W0
0x06A6	0x780600  	MOV	W0, W12
; i end address is: 10 (W5)
;__Lib_Conversions.c,489 :: 		
0x06A8	0x370000  	BRA	L_FloatToStr77
L__FloatToStr111:
;__Lib_Conversions.c,485 :: 		
;__Lib_Conversions.c,489 :: 		
L_FloatToStr77:
;__Lib_Conversions.c,490 :: 		
; i start address is: 10 (W5)
0x06AA	0x90000E  	MOV	[W14+0], W0
0x06AC	0x90009E  	MOV	[W14+2], W1
0x06AE	0xE10060  	CP	W0, #0
0x06B0	0xE18860  	CPB	W1, #0
0x06B2	0x3A0005  	BRA NZ	L_FloatToStr78
L__FloatToStr176:
; i end address is: 10 (W5)
; bpoint end address is: 8 (W4)
;__Lib_Conversions.c,491 :: 		
0x06B4	0x20831B  	MOV	#lo_addr(?lstr2___Lib_Conversions), W11
0x06B6	0x78050C  	MOV	W12, W10
0x06B8	0x07FE48  	RCALL	_strcpy
;__Lib_Conversions.c,492 :: 		
0x06BA	0xEF2000  	CLR	W0
0x06BC	0x3700EE  	BRA	L_end_FloatToStr
;__Lib_Conversions.c,493 :: 		
L_FloatToStr78:
;__Lib_Conversions.c,494 :: 		
; bpoint start address is: 8 (W4)
; i start address is: 10 (W5)
0x06BE	0x90010E  	MOV	[W14+0], W2
0x06C0	0x90019E  	MOV	[W14+2], W3
0x06C2	0x200000  	MOV	#0, W0
0x06C4	0x27F801  	MOV	#32640, W1
0x06C6	0xE11000  	CP	W2, W0
0x06C8	0xE19801  	CPB	W3, W1
0x06CA	0x3A0005  	BRA NZ	L_FloatToStr79
L__FloatToStr177:
; bpoint end address is: 8 (W4)
;__Lib_Conversions.c,495 :: 		
0x06CC	0x2082DB  	MOV	#lo_addr(?lstr3___Lib_Conversions), W11
0x06CE	0x78050C  	MOV	W12, W10
0x06D0	0x07FE3C  	RCALL	_strcpy
;__Lib_Conversions.c,496 :: 		
0x06D2	0x784005  	MOV.B	W5, W0
; i end address is: 10 (W5)
0x06D4	0x3700E2  	BRA	L_end_FloatToStr
;__Lib_Conversions.c,497 :: 		
L_FloatToStr79:
;__Lib_Conversions.c,505 :: 		
; bpoint start address is: 8 (W4)
0x06D6	0x784104  	MOV.B	W4, W2
L_FloatToStr80:
; bpoint end address is: 8 (W4)
; bpoint start address is: 4 (W2)
0x06D8	0x781F82  	PUSH	W2
0x06DA	0x781F8C  	PUSH	W12
0x06DC	0xBE9F8A  	PUSH.D	W10
0x06DE	0x200002  	MOV	#0, W2
0x06E0	0x23F803  	MOV	#16256, W3
0x06E2	0x90000E  	MOV	[W14+0], W0
0x06E4	0x90009E  	MOV	[W14+2], W1
0x06E6	0x07FED4  	RCALL	__Compare_Le_Fp
0x06E8	0xE00000  	CP0	W0
0x06EA	0xEF6000  	CLR.B	W0
0x06EC	0x3D0001  	BRA GE	L__FloatToStr178
0x06EE	0xEC6000  	INC.B	W0
L__FloatToStr178:
0x06F0	0xBE054F  	POP.D	W10
0x06F2	0x78064F  	POP	W12
0x06F4	0x78014F  	POP	W2
0x06F6	0xE24000  	CP0.B	W0
0x06F8	0x320011  	BRA Z	L_FloatToStr81
L__FloatToStr179:
;__Lib_Conversions.c,506 :: 		
0x06FA	0x781F82  	PUSH	W2
0x06FC	0x781F8C  	PUSH	W12
0x06FE	0xBE9F8A  	PUSH.D	W10
0x0700	0x90000E  	MOV	[W14+0], W0
0x0702	0x90009E  	MOV	[W14+2], W1
0x0704	0x200002  	MOV	#0, W2
0x0706	0x241203  	MOV	#16672, W3
0x0708	0x07FE2F  	RCALL	__Mul_FP
0x070A	0xBE054F  	POP.D	W10
0x070C	0x78064F  	POP	W12
0x070E	0x78014F  	POP	W2
0x0710	0x980700  	MOV	W0, [W14+0]
0x0712	0x980711  	MOV	W1, [W14+2]
;__Lib_Conversions.c,507 :: 		
0x0714	0x9040CE  	MOV.B	[W14+4], W1
0x0716	0x470064  	ADD	W14, #4, W0
0x0718	0x50C861  	SUB.B	W1, #1, [W0]
;__Lib_Conversions.c,508 :: 		
0x071A	0x37FFDE  	BRA	L_FloatToStr80
L_FloatToStr81:
;__Lib_Conversions.c,513 :: 		
0x071C	0x784202  	MOV.B	W2, W4
L_FloatToStr82:
; bpoint end address is: 4 (W2)
; bpoint start address is: 8 (W4)
0x071E	0x781F84  	PUSH	W4
0x0720	0x781F8C  	PUSH	W12
0x0722	0xBE9F8A  	PUSH.D	W10
0x0724	0x200002  	MOV	#0, W2
0x0726	0x241203  	MOV	#16672, W3
0x0728	0x90000E  	MOV	[W14+0], W0
0x072A	0x90009E  	MOV	[W14+2], W1
0x072C	0x07FEB6  	RCALL	__Compare_Ge_Fp
0x072E	0xE00000  	CP0	W0
0x0730	0xEF6000  	CLR.B	W0
0x0732	0x350001  	BRA LT	L__FloatToStr180
0x0734	0xEC6000  	INC.B	W0
L__FloatToStr180:
0x0736	0xBE054F  	POP.D	W10
0x0738	0x78064F  	POP	W12
0x073A	0x78024F  	POP	W4
0x073C	0xE24000  	CP0.B	W0
0x073E	0x320011  	BRA Z	L_FloatToStr83
L__FloatToStr181:
;__Lib_Conversions.c,514 :: 		
0x0740	0x781F84  	PUSH	W4
0x0742	0x781F8C  	PUSH	W12
0x0744	0xBE9F8A  	PUSH.D	W10
0x0746	0x90000E  	MOV	[W14+0], W0
0x0748	0x90009E  	MOV	[W14+2], W1
0x074A	0x2CCCD2  	MOV	#52429, W2
0x074C	0x23DCC3  	MOV	#15820, W3
0x074E	0x07FE0C  	RCALL	__Mul_FP
0x0750	0xBE054F  	POP.D	W10
0x0752	0x78064F  	POP	W12
0x0754	0x78024F  	POP	W4
0x0756	0x980700  	MOV	W0, [W14+0]
0x0758	0x980711  	MOV	W1, [W14+2]
;__Lib_Conversions.c,515 :: 		
0x075A	0x9040CE  	MOV.B	[W14+4], W1
0x075C	0x470064  	ADD	W14, #4, W0
0x075E	0x40C861  	ADD.B	W1, #1, [W0]
;__Lib_Conversions.c,516 :: 		
0x0760	0x37FFDE  	BRA	L_FloatToStr82
L_FloatToStr83:
;__Lib_Conversions.c,521 :: 		
0x0762	0x470160  	ADD	W14, #0, W2
0x0764	0xBE0012  	MOV.D	[W2], W0
0x0766	0xD00000  	SL	W0, W0
0x0768	0xD28081  	RLC	W1, W1
0x076A	0x980700  	MOV	W0, [W14+0]
0x076C	0x980711  	MOV	W1, [W14+2]
;__Lib_Conversions.c,530 :: 		
0x076E	0x470060  	ADD	W14, #0, W0
0x0770	0x400063  	ADD	W0, #3, W0
0x0772	0x784090  	MOV.B	[W0], W1
0x0774	0xB3C7F0  	MOV.B	#127, W0
; d start address is: 4 (W2)
0x0776	0x50C100  	SUB.B	W1, W0, W2
;__Lib_Conversions.c,533 :: 		
0x0778	0x470060  	ADD	W14, #0, W0
0x077A	0x4000E3  	ADD	W0, #3, W1
0x077C	0xB3C010  	MOV.B	#1, W0
0x077E	0x784880  	MOV.B	W0, [W1]
;__Lib_Conversions.c,534 :: 		
0x0780	0xFB8182  	ZE	W2, W3
; d end address is: 4 (W2)
0x0782	0x470160  	ADD	W14, #0, W2
0x0784	0xBE0012  	MOV.D	[W2], W0
L__FloatToStr182:
0x0786	0xE90183  	DEC	W3, W3
0x0788	0x350003  	BRA LT	L__FloatToStr183
0x078A	0xD00000  	SL	W0, W0
0x078C	0xD28081  	RLC	W1, W1
0x078E	0x37FFFB  	BRA	L__FloatToStr182
L__FloatToStr183:
0x0790	0x980700  	MOV	W0, [W14+0]
0x0792	0x980711  	MOV	W1, [W14+2]
;__Lib_Conversions.c,535 :: 		
0x0794	0x470060  	ADD	W14, #0, W0
0x0796	0x400063  	ADD	W0, #3, W0
0x0798	0x200301  	MOV	#48, W1
0x079A	0xFB8010  	ZE	[W0], W0
0x079C	0x408000  	ADD	W1, W0, W0
0x079E	0x784E00  	MOV.B	W0, [W12]
0x07A0	0x460061  	ADD	W12, #1, W0
0x07A2	0x780600  	MOV	W0, W12
;__Lib_Conversions.c,536 :: 		
0x07A4	0x90404E  	MOV.B	[W14+4], W0
0x07A6	0xE10461  	CP.B	W0, #1
0x07A8	0x350005  	BRA LT	L__FloatToStr110
L__FloatToStr184:
0x07AA	0x90404E  	MOV.B	[W14+4], W0
0x07AC	0xE10466  	CP.B	W0, #6
0x07AE	0x3C0002  	BRA GT	L__FloatToStr109
L__FloatToStr185:
0x07B0	0x784304  	MOV.B	W4, W6
; bpoint end address is: 8 (W4)
0x07B2	0x370005  	BRA	L_FloatToStr86
L__FloatToStr110:
L__FloatToStr109:
;__Lib_Conversions.c,537 :: 		
0x07B4	0xB3C2E0  	MOV.B	#46, W0
0x07B6	0x784E00  	MOV.B	W0, [W12]
0x07B8	0x460061  	ADD	W12, #1, W0
0x07BA	0x780600  	MOV	W0, W12
;__Lib_Conversions.c,538 :: 		
; bpoint start address is: 12 (W6)
0x07BC	0xB3C016  	MOV.B	#1, W6
; bpoint end address is: 12 (W6)
;__Lib_Conversions.c,539 :: 		
L_FloatToStr86:
;__Lib_Conversions.c,540 :: 		
; bpoint start address is: 12 (W6)
; d start address is: 10 (W5)
0x07BE	0xB3C065  	MOV.B	#6, W5
; bpoint end address is: 12 (W6)
; d end address is: 10 (W5)
L_FloatToStr87:
; d start address is: 10 (W5)
; bpoint start address is: 12 (W6)
0x07C0	0xE12C60  	CP.B	W5, #0
0x07C2	0x32002F  	BRA Z	L_FloatToStr88
L__FloatToStr186:
;__Lib_Conversions.c,541 :: 		
0x07C4	0x470060  	ADD	W14, #0, W0
0x07C6	0x4000E3  	ADD	W0, #3, W1
0x07C8	0xEF2000  	CLR	W0
0x07CA	0x784880  	MOV.B	W0, [W1]
;__Lib_Conversions.c,542 :: 		
0x07CC	0x470060  	ADD	W14, #0, W0
0x07CE	0x7801B0  	MOV	[W0++], W3
0x07D0	0x780220  	MOV	[W0--], W4
0x07D2	0xD00183  	SL	W3, W3
0x07D4	0xD28204  	RLC	W4, W4
0x07D6	0xD00183  	SL	W3, W3
0x07D8	0xD28204  	RLC	W4, W4
0x07DA	0x470160  	ADD	W14, #0, W2
0x07DC	0x418032  	ADD	W3, [W2++], W0
0x07DE	0x4A00A2  	ADDC	W4, [W2--], W1
0x07E0	0x980700  	MOV	W0, [W14+0]
0x07E2	0x980711  	MOV	W1, [W14+2]
;__Lib_Conversions.c,543 :: 		
0x07E4	0x470160  	ADD	W14, #0, W2
0x07E6	0xBE0012  	MOV.D	[W2], W0
0x07E8	0xD00000  	SL	W0, W0
0x07EA	0xD28081  	RLC	W1, W1
0x07EC	0x980700  	MOV	W0, [W14+0]
0x07EE	0x980711  	MOV	W1, [W14+2]
;__Lib_Conversions.c,544 :: 		
0x07F0	0x470060  	ADD	W14, #0, W0
0x07F2	0x400063  	ADD	W0, #3, W0
0x07F4	0x200301  	MOV	#48, W1
0x07F6	0xFB8010  	ZE	[W0], W0
0x07F8	0x408000  	ADD	W1, W0, W0
0x07FA	0x784E00  	MOV.B	W0, [W12]
0x07FC	0x460061  	ADD	W12, #1, W0
0x07FE	0x780600  	MOV	W0, W12
;__Lib_Conversions.c,545 :: 		
0x0800	0xE13460  	CP.B	W6, #0
0x0802	0x3A000D  	BRA NZ	L__FloatToStr113
L__FloatToStr187:
;__Lib_Conversions.c,546 :: 		
0x0804	0x90404E  	MOV.B	[W14+4], W0
0x0806	0xED6000  	DEC.B	W0
0x0808	0x984740  	MOV.B	W0, [W14+4]
0x080A	0xE10460  	CP.B	W0, #0
0x080C	0x3A0007  	BRA NZ	L__FloatToStr112
L__FloatToStr188:
; bpoint end address is: 12 (W6)
;__Lib_Conversions.c,547 :: 		
0x080E	0xB3C2E0  	MOV.B	#46, W0
0x0810	0x784E00  	MOV.B	W0, [W12]
0x0812	0x460061  	ADD	W12, #1, W0
0x0814	0x780600  	MOV	W0, W12
;__Lib_Conversions.c,548 :: 		
; bpoint start address is: 0 (W0)
0x0816	0xB3C010  	MOV.B	#1, W0
; bpoint end address is: 0 (W0)
0x0818	0x784300  	MOV.B	W0, W6
;__Lib_Conversions.c,549 :: 		
0x081A	0x370000  	BRA	L_FloatToStr91
L__FloatToStr112:
;__Lib_Conversions.c,546 :: 		
;__Lib_Conversions.c,549 :: 		
L_FloatToStr91:
; bpoint start address is: 12 (W6)
; bpoint end address is: 12 (W6)
0x081C	0x370000  	BRA	L_FloatToStr90
L__FloatToStr113:
;__Lib_Conversions.c,545 :: 		
;__Lib_Conversions.c,549 :: 		
L_FloatToStr90:
;__Lib_Conversions.c,540 :: 		
; bpoint start address is: 12 (W6)
0x081E	0xED600A  	DEC.B	W5
;__Lib_Conversions.c,550 :: 		
; bpoint end address is: 12 (W6)
; d end address is: 10 (W5)
0x0820	0x37FFCF  	BRA	L_FloatToStr87
L_FloatToStr88:
;__Lib_Conversions.c,551 :: 		
L_FloatToStr92:
0x0822	0x2FFFF0  	MOV	#65535, W0
0x0824	0x460000  	ADD	W12, W0, W0
0x0826	0x784090  	MOV.B	[W0], W1
0x0828	0xB3C300  	MOV.B	#48, W0
0x082A	0xE10C00  	CP.B	W1, W0
0x082C	0x3A0003  	BRA NZ	L_FloatToStr93
L__FloatToStr189:
;__Lib_Conversions.c,552 :: 		
0x082E	0x560061  	SUB	W12, #1, W0
0x0830	0x780600  	MOV	W0, W12
0x0832	0x37FFF7  	BRA	L_FloatToStr92
L_FloatToStr93:
;__Lib_Conversions.c,553 :: 		
0x0834	0x2FFFF0  	MOV	#65535, W0
0x0836	0x460000  	ADD	W12, W0, W0
0x0838	0x784090  	MOV.B	[W0], W1
0x083A	0xB3C2E0  	MOV.B	#46, W0
0x083C	0xE10C00  	CP.B	W1, W0
0x083E	0x3A0002  	BRA NZ	L_FloatToStr94
L__FloatToStr190:
;__Lib_Conversions.c,554 :: 		
0x0840	0x560061  	SUB	W12, #1, W0
0x0842	0x780600  	MOV	W0, W12
L_FloatToStr94:
;__Lib_Conversions.c,555 :: 		
0x0844	0x90404E  	MOV.B	[W14+4], W0
0x0846	0xE10460  	CP.B	W0, #0
0x0848	0x320025  	BRA Z	L_FloatToStr95
L__FloatToStr191:
;__Lib_Conversions.c,556 :: 		
0x084A	0xB3C650  	MOV.B	#101, W0
0x084C	0x784E00  	MOV.B	W0, [W12]
0x084E	0x460061  	ADD	W12, #1, W0
0x0850	0x780600  	MOV	W0, W12
;__Lib_Conversions.c,557 :: 		
0x0852	0x90404E  	MOV.B	[W14+4], W0
0x0854	0xE10460  	CP.B	W0, #0
0x0856	0x3D0007  	BRA GE	L_FloatToStr96
L__FloatToStr192:
;__Lib_Conversions.c,558 :: 		
0x0858	0xB3C2D0  	MOV.B	#45, W0
0x085A	0x784E00  	MOV.B	W0, [W12]
0x085C	0x460061  	ADD	W12, #1, W0
0x085E	0x780600  	MOV	W0, W12
;__Lib_Conversions.c,559 :: 		
0x0860	0x9040CE  	MOV.B	[W14+4], W1
0x0862	0x470064  	ADD	W14, #4, W0
0x0864	0x10C860  	SUBR.B	W1, #0, [W0]
;__Lib_Conversions.c,560 :: 		
L_FloatToStr96:
;__Lib_Conversions.c,561 :: 		
; d start address is: 6 (W3)
0x0866	0x9041CE  	MOV.B	[W14+4], W3
;__Lib_Conversions.c,562 :: 		
0x0868	0x90404E  	MOV.B	[W14+4], W0
0x086A	0xE10469  	CP.B	W0, #9
0x086C	0x36000A  	BRA LEU	L_FloatToStr97
L__FloatToStr193:
;__Lib_Conversions.c,563 :: 		
0x086E	0xFB8003  	ZE	W3, W0
0x0870	0x2000A2  	MOV	#10, W2
0x0872	0x090011  	REPEAT	#17
0x0874	0xD80002  	DIV.S	W0, W2
0x0876	0x780080  	MOV	W0, W1
0x0878	0x200300  	MOV	#48, W0
0x087A	0x400001  	ADD	W0, W1, W0
0x087C	0x784E00  	MOV.B	W0, [W12]
0x087E	0x460061  	ADD	W12, #1, W0
0x0880	0x780600  	MOV	W0, W12
L_FloatToStr97:
;__Lib_Conversions.c,564 :: 		
0x0882	0xFB8003  	ZE	W3, W0
; d end address is: 6 (W3)
0x0884	0x2000A2  	MOV	#10, W2
0x0886	0x090011  	REPEAT	#17
0x0888	0xD80002  	DIV.S	W0, W2
0x088A	0x200300  	MOV	#48, W0
0x088C	0x400001  	ADD	W0, W1, W0
0x088E	0x784E00  	MOV.B	W0, [W12]
0x0890	0x460061  	ADD	W12, #1, W0
0x0892	0x780600  	MOV	W0, W12
;__Lib_Conversions.c,565 :: 		
L_FloatToStr95:
;__Lib_Conversions.c,566 :: 		
0x0894	0xEF2000  	CLR	W0
0x0896	0x784E00  	MOV.B	W0, [W12]
;__Lib_Conversions.c,567 :: 		
0x0898	0xEF2000  	CLR	W0
;__Lib_Conversions.c,568 :: 		
;__Lib_Conversions.c,567 :: 		
;__Lib_Conversions.c,568 :: 		
L_end_FloatToStr:
0x089A	0x7805CF  	POP	W11
0x089C	0x78054F  	POP	W10
0x089E	0xFA8000  	ULNK
0x08A0	0x060000  	RETURN
; end of _FloatToStr
_strcpy:
0x034A	0xFA0000  	LNK	#0
;__Lib_CString.c,133 :: 		
;__Lib_CString.c,136 :: 		
; cp start address is: 0 (W0)
0x034C	0x78000A  	MOV	W10, W0
; cp end address is: 0 (W0)
;__Lib_CString.c,137 :: 		
L_strcpy34:
; cp start address is: 6 (W3)
; cp start address is: 0 (W0)
0x034E	0x780100  	MOV	W0, W2
; cp start address is: 6 (W3)
0x0350	0x4001E1  	ADD	W0, #1, W3
; cp end address is: 0 (W0)
; cp end address is: 6 (W3)
0x0352	0x78008B  	MOV	W11, W1
0x0354	0x458061  	ADD	W11, #1, W0
0x0356	0x780580  	MOV	W0, W11
0x0358	0x784911  	MOV.B	[W1], [W2]
0x035A	0xE00412  	CP0.B	[W2]
0x035C	0x320002  	BRA Z	L_strcpy35
L__strcpy129:
; cp end address is: 6 (W3)
;__Lib_CString.c,138 :: 		
; cp start address is: 6 (W3)
0x035E	0x780003  	MOV	W3, W0
; cp end address is: 6 (W3)
0x0360	0x37FFF6  	BRA	L_strcpy34
L_strcpy35:
;__Lib_CString.c,139 :: 		
0x0362	0x78000A  	MOV	W10, W0
;__Lib_CString.c,140 :: 		
L_end_strcpy:
0x0364	0xFA8000  	ULNK
0x0366	0x060000  	RETURN
; end of _strcpy
__Compare_Le_Fp:
0x0490	0xFA0000  	LNK	#0
;__Lib_MathDouble.c,1348 :: 		
;__Lib_MathDouble.c,1349 :: 		
0x0492	0x200014  	MOV	#1, W4
;__Lib_MathDouble.c,1350 :: 		
0x0494	0x07FEB5  	RCALL	__Compare_Fp
;__Lib_MathDouble.c,1351 :: 		
L_end__Compare_Le_Fp:
0x0496	0xFA8000  	ULNK
0x0498	0x060000  	RETURN
; end of __Compare_Le_Fp
__Compare_Fp:
0x0200	0xFA0000  	LNK	#0
;__Lib_MathDouble.c,1272 :: 		
;__Lib_MathDouble.c,1274 :: 		
0x0202	0x070002  	RCALL	CompareFp__fcompare
;__Lib_MathDouble.c,1275 :: 		
0x0204	0x00000004026E  	GOTO	the_end__Compare_Fp
;__Lib_MathDouble.c,1277 :: 		
CompareFp__fcompare:
;__Lib_MathDouble.c,1278 :: 		
0x0208	0x781F84  	MOV	W4, [W15++]
;__Lib_MathDouble.c,1279 :: 		
0x020A	0x070014  	RCALL	CompareFp__funpack2
;__Lib_MathDouble.c,1280 :: 		
0x020C	0x78004F  	MOV	[--W15], W0
;__Lib_MathDouble.c,1281 :: 		
0x020E	0x330011  	BRA N	CompareFp_exit
;__Lib_MathDouble.c,1282 :: 		
0x0210	0x2FFFF0  	MOV	#65535, W0
;__Lib_MathDouble.c,1283 :: 		
0x0212	0x6C8F83  	XOR	W9, W3, [W15]
;__Lib_MathDouble.c,1284 :: 		
0x0214	0x3B0006  	BRA NN	CompareFp_comparemag
;__Lib_MathDouble.c,1285 :: 		
0x0216	0x650504  	AND	W10, W4, W10
;__Lib_MathDouble.c,1286 :: 		
0x0218	0xA7000A  	BTSC	W10, #0
;__Lib_MathDouble.c,1287 :: 		
0x021A	0x370008  	BRA	CompareFp_returnEqual
;__Lib_MathDouble.c,1288 :: 		
0x021C	0xA6F009  	BTSS	W9, #15
;__Lib_MathDouble.c,1289 :: 		
0x021E	0x200010  	MOV	#1, W0
;__Lib_MathDouble.c,1290 :: 		
0x0220	0x370008  	BRA	CompareFp_exit
;__Lib_MathDouble.c,1291 :: 		
CompareFp_comparemag:
;__Lib_MathDouble.c,1292 :: 		
0x0222	0x540F82  	SUB	W8, W2, [W15]
;__Lib_MathDouble.c,1293 :: 		
0x0224	0x5C8F83  	SUBB	W9, W3, [W15]
;__Lib_MathDouble.c,1294 :: 		
0x0226	0x390003  	BRA LTU	CompareFp_adjust
;__Lib_MathDouble.c,1295 :: 		
0x0228	0x200010  	MOV	#1, W0
;__Lib_MathDouble.c,1296 :: 		
0x022A	0x3E0001  	BRA GTU	CompareFp_adjust
;__Lib_MathDouble.c,1297 :: 		
CompareFp_returnEqual:
;__Lib_MathDouble.c,1298 :: 		
0x022C	0x200000  	MOV	#0, W0
;__Lib_MathDouble.c,1299 :: 		
CompareFp_adjust:
;__Lib_MathDouble.c,1300 :: 		
0x022E	0xA7F009  	BTSC	W9, #15
;__Lib_MathDouble.c,1301 :: 		
0x0230	0xEA0000  	NEG	W0, W0
;__Lib_MathDouble.c,1302 :: 		
CompareFp_exit:
;__Lib_MathDouble.c,1303 :: 		
0x0232	0x060000  	RETURN
;__Lib_MathDouble.c,1304 :: 		
CompareFp__funpack2:
;__Lib_MathDouble.c,1305 :: 		
0x0234	0xBE8400  	MOV.D	W0, W8
;__Lib_MathDouble.c,1306 :: 		
0x0236	0x070006  	RCALL	CompareFp__funpack
;__Lib_MathDouble.c,1307 :: 		
0x0238	0xBE8300  	MOV.D	W0, W6
;__Lib_MathDouble.c,1308 :: 		
0x023A	0xBE8504  	MOV.D	W4, W10
;__Lib_MathDouble.c,1309 :: 		
0x023C	0xBE8002  	MOV.D	W2, W0
;__Lib_MathDouble.c,1310 :: 		
0x023E	0x070002  	RCALL	CompareFp__funpack
;__Lib_MathDouble.c,1311 :: 		
0x0240	0x754F84  	IOR.B	W10, W4, [W15]
;__Lib_MathDouble.c,1312 :: 		
0x0242	0x060000  	RETURN
;__Lib_MathDouble.c,1313 :: 		
CompareFp__funpack:
;__Lib_MathDouble.c,1314 :: 		
0x0244	0xDE0AC7  	LSR	W1, #7, W5
;__Lib_MathDouble.c,1315 :: 		
0x0246	0xB207F1  	AND	#127, W1
;__Lib_MathDouble.c,1316 :: 		
0x0248	0xB20FF5  	AND	#255, W5
;__Lib_MathDouble.c,1317 :: 		
0x024A	0x320008  	BRA Z	CompareFp_zeroorsub
;__Lib_MathDouble.c,1318 :: 		
0x024C	0x42CFE1  	ADD.B	W5, #1, [W15]
;__Lib_MathDouble.c,1319 :: 		
0x024E	0x320002  	BRA Z	CompareFp_nanorinf
;__Lib_MathDouble.c,1320 :: 		
CompareFp_finitereturn:
;__Lib_MathDouble.c,1321 :: 		
0x0250	0xA8E002  	BSET	W1, #7
;__Lib_MathDouble.c,1322 :: 		
0x0252	0x050024  	RETLW	#2, W4
;__Lib_MathDouble.c,1323 :: 		
CompareFp_nanorinf:
;__Lib_MathDouble.c,1324 :: 		
0x0254	0x700F81  	IOR	W0, W1, [W15]
;__Lib_MathDouble.c,1325 :: 		
0x0256	0x320001  	BRA Z	CompareFp_infinite
;__Lib_MathDouble.c,1326 :: 		
0x0258	0x050804  	RETLW	#128, W4
;__Lib_MathDouble.c,1327 :: 		
CompareFp_infinite:
;__Lib_MathDouble.c,1328 :: 		
0x025A	0x050044  	RETLW	#4, W4
;__Lib_MathDouble.c,1329 :: 		
CompareFp_zeroorsub:
;__Lib_MathDouble.c,1330 :: 		
0x025C	0x700F81  	IOR	W0, W1, [W15]
;__Lib_MathDouble.c,1331 :: 		
0x025E	0x3A0002  	BRA NZ	CompareFp_subnormal
;__Lib_MathDouble.c,1332 :: 		
0x0260	0x050014  	RETLW	#1, W4
;__Lib_MathDouble.c,1333 :: 		
CompareFp_normalize:
;__Lib_MathDouble.c,1334 :: 		
0x0262	0xE90285  	DEC	W5, W5
;__Lib_MathDouble.c,1335 :: 		
CompareFp_subnormal:
;__Lib_MathDouble.c,1336 :: 		
0x0264	0x400000  	ADD	W0, W0, W0
;__Lib_MathDouble.c,1337 :: 		
0x0266	0x48C081  	ADDC.B	W1, W1, W1
;__Lib_MathDouble.c,1338 :: 		
0x0268	0x3BFFFC  	BRA NN	CompareFp_normalize
;__Lib_MathDouble.c,1339 :: 		
0x026A	0xA8E002  	BSET	W1, #7
;__Lib_MathDouble.c,1340 :: 		
0x026C	0x050024  	RETLW	#2, W4
;__Lib_MathDouble.c,1343 :: 		
the_end__Compare_Fp:
;__Lib_MathDouble.c,1345 :: 		
L_end__Compare_Fp:
0x026E	0xFA8000  	ULNK
0x0270	0x060000  	RETURN
; end of __Compare_Fp
__Compare_Ge_Fp:
0x049A	0xFA0000  	LNK	#0
;__Lib_MathDouble.c,1354 :: 		
;__Lib_MathDouble.c,1355 :: 		
0x049C	0x2FFFF4  	MOV	#65535, W4
;__Lib_MathDouble.c,1356 :: 		
0x049E	0x07FEB0  	RCALL	__Compare_Fp
;__Lib_MathDouble.c,1357 :: 		
L_end__Compare_Ge_Fp:
0x04A0	0xFA8000  	ULNK
0x04A2	0x060000  	RETURN
; end of __Compare_Ge_Fp
__Mul_FP:
0x0368	0xFA0000  	LNK	#0
;__Lib_MathDouble.c,855 :: 		
;__Lib_MathDouble.c,857 :: 		
0x036A	0x070002  	RCALL	MulFP___mulsf3
;__Lib_MathDouble.c,858 :: 		
0x036C	0x00000004047E  	GOTO	the_end__Mul_FP
;__Lib_MathDouble.c,861 :: 		
MulFP___mulsf3:
;__Lib_MathDouble.c,862 :: 		
0x0370	0xBE9F88  	MOV.D	W8, [W15++]
;__Lib_MathDouble.c,863 :: 		
0x0372	0xBE9F8A  	MOV.D	W10, [W15++]
;__Lib_MathDouble.c,864 :: 		
0x0374	0x781F8C  	MOV	W12, [W15++]
;__Lib_MathDouble.c,865 :: 		
0x0376	0x070030  	RCALL	MulFP__funpack2
;__Lib_MathDouble.c,866 :: 		
0x0378	0x330037  	BRA N	MulFP__fPropagateNaN
;__Lib_MathDouble.c,867 :: 		
0x037A	0x6C8603  	XOR	W9, W3, W12
;__Lib_MathDouble.c,868 :: 		
0x037C	0xE15064  	CP	W10, #4
;__Lib_MathDouble.c,869 :: 		
0x037E	0x320024  	BRA Z	MulFP_aisinfinite
;__Lib_MathDouble.c,870 :: 		
0x0380	0xE12064  	CP	W4, #4
;__Lib_MathDouble.c,871 :: 		
0x0382	0x320027  	BRA Z	MulFP_bisinfinite
;__Lib_MathDouble.c,872 :: 		
0x0384	0xE15061  	CP	W10, #1
;__Lib_MathDouble.c,873 :: 		
0x0386	0x320022  	BRA Z	MulFP_return8_1
;__Lib_MathDouble.c,874 :: 		
0x0388	0xE12061  	CP	W4, #1
;__Lib_MathDouble.c,875 :: 		
0x038A	0x320021  	BRA Z	MulFP_return2_1
;__Lib_MathDouble.c,876 :: 		
0x038C	0x42858B  	ADD	W5, W11, W11
;__Lib_MathDouble.c,877 :: 		
0x038E	0xB107EB  	SUB	#126, W11
;__Lib_MathDouble.c,878 :: 		
0x0390	0xB83401  	MUL.UU	W6, W1, W8
;__Lib_MathDouble.c,879 :: 		
0x0392	0xB83A00  	MUL.UU	W7, W0, W4
;__Lib_MathDouble.c,880 :: 		
0x0394	0x420408  	ADD	W4, W8, W8
;__Lib_MathDouble.c,881 :: 		
0x0396	0x4A8489  	ADDC	W5, W9, W9
;__Lib_MathDouble.c,882 :: 		
0x0398	0xB83A01  	MUL.UU	W7, W1, W4
;__Lib_MathDouble.c,883 :: 		
0x039A	0xB83000  	MUL.UU	W6, W0, W0
;__Lib_MathDouble.c,884 :: 		
0x039C	0x408088  	ADD	W1, W8, W1
;__Lib_MathDouble.c,885 :: 		
0x039E	0x4A0109  	ADDC	W4, W9, W2
;__Lib_MathDouble.c,886 :: 		
0x03A0	0x330004  	BRA N	MulFP_formsticky
;__Lib_MathDouble.c,887 :: 		
0x03A2	0x400000  	ADD	W0, W0, W0
;__Lib_MathDouble.c,888 :: 		
0x03A4	0x488081  	ADDC	W1, W1, W1
;__Lib_MathDouble.c,889 :: 		
0x03A6	0x490102  	ADDC	W2, W2, W2
;__Lib_MathDouble.c,890 :: 		
0x03A8	0xE9058B  	DEC	W11, W11
;__Lib_MathDouble.c,891 :: 		
MulFP_formsticky:
;__Lib_MathDouble.c,892 :: 		
0x03AA	0xDD09C9  	SL	W1, #9, W3
;__Lib_MathDouble.c,893 :: 		
0x03AC	0x700183  	IOR	W0, W3, W3
;__Lib_MathDouble.c,894 :: 		
0x03AE	0x320001  	BRA Z	MulFP_formRandSig
;__Lib_MathDouble.c,895 :: 		
0x03B0	0x200013  	MOV	#1, W3
;__Lib_MathDouble.c,896 :: 		
MulFP_formRandSig:
;__Lib_MathDouble.c,897 :: 		
0x03B2	0xDE14C8  	LSR	W2, #8, W9
;__Lib_MathDouble.c,898 :: 		
0x03B4	0xDD1448  	SL	W2, #8, W8
;__Lib_MathDouble.c,899 :: 		
0x03B6	0xDE0947  	LSR	W1, #7, W2
;__Lib_MathDouble.c,900 :: 		
0x03B8	0xB20012  	AND	#1, W2
;__Lib_MathDouble.c,901 :: 		
0x03BA	0xDE08C8  	LSR	W1, #8, W1
;__Lib_MathDouble.c,902 :: 		
0x03BC	0x708408  	IOR	W1, W8, W8
;__Lib_MathDouble.c,903 :: 		
0x03BE	0x070024  	RCALL	MulFP__fpack
;__Lib_MathDouble.c,904 :: 		
MulFP_return0_1:
;__Lib_MathDouble.c,905 :: 		
0x03C0	0xA1F001  	BCLR	W1, #15
;__Lib_MathDouble.c,906 :: 		
0x03C2	0xA7F00C  	BTSC	W12, #15
;__Lib_MathDouble.c,907 :: 		
0x03C4	0xA8E003  	BSET	W1, #15
;__Lib_MathDouble.c,908 :: 		
0x03C6	0x370019  	BRA	MulFP__fbopExit
;__Lib_MathDouble.c,909 :: 		
MulFP_aisinfinite:
;__Lib_MathDouble.c,910 :: 		
0x03C8	0xE12061  	CP	W4, #1
;__Lib_MathDouble.c,911 :: 		
0x03CA	0x32001B  	BRA Z	MulFP__fbopReturnNaN
;__Lib_MathDouble.c,912 :: 		
MulFP_return8_1:
;__Lib_MathDouble.c,913 :: 		
0x03CC	0xBE8108  	MOV.D	W8, W2
;__Lib_MathDouble.c,914 :: 		
MulFP_return2_1:
;__Lib_MathDouble.c,915 :: 		
0x03CE	0xBE8002  	MOV.D	W2, W0
;__Lib_MathDouble.c,916 :: 		
0x03D0	0x37FFF7  	BRA	MulFP_return0_1
;__Lib_MathDouble.c,917 :: 		
MulFP_bisinfinite:
;__Lib_MathDouble.c,918 :: 		
0x03D2	0xE15061  	CP	W10, #1
;__Lib_MathDouble.c,919 :: 		
0x03D4	0x3AFFFC  	BRA NZ	MulFP_return2_1
;__Lib_MathDouble.c,920 :: 		
0x03D6	0x370015  	BRA	MulFP__fbopReturnNaN
;__Lib_MathDouble.c,921 :: 		
MulFP__funpack2:
;__Lib_MathDouble.c,922 :: 		
0x03D8	0xBE8400  	MOV.D	W0, W8
;__Lib_MathDouble.c,923 :: 		
0x03DA	0x07003C  	RCALL	MulFP__funpack
;__Lib_MathDouble.c,924 :: 		
0x03DC	0xBE8300  	MOV.D	W0, W6
;__Lib_MathDouble.c,925 :: 		
0x03DE	0xBE8504  	MOV.D	W4, W10
;__Lib_MathDouble.c,926 :: 		
0x03E0	0xBE8002  	MOV.D	W2, W0
;__Lib_MathDouble.c,927 :: 		
0x03E2	0x070038  	RCALL	MulFP__funpack
;__Lib_MathDouble.c,928 :: 		
0x03E4	0x754F84  	IOR.B	W10, W4, [W15]
;__Lib_MathDouble.c,929 :: 		
0x03E6	0x060000  	RETURN
;__Lib_MathDouble.c,930 :: 		
MulFP__fPropagateNaN:
;__Lib_MathDouble.c,931 :: 		
0x03E8	0xBE8002  	MOV.D	W2, W0
;__Lib_MathDouble.c,932 :: 		
0x03EA	0xE15064  	CP	W10, #4
;__Lib_MathDouble.c,933 :: 		
0x03EC	0x360005  	BRA LEU	MulFP_return0_2
;__Lib_MathDouble.c,934 :: 		
0x03EE	0xE12064  	CP	W4, #4
;__Lib_MathDouble.c,935 :: 		
0x03F0	0x360002  	BRA LEU	MulFP_return8_2
;__Lib_MathDouble.c,936 :: 		
0x03F2	0xA36809  	BTST.Z	W9, #6
;__Lib_MathDouble.c,937 :: 		
0x03F4	0x3A0001  	BRA NZ	MulFP_return0_2
;__Lib_MathDouble.c,938 :: 		
MulFP_return8_2:
;__Lib_MathDouble.c,939 :: 		
0x03F6	0xBE8008  	MOV.D	W8, W0
;__Lib_MathDouble.c,940 :: 		
MulFP_return0_2:
;__Lib_MathDouble.c,941 :: 		
0x03F8	0xA8C002  	BSET	W1, #6
;__Lib_MathDouble.c,942 :: 		
MulFP__fbopExit:
;__Lib_MathDouble.c,943 :: 		
0x03FA	0x78064F  	MOV	[--W15], W12
;__Lib_MathDouble.c,944 :: 		
0x03FC	0xBE054F  	MOV.D	[--W15], W10
;__Lib_MathDouble.c,945 :: 		
0x03FE	0xBE044F  	MOV.D	[--W15], W8
;__Lib_MathDouble.c,946 :: 		
0x0400	0x060000  	RETURN
;__Lib_MathDouble.c,947 :: 		
MulFP__fbopReturnNaN:
;__Lib_MathDouble.c,948 :: 		
0x0402	0x2FFFF0  	MOV	#65535, W0
;__Lib_MathDouble.c,949 :: 		
0x0404	0x27FFF1  	MOV	#32767, W1
;__Lib_MathDouble.c,950 :: 		
0x0406	0x37FFF9  	BRA	MulFP__fbopExit
;__Lib_MathDouble.c,951 :: 		
MulFP__fpack:
;__Lib_MathDouble.c,952 :: 		
0x0408	0x200081  	MOV	#8, W1
;__Lib_MathDouble.c,953 :: 		
0x040A	0x558061  	SUB	W11, #1, W0
;__Lib_MathDouble.c,954 :: 		
0x040C	0x3D000B  	BRA GE	MulFP_notsubnormal
;__Lib_MathDouble.c,955 :: 		
0x040E	0x20000B  	MOV	#0, W11
;__Lib_MathDouble.c,956 :: 		
0x0410	0x2FFE61  	MOV	#65510, W1
;__Lib_MathDouble.c,957 :: 		
0x0412	0xE10001  	CP	W0, W1
;__Lib_MathDouble.c,958 :: 		
0x0414	0x34001D  	BRA LE	MulFP_zerosig
;__Lib_MathDouble.c,959 :: 		
MulFP_subnormal1:
;__Lib_MathDouble.c,960 :: 		
0x0416	0x718182  	IOR	W3, W2, W3
;__Lib_MathDouble.c,961 :: 		
0x0418	0x640161  	AND	W8, #1, W2
;__Lib_MathDouble.c,962 :: 		
0x041A	0xD10489  	LSR	W9, W9
;__Lib_MathDouble.c,963 :: 		
0x041C	0xD38408  	RRC	W8, W8
;__Lib_MathDouble.c,964 :: 		
0x041E	0xE80000  	INC	W0, W0
;__Lib_MathDouble.c,965 :: 		
0x0420	0x3AFFFA  	BRA NZ	MulFP_subnormal1
;__Lib_MathDouble.c,966 :: 		
0x0422	0x200071  	MOV	#7, W1
;__Lib_MathDouble.c,967 :: 		
MulFP_notsubnormal:
;__Lib_MathDouble.c,968 :: 		
0x0424	0x640061  	AND	W8, #1, W0
;__Lib_MathDouble.c,969 :: 		
0x0426	0x700003  	IOR	W0, W3, W0
;__Lib_MathDouble.c,970 :: 		
0x0428	0x600002  	AND	W0, W2, W0
;__Lib_MathDouble.c,971 :: 		
0x042A	0x320009  	BRA Z	MulFP_packupandgo
;__Lib_MathDouble.c,972 :: 		
0x042C	0x440461  	ADD	W8, #1, W8
;__Lib_MathDouble.c,973 :: 		
0x042E	0x4C84E0  	ADDC	W9, #0, W9
;__Lib_MathDouble.c,974 :: 		
0x0430	0xA58809  	BTST.Z	W9, W1
;__Lib_MathDouble.c,975 :: 		
0x0432	0x320005  	BRA Z	MulFP_packupandgo
;__Lib_MathDouble.c,976 :: 		
0x0434	0xE8058B  	INC	W11, W11
;__Lib_MathDouble.c,977 :: 		
0x0436	0xE10868  	CP	W1, #8
;__Lib_MathDouble.c,978 :: 		
0x0438	0x3A0002  	BRA NZ	MulFP_packupandgo
;__Lib_MathDouble.c,979 :: 		
0x043A	0xD10489  	LSR	W9, W9
;__Lib_MathDouble.c,980 :: 		
0x043C	0xD38408  	RRC	W8, W8
;__Lib_MathDouble.c,981 :: 		
MulFP_packupandgo:
;__Lib_MathDouble.c,982 :: 		
0x043E	0x200FF2  	MOV	#255, W2
;__Lib_MathDouble.c,983 :: 		
0x0440	0xE15802  	CP	W11, W2
;__Lib_MathDouble.c,984 :: 		
0x0442	0x3D0005  	BRA GE	MulFP_overflow
;__Lib_MathDouble.c,985 :: 		
0x0444	0xDD5DC7  	SL	W11, #7, W11
;__Lib_MathDouble.c,986 :: 		
0x0446	0xB207F9  	AND	#127, W9
;__Lib_MathDouble.c,987 :: 		
0x0448	0x758089  	IOR	W11, W9, W1
;__Lib_MathDouble.c,988 :: 		
0x044A	0x880008  	MOV	W8, W0
;__Lib_MathDouble.c,989 :: 		
0x044C	0x060000  	RETURN
;__Lib_MathDouble.c,990 :: 		
MulFP_overflow:
;__Lib_MathDouble.c,991 :: 		
0x044E	0x27F80B  	MOV	#32640, W11
;__Lib_MathDouble.c,992 :: 		
MulFP_zerosig:
;__Lib_MathDouble.c,993 :: 		
0x0450	0x88001B  	MOV	W11, W1
;__Lib_MathDouble.c,994 :: 		
0x0452	0x050000  	RETLW	#0, W0
;__Lib_MathDouble.c,995 :: 		
MulFP__funpack:
;__Lib_MathDouble.c,996 :: 		
0x0454	0xDE0AC7  	LSR	W1, #7, W5
;__Lib_MathDouble.c,997 :: 		
0x0456	0xB207F1  	AND	#127, W1
;__Lib_MathDouble.c,998 :: 		
0x0458	0xB20FF5  	AND	#255, W5
;__Lib_MathDouble.c,999 :: 		
0x045A	0x320008  	BRA Z	MulFP_zeroorsub
;__Lib_MathDouble.c,1000 :: 		
0x045C	0x42CFE1  	ADD.B	W5, #1, [W15]
;__Lib_MathDouble.c,1001 :: 		
0x045E	0x320002  	BRA Z	MulFP_nanorinf
;__Lib_MathDouble.c,1002 :: 		
MulFP_finitereturn:
;__Lib_MathDouble.c,1003 :: 		
0x0460	0xA8E002  	BSET	W1, #7
;__Lib_MathDouble.c,1004 :: 		
0x0462	0x050024  	RETLW	#2, W4
;__Lib_MathDouble.c,1005 :: 		
MulFP_nanorinf:
;__Lib_MathDouble.c,1006 :: 		
0x0464	0x700F81  	IOR	W0, W1, [W15]
;__Lib_MathDouble.c,1007 :: 		
0x0466	0x320001  	BRA Z	MulFP_infinite
;__Lib_MathDouble.c,1008 :: 		
0x0468	0x050804  	RETLW	#128, W4
;__Lib_MathDouble.c,1009 :: 		
MulFP_infinite:
;__Lib_MathDouble.c,1010 :: 		
0x046A	0x050044  	RETLW	#4, W4
;__Lib_MathDouble.c,1011 :: 		
MulFP_zeroorsub:
;__Lib_MathDouble.c,1012 :: 		
0x046C	0x700F81  	IOR	W0, W1, [W15]
;__Lib_MathDouble.c,1013 :: 		
0x046E	0x3A0002  	BRA NZ	MulFP_subnormal2
;__Lib_MathDouble.c,1014 :: 		
0x0470	0x050014  	RETLW	#1, W4
;__Lib_MathDouble.c,1015 :: 		
MulFP_normalize:
;__Lib_MathDouble.c,1016 :: 		
0x0472	0xE90285  	DEC	W5, W5
;__Lib_MathDouble.c,1017 :: 		
MulFP_subnormal2:
;__Lib_MathDouble.c,1018 :: 		
0x0474	0x400000  	ADD	W0, W0, W0
;__Lib_MathDouble.c,1019 :: 		
0x0476	0x48C081  	ADDC.B	W1, W1, W1
;__Lib_MathDouble.c,1020 :: 		
0x0478	0x3BFFFC  	BRA NN	MulFP_normalize
;__Lib_MathDouble.c,1021 :: 		
0x047A	0xA8E002  	BSET	W1, #7
;__Lib_MathDouble.c,1022 :: 		
0x047C	0x050024  	RETLW	#2, W4
;__Lib_MathDouble.c,1025 :: 		
the_end__Mul_FP:
;__Lib_MathDouble.c,1028 :: 		
L_end__Mul_FP:
0x047E	0xFA8000  	ULNK
0x0480	0x060000  	RETURN
; end of __Mul_FP
_UART_Write:
0x0552	0xFA0000  	LNK	#0
;__Lib_UART_1_p24_p33.c,285 :: 		
;__Lib_UART_1_p24_p33.c,286 :: 		
0x0554	0x804220  	MOV	_UART_Wr_Ptr, W0
0x0556	0x010000  	CALL	W0
;__Lib_UART_1_p24_p33.c,287 :: 		
L_end_UART_Write:
0x0558	0xFA8000  	ULNK
0x055A	0x060000  	RETURN
; end of _UART_Write
_UART1_Write:
0x0482	0xFA0000  	LNK	#0
;__Lib_UART_1_p24_p33.c,49 :: 		
;__Lib_UART_1_p24_p33.c,50 :: 		
L_UART1_Write0:
0x0484	0xAF0223  	BTSC	U1STA, #8
0x0486	0x370001  	BRA	L_UART1_Write1
0x0488	0x37FFFD  	BRA	L_UART1_Write0
L_UART1_Write1:
;__Lib_UART_1_p24_p33.c,51 :: 		
0x048A	0x88112A  	MOV	W10, U1TXREG
;__Lib_UART_1_p24_p33.c,52 :: 		
L_end_UART1_Write:
0x048C	0xFA8000  	ULNK
0x048E	0x060000  	RETURN
; end of _UART1_Write
_Lcd_Chr:
0x0612	0xFA0000  	LNK	#0
;__Lib_Lcd.c,84 :: 		
;__Lib_Lcd.c,85 :: 		
0x0614	0x781F8A  	PUSH	W10
0x0616	0x37000A  	BRA	L_Lcd_Chr4
;__Lib_Lcd.c,86 :: 		
L_Lcd_Chr6:
0x0618	0x20080A  	MOV	#128, W10
0x061A	0x370011  	BRA	L_Lcd_Chr5
;__Lib_Lcd.c,87 :: 		
L_Lcd_Chr7:
0x061C	0x200C0A  	MOV	#192, W10
0x061E	0x37000F  	BRA	L_Lcd_Chr5
;__Lib_Lcd.c,88 :: 		
L_Lcd_Chr8:
0x0620	0x20094A  	MOV	#148, W10
0x0622	0x37000D  	BRA	L_Lcd_Chr5
;__Lib_Lcd.c,89 :: 		
L_Lcd_Chr9:
0x0624	0x200D4A  	MOV	#212, W10
0x0626	0x37000B  	BRA	L_Lcd_Chr5
;__Lib_Lcd.c,90 :: 		
L_Lcd_Chr10:
0x0628	0x20080A  	MOV	#128, W10
;__Lib_Lcd.c,91 :: 		
0x062A	0x370009  	BRA	L_Lcd_Chr5
L_Lcd_Chr4:
0x062C	0xE15061  	CP	W10, #1
0x062E	0x32FFF4  	BRA Z	L_Lcd_Chr6
L__Lcd_Chr26:
0x0630	0xE15062  	CP	W10, #2
0x0632	0x32FFF4  	BRA Z	L_Lcd_Chr7
L__Lcd_Chr27:
0x0634	0xE15063  	CP	W10, #3
0x0636	0x32FFF4  	BRA Z	L_Lcd_Chr8
L__Lcd_Chr28:
0x0638	0xE15064  	CP	W10, #4
0x063A	0x32FFF4  	BRA Z	L_Lcd_Chr9
L__Lcd_Chr29:
0x063C	0x37FFF5  	BRA	L_Lcd_Chr10
L_Lcd_Chr5:
;__Lib_Lcd.c,94 :: 		
0x063E	0x558061  	SUB	W11, #1, W0
0x0640	0x450080  	ADD	W10, W0, W1
0x0642	0x780501  	MOV	W1, W10
;__Lib_Lcd.c,96 :: 		
0x0644	0x208460  	MOV	#lo_addr(__Lib_Lcd_cmd_status), W0
0x0646	0xA00010  	BSET	[W0], BitPos(__Lib_Lcd_cmd_status+0)
;__Lib_Lcd.c,97 :: 		
0x0648	0x784501  	MOV.B	W1, W10
0x064A	0x07012B  	RCALL	_Lcd_Cmd
;__Lib_Lcd.c,99 :: 		
0x064C	0x208460  	MOV	#lo_addr(__Lib_Lcd_cmd_status), W0
0x064E	0xA10010  	BCLR	[W0], BitPos(__Lib_Lcd_cmd_status+0)
;__Lib_Lcd.c,100 :: 		
0x0650	0x78450C  	MOV.B	W12, W10
0x0652	0x070127  	RCALL	_Lcd_Cmd
;__Lib_Lcd.c,101 :: 		
0x0654	0x208460  	MOV	#lo_addr(__Lib_Lcd_cmd_status), W0
0x0656	0xA00010  	BSET	[W0], BitPos(__Lib_Lcd_cmd_status+0)
;__Lib_Lcd.c,102 :: 		
L_end_Lcd_Chr:
0x0658	0x78054F  	POP	W10
0x065A	0xFA8000  	ULNK
0x065C	0x060000  	RETURN
; end of _Lcd_Chr
__Long2Float:
0x055C	0xFA0000  	LNK	#0
;__Lib_MathDouble.c,104 :: 		
;__Lib_MathDouble.c,106 :: 		
0x055E	0x070002  	RCALL	LL_intro_Long2Float
;__Lib_MathDouble.c,107 :: 		
0x0560	0x00000004060E  	GOTO	the_end__Long2Float
;__Lib_MathDouble.c,109 :: 		
LL_intro_Long2Float:
;__Lib_MathDouble.c,110 :: 		
0x0564	0xE20004  	CP0	W2
;__Lib_MathDouble.c,111 :: 		
0x0566	0x3A0006  	BRA NZ	Longint2Float__floatsisf
;__Lib_MathDouble.c,113 :: 		
Longword2Float__floatuisf:
;__Lib_MathDouble.c,114 :: 		
0x0568	0xEB0500  	CLR	W10
;__Lib_MathDouble.c,115 :: 		
0x056A	0xE20002  	CP0	W1
;__Lib_MathDouble.c,116 :: 		
0x056C	0x3E000F  	BRA GTU	Long2Float_notspecial
;__Lib_MathDouble.c,117 :: 		
0x056E	0xE20000  	CP0	W0
;__Lib_MathDouble.c,118 :: 		
0x0570	0x320027  	BRA Z	Long2Float_return0
;__Lib_MathDouble.c,119 :: 		
0x0572	0x37000C  	BRA	Long2Float_notspecial
;__Lib_MathDouble.c,121 :: 		
Longint2Float__floatsisf:
;__Lib_MathDouble.c,122 :: 		
0x0574	0x8800A1  	MOV	W1, W10
;__Lib_MathDouble.c,123 :: 		
0x0576	0xE20002  	CP0	W1
;__Lib_MathDouble.c,124 :: 		
0x0578	0x350004  	BRA LT	Longint2Float_negative
;__Lib_MathDouble.c,125 :: 		
0x057A	0x3C0008  	BRA GT	Long2Float_notspecial
;__Lib_MathDouble.c,126 :: 		
0x057C	0xE20000  	CP0	W0
;__Lib_MathDouble.c,127 :: 		
0x057E	0x320020  	BRA Z	Long2Float_return0
;__Lib_MathDouble.c,128 :: 		
0x0580	0x370005  	BRA	Long2Float_notspecial
;__Lib_MathDouble.c,129 :: 		
Longint2Float_negative:
;__Lib_MathDouble.c,130 :: 		
0x0582	0x100060  	SUBR	W0, #0, W0
;__Lib_MathDouble.c,131 :: 		
0x0584	0x1880E0  	SUBBR	W1, #0, W1
;__Lib_MathDouble.c,132 :: 		
0x0586	0x3B0002  	BRA NN	Long2Float_notspecial
;__Lib_MathDouble.c,133 :: 		
0x0588	0x2CF001  	MOV	#52992, W1
;__Lib_MathDouble.c,134 :: 		
0x058A	0x37001A  	BRA	Long2Float_return0
;__Lib_MathDouble.c,136 :: 		
Long2Float_notspecial:
;__Lib_MathDouble.c,137 :: 		
0x058C	0xBE8400  	MOV.D	W0, W8
;__Lib_MathDouble.c,138 :: 		
0x058E	0xB81160  	MUL.UU	W2, #0, W2
;__Lib_MathDouble.c,139 :: 		
0x0590	0x20096B  	MOV	#150, W11
;__Lib_MathDouble.c,140 :: 		
0x0592	0xCF8209  	FF1L	W9, W4
;__Lib_MathDouble.c,141 :: 		
0x0594	0x390002  	BRA NC	Long2Float_fixshift
;__Lib_MathDouble.c,142 :: 		
0x0596	0xCF8208  	FF1L	W8, W4
;__Lib_MathDouble.c,143 :: 		
0x0598	0xB04104  	ADD.B	#16, W4
;__Lib_MathDouble.c,144 :: 		
Long2Float_fixshift:
;__Lib_MathDouble.c,145 :: 		
0x059A	0x524269  	SUB.B	W4, #9, W4
;__Lib_MathDouble.c,146 :: 		
0x059C	0x32000E  	BRA Z	Long2Float_round
;__Lib_MathDouble.c,147 :: 		
0x059E	0x3B0008  	BRA NN	Long2Float_shiftleft
;__Lib_MathDouble.c,148 :: 		
Long2Float_shiftright:
;__Lib_MathDouble.c,149 :: 		
0x05A0	0x718182  	IOR	W3, W2, W3
;__Lib_MathDouble.c,150 :: 		
0x05A2	0x640161  	AND	W8, #1, W2
;__Lib_MathDouble.c,151 :: 		
0x05A4	0xD10489  	LSR	W9, W9
;__Lib_MathDouble.c,152 :: 		
0x05A6	0xD38408  	RRC	W8, W8
;__Lib_MathDouble.c,153 :: 		
0x05A8	0xE8058B  	INC	W11, W11
;__Lib_MathDouble.c,154 :: 		
0x05AA	0xE84204  	INC.B	W4, W4
;__Lib_MathDouble.c,155 :: 		
0x05AC	0x3AFFF9  	BRA NZ	Long2Float_shiftright
;__Lib_MathDouble.c,156 :: 		
0x05AE	0x370005  	BRA	Long2Float_round
;__Lib_MathDouble.c,157 :: 		
Long2Float_shiftleft:
;__Lib_MathDouble.c,158 :: 		
0x05B0	0x440408  	ADD	W8, W8, W8
;__Lib_MathDouble.c,159 :: 		
0x05B2	0x4C8489  	ADDC	W9, W9, W9
;__Lib_MathDouble.c,160 :: 		
0x05B4	0xE9058B  	DEC	W11, W11
;__Lib_MathDouble.c,161 :: 		
0x05B6	0xE94204  	DEC.B	W4, W4
;__Lib_MathDouble.c,162 :: 		
0x05B8	0x3AFFFB  	BRA NZ	Long2Float_shiftleft
;__Lib_MathDouble.c,163 :: 		
Long2Float_round:
;__Lib_MathDouble.c,164 :: 		
0x05BA	0x070003  	RCALL	Long2Float__fpack
;__Lib_MathDouble.c,165 :: 		
0x05BC	0xA7F00A  	BTSC	W10, #15
;__Lib_MathDouble.c,166 :: 		
0x05BE	0xA8E003  	BSET	W1, #15
;__Lib_MathDouble.c,167 :: 		
Long2Float_return0:
;__Lib_MathDouble.c,168 :: 		
0x05C0	0x060000  	RETURN
;__Lib_MathDouble.c,169 :: 		
Long2Float__fpack:
;__Lib_MathDouble.c,170 :: 		
0x05C2	0x200081  	MOV	#8, W1
;__Lib_MathDouble.c,171 :: 		
0x05C4	0x558061  	SUB	W11, #1, W0
;__Lib_MathDouble.c,172 :: 		
0x05C6	0x3D000B  	BRA GE	Long2Float_notsubnormal
;__Lib_MathDouble.c,173 :: 		
0x05C8	0x20000B  	MOV	#0, W11
;__Lib_MathDouble.c,174 :: 		
0x05CA	0x2FFE61  	MOV	#65510, W1
;__Lib_MathDouble.c,175 :: 		
0x05CC	0xE10001  	CP	W0, W1
;__Lib_MathDouble.c,176 :: 		
0x05CE	0x34001D  	BRA LE	Long2Float_zerosig
;__Lib_MathDouble.c,177 :: 		
Long2Float_subnormal:
;__Lib_MathDouble.c,178 :: 		
0x05D0	0x718182  	IOR	W3, W2, W3
;__Lib_MathDouble.c,179 :: 		
0x05D2	0x640161  	AND	W8, #1, W2
;__Lib_MathDouble.c,180 :: 		
0x05D4	0xD10489  	LSR	W9, W9
;__Lib_MathDouble.c,181 :: 		
0x05D6	0xD38408  	RRC	W8, W8
;__Lib_MathDouble.c,182 :: 		
0x05D8	0xE80000  	INC	W0, W0
;__Lib_MathDouble.c,183 :: 		
0x05DA	0x3AFFFA  	BRA NZ	Long2Float_subnormal
;__Lib_MathDouble.c,184 :: 		
0x05DC	0x200071  	MOV	#7, W1
;__Lib_MathDouble.c,185 :: 		
Long2Float_notsubnormal:
;__Lib_MathDouble.c,186 :: 		
0x05DE	0x640061  	AND	W8, #1, W0
;__Lib_MathDouble.c,187 :: 		
0x05E0	0x700003  	IOR	W0, W3, W0
;__Lib_MathDouble.c,188 :: 		
0x05E2	0x600002  	AND	W0, W2, W0
;__Lib_MathDouble.c,189 :: 		
0x05E4	0x320009  	BRA Z	Long2Float_packupandgo
;__Lib_MathDouble.c,190 :: 		
0x05E6	0x440461  	ADD	W8, #1, W8
;__Lib_MathDouble.c,191 :: 		
0x05E8	0x4C84E0  	ADDC	W9, #0, W9
;__Lib_MathDouble.c,192 :: 		
0x05EA	0xA58809  	BTST.Z	W9, W1
;__Lib_MathDouble.c,193 :: 		
0x05EC	0x320005  	BRA Z	Long2Float_packupandgo
;__Lib_MathDouble.c,194 :: 		
0x05EE	0xE8058B  	INC	W11, W11
;__Lib_MathDouble.c,195 :: 		
0x05F0	0xE10868  	CP	W1, #8
;__Lib_MathDouble.c,196 :: 		
0x05F2	0x3A0002  	BRA NZ	Long2Float_packupandgo
;__Lib_MathDouble.c,197 :: 		
0x05F4	0xD10489  	LSR	W9, W9
;__Lib_MathDouble.c,198 :: 		
0x05F6	0xD38408  	RRC	W8, W8
;__Lib_MathDouble.c,199 :: 		
Long2Float_packupandgo:
;__Lib_MathDouble.c,200 :: 		
0x05F8	0x200FF2  	MOV	#255, W2
;__Lib_MathDouble.c,201 :: 		
0x05FA	0xE15802  	CP	W11, W2
;__Lib_MathDouble.c,202 :: 		
0x05FC	0x3D0005  	BRA GE	Long2Float_overflow
;__Lib_MathDouble.c,203 :: 		
0x05FE	0xDD5DC7  	SL	W11, #7, W11
;__Lib_MathDouble.c,204 :: 		
0x0600	0xB207F9  	AND	#127, W9
;__Lib_MathDouble.c,205 :: 		
0x0602	0x758089  	IOR	W11, W9, W1
;__Lib_MathDouble.c,206 :: 		
0x0604	0x880008  	MOV	W8, W0
;__Lib_MathDouble.c,207 :: 		
0x0606	0x060000  	RETURN
;__Lib_MathDouble.c,208 :: 		
Long2Float_overflow:
;__Lib_MathDouble.c,209 :: 		
0x0608	0x27F80B  	MOV	#32640, W11
;__Lib_MathDouble.c,210 :: 		
Long2Float_zerosig:
;__Lib_MathDouble.c,211 :: 		
0x060A	0x88001B  	MOV	W11, W1
;__Lib_MathDouble.c,212 :: 		
0x060C	0x050000  	RETLW	#0, W0
;__Lib_MathDouble.c,215 :: 		
the_end__Long2Float:
;__Lib_MathDouble.c,218 :: 		
L_end__Long2Float:
0x060E	0xFA8000  	ULNK
0x0610	0x060000  	RETURN
; end of __Long2Float
0x0B62	0x208001  	MOV	#lo_addr(_txt3), W1
0x0B64	0x28B2A0  	MOV	#35626, W0
0x0B66	0x09001A  	REPEAT	#26
0x0B68	0x7818B0  	MOV	[W0++], [W1++]
0x0B6A	0x7858B0  	MOV.B	[W0++], [W1++]
0x0B6C	0x060000  	RETURN
;programa27.c,0 :: ?ICS_txt3 [8]
0x0B2A	0x634C ;?ICS_txt3+0
0x0B2C	0x3464 ;?ICS_txt3+2
0x0B2E	0x6962 ;?ICS_txt3+4
0x0B30	0x0074 ;?ICS_txt3+6
; end of ?ICS_txt3
;,0 :: _initBlock_1 [47]
; Containing: ?ICS_txt1 [17]
;             ?ICS_txt2 [12]
;             ?ICS_txt4 [8]
;             ?ICS?lstr3___Lib_Conversions [4]
;             ?ICS?lstr2___Lib_Conversions [2]
;             ?ICS?lstr1___Lib_Conversions [4]
0x0B32	0x696D ;_initBlock_1+0 : ?ICS_txt1 at 0x0B32
0x0B34	0x726B ;_initBlock_1+2
0x0B36	0x456F ;_initBlock_1+4
0x0B38	0x656C ;_initBlock_1+6
0x0B3A	0x746B ;_initBlock_1+8
0x0B3C	0x6F72 ;_initBlock_1+10
0x0B3E	0x696E ;_initBlock_1+12
0x0B40	0x616B ;_initBlock_1+14
0x0B42	0x4500 ;_initBlock_1+16 : ?ICS_txt2 at 0x0B43
0x0B44	0x7361 ;_initBlock_1+18
0x0B46	0x6479 ;_initBlock_1+20
0x0B48	0x5073 ;_initBlock_1+22
0x0B4A	0x4349 ;_initBlock_1+24
0x0B4C	0x4134 ;_initBlock_1+26
0x0B4E	0x6500 ;_initBlock_1+28 : ?ICS_txt4 at 0x0B4F
0x0B50	0x6178 ;_initBlock_1+30
0x0B52	0x706D ;_initBlock_1+32
0x0B54	0x656C ;_initBlock_1+34
0x0B56	0x4900 ;_initBlock_1+36 : ?ICS?lstr3___Lib_Conversions at 0x0B57
0x0B58	0x464E ;_initBlock_1+38
0x0B5A	0x3000 ;_initBlock_1+40 : ?ICS?lstr2___Lib_Conversions at 0x0B5B
0x0B5C	0x4E00 ;_initBlock_1+42 : ?ICS?lstr1___Lib_Conversions at 0x0B5D
0x0B5E	0x4E61 ;_initBlock_1+44
0x0B60	0x00 ;_initBlock_1+46
; end of _initBlock_1
Symbol List:
//** Routines locations **
//ADDRESS    SIZE    PROCEDURE
//----------------------------------------------
0x0200     [114]    __Compare_Fp
0x0272      [12]    _Delay_1us
0x027E      [82]    __Divide_32x32
0x02D0      [16]    _Delay_100ms
0x02E0      [18]    __Multiply_32x32
0x02F2      [88]    __Modulus_32x32
0x034A      [30]    _strcpy
0x0368     [282]    __Mul_FP
0x0482      [14]    _UART1_Write
0x0490      [10]    __Compare_Le_Fp
0x049A      [10]    __Compare_Ge_Fp
0x04A4       [6]    _Get_Fosc_kHz
0x04AA      [12]    _Delay_5500us
0x04B6      [14]    __Lib_Lcd_Strobe
0x04C4      [10]    _Delay_8ms
0x04CE      [10]    _Delay_50us
0x04D8      [16]    _Lcd_Chr_CP
0x04E8     [106]    _Lcd_Init
0x0552      [10]    _UART_Write
0x055C     [182]    __Long2Float
0x0612      [76]    _Lcd_Chr
0x065E     [580]    _FloatToStr
0x08A2     [108]    _Lcd_Cmd
0x090E     [254]    _UART1_Init
0x0A0C      [90]    _Lcd_Out
0x0A66     [196]    _main
//** Variables locations ** 
//ADDRESS    SIZE    VARIABLE
//----------------------------------------------
0x02C8       [0]    LCD_RS_Direction
0x02C8       [0]    LCD_EN_Direction
0x02CC       [0]    LCD_EN
0x02C8       [0]    LCD_D4_Direction
0x02C8       [0]    LCD_D7_Direction
0x02C8       [0]    LCD_D6_Direction
0x02C8       [0]    LCD_D5_Direction
0x0300       [2]    ADC1BUF0
0x0838       [4]    _conversion
0x0320       [0]    DONE_bit
0x083C       [2]    _texto
0x083E       [2]    _UART_Tx_Idle_Ptr
0x0840       [2]    _UART_Rdy_Ptr
0x0842       [2]    _UART_Rd_Ptr
0x0220       [2]    U1MODE
0x0224       [2]    U1TXREG
0x0228       [2]    U1BRG
0x0222       [2]    U1STA
0x02CC       [0]    LCD_D6
0x02CC       [0]    LCD_D7
0x02CC       [0]    LCD_RS
0x02CC       [0]    LCD_D5
0x0844       [2]    _UART_Wr_Ptr
0x0846       [0]    __Lib_Lcd_cmd_status
0x02CC       [0]    LCD_D4
0x02C8       [0]    TRISB1_bit
0x02C8       [0]    TRISB0_bit
0x02C8       [0]    TRISB4_bit
0x02C8       [0]    TRISB2_bit
0x06C6       [2]    RPOR3
0x06A4       [2]    RPINR18
0x02C8       [0]    TRISB3_bit
0x02CC       [0]    LATB2_bit
0x02CC       [0]    LATB3_bit
0x02CC       [0]    LATB5_bit
0x02CC       [0]    LATB1_bit
0x02C8       [0]    TRISB5_bit
0x02CC       [0]    LATB4_bit
0x02CC       [0]    LATB0_bit
0x0324       [2]    AD1CON3
0x0330       [2]    AD1CSSL
0x0328       [2]    AD1CHS0
0x010A       [2]    TMR3
0x0320       [0]    SAMP_bit
0x0112       [2]    T3CON
0x010E       [2]    PR3
0x032C       [2]    ADPCFG
0x0320       [2]    AD1CON1
0x032C       [2]    AD1PCFGL
0x0800       [8]    _txt3
0x0808      [17]    _txt1
0x0819      [12]    _txt2
0x0825       [8]    _txt4
0x082D       [4]    ?lstr3___Lib_Conversions
0x0831       [2]    ?lstr2___Lib_Conversions
0x0833       [4]    ?lstr1___Lib_Conversions
0x010A       [2]    TMR3
0x010E       [2]    PR3
0x0112       [2]    T3CON
0x0220       [2]    U1MODE
0x0222       [2]    U1STA
0x0224       [2]    U1TXREG
0x0228       [2]    U1BRG
0x0300       [2]    ADC1BUF0
0x0320       [2]    AD1CON1
0x0324       [2]    AD1CON3
0x0328       [2]    AD1CHS0
0x032C       [2]    AD1PCFGL
0x032C       [2]    ADPCFG
0x0330       [2]    AD1CSSL
0x0014       [2]    FARG_strcpy_to
0x0016       [2]    FARG_strcpy_from
0x0014       [2]    FARG_UART1_Write__data
0x0014       [1]    FARG_Lcd_Chr_CP_out_char
0x0014       [2]    FARG_UART_Write__data
0x0014       [2]    FARG_Lcd_Chr_row
0x0016       [2]    FARG_Lcd_Chr_column
0x0018       [1]    FARG_Lcd_Chr_out_char
0x0014       [4]    FARG_FloatToStr_fnum
0x0018       [2]    FARG_FloatToStr_str
0x06A4       [2]    RPINR18
0x06C6       [2]    RPOR3
0x0014       [1]    FARG_Lcd_Cmd_out_char
0x0014       [4]    FARG_UART1_Init_baud_rate
0x0014       [2]    FARG_Lcd_Out_row
0x0016       [2]    FARG_Lcd_Out_column
0x0018       [2]    FARG_Lcd_Out_text
//** Constants locations ** 
//ADDRESS    SIZE    CONSTANT
//----------------------------------------------
0x0B2A       [8]    ?ICS_txt3
0x0B32      [17]    ?ICS_txt1
0x0B43      [12]    ?ICS_txt2
0x0B4F       [8]    ?ICS_txt4
0x0B57       [4]    ?ICS?lstr3___Lib_Conversions
0x0B5B       [2]    ?ICS?lstr2___Lib_Conversions
0x0B5D       [4]    ?ICS?lstr1___Lib_Conversions
//** Label List: ** 
//----------------------------------------------
  L_Move_Delay0
  L_main2
  L_main4
  L_main6
  L_main7
  L_main8
  L_main9
  L_end_Move_Delay
  _Move_Delay
  L_end_main
  _main
  L__main_end_loop
  L_ByteToStr0
  L_ByteToStr1
  L_ByteToStr2
  L_ByteToStr3
  L_ByteToStr4
  L_ByteToStr5
  L_WordToStr6
  L_WordToStr7
  L_WordToStr8
  L_WordToStr9
  L_WordToStr10
  L_WordToStr11
  L_WordToStrWithZeros12
  L_WordToStrWithZeros13
  L_WordToStrWithZeros14
  L_WordToStrWithZeros15
  L_WordToStrWithZeros16
  L_ShortToStr17
  L_ShortToStr18
  L_ShortToStr19
  L_ShortToStr20
  L_ShortToStr21
  L_ShortToStr22
  L_IntToStr23
  L_IntToStr24
  L_IntToStr25
  L_IntToStr26
  L_IntToStr27
  L_IntToStr28
  L_IntToStrWithZeros29
  L_IntToStrWithZeros30
  L_IntToStrWithZeros31
  L_IntToStrWithZeros32
  L_IntToStrWithZeros33
  L_IntToStrWithZeros34
  L_IntToStrWithZeros35
  L_IntToStrWithZeros36
  L_IntToStrWithZeros37
  L_LongWordToStr38
  L_LongWordToStr39
  L_LongWordToStr40
  L_LongWordToStr41
  L_LongWordToStr42
  L_LongWordToStr43
  L_LongWordToStrWithZeros44
  L_LongWordToStrWithZeros45
  L_LongWordToStrWithZeros46
  L_LongWordToStrWithZeros47
  L_LongWordToStrWithZeros48
  L_LongToStr49
  L_LongToStr50
  L_LongToStr51
  L_LongToStr52
  L_LongToStr53
  L_LongToStr54
  L_LongIntToStrWithZeros55
  L_LongIntToStrWithZeros56
  L_LongIntToStrWithZeros57
  L_LongIntToStrWithZeros58
  L_LongIntToStrWithZeros59
  L_LongIntToStrWithZeros60
  L_LongIntToStrWithZeros61
  L_LongIntToStrWithZeros62
  L_LongIntToStrWithZeros63
  L_Dec2Bcd64
  L_Dec2Bcd65
  L_Rtrim66
  L_Rtrim67
  L_Rtrim68
  L_Rtrim69
  L_Ltrim70
  L_Ltrim71
  L_Ltrim72
  L_Ltrim73
  L_Ltrim74
  L_Ltrim75
  L_FloatToStr76
  L_FloatToStr77
  L_FloatToStr78
  L_FloatToStr79
  L_FloatToStr80
  L_FloatToStr81
  L_FloatToStr82
  L_FloatToStr83
  L_FloatToStr84
  L_FloatToStr85
  L_FloatToStr86
  L_FloatToStr87
  L_FloatToStr88
  L_FloatToStr89
  L_FloatToStr90
  L_FloatToStr91
  L_FloatToStr92
  L_FloatToStr93
  L_FloatToStr94
  L_FloatToStr95
  L_FloatToStr96
  L_FloatToStr97
  L__ShortToStr98
  L__IntToStr99
  L__LongToStr100
  L__Rtrim101
  L__Rtrim102
  L__Rtrim103
  L__Ltrim104
  L__Ltrim105
  L__Ltrim106
  L__Ltrim107
  L__FloatToStr108
  L__FloatToStr109
  L__FloatToStr110
  L__FloatToStr111
  L__FloatToStr112
  L__FloatToStr113
  L_end_ByteToHex
  _ByteToHex
  L_end_ShortToHex
  _ShortToHex
  L_end_WordToHex
  _WordToHex
  L_end_IntToHex
  _IntToHex
  L_end_LongWordToHex
  _LongWordToHex
  L_end_LongIntToHex
  _LongIntToHex
  L_end_ByteToStr
  _ByteToStr
  L__ByteToStr121
  L__ByteToStr122
  L_end_WordToStr
  _WordToStr
  L__WordToStr124
  L__WordToStr125
  L_end_WordToStrWithZeros
  _WordToStrWithZeros
  L__WordToStrWithZeros127
  L__WordToStrWithZeros128
  L_end_ShortToStr
  _ShortToStr
  L__ShortToStr130
  L__ShortToStr131
  L__ShortToStr132
  L__ShortToStr133
  L_end_IntToStr
  _IntToStr
  L__IntToStr135
  L__IntToStr136
  L__IntToStr137
  L__IntToStr138
  L_end_IntToStrWithZeros
  _IntToStrWithZeros
  L__IntToStrWithZeros140
  L__IntToStrWithZeros141
  L__IntToStrWithZeros142
  L__IntToStrWithZeros143
  L__IntToStrWithZeros144
  L_end_LongWordToStr
  _LongWordToStr
  L__LongWordToStr146
  L__LongWordToStr147
  L_end_LongWordToStrWithZeros
  _LongWordToStrWithZeros
  L__LongWordToStrWithZeros149
  L__LongWordToStrWithZeros150
  L_end_LongToStr
  _LongToStr
  L__LongToStr152
  L__LongToStr153
  L__LongToStr154
  L__LongToStr155
  L_end_LongIntToStrWithZeros
  _LongIntToStrWithZeros
  L__LongIntToStrWithZeros157
  L__LongIntToStrWithZeros158
  L__LongIntToStrWithZeros159
  L__LongIntToStrWithZeros160
  L__LongIntToStrWithZeros161
  L_end_Dec2Bcd
  _Dec2Bcd
  L__Dec2Bcd163
  L_end_Bcd2Dec
  _Bcd2Dec
  L_end_Bcd2Dec16
  _Bcd2Dec16
  L_end_Dec2Bcd16
  _Dec2Bcd16
  L_end_Rtrim
  _Rtrim
  L__Rtrim168
  L__Rtrim169
  L_end_Ltrim
  _Ltrim
  L__Ltrim171
  L__Ltrim172
  L__Ltrim173
  L_end_FloatToStr
  _FloatToStr
  L__FloatToStr175
  L__FloatToStr176
  L__FloatToStr177
  L__FloatToStr178
  L__FloatToStr179
  L__FloatToStr180
  L__FloatToStr181
  L__FloatToStr182
  L__FloatToStr183
  L__FloatToStr184
  L__FloatToStr185
  L__FloatToStr186
  L__FloatToStr187
  L__FloatToStr188
  L__FloatToStr189
  L__FloatToStr190
  L__FloatToStr191
  L__FloatToStr192
  L__FloatToStr193
  L_memchr0
  L_memchr1
  L_memchr2
  L_memchr3
  L_memcmp4
  L_memcmp5
  L_memcmp6
  L_memcpy7
  L_memcpy8
  L_memmove9
  L_memmove10
  L_memmove11
  L_memmove12
  L_memmove13
  L_memmove14
  L_memmove15
  L_memmove16
  L_memmove17
  L_memmove18
  L_memmove19
  L_memset20
  L_memset21
  L_strcat22
  L_strcat23
  L_strcat24
  L_strcat25
  L_strchr26
  L_strchr27
  L_strchr28
  L_strchr29
  L_strcmp30
  L_strcmp31
  L_strcmp32
  L_strcmp33
  L_strcpy34
  L_strcpy35
  L_strlen36
  L_strlen37
  L_strncat38
  L_strncat39
  L_strncat40
  L_strncat41
  L_strncat42
  L_strncat43
  L_strncat44
  L_strncpy45
  L_strncpy46
  L_strncpy47
  L_strncpy48
  L_strncpy49
  L_strspn50
  L_strspn51
  L_strspn52
  L_strspn53
  L_strcspn54
  L_strcspn55
  L_strcspn56
  L_strcspn57
  L_strncmp58
  L_strncmp59
  L_strncmp60
  L_strncmp61
  L_strncmp62
  L_strpbrk63
  L_strpbrk64
  L_strpbrk65
  L_strrchr66
  L_strrchr67
  L_strrchr68
  L_strrchr69
  L_strstr70
  L_strstr71
  L_strstr72
  L_strstr73
  L_strstr74
  L_strtok75
  L_strtok76
  L_strtok77
  L_strtok78
  L_strtok79
  L__memmove80
  L__memmove81
  L__memmove82
  L__strcmp83
  L__strcmp84
  L__strcmp85
  L__strncat86
  L__strncat87
  L__strncat88
  L__strncpy89
  L__strspn90
  L__strspn91
  L__strspn92
  L__strcspn93
  L__strcspn94
  L__strcspn95
  L__strncmp96
  L__strncmp97
  L__strncmp98
  L__strrchr99
  L__strstr100
  L__strstr101
  L__strstr102
  L_end_memchr
  _memchr
  L__memchr104
  L__memchr105
  L_end_memcmp
  _memcmp
  L__memcmp107
  L__memcmp108
  L_end_memcpy
  _memcpy
  L__memcpy110
  L_end_memmove
  _memmove
  L__memmove112
  L__memmove113
  L__memmove114
  L__memmove115
  L__memmove116
  L_end_memset
  _memset
  L__memset118
  L_end_strcat
  _strcat
  L__strcat120
  L__strcat121
  L_end_strchr
  _strchr
  L__strchr123
  L__strchr124
  L_end_strcmp
  _strcmp
  L__strcmp126
  L__strcmp127
  L_end_strcpy
  _strcpy
  L__strcpy129
  L_end_strlen
  _strlen
  L__strlen131
  L_end_strncat
  _strncat
  L__strncat133
  L__strncat134
  L__strncat135
  L__strncat136
  L_end_strncpy
  _strncpy
  L__strncpy138
  L__strncpy139
  L__strncpy140
  L_end_strspn
  _strspn
  L__strspn142
  L__strspn143
  L_end_strcspn
  _strcspn
  L__strcspn145
  L__strcspn146
  L_end_strncmp
  _strncmp
  L__strncmp148
  L__strncmp149
  L__strncmp150
  L_end_strpbrk
  _strpbrk
  L__strpbrk152
  L__strpbrk153
  L_end_strrchr
  _strrchr
  L__strrchr155
  L__strrchr156
  L_end_strstr
  _strstr
  L__strstr158
  L__strstr159
  L__strstr160
  L_end_strtok
  _strtok
  L__strtok162
  L__strtok163
  L__strtok164
  L__strtok165
  Delay_Cyc_loop
  Delay_Cyc_rez
  Label1
  Label2
  Delay_Cyc_loop
  Delay_Cyc_rem
  L_VDelay_ms3
  L_VDelay_ms4
  Label1
  Label2
  Delay_Cyc_loop
  Delay_Cyc_rem
  L_VDelay_Advanced_ms7
  L_VDelay_Advanced_ms8
  Label1
  Label2
  Delay_Cyc_loop
  Delay_Cyc_rem
  L_Delay_10us11
  L_Delay_22us13
  L_Delay_50us15
  L_Delay_80us17
  L_Delay_500us19
  L_Delay_5500us21
  L_Delay_1ms23
  L_Delay_5ms25
  L_Delay_8ms27
  L_Delay_10ms29
  L_Delay_100ms31
  L_Delay_1sec33
  L_end_Get_Fosc_kHz
  _Get_Fosc_kHz
  L_end_Get_Fosc_Per_Cyc
  _Get_Fosc_Per_Cyc
  L_end_Delay_Cyc
  _Delay_Cyc
  L_end_Delay_Cyc_Long
  _Delay_Cyc_Long
  L_end_VDelay_ms
  _VDelay_ms
  L_end_VDelay_Advanced_ms
  _VDelay_Advanced_ms
  L_end_Delay_W0
  _Delay_W0
  L_end_Delay_1us
  _Delay_1us
  L_end_Delay_10us
  _Delay_10us
  L_end_Delay_22us
  _Delay_22us
  L_end_Delay_50us
  _Delay_50us
  L_end_Delay_80us
  _Delay_80us
  L_end_Delay_500us
  _Delay_500us
  L_end_Delay_5500us
  _Delay_5500us
  L_end_Delay_1ms
  _Delay_1ms
  L_end_Delay_5ms
  _Delay_5ms
  L_end_Delay_8ms
  _Delay_8ms
  L_end_Delay_10ms
  _Delay_10ms
  L_end_Delay_100ms
  _Delay_100ms
  L_end_Delay_1sec
  _Delay_1sec
  L_Lcd_Cmd0
  L_Lcd_Cmd1
  L_Lcd_Out_CP2
  L_Lcd_Out_CP3
  L_Lcd_Chr4
  L_Lcd_Chr5
  L_Lcd_Chr6
  L_Lcd_Chr7
  L_Lcd_Chr8
  L_Lcd_Chr9
  L_Lcd_Chr10
  L_Lcd_Out11
  L_Lcd_Out12
  L_Lcd_Out13
  L_Lcd_Out14
  L_Lcd_Out15
  L_Lcd_Out16
  L_Lcd_Out17
  L_Lcd_Out18
  L_Lcd_Out19
  L_end_Strobe
  __Lib_Lcd_Strobe
  L_end_Lcd_Cmd
  _Lcd_Cmd
  L_end_Lcd_Chr_CP
  _Lcd_Chr_CP
  L_end_Lcd_Out_CP
  _Lcd_Out_CP
  L__Lcd_Out_CP24
  L_end_Lcd_Chr
  _Lcd_Chr
  L__Lcd_Chr26
  L__Lcd_Chr27
  L__Lcd_Chr28
  L__Lcd_Chr29
  L_end_Lcd_Init
  _Lcd_Init
  L_end_Lcd_Out
  _Lcd_Out
  L__Lcd_Out32
  L__Lcd_Out33
  L__Lcd_Out34
  L__Lcd_Out35
  L__Lcd_Out36
  Divide_32x32___testsus
  the_end_Divide_32x32
  Divide_32x32___divsi3
  Divide_32x32___udivsi3
  Divide_32x32_divtestb
  Divide_32x32_calcquot
  Divide_32x32_returnq
  Divide_32x32_nextbit
  Divide_32x32_iterate
  Modulus_32x32___testsus
  the_end_Modulus_32x32
  Modulus_32x32___modsi3
  Modulus_32x32___umodsi3
  Modulus_32x32_modtestb
  Modulus_32x32_calcrem
  Modulus_32x32_exitr
  Modulus_32x32___udivsi3
  Modulus_32x32_nextbit
  Modulus_32x32_iterate
  L_end__Multiply_32x32
  __Multiply_32x32
  L_end__Divide_32x32
  __Divide_32x32
  L_end__Modulus_32x32
  __Modulus_32x32
  Float__fpack
  the_end_Float__fpack
  Float_notsubnormal
  Float_zerosig
  Float_subnormal
  Float_packupandgo
  Float_overflow
  LL_intro_Long2Float
  the_end__Long2Float
  Longint2Float__floatsisf
  Longword2Float__floatuisf
  Long2Float_notspecial
  Long2Float_return0
  Longint2Float_negative
  Long2Float_fixshift
  Long2Float_round
  Long2Float_shiftleft
  Long2Float_shiftright
  Long2Float__fpack
  Long2Float_notsubnormal
  Long2Float_zerosig
  Long2Float_subnormal
  Long2Float_packupandgo
  Long2Float_overflow
  Longlong2Float_floatdisf
  the_end__LongLong2Float
  Longlong2Float_negative
  Longlong2Float_notspecial
  Longlong2Float_return0
  Longlong2Float_fixshift
  Longlong2Float_round
  Longlong2Float_shiftleft
  Longlong2Float_shiftright
  Float2Longword_fixunssfsi
  the_end__Float2Longword
  Float2Longword_funpack
  Float2Longword_returnzero
  Float2Longword_exit
  Float2Longword_shiftright
  Float2Longword_shiftleft
  Float2Longword_shiftrightloop
  Float2Longword_zeroorsub
  Float2Longword_nanorinf
  Float2Longword_finitereturn
  Float2Longword_infinite
  Float2Longword_subnormal
  Float2Longword_normalize
  Float2Longint__fixsfsi
  the_end__Float2Longint
  Float2Longint__funpack
  Float2Longint_setsign
  Float2Longint_shiftright
  Float2Longint_shiftleft
  Float2Longint_exit
  Float2Longint_shiftrightloop
  Float2Longint_zeroorsub
  Float2Longint_nanorinf
  Float2Longint_finitereturn
  Float2Longint_infinite
  Float2Longint_subnormal
  Float2Longint_normalize
  AddSubFP__addsf3
  the_end__AddSub_FP
  AddSubFP__funpack2
  AddSubFP__fPropagateNaN
  AddSubFP_aisinfinite
  AddSubFP_checkspecialb
  AddSubFP_return2_3
  AddSubFP_getsign
  AddSubFP_gotsign
  AddSubFP_expcanonical
  AddSubFP_nonegate
  AddSubFP_aligniter
  AddSubFP_signoff
  AddSubFP_align
  AddSubFP_aligned
  AddSubFP_normalizesum
  AddSubFP_checknormal
  AddSubFP_round
  AddSubFP_discardguard
  AddSubFP_underflow
  AddSubFP_normalizeloop
  AddSubFP_normalizeexit
  AddSubFP_normalizetest
  AddSubFP__fpack
  AddSubFP__fbopExit
  AddSubFP_return8_3
  AddSubFP__fbopReturnNaN
  AddSubFP__funpack
  AddSubFP_return0_1
  AddSubFP_return8_1
  AddSubFP_notsubnormal_1
  AddSubFP_zerosig
  AddSubFP_subnormal_1
  AddSubFP_packupandgo
  AddSubFP_overflow
  AddSubFP_zeroorsub
  AddSubFP_nanorinf
  AddSubFP_finitereturn
  AddSubFP_infinite
  AddSubFP_subnormal_2
  AddSubFP_normalize
  MulFP___mulsf3
  the_end__Mul_FP
  MulFP__funpack2
  MulFP__fPropagateNaN
  MulFP_aisinfinite
  MulFP_bisinfinite
  MulFP_return8_1
  MulFP_return2_1
  MulFP_formsticky
  MulFP_formRandSig
  MulFP__fpack
  MulFP_return0_1
  MulFP__fbopExit
  MulFP__fbopReturnNaN
  MulFP__funpack
  MulFP_return0_2
  MulFP_return8_2
  MulFP_notsubnormal
  MulFP_zerosig
  MulFP_subnormal1
  MulFP_packupandgo
  MulFP_overflow
  MulFP_zeroorsub
  MulFP_nanorinf
  MulFP_finitereturn
  MulFP_infinite
  MulFP_subnormal2
  MulFP_normalize
  DivFP___divsf3
  the_end__Div_FP
  DivFP__funpack2
  DivFP__fPropagateNaN
  DivFP_aisinfinite
  DivFP_returnZero
  DivFP_aiszero
  DivFP_returnInf
  DivFP_finitenonzero
  DivFP_diventry
  DivFP_divnext
  DivFP_divdone
  DivFP_divloop
  DivFP_stickyok
  DivFP_guardused
  DivFP__fpack
  DivFP_return0_1
  DivFP__fbopExit
  DivFP__fbopReturnNaN
  DivFP_return8_1
  DivFP_return2_1
  DivFP__funpack
  DivFP_return0
  DivFP_return8
  DivFP_notsubnormal
  DivFP_zerosig
  DivFP_subnormal
  DivFP_packupandgo
  DivFP_overfloW
  DivFP_zeroorsub
  DivFP_nanorinf
  DivFP_finitereturn
  DivFP_infinite
  DivFP_subnormal2
  DivFP_normalize
  CompareFp__fcompare
  the_end__Compare_Fp
  CompareFp__funpack2
  CompareFp_exit
  CompareFp_comparemag
  CompareFp_returnEqual
  CompareFp_adjust
  CompareFp__funpack
  CompareFp_zeroorsub
  CompareFp_nanorinf
  CompareFp_finitereturn
  CompareFp_infinite
  CompareFp_subnormal
  CompareFp_normalize
  L_end_Float_fpack
  _Float_fpack
  L_end__Long2Float
  __Long2Float
  L_end__LongLong2Float
  __LongLong2Float
  L_end__Float2Longword
  __Float2Longword
  L_end__Float2Longint
  __Float2Longint
  L_end__AddSub_FP
  __AddSub_FP
  L_end__Sub_FP
  __Sub_FP
  L_end__Mul_FP
  __Mul_FP
  L_end__Div_FP
  __Div_FP
  L_end__Compare_Fp
  __Compare_Fp
  L_end__Compare_Le_Fp
  __Compare_Le_Fp
  L_end__Compare_Ge_Fp
  __Compare_Ge_Fp
  L_UART1_Write0
  L_UART1_Write1
  L_UART1_Write_Text2
  L_UART1_Write_Text3
  L_UART1_Read_Text4
  L_UART1_Read_Text5
  L_UART1_Read_Text6
  L_UART1_Read_Text7
  L_UART1_Read_Text8
  L_UART1_Read_Text9
  L_UART1_Read_Text10
  L_UART1_Read_Text11
  L_UART1_Read_Text12
  L_UART1_Init13
  L_UART1_Init14
  L_UART1_Init15
  L_UART1_Init_Advanced16
  L_UART1_Init_Advanced17
  L_UART1_Init_Advanced18
  L_UART1_Init_Advanced19
  L_UART1_Init_Advanced20
  L_UART1_Init_Advanced21
  L_UART1_Init_Advanced22
  L_UART1_Init_Advanced23
  L_UART1_Init_Advanced24
  L_UART_Write_Text25
  L_UART_Write_Text26
  L_UART_Read_Text27
  L_UART_Read_Text28
  L_UART_Read_Text29
  L_UART_Read_Text30
  L_UART_Read_Text31
  L_UART_Read_Text32
  L_UART_Read_Text33
  L_UART_Read_Text34
  L_UART_Read_Text35
  L__UART1_Read_Text36
  L__UART1_Init37
  L__UART1_Init38
  L__UART1_Init39
  L_end_UART1_Write
  _UART1_Write
  L_end_UART1_Write_Text
  _UART1_Write_Text
  L__UART1_Write_Text42
  L_end_UART1_Data_Ready
  _UART1_Data_Ready
  L_end_UART1_Read
  _UART1_Read
  L_end_UART1_Read_Text
  _UART1_Read_Text
  L__UART1_Read_Text46
  L__UART1_Read_Text47
  L__UART1_Read_Text48
  L__UART1_Read_Text49
  L__UART1_Read_Text50
  L__UART1_Read_Text51
  L_end_UART1_Tx_Idle
  _UART1_Tx_Idle
  L_end_UART1_Init
  _UART1_Init
  L__UART1_Init54
  L__UART1_Init55
  L__UART1_Init56
  L__UART1_Init57
  L__UART1_Init58
  L__UART1_Init59
  L__UART1_Init60
  L_end_UART1_Init_Advanced
  _UART1_Init_Advanced
  L__UART1_Init_Advanced62
  L__UART1_Init_Advanced63
  L__UART1_Init_Advanced64
  L__UART1_Init_Advanced65
  L__UART1_Init_Advanced66
  L__UART1_Init_Advanced67
  L__UART1_Init_Advanced68
  L__UART1_Init_Advanced69
  L__UART1_Init_Advanced70
  L__UART1_Init_Advanced71
  L__UART1_Init_Advanced72
  L__UART1_Init_Advanced73
  L__UART1_Init_Advanced74
  L__UART1_Init_Advanced75
  L__UART1_Init_Advanced76
  L_end_UART_Set_Active
  _UART_Set_Active
  L_end_UART_Write
  _UART_Write
  L_end_UART_Write_Text
  _UART_Write_Text
  L__UART_Write_Text80
  L_end_UART_Read
  _UART_Read
  L_end_UART_Data_Ready
  _UART_Data_Ready
  L_end_UART_Read_Text
  _UART_Read_Text
  L__UART_Read_Text84
  L__UART_Read_Text85
  L__UART_Read_Text86
  L__UART_Read_Text87
  L__UART_Read_Text88
  L__UART_Read_Text89
  L_end_UART_Tx_Idle
  _UART_Tx_Idle
