;  LST file generated by mikroListExporter - v.2.0 
; Date/Time: 17/05/2016 8:17:50
;----------------------------------------------

;Address Opcode 	ASM
0x0000	0xF000EF30  	GOTO        96
0x0004	0x0000      	NOP
0x0006	0x0000      	NOP
0x0008	0xF000EF00  	GOTO        0
0x000C	0x0000      	NOP
0x000E	0x0000      	NOP
0x0010	0x0000      	NOP
0x0012	0x0000      	NOP
0x0014	0x0000      	NOP
0x0016	0x0000      	NOP
0x0018	0xD7F3      	BRA         0
_EEPROM_Write:
;__Lib_EEPROM_256.c,21 :: 		
;__Lib_EEPROM_256.c,24 :: 		
L_EEPROM_Write0:
0x001C	0xA2A6      	BTFSS       EECON1, 1 
0x001E	0xD002      	BRA         L_EEPROM_Write1
;__Lib_EEPROM_256.c,25 :: 		
0x0020	0x0000      	NOP
0x0022	0xD7FC      	BRA         L_EEPROM_Write0
L_EEPROM_Write1:
;__Lib_EEPROM_256.c,26 :: 		
0x0024	0x9CA6      	BCF         EECON1, 6 
;__Lib_EEPROM_256.c,27 :: 		
0x0026	0xFFA9C015  	MOVFF       FARG_EEPROM_Write_address, EEADR
;__Lib_EEPROM_256.c,28 :: 		
0x002A	0xFFA8C016  	MOVFF       FARG_EEPROM_Write_data_, EEDATA
;__Lib_EEPROM_256.c,29 :: 		
0x002E	0x9EA6      	BCF         EECON1, 7 
;__Lib_EEPROM_256.c,30 :: 		
0x0030	0x84A6      	BSF         EECON1, 2 
;__Lib_EEPROM_256.c,32 :: 		
0x0032	0xF000CFF2  	MOVFF       INTCON, R0
;__Lib_EEPROM_256.c,35 :: 		
0x0036	0x9EF2      	BCF         INTCON, 7 
;__Lib_EEPROM_256.c,36 :: 		
0x0038	0x0E55      	MOVLW       85
0x003A	0x6EA7      	MOVWF       EECON2 
;__Lib_EEPROM_256.c,37 :: 		
0x003C	0x0EAA      	MOVLW       170
0x003E	0x6EA7      	MOVWF       EECON2 
;__Lib_EEPROM_256.c,38 :: 		
0x0040	0x82A6      	BSF         EECON1, 1 
;__Lib_EEPROM_256.c,42 :: 		
0x0042	0xBE00      	BTFSC       R0, 7 
0x0044	0xD002      	BRA         L__EEPROM_Write4
0x0046	0x9EF2      	BCF         INTCON, 7 
0x0048	0xD001      	BRA         L__EEPROM_Write5
L__EEPROM_Write4:
0x004A	0x8EF2      	BSF         INTCON, 7 
L__EEPROM_Write5:
;__Lib_EEPROM_256.c,44 :: 		
0x004C	0x94A6      	BCF         EECON1, 2 
;__Lib_EEPROM_256.c,46 :: 		
L_end_EEPROM_Write:
0x004E	0x0012      	RETURN      0
; end of _EEPROM_Write
_EEPROM_Read:
;__Lib_EEPROM_256.c,7 :: 		
;__Lib_EEPROM_256.c,9 :: 		
0x0050	0x9CA6      	BCF         EECON1, 6 
;__Lib_EEPROM_256.c,10 :: 		
0x0052	0xFFA9C015  	MOVFF       FARG_EEPROM_Read_address, EEADR
;__Lib_EEPROM_256.c,11 :: 		
0x0056	0x9EA6      	BCF         EECON1, 7 
;__Lib_EEPROM_256.c,12 :: 		
0x0058	0x80A6      	BSF         EECON1, 0 
;__Lib_EEPROM_256.c,14 :: 		
0x005A	0xF000CFA8  	MOVFF       EEDATA, R0
;__Lib_EEPROM_256.c,16 :: 		
L_end_EEPROM_Read:
0x005E	0x0012      	RETURN      0
; end of _EEPROM_Read
_main:
;programa16.c,1 :: 		void main() {
;programa16.c,3 :: 		PORTB = 0;                 // Valor inicial del puerto PORTB
0x0060	0x6A81      	CLRF        PORTB 
;programa16.c,4 :: 		TRISB = 0;                 // Todos los pines del puerto PORTB se configuran
0x0062	0x6A93      	CLRF        TRISB 
;programa16.c,7 :: 		PORTD = 0;                 // Valor inicial del puerto PORTB
0x0064	0x6A83      	CLRF        PORTD 
;programa16.c,8 :: 		TRISD = 0;                 // Todos los pines del puerto PORTD se configuran
0x0066	0x6A95      	CLRF        TRISD 
;programa16.c,11 :: 		TRISA = 0xFF;              // Todos los pines del puerto PORTA se configuran
0x0068	0x0EFF      	MOVLW       255
0x006A	0x6E92      	MOVWF       TRISA 
;programa16.c,14 :: 		ADCON1= 0X0E;
0x006C	0x0E0E      	MOVLW       14
0x006E	0x6EC1      	MOVWF       ADCON1 
;programa16.c,15 :: 		PORTD = EEPROM_Read(5);    // Leer la memoria EEPROM en la dirección 5
0x0070	0x0E05      	MOVLW       5
0x0072	0x6E15      	MOVWF       FARG_EEPROM_Read_address 
0x0074	0xDFED      	RCALL       _EEPROM_Read
0x0076	0xFF83C000  	MOVFF       R0, PORTD
;programa16.c,17 :: 		do {
L_main0:
;programa16.c,18 :: 		PORTB = PORTB++;         // Incrementar el puerto PORTB en 1
0x007A	0x5081      	MOVF        PORTB, 0 
0x007C	0x0F01      	ADDLW       1
0x007E	0x6E00      	MOVWF       R0 
0x0080	0xFF81C000  	MOVFF       R0, PORTB
;programa16.c,19 :: 		Delay_ms(100);           // Tiempo de retardo de 100mS
0x0084	0x0E02      	MOVLW       2
0x0086	0x6E0B      	MOVWF       R11, 0
0x0088	0x0E04      	MOVLW       4
0x008A	0x6E0C      	MOVWF       R12, 0
0x008C	0x0EBA      	MOVLW       186
0x008E	0x6E0D      	MOVWF       R13, 0
L_main3:
0x0090	0x2E0D      	DECFSZ      R13, 1, 0
0x0092	0xD7FE      	BRA         L_main3
0x0094	0x2E0C      	DECFSZ      R12, 1, 0
0x0096	0xD7FC      	BRA         L_main3
0x0098	0x2E0B      	DECFSZ      R11, 1, 0
0x009A	0xD7FA      	BRA         L_main3
0x009C	0x0000      	NOP
;programa16.c,21 :: 		if (~PORTA.B2) EEPROM_Write(5,PORTB); // Si se pulsa el botón MEMO, guardar el puerto PORTB
0x009E	0xB480      	BTFSC       PORTA, 2 
0x00A0	0xD002      	BRA         L__main9
0x00A2	0x80D8      	BSF         STATUS, 0 
0x00A4	0xD001      	BRA         L__main10
L__main9:
0x00A6	0x90D8      	BCF         STATUS, 0 
L__main10:
0x00A8	0xE305      	BNC         L_main4
0x00AA	0x0E05      	MOVLW       5
0x00AC	0x6E15      	MOVWF       FARG_EEPROM_Write_address 
0x00AE	0xF016CF81  	MOVFF       PORTB, FARG_EEPROM_Write_data_
0x00B2	0xDFB4      	RCALL       _EEPROM_Write
L_main4:
;programa16.c,23 :: 		PORTD = EEPROM_Read(5);  // Leer el dato escrito
0x00B4	0x0E05      	MOVLW       5
0x00B6	0x6E15      	MOVWF       FARG_EEPROM_Read_address 
0x00B8	0xDFCB      	RCALL       _EEPROM_Read
0x00BA	0xFF83C000  	MOVFF       R0, PORTD
;programa16.c,25 :: 		do {}
L_main5:
;programa16.c,26 :: 		while (~PORTA.B2);      // Quedarse en este bucle hasta que el botón esté pulsado
0x00BE	0xB480      	BTFSC       PORTA, 2 
0x00C0	0xD002      	BRA         L__main11
0x00C2	0x80D8      	BSF         STATUS, 0 
0x00C4	0xD001      	BRA         L__main12
L__main11:
0x00C6	0x90D8      	BCF         STATUS, 0 
L__main12:
0x00C8	0xE2FA      	BC          L_main5
;programa16.c,29 :: 		while(1);                  // Bucle infinito
0x00CA	0xD7D7      	BRA         L_main0
;programa16.c,30 :: 		}
L_end_main:
0x00CC	0xD7FF      	BRA         $+0
; end of _main
Symbol List:
//** Routines locations **
//ADDRESS    SIZE    PROCEDURE
//----------------------------------------------
0x001C      [52]    _EEPROM_Write
0x0050      [16]    _EEPROM_Read
0x0060     [110]    _main
//** Variables locations ** 
//ADDRESS    SIZE    VARIABLE
//----------------------------------------------
0x0000       [1]    R0
0x0000       [1]    EEPROM_Write_SaveINTCON_L0
0x0001       [1]    R1
0x0002       [1]    R2
0x0003       [1]    R3
0x0004       [1]    R4
0x0005       [1]    R5
0x0006       [1]    R6
0x0007       [1]    R7
0x0008       [1]    R8
0x0009       [1]    R9
0x000A       [1]    R10
0x000B       [1]    R11
0x000C       [1]    R12
0x000D       [1]    R13
0x000E       [1]    R14
0x000F       [1]    R15
0x0010       [1]    R16
0x0011       [1]    R17
0x0012       [1]    R18
0x0013       [1]    R19
0x0014       [1]    R20
0x0015       [1]    FARG_EEPROM_Read_address
0x0015       [1]    FARG_EEPROM_Write_address
0x0016       [1]    FARG_EEPROM_Write_data_
0x0F80       [1]    PORTA
0x0F81       [1]    PORTB
0x0F83       [1]    PORTD
0x0F92       [1]    TRISA
0x0F93       [1]    TRISB
0x0F95       [1]    TRISD
0x0FA6       [1]    EECON1
0x0FA7       [1]    EECON2
0x0FA8       [1]    EEDATA
0x0FA9       [1]    EEADR
0x0FC1       [1]    ADCON1
0x0FD8       [1]    STATUS
0x0FD9       [1]    FSR2L
0x0FDA       [1]    FSR2H
0x0FDE       [1]    POSTINC2
0x0FE0       [1]    BSR
0x0FE1       [1]    FSR1L
0x0FE2       [1]    FSR1H
0x0FE4       [1]    PREINC1
0x0FE6       [1]    POSTINC1
0x0FE7       [1]    INDF1
0x0FE8       [1]    WREG
0x0FE9       [1]    FSR0L
0x0FEA       [1]    FSR0H
0x0FEE       [1]    POSTINC0
0x0FF2       [1]    INTCON
0x0FF3       [1]    PRODL
0x0FF4       [1]    PRODH
0x0FF5       [1]    TABLAT
0x0FF6       [1]    TBLPTRL
0x0FF7       [1]    TBLPTRH
0x0FF8       [1]    TBLPTRU
//** Label List: ** 
//----------------------------------------------
  L_main0
  L_main1
  L_main2
  L_main3
  L_main4
  L_main5
  L_main6
  L_main7
  L_end_main
  _main
  L__main9
  L__main10
  L__main11
  L__main12
  L_EEPROM_Write0
  L_EEPROM_Write1
  L_end_EEPROM_Read
  _EEPROM_Read
  L_end_EEPROM_Write
  _EEPROM_Write
  L__EEPROM_Write4
  L__EEPROM_Write5
