;  LST file generated by mikroListExporter - v.2.0 
; Date/Time: 17/05/2016 8:11:16
;----------------------------------------------

;Address Opcode 	ASM
0x0000	0xF000EF0E  	GOTO        28
0x0004	0x0000      	NOP
0x0006	0x0000      	NOP
0x0008	0xF000EF00  	GOTO        0
0x000C	0x0000      	NOP
0x000E	0x0000      	NOP
0x0010	0x0000      	NOP
0x0012	0x0000      	NOP
0x0014	0x0000      	NOP
0x0016	0x0000      	NOP
0x0018	0xD7F3      	BRA         0
_main:
;programa 15c.c,9 :: 		void main( void )
;programa 15c.c,12 :: 		unsigned short n=0;
0x001C	0x6A15      	CLRF        main_n_L0 
;programa 15c.c,14 :: 		TRISC = 0;
0x001E	0x6A94      	CLRF        TRISC 
;programa 15c.c,15 :: 		PORTC = 127;
0x0020	0x0E7F      	MOVLW       127
0x0022	0x6E82      	MOVWF       PORTC 
;programa 15c.c,16 :: 		while(1) //Bucle infinito.
L_main0:
;programa 15c.c,20 :: 		for( n=0; n<20; n++ )
0x0024	0x6A15      	CLRF        main_n_L0 
L_main2:
0x0026	0x0E14      	MOVLW       20
0x0028	0x5C15      	SUBWF       main_n_L0, 0 
0x002A	0xE214      	BC          L_main3
;programa 15c.c,23 :: 		PORTC = Seno[n];
0x002C	0x0E58      	MOVLW       _Seno
0x002E	0x2415      	ADDWF       main_n_L0, 0 
0x0030	0x6EF6      	MOVWF       4086 
0x0032	0x0E00      	MOVLW       hi_addr(_Seno)
0x0034	0x6EF7      	MOVWF       TBLPTRH 
0x0036	0x0E00      	MOVLW       0
0x0038	0x22F7      	ADDWFC      TBLPTRH, 1 
0x003A	0x0E00      	MOVLW       higher_addr(_Seno)
0x003C	0x6EF8      	MOVWF       TBLPTRU 
0x003E	0x0E00      	MOVLW       0
0x0040	0x22F8      	ADDWFC      TBLPTRU, 1 
0x0042	0x0009      	TBLRD*+
0x0044	0xFF82CFF5  	MOVFF       TABLAT, PORTC
;programa 15c.c,25 :: 		delay_us(50);
0x0048	0x0E21      	MOVLW       33
0x004A	0x6E0D      	MOVWF       R13, 0
L_main5:
0x004C	0x2E0D      	DECFSZ      R13, 1, 0
0x004E	0xD7FE      	BRA         L_main5
;programa 15c.c,20 :: 		for( n=0; n<20; n++ )
0x0050	0x2A15      	INCF        main_n_L0, 1 
;programa 15c.c,26 :: 		}
0x0052	0xD7E9      	BRA         L_main2
L_main3:
;programa 15c.c,27 :: 		}
0x0054	0xD7E7      	BRA         L_main0
;programa 15c.c,28 :: 		}
L_end_main:
0x0056	0xD7FF      	BRA         $+0
; end of _main
;programa 15c.c,3 :: _Seno
0x0058	0x927F ;_Seno+0
0x005A	0xB1A3 ;_Seno+2
0x005C	0xBDB9 ;_Seno+4
0x005E	0xB1B9 ;_Seno+6
0x0060	0x92A3 ;_Seno+8
0x0062	0x6B7F ;_Seno+10
0x0064	0x4C5A ;_Seno+12
0x0066	0x4144 ;_Seno+14
0x0068	0x4C44 ;_Seno+16
0x006A	0x6B5A ;_Seno+18
; end of _Seno
Symbol List:
//** Routines locations **
//ADDRESS    SIZE    PROCEDURE
//----------------------------------------------
0x001C      [60]    _main
//** Variables locations ** 
//ADDRESS    SIZE    VARIABLE
//----------------------------------------------
0x0000       [1]    R0
0x0001       [1]    R1
0x0002       [1]    R2
0x0003       [1]    R3
0x0004       [1]    R4
0x0005       [1]    R5
0x0006       [1]    R6
0x0007       [1]    R7
0x0008       [1]    R8
0x0009       [1]    R9
0x000A       [1]    R10
0x000B       [1]    R11
0x000C       [1]    R12
0x000D       [1]    R13
0x000E       [1]    R14
0x000F       [1]    R15
0x0010       [1]    R16
0x0011       [1]    R17
0x0012       [1]    R18
0x0013       [1]    R19
0x0014       [1]    R20
0x0015       [1]    main_n_L0
0x0F82       [1]    PORTC
0x0F94       [1]    TRISC
0x0FD8       [1]    STATUS
0x0FD9       [1]    FSR2L
0x0FDA       [1]    FSR2H
0x0FDE       [1]    POSTINC2
0x0FE0       [1]    BSR
0x0FE1       [1]    FSR1L
0x0FE2       [1]    FSR1H
0x0FE4       [1]    PREINC1
0x0FE6       [1]    POSTINC1
0x0FE7       [1]    INDF1
0x0FE8       [1]    WREG
0x0FE9       [1]    FSR0L
0x0FEA       [1]    FSR0H
0x0FEE       [1]    POSTINC0
0x0FF3       [1]    PRODL
0x0FF4       [1]    PRODH
0x0FF5       [1]    TABLAT
0x0FF6       [1]    TBLPTRL
0x0FF7       [1]    TBLPTRH
0x0FF8       [1]    TBLPTRU
//** Constants locations ** 
//ADDRESS    SIZE    CONSTANT
//----------------------------------------------
0x0058      [20]    _Seno
//** Label List: ** 
//----------------------------------------------
  L_main0
  L_main1
  L_main2
  L_main3
  L_main4
  L_main5
  L_end_main
  _main
